Execute pipeline with following supplementary args: --smtpPort 25 --listenerMode NOOP --launcherMode FAULT_LOCALIZATION  --gitrepourl https://github.com/ebean-orm/ebean --gitrepopullrequest 2447
java -cp /usr/local/openjdk-11/lib/tools.jar:repairnator-pipeline.jar -Dlogback.configurationFile=/root/logback.xml fr.inria.spirals.repairnator.pipeline.Launcher -d --runId null -o /var/log --ghOauth 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 --faultLocalization --flacocoThreshold 0.0 --flacocoTopK null --flacocoResultsRepository flacocobot/flacocobot-experiment-3 --ghOauth  --smtpPort 25 --listenerMode NOOP --launcherMode FAULT_LOCALIZATION  --gitrepourl https://github.com/ebean-orm/ebean --gitrepopullrequest 2447

02:24:44.830 [main] INFO  f.i.s.r.p.g.GithubInitSerializerEngines - Initialize file serializer engines.
02:24:44.833 [main] INFO  f.i.s.r.p.g.GithubInitSerializerEngines - MongoDB won't be used for serialization.
02:24:44.833 [main] INFO  f.i.s.r.p.github.GithubInitNotifiers - The email notifier engine won't be used.
02:24:44.859 [main] INFO  f.i.s.r.p.i.ProjectInspector - ----------------------------------------------------------------------
02:24:44.859 [main] INFO  f.i.s.r.p.i.ProjectInspector - PIPELINE STEPS
02:24:44.859 [main] INFO  f.i.s.r.p.i.ProjectInspector - ----------------------------------------------------------------------
02:24:44.859 [main] INFO  f.i.s.r.p.i.ProjectInspector - CloneCheckoutGitPullRequest
02:24:44.859 [main] INFO  f.i.s.r.p.i.ProjectInspector - BuildProject
02:24:44.860 [main] INFO  f.i.s.r.p.i.ProjectInspector - TestProject
02:24:44.860 [main] INFO  f.i.s.r.p.i.ProjectInspector - ComputeClasspath
02:24:44.860 [main] INFO  f.i.s.r.p.i.ProjectInspector - ComputeSourceDir
02:24:44.860 [main] INFO  f.i.s.r.p.i.ProjectInspector - ComputeTestDir
02:24:44.860 [main] INFO  f.i.s.r.p.i.ProjectInspector - GatherTestInformation
02:24:44.860 [main] INFO  f.i.s.r.p.i.ProjectInspector - FlacocoLocalization
02:24:44.860 [main] INFO  f.i.s.r.p.i.ProjectInspector - PushFaultLocalizationSuggestionsOnExternalRepository
02:24:44.860 [main] INFO  f.i.s.r.p.s.CloneCheckoutGitPullRequest - Cloning repository https://github.com/ebean-orm/ebean.git in the following directory: ./workspace/ebean-orm-ebean-master-2447_repo
02:27:43.408 [Thread-5] ERROR f.i.s.r.p.m.output.MavenErrorHandler - WARNING: An illegal reflective access operation has occurred
02:27:43.430 [Thread-5] ERROR f.i.s.r.p.m.output.MavenErrorHandler - WARNING: Illegal reflective access by org.jetbrains.kotlin.kapt3.util.ModuleManipulationUtilsKt (file:/root/./workspace/ebean-orm-ebean-master-2447_repo/.m2/org/jetbrains/kotlin/kotlin-annotation-processing-maven/1.6.0/kotlin-annotation-processing-maven-1.6.0.jar) to constructor com.sun.tools.javac.util.Context()
02:27:43.430 [Thread-5] ERROR f.i.s.r.p.m.output.MavenErrorHandler - WARNING: Please consider reporting this to the maintainers of org.jetbrains.kotlin.kapt3.util.ModuleManipulationUtilsKt
02:27:43.430 [Thread-5] ERROR f.i.s.r.p.m.output.MavenErrorHandler - WARNING: Use --illegal-access=warn to enable warnings of further illegal reflective access operations
02:27:43.430 [Thread-5] ERROR f.i.s.r.p.m.output.MavenErrorHandler - WARNING: All illegal access operations will be denied in a future release
02:30:02.083 [Thread-8] ERROR f.i.s.r.p.m.output.MavenErrorHandler - line 1:0 mismatched input 'find' expecting {<EOF>, 'select', 'where', 'order', 'limit', 'fetch'}
02:30:19.766 [Thread-8] ERROR f.i.s.r.p.m.output.MavenErrorHandler - WARNING: basic test data was modified. Current content:
02:30:19.767 [Thread-8] ERROR f.i.s.r.p.m.output.MavenErrorHandler - Customers: 1 2 3 4 46, Orders: 1 2 3 4 5, Countries: NZ AU, Products: 1 2 3 4
02:30:20.491 [Thread-8] ERROR f.i.s.r.p.m.output.MavenErrorHandler - WARNING: basic test data was modified. Current content:
02:30:20.492 [Thread-8] ERROR f.i.s.r.p.m.output.MavenErrorHandler - Customers: 1 2 3 4 46, Orders: 1 2 3 4 5, Countries: NZ AU, Products: 1 2 3 4
02:30:20.735 [Thread-8] ERROR f.i.s.r.p.m.output.MavenErrorHandler - WARNING: basic test data was modified. Current content:
02:30:20.736 [Thread-8] ERROR f.i.s.r.p.m.output.MavenErrorHandler - Customers: 1 2 3 4 46, Orders: 1 2 3 4 5, Countries: NZ AU, Products: 1 2 3 4
02:30:20.935 [Thread-8] ERROR f.i.s.r.p.m.output.MavenErrorHandler - WARNING: basic test data was modified. Current content:
02:30:20.935 [Thread-8] ERROR f.i.s.r.p.m.output.MavenErrorHandler - Customers: 1 2 3 4 46, Orders: 1 2 3 4 5, Countries: NZ AU, Products: 1 2 3 4
02:30:21.039 [Thread-8] ERROR f.i.s.r.p.m.output.MavenErrorHandler - WARNING: basic test data was modified. Current content:
02:30:21.041 [Thread-8] ERROR f.i.s.r.p.m.output.MavenErrorHandler - Customers: 1 2 3 4 46, Orders: 1 2 3 4 5, Countries: NZ AU, Products: 1 2 3 4
02:30:23.119 [Thread-8] ERROR f.i.s.r.p.m.output.MavenErrorHandler - WARNING: basic test data was modified. Current content:
02:30:23.120 [Thread-8] ERROR f.i.s.r.p.m.output.MavenErrorHandler - Customers: 1 2 3 4 46, Orders: 1 2 3 4 5, Countries: NZ AU, Products: 1 2 3 4
02:30:23.125 [Thread-8] ERROR f.i.s.r.p.m.output.MavenErrorHandler - WARNING: basic test data was modified. Current content:
02:30:23.131 [Thread-8] ERROR f.i.s.r.p.m.output.MavenErrorHandler - Customers: 1 2 3 4 46, Orders: 1 2 3 4 5, Countries: NZ AU, Products: 1 2 3 4
02:30:23.131 [Thread-8] ERROR f.i.s.r.p.m.output.MavenErrorHandler - WARNING: basic test data was modified. Current content:
02:30:23.131 [Thread-8] ERROR f.i.s.r.p.m.output.MavenErrorHandler - Customers: 1 2 3 4 46, Orders: 1 2 3 4 5, Countries: NZ AU, Products: 1 2 3 4
02:30:23.543 [Thread-8] ERROR f.i.s.r.p.m.output.MavenErrorHandler - WARNING: basic test data was modified. Current content:
02:30:23.550 [Thread-8] ERROR f.i.s.r.p.m.output.MavenErrorHandler - Customers: 1 2 3 4 46, Orders: 1 2 3 4 5, Countries: NZ AU, Products: 1 2 3 4
02:30:23.580 [Thread-8] ERROR f.i.s.r.p.m.output.MavenErrorHandler - WARNING: basic test data was modified. Current content:
02:30:23.585 [Thread-8] ERROR f.i.s.r.p.m.output.MavenErrorHandler - Customers: 1 2 3 4 46, Orders: 1 2 3 4 5, Countries: NZ AU, Products: 1 2 3 4
02:30:23.953 [Thread-8] ERROR f.i.s.r.p.m.output.MavenErrorHandler - WARNING: basic test data was modified. Current content:
02:30:23.953 [Thread-8] ERROR f.i.s.r.p.m.output.MavenErrorHandler - Customers: 1 2 3 4 46, Orders: 1 2 3 4 5, Countries: NZ AU, Products: 1 2 3 4
02:30:23.954 [Thread-8] ERROR f.i.s.r.p.m.output.MavenErrorHandler - WARNING: basic test data was modified. Current content:
02:30:23.954 [Thread-8] ERROR f.i.s.r.p.m.output.MavenErrorHandler - Customers: 1 2 3 4 46, Orders: 1 2 3 4 5, Countries: NZ AU, Products: 1 2 3 4
02:30:23.964 [Thread-8] ERROR f.i.s.r.p.m.output.MavenErrorHandler - WARNING: basic test data was modified. Current content:
02:30:23.965 [Thread-8] ERROR f.i.s.r.p.m.output.MavenErrorHandler - Customers: 1 2 3 4 46, Orders: 1 2 3 4 5, Countries: NZ AU, Products: 1 2 3 4
02:30:24.001 [Thread-8] ERROR f.i.s.r.p.m.output.MavenErrorHandler - WARNING: basic test data was modified. Current content:
02:30:24.003 [Thread-8] ERROR f.i.s.r.p.m.output.MavenErrorHandler - Customers: 1 2 3 4 46, Orders: 1 2 3 4 5, Countries: NZ AU, Products: 1 2 3 4
02:30:24.022 [Thread-8] ERROR f.i.s.r.p.m.output.MavenErrorHandler - WARNING: basic test data was modified. Current content:
02:30:24.024 [Thread-8] ERROR f.i.s.r.p.m.output.MavenErrorHandler - Customers: 1 2 3 4 46, Orders: 1 2 3 4 5, Countries: NZ AU, Products: 1 2 3 4
02:30:24.050 [Thread-8] ERROR f.i.s.r.p.m.output.MavenErrorHandler - WARNING: basic test data was modified. Current content:
02:30:24.053 [Thread-8] ERROR f.i.s.r.p.m.output.MavenErrorHandler - Customers: 1 2 3 4 46, Orders: 1 2 3 4 5, Countries: NZ AU, Products: 1 2 3 4
02:30:24.056 [Thread-8] ERROR f.i.s.r.p.m.output.MavenErrorHandler - WARNING: basic test data was modified. Current content:
02:30:24.058 [Thread-8] ERROR f.i.s.r.p.m.output.MavenErrorHandler - Customers: 1 2 3 4 46, Orders: 1 2 3 4 5, Countries: NZ AU, Products: 1 2 3 4
02:30:24.061 [Thread-8] ERROR f.i.s.r.p.m.output.MavenErrorHandler - WARNING: basic test data was modified. Current content:
02:30:24.071 [Thread-8] ERROR f.i.s.r.p.m.output.MavenErrorHandler - Customers: 1 2 3 4 46, Orders: 1 2 3 4 5, Countries: NZ AU, Products: 1 2 3 4
02:30:24.079 [Thread-8] ERROR f.i.s.r.p.m.output.MavenErrorHandler - WARNING: basic test data was modified. Current content:
02:30:24.079 [Thread-8] ERROR f.i.s.r.p.m.output.MavenErrorHandler - Customers: 1 2 3 4 46, Orders: 1 2 3 4 5, Countries: NZ AU, Products: 1 2 3 4
02:30:24.079 [Thread-8] ERROR f.i.s.r.p.m.output.MavenErrorHandler - WARNING: basic test data was modified. Current content:
02:30:24.079 [Thread-8] ERROR f.i.s.r.p.m.output.MavenErrorHandler - Customers: 1 2 3 4 46, Orders: 1 2 3 4 5, Countries: NZ AU, Products: 1 2 3 4
02:30:24.079 [Thread-8] ERROR f.i.s.r.p.m.output.MavenErrorHandler - WARNING: basic test data was modified. Current content:
02:30:24.079 [Thread-8] ERROR f.i.s.r.p.m.output.MavenErrorHandler - Customers: 1 2 3 4 46, Orders: 1 2 3 4 5, Countries: NZ AU, Products: 1 2 3 4
02:30:24.190 [Thread-8] ERROR f.i.s.r.p.m.output.MavenErrorHandler - WARNING: basic test data was modified. Current content:
02:30:24.191 [Thread-8] ERROR f.i.s.r.p.m.output.MavenErrorHandler - Customers: 1 2 3 4 46, Orders: 1 2 3 4 5, Countries: NZ AU, Products: 1 2 3 4
02:30:24.235 [Thread-8] ERROR f.i.s.r.p.m.output.MavenErrorHandler - WARNING: basic test data was modified. Current content:
02:30:24.236 [Thread-8] ERROR f.i.s.r.p.m.output.MavenErrorHandler - Customers: 1 2 3 4 46, Orders: 1 2 3 4 5, Countries: NZ AU, Products: 1 2 3 4
02:30:24.262 [Thread-8] ERROR f.i.s.r.p.m.output.MavenErrorHandler - WARNING: basic test data was modified. Current content:
02:30:24.263 [Thread-8] ERROR f.i.s.r.p.m.output.MavenErrorHandler - Customers: 1 2 3 4 46, Orders: 1 2 3 4 5, Countries: NZ AU, Products: 1 2 3 4
02:30:24.266 [Thread-8] ERROR f.i.s.r.p.m.output.MavenErrorHandler - WARNING: basic test data was modified. Current content:
02:30:24.267 [Thread-8] ERROR f.i.s.r.p.m.output.MavenErrorHandler - Customers: 1 2 3 4 46, Orders: 1 2 3 4 5, Countries: NZ AU, Products: 1 2 3 4
02:30:24.290 [Thread-8] ERROR f.i.s.r.p.m.output.MavenErrorHandler - WARNING: basic test data was modified. Current content:
02:30:24.291 [Thread-8] ERROR f.i.s.r.p.m.output.MavenErrorHandler - Customers: 1 2 3 4 46, Orders: 1 2 3 4 5, Countries: NZ AU, Products: 1 2 3 4
02:30:24.306 [Thread-8] ERROR f.i.s.r.p.m.output.MavenErrorHandler - WARNING: basic test data was modified. Current content:
02:30:24.307 [Thread-8] ERROR f.i.s.r.p.m.output.MavenErrorHandler - Customers: 1 2 3 4 46, Orders: 1 2 3 4 5, Countries: NZ AU, Products: 1 2 3 4
02:30:24.307 [Thread-8] ERROR f.i.s.r.p.m.output.MavenErrorHandler - WARNING: basic test data was modified. Current content:
02:30:24.307 [Thread-8] ERROR f.i.s.r.p.m.output.MavenErrorHandler - Customers: 1 2 3 4 46, Orders: 1 2 3 4 5, Countries: NZ AU, Products: 1 2 3 4
02:30:24.326 [Thread-8] ERROR f.i.s.r.p.m.output.MavenErrorHandler - WARNING: basic test data was modified. Current content:
02:30:24.327 [Thread-8] ERROR f.i.s.r.p.m.output.MavenErrorHandler - Customers: 1 2 3 4 46, Orders: 1 2 3 4 5, Countries: NZ AU, Products: 1 2 3 4
02:30:26.347 [Thread-8] ERROR f.i.s.r.p.m.output.MavenErrorHandler - WARNING: basic test data was modified. Current content:
02:30:26.347 [Thread-8] ERROR f.i.s.r.p.m.output.MavenErrorHandler - Customers: 1 2 3 4 46, Orders: 1 2 3 4 5, Countries: NZ AU, Products: 1 2 3 4
02:30:26.411 [Thread-8] ERROR f.i.s.r.p.m.output.MavenErrorHandler - WARNING: basic test data was modified. Current content:
02:30:26.411 [Thread-8] ERROR f.i.s.r.p.m.output.MavenErrorHandler - Customers: 1 2 3 4 46 62, Orders: 1 2 3 4 5, Countries: NZ AU, Products: 1 2 3 4
02:30:26.425 [Thread-8] ERROR f.i.s.r.p.m.output.MavenErrorHandler - WARNING: basic test data was modified. Current content:
02:30:26.426 [Thread-8] ERROR f.i.s.r.p.m.output.MavenErrorHandler - Customers: 1 2 3 4 46 62, Orders: 1 2 3 4 5, Countries: NZ AU, Products: 1 2 3 4
02:30:26.490 [Thread-8] ERROR f.i.s.r.p.m.output.MavenErrorHandler - WARNING: basic test data was modified. Current content:
02:30:26.491 [Thread-8] ERROR f.i.s.r.p.m.output.MavenErrorHandler - Customers: 1 2 3 4 46 62, Orders: 1 2 3 4 5, Countries: NZ AU, Products: 1 2 3 4
02:30:26.499 [Thread-8] ERROR f.i.s.r.p.m.output.MavenErrorHandler - WARNING: basic test data was modified. Current content:
02:30:26.500 [Thread-8] ERROR f.i.s.r.p.m.output.MavenErrorHandler - Customers: 1 2 3 4 46 62, Orders: 1 2 3 4 5, Countries: NZ AU, Products: 1 2 3 4
02:30:26.506 [Thread-8] ERROR f.i.s.r.p.m.output.MavenErrorHandler - WARNING: basic test data was modified. Current content:
02:30:26.507 [Thread-8] ERROR f.i.s.r.p.m.output.MavenErrorHandler - Customers: 1 2 3 4 46 62, Orders: 1 2 3 4 5, Countries: NZ AU, Products: 1 2 3 4
02:30:26.510 [Thread-8] ERROR f.i.s.r.p.m.output.MavenErrorHandler - WARNING: basic test data was modified. Current content:
02:30:26.510 [Thread-8] ERROR f.i.s.r.p.m.output.MavenErrorHandler - Customers: 1 2 3 4 46 62, Orders: 1 2 3 4 5, Countries: NZ AU, Products: 1 2 3 4
02:30:26.512 [Thread-8] ERROR f.i.s.r.p.m.output.MavenErrorHandler - WARNING: basic test data was modified. Current content:
02:30:26.512 [Thread-8] ERROR f.i.s.r.p.m.output.MavenErrorHandler - Customers: 1 2 3 4 46 62, Orders: 1 2 3 4 5, Countries: NZ AU, Products: 1 2 3 4
02:30:26.514 [Thread-8] ERROR f.i.s.r.p.m.output.MavenErrorHandler - WARNING: basic test data was modified. Current content:
02:30:26.514 [Thread-8] ERROR f.i.s.r.p.m.output.MavenErrorHandler - Customers: 1 2 3 4 46 62, Orders: 1 2 3 4 5, Countries: NZ AU, Products: 1 2 3 4
02:30:26.549 [Thread-8] ERROR f.i.s.r.p.m.output.MavenErrorHandler - WARNING: basic test data was modified. Current content:
02:30:26.550 [Thread-8] ERROR f.i.s.r.p.m.output.MavenErrorHandler - Customers: 1 2 3 4 46 62, Orders: 1 2 3 4 5, Countries: NZ AU, Products: 1 2 3 4
02:30:26.568 [Thread-8] ERROR f.i.s.r.p.m.output.MavenErrorHandler - WARNING: basic test data was modified. Current content:
02:30:26.569 [Thread-8] ERROR f.i.s.r.p.m.output.MavenErrorHandler - Customers: 1 2 3 4 46 62, Orders: 1 2 3 4 5, Countries: NZ AU, Products: 1 2 3 4
02:30:26.571 [Thread-8] ERROR f.i.s.r.p.m.output.MavenErrorHandler - WARNING: basic test data was modified. Current content:
02:30:26.571 [Thread-8] ERROR f.i.s.r.p.m.output.MavenErrorHandler - Customers: 1 2 3 4 46 62, Orders: 1 2 3 4 5, Countries: NZ AU, Products: 1 2 3 4
02:30:26.574 [Thread-8] ERROR f.i.s.r.p.m.output.MavenErrorHandler - WARNING: basic test data was modified. Current content:
02:30:26.574 [Thread-8] ERROR f.i.s.r.p.m.output.MavenErrorHandler - Customers: 1 2 3 4 46 62, Orders: 1 2 3 4 5, Countries: NZ AU, Products: 1 2 3 4
02:30:26.604 [Thread-8] ERROR f.i.s.r.p.m.output.MavenErrorHandler - WARNING: basic test data was modified. Current content:
02:30:26.604 [Thread-8] ERROR f.i.s.r.p.m.output.MavenErrorHandler - Customers: 1 2 3 4 46 62, Orders: 1 2 3 4 5, Countries: NZ AU, Products: 1 2 3 4
02:30:26.612 [Thread-8] ERROR f.i.s.r.p.m.output.MavenErrorHandler - WARNING: basic test data was modified. Current content:
02:30:26.612 [Thread-8] ERROR f.i.s.r.p.m.output.MavenErrorHandler - Customers: 1 2 3 4 46 62, Orders: 1 2 3 4 5, Countries: NZ AU, Products: 1 2 3 4
02:30:26.616 [Thread-8] ERROR f.i.s.r.p.m.output.MavenErrorHandler - WARNING: basic test data was modified. Current content:
02:30:26.617 [Thread-8] ERROR f.i.s.r.p.m.output.MavenErrorHandler - Customers: 1 2 3 4 46 62, Orders: 1 2 3 4 5, Countries: NZ AU, Products: 1 2 3 4
02:30:26.632 [Thread-8] ERROR f.i.s.r.p.m.output.MavenErrorHandler - WARNING: basic test data was modified. Current content:
02:30:26.632 [Thread-8] ERROR f.i.s.r.p.m.output.MavenErrorHandler - Customers: 1 2 3 4 46 62, Orders: 1 2 3 4 5, Countries: NZ AU, Products: 1 2 3 4
02:30:26.633 [Thread-8] ERROR f.i.s.r.p.m.output.MavenErrorHandler - WARNING: basic test data was modified. Current content:
02:30:26.634 [Thread-8] ERROR f.i.s.r.p.m.output.MavenErrorHandler - Customers: 1 2 3 4 46 62, Orders: 1 2 3 4 5, Countries: NZ AU, Products: 1 2 3 4
02:30:26.651 [Thread-8] ERROR f.i.s.r.p.m.output.MavenErrorHandler - WARNING: basic test data was modified. Current content:
02:30:26.652 [Thread-8] ERROR f.i.s.r.p.m.output.MavenErrorHandler - Customers: 1 2 3 4 46 62, Orders: 1 2 3 4 5, Countries: NZ AU, Products: 1 2 3 4
02:30:26.662 [Thread-8] ERROR f.i.s.r.p.m.output.MavenErrorHandler - WARNING: basic test data was modified. Current content:
02:30:26.662 [Thread-8] ERROR f.i.s.r.p.m.output.MavenErrorHandler - Customers: 1 2 3 4 46 62, Orders: 1 2 3 4 5, Countries: NZ AU, Products: 1 2 3 4
02:30:26.662 [Thread-8] ERROR f.i.s.r.p.m.output.MavenErrorHandler - WARNING: basic test data was modified. Current content:
02:30:26.662 [Thread-8] ERROR f.i.s.r.p.m.output.MavenErrorHandler - Customers: 1 2 3 4 46 62, Orders: 1 2 3 4 5, Countries: NZ AU, Products: 1 2 3 4
02:30:26.678 [Thread-8] ERROR f.i.s.r.p.m.output.MavenErrorHandler - WARNING: basic test data was modified. Current content:
02:30:26.679 [Thread-8] ERROR f.i.s.r.p.m.output.MavenErrorHandler - Customers: 1 2 3 4 46 62, Orders: 1 2 3 4 5, Countries: NZ AU, Products: 1 2 3 4
02:30:29.438 [Thread-8] ERROR f.i.s.r.p.m.output.MavenErrorHandler - WARNING: basic test data was modified. Current content:
02:30:29.439 [Thread-8] ERROR f.i.s.r.p.m.output.MavenErrorHandler - Customers: 1 2 3 4 46 62, Orders: 1 2 3 4 5, Countries: NZ AU, Products: 1 2 3 4
02:30:29.439 [Thread-8] ERROR f.i.s.r.p.m.output.MavenErrorHandler - WARNING: basic test data was modified. Current content:
02:30:29.439 [Thread-8] ERROR f.i.s.r.p.m.output.MavenErrorHandler - Customers: 1 2 3 4 46 62, Orders: 1 2 3 4 5, Countries: NZ AU, Products: 1 2 3 4
02:30:29.451 [Thread-7] ERROR f.i.s.r.p.m.o.MavenFilterOutputHandler - [ERROR] Tests run: 2, Failures: 1, Errors: 0, Skipped: 0, Time elapsed: 0.025 s <<< FAILURE! - in org.tests.basic.TestLoadBeanCache
02:30:29.452 [Thread-7] ERROR f.i.s.r.p.m.o.MavenFilterOutputHandler - [ERROR] org.tests.basic.TestLoadBeanCache.testLoadWithFindMap  Time elapsed: 0.02 s  <<< FAILURE!
02:30:29.913 [Thread-8] ERROR f.i.s.r.p.m.output.MavenErrorHandler - WARNING: basic test data was modified. Current content:
02:30:29.914 [Thread-8] ERROR f.i.s.r.p.m.output.MavenErrorHandler - Customers: 1 2 3 4 46 62, Orders: 1 2 3 4 5, Countries: NZ AU, Products: 1 2 3 4
02:30:29.922 [Thread-8] ERROR f.i.s.r.p.m.output.MavenErrorHandler - WARNING: basic test data was modified. Current content:
02:30:29.923 [Thread-8] ERROR f.i.s.r.p.m.output.MavenErrorHandler - Customers: 1 2 3 4 46 62, Orders: 1 2 3 4 5, Countries: NZ AU, Products: 1 2 3 4
02:30:29.923 [Thread-8] ERROR f.i.s.r.p.m.output.MavenErrorHandler - WARNING: basic test data was modified. Current content:
02:30:29.923 [Thread-8] ERROR f.i.s.r.p.m.output.MavenErrorHandler - Customers: 1 2 3 4 46 62, Orders: 1 2 3 4 5, Countries: NZ AU, Products: 1 2 3 4
02:30:29.937 [Thread-8] ERROR f.i.s.r.p.m.output.MavenErrorHandler - WARNING: basic test data was modified. Current content:
02:30:29.938 [Thread-8] ERROR f.i.s.r.p.m.output.MavenErrorHandler - Customers: 1 2 3 4 46 62, Orders: 1 2 3 4 5, Countries: NZ AU, Products: 1 2 3 4
02:30:29.950 [Thread-8] ERROR f.i.s.r.p.m.output.MavenErrorHandler - WARNING: basic test data was modified. Current content:
02:30:29.951 [Thread-8] ERROR f.i.s.r.p.m.output.MavenErrorHandler - Customers: 1 2 3 4 46 62, Orders: 1 2 3 4 5, Countries: NZ AU, Products: 1 2 3 4
02:30:29.973 [Thread-8] ERROR f.i.s.r.p.m.output.MavenErrorHandler - WARNING: basic test data was modified. Current content:
02:30:29.974 [Thread-8] ERROR f.i.s.r.p.m.output.MavenErrorHandler - Customers: 1 2 3 4 46 62, Orders: 1 2 3 4 5, Countries: NZ AU, Products: 1 2 3 4
02:30:30.153 [Thread-8] ERROR f.i.s.r.p.m.output.MavenErrorHandler - WARNING: basic test data was modified. Current content:
02:30:30.154 [Thread-8] ERROR f.i.s.r.p.m.output.MavenErrorHandler - Customers: 1 2 3 4 46 62, Orders: 1 2 3 4 5, Countries: NZ AU, Products: 1 2 3 4
02:30:30.173 [Thread-8] ERROR f.i.s.r.p.m.output.MavenErrorHandler - WARNING: basic test data was modified. Current content:
02:30:30.174 [Thread-8] ERROR f.i.s.r.p.m.output.MavenErrorHandler - Customers: 1 2 3 4 46 62, Orders: 1 2 3 4 5, Countries: NZ AU, Products: 1 2 3 4
02:30:30.245 [Thread-8] ERROR f.i.s.r.p.m.output.MavenErrorHandler - WARNING: basic test data was modified. Current content:
02:30:30.245 [Thread-8] ERROR f.i.s.r.p.m.output.MavenErrorHandler - Customers: 1 2 3 4 46 62, Orders: 1 2 3 4 5, Countries: NZ AU, Products: 1 2 3 4
02:30:30.258 [Thread-8] ERROR f.i.s.r.p.m.output.MavenErrorHandler - WARNING: basic test data was modified. Current content:
02:30:30.259 [Thread-8] ERROR f.i.s.r.p.m.output.MavenErrorHandler - Customers: 1 2 3 4 46 62, Orders: 1 2 3 4 5, Countries: NZ AU, Products: 1 2 3 4
02:30:30.337 [Thread-8] ERROR f.i.s.r.p.m.output.MavenErrorHandler - WARNING: basic test data was modified. Current content:
02:30:30.339 [Thread-8] ERROR f.i.s.r.p.m.output.MavenErrorHandler - Customers: 1 2 3 4 46 62, Orders: 1 2 3 4 5, Countries: NZ AU, Products: 1 2 3 4
02:30:30.351 [Thread-8] ERROR f.i.s.r.p.m.output.MavenErrorHandler - WARNING: basic test data was modified. Current content:
02:30:30.351 [Thread-8] ERROR f.i.s.r.p.m.output.MavenErrorHandler - Customers: 1 2 3 4 46 62, Orders: 1 2 3 4 5, Countries: NZ AU, Products: 1 2 3 4
02:30:30.353 [Thread-8] ERROR f.i.s.r.p.m.output.MavenErrorHandler - WARNING: basic test data was modified. Current content:
02:30:30.359 [Thread-8] ERROR f.i.s.r.p.m.output.MavenErrorHandler - Customers: 1 2 3 4 46 62, Orders: 1 2 3 4 5, Countries: NZ AU, Products: 1 2 3 4
02:30:30.370 [Thread-8] ERROR f.i.s.r.p.m.output.MavenErrorHandler - WARNING: basic test data was modified. Current content:
02:30:30.371 [Thread-8] ERROR f.i.s.r.p.m.output.MavenErrorHandler - Customers: 1 2 3 4 46 62, Orders: 1 2 3 4 5, Countries: NZ AU, Products: 1 2 3 4
02:30:30.436 [Thread-8] ERROR f.i.s.r.p.m.output.MavenErrorHandler - WARNING: basic test data was modified. Current content:
02:30:30.443 [Thread-8] ERROR f.i.s.r.p.m.output.MavenErrorHandler - Customers: 1 2 3 4 46 62, Orders: 1 2 3 4 5, Countries: NZ AU, Products: 1 2 3 4
02:30:30.443 [Thread-8] ERROR f.i.s.r.p.m.output.MavenErrorHandler - WARNING: basic test data was modified. Current content:
02:30:30.444 [Thread-8] ERROR f.i.s.r.p.m.output.MavenErrorHandler - Customers: 1 2 3 4 46 62, Orders: 1 2 3 4 5, Countries: NZ AU, Products: 1 2 3 4
02:30:30.460 [Thread-8] ERROR f.i.s.r.p.m.output.MavenErrorHandler - WARNING: basic test data was modified. Current content:
02:30:30.460 [Thread-8] ERROR f.i.s.r.p.m.output.MavenErrorHandler - Customers: 1 2 3 4 46 62, Orders: 1 2 3 4 5, Countries: NZ AU, Products: 1 2 3 4
02:30:30.460 [Thread-8] ERROR f.i.s.r.p.m.output.MavenErrorHandler - WARNING: basic test data was modified. Current content:
02:30:30.461 [Thread-8] ERROR f.i.s.r.p.m.output.MavenErrorHandler - Customers: 1 2 3 4 46 62, Orders: 1 2 3 4 5, Countries: NZ AU, Products: 1 2 3 4
02:30:30.494 [Thread-8] ERROR f.i.s.r.p.m.output.MavenErrorHandler - WARNING: basic test data was modified. Current content:
02:30:30.495 [Thread-8] ERROR f.i.s.r.p.m.output.MavenErrorHandler - Customers: 1 2 3 4 46 62, Orders: 1 2 3 4 5, Countries: NZ AU, Products: 1 2 3 4
02:30:30.498 [Thread-8] ERROR f.i.s.r.p.m.output.MavenErrorHandler - WARNING: basic test data was modified. Current content:
02:30:30.503 [Thread-8] ERROR f.i.s.r.p.m.output.MavenErrorHandler - Customers: 1 2 3 4 46 62, Orders: 1 2 3 4 5, Countries: NZ AU, Products: 1 2 3 4
02:30:30.504 [Thread-8] ERROR f.i.s.r.p.m.output.MavenErrorHandler - WARNING: basic test data was modified. Current content:
02:30:30.511 [Thread-8] ERROR f.i.s.r.p.m.output.MavenErrorHandler - Customers: 1 2 3 4 46 62, Orders: 1 2 3 4 5, Countries: NZ AU, Products: 1 2 3 4
02:30:30.512 [Thread-8] ERROR f.i.s.r.p.m.output.MavenErrorHandler - WARNING: basic test data was modified. Current content:
02:30:30.519 [Thread-8] ERROR f.i.s.r.p.m.output.MavenErrorHandler - Customers: 1 2 3 4 46 62, Orders: 1 2 3 4 5, Countries: NZ AU, Products: 1 2 3 4
02:30:30.761 [Thread-8] ERROR f.i.s.r.p.m.output.MavenErrorHandler - WARNING: basic test data was modified. Current content:
02:30:30.762 [Thread-8] ERROR f.i.s.r.p.m.output.MavenErrorHandler - Customers: 1 2 3 4 46 62, Orders: 1 2 3 4 5, Countries: NZ AU, Products: 1 2 3 4
02:30:30.764 [Thread-8] ERROR f.i.s.r.p.m.output.MavenErrorHandler - WARNING: basic test data was modified. Current content:
02:30:30.770 [Thread-8] ERROR f.i.s.r.p.m.output.MavenErrorHandler - Customers: 1 2 3 4 46 62, Orders: 1 2 3 4 5, Countries: NZ AU, Products: 1 2 3 4
02:30:30.797 [Thread-8] ERROR f.i.s.r.p.m.output.MavenErrorHandler - WARNING: basic test data was modified. Current content:
02:30:30.804 [Thread-8] ERROR f.i.s.r.p.m.output.MavenErrorHandler - Customers: 1 2 3 4 46 62, Orders: 1 2 3 4 5, Countries: NZ AU, Products: 1 2 3 4
02:30:36.800 [Thread-8] ERROR f.i.s.r.p.m.output.MavenErrorHandler - WARNING: basic test data was modified. Current content:
02:30:36.800 [Thread-8] ERROR f.i.s.r.p.m.output.MavenErrorHandler - Customers: 1 2 3 4 46 62, Orders: 1 2 3 4 5, Countries: NZ AU, Products: 1 2 3 4
02:30:36.807 [Thread-8] ERROR f.i.s.r.p.m.output.MavenErrorHandler - WARNING: basic test data was modified. Current content:
02:30:36.808 [Thread-8] ERROR f.i.s.r.p.m.output.MavenErrorHandler - Customers: 1 2 3 4 46 62, Orders: 1 2 3 4 5, Countries: NZ AU, Products: 1 2 3 4
02:30:36.808 [Thread-8] ERROR f.i.s.r.p.m.output.MavenErrorHandler - WARNING: basic test data was modified. Current content:
02:30:36.808 [Thread-8] ERROR f.i.s.r.p.m.output.MavenErrorHandler - Customers: 1 2 3 4 46 62, Orders: 1 2 3 4 5, Countries: NZ AU, Products: 1 2 3 4
02:30:36.808 [Thread-8] ERROR f.i.s.r.p.m.output.MavenErrorHandler - WARNING: basic test data was modified. Current content:
02:30:36.808 [Thread-8] ERROR f.i.s.r.p.m.output.MavenErrorHandler - Customers: 1 2 3 4 46 62, Orders: 1 2 3 4 5, Countries: NZ AU, Products: 1 2 3 4
02:30:36.837 [Thread-8] ERROR f.i.s.r.p.m.output.MavenErrorHandler - WARNING: basic test data was modified. Current content:
02:30:36.837 [Thread-8] ERROR f.i.s.r.p.m.output.MavenErrorHandler - Customers: 1 2 3 4 46 62, Orders: 1 2 3 4 5, Countries: NZ AU, Products: 1 2 3 4
02:30:36.871 [Thread-8] ERROR f.i.s.r.p.m.output.MavenErrorHandler - WARNING: basic test data was modified. Current content:
02:30:36.872 [Thread-8] ERROR f.i.s.r.p.m.output.MavenErrorHandler - Customers: 1 2 3 4 46 62, Orders: 1 2 3 4 5, Countries: NZ AU, Products: 1 2 3 4
02:30:36.872 [Thread-8] ERROR f.i.s.r.p.m.output.MavenErrorHandler - WARNING: basic test data was modified. Current content:
02:30:36.873 [Thread-8] ERROR f.i.s.r.p.m.output.MavenErrorHandler - Customers: 1 2 3 4 46 62, Orders: 1 2 3 4 5, Countries: NZ AU, Products: 1 2 3 4
02:30:36.879 [Thread-8] ERROR f.i.s.r.p.m.output.MavenErrorHandler - WARNING: basic test data was modified. Current content:
02:30:36.880 [Thread-8] ERROR f.i.s.r.p.m.output.MavenErrorHandler - Customers: 1 2 3 4 46 62, Orders: 1 2 3 4 5, Countries: NZ AU, Products: 1 2 3 4
02:30:36.881 [Thread-8] ERROR f.i.s.r.p.m.output.MavenErrorHandler - WARNING: basic test data was modified. Current content:
02:30:36.882 [Thread-8] ERROR f.i.s.r.p.m.output.MavenErrorHandler - Customers: 1 2 3 4 46 62, Orders: 1 2 3 4 5, Countries: NZ AU, Products: 1 2 3 4
02:30:36.884 [Thread-8] ERROR f.i.s.r.p.m.output.MavenErrorHandler - WARNING: basic test data was modified. Current content:
02:30:36.885 [Thread-8] ERROR f.i.s.r.p.m.output.MavenErrorHandler - Customers: 1 2 3 4 46 62, Orders: 1 2 3 4 5, Countries: NZ AU, Products: 1 2 3 4
02:30:36.940 [Thread-8] ERROR f.i.s.r.p.m.output.MavenErrorHandler - WARNING: basic test data was modified. Current content:
02:30:36.940 [Thread-8] ERROR f.i.s.r.p.m.output.MavenErrorHandler - Customers: 1 2 3 4 46 62, Orders: 1 2 3 4 5, Countries: NZ AU, Products: 1 2 3 4
02:30:36.940 [Thread-8] ERROR f.i.s.r.p.m.output.MavenErrorHandler - WARNING: basic test data was modified. Current content:
02:30:36.944 [Thread-8] ERROR f.i.s.r.p.m.output.MavenErrorHandler - Customers: 1 2 3 4 46 62, Orders: 1 2 3 4 5, Countries: NZ AU, Products: 1 2 3 4
02:30:36.952 [Thread-8] ERROR f.i.s.r.p.m.output.MavenErrorHandler - WARNING: basic test data was modified. Current content:
02:30:36.952 [Thread-8] ERROR f.i.s.r.p.m.output.MavenErrorHandler - Customers: 1 2 3 4 46 62, Orders: 1 2 3 4 5, Countries: NZ AU, Products: 1 2 3 4
02:30:36.954 [Thread-8] ERROR f.i.s.r.p.m.output.MavenErrorHandler - WARNING: basic test data was modified. Current content:
02:30:36.955 [Thread-8] ERROR f.i.s.r.p.m.output.MavenErrorHandler - Customers: 1 2 3 4 46 62, Orders: 1 2 3 4 5, Countries: NZ AU, Products: 1 2 3 4
02:30:36.956 [Thread-8] ERROR f.i.s.r.p.m.output.MavenErrorHandler - WARNING: basic test data was modified. Current content:
02:30:36.956 [Thread-8] ERROR f.i.s.r.p.m.output.MavenErrorHandler - Customers: 1 2 3 4 46 62, Orders: 1 2 3 4 5, Countries: NZ AU, Products: 1 2 3 4
02:30:36.967 [Thread-8] ERROR f.i.s.r.p.m.output.MavenErrorHandler - WARNING: basic test data was modified. Current content:
02:30:36.968 [Thread-8] ERROR f.i.s.r.p.m.output.MavenErrorHandler - Customers: 1 2 3 4 46 62, Orders: 1 2 3 4 5, Countries: NZ AU, Products: 1 2 3 4
02:30:36.979 [Thread-8] ERROR f.i.s.r.p.m.output.MavenErrorHandler - WARNING: basic test data was modified. Current content:
02:30:36.979 [Thread-8] ERROR f.i.s.r.p.m.output.MavenErrorHandler - Customers: 1 2 3 4 46 62, Orders: 1 2 3 4 5, Countries: NZ AU, Products: 1 2 3 4
02:30:36.979 [Thread-8] ERROR f.i.s.r.p.m.output.MavenErrorHandler - WARNING: basic test data was modified. Current content:
02:30:36.979 [Thread-8] ERROR f.i.s.r.p.m.output.MavenErrorHandler - Customers: 1 2 3 4 46 62, Orders: 1 2 3 4 5, Countries: NZ AU, Products: 1 2 3 4
02:30:36.982 [Thread-8] ERROR f.i.s.r.p.m.output.MavenErrorHandler - WARNING: basic test data was modified. Current content:
02:30:36.982 [Thread-8] ERROR f.i.s.r.p.m.output.MavenErrorHandler - Customers: 1 2 3 4 46 62, Orders: 1 2 3 4 5, Countries: NZ AU, Products: 1 2 3 4
02:30:36.985 [Thread-8] ERROR f.i.s.r.p.m.output.MavenErrorHandler - WARNING: basic test data was modified. Current content:
02:30:36.985 [Thread-8] ERROR f.i.s.r.p.m.output.MavenErrorHandler - Customers: 1 2 3 4 46 62, Orders: 1 2 3 4 5, Countries: NZ AU, Products: 1 2 3 4
02:30:36.988 [Thread-8] ERROR f.i.s.r.p.m.output.MavenErrorHandler - WARNING: basic test data was modified. Current content:
02:30:36.988 [Thread-8] ERROR f.i.s.r.p.m.output.MavenErrorHandler - Customers: 1 2 3 4 46 62, Orders: 1 2 3 4 5, Countries: NZ AU, Products: 1 2 3 4
02:30:37.057 [Thread-8] ERROR f.i.s.r.p.m.output.MavenErrorHandler - WARNING: basic test data was modified. Current content:
02:30:37.057 [Thread-8] ERROR f.i.s.r.p.m.output.MavenErrorHandler - Customers: 1 2 3 4 46 62, Orders: 1 2 3 4 5, Countries: NZ AU, Products: 1 2 3 4
02:30:37.064 [Thread-8] ERROR f.i.s.r.p.m.output.MavenErrorHandler - WARNING: basic test data was modified. Current content:
02:30:37.065 [Thread-8] ERROR f.i.s.r.p.m.output.MavenErrorHandler - Customers: 1 2 3 4 46 62, Orders: 1 2 3 4 5, Countries: NZ AU, Products: 1 2 3 4
02:30:37.100 [Thread-8] ERROR f.i.s.r.p.m.output.MavenErrorHandler - WARNING: basic test data was modified. Current content:
02:30:37.100 [Thread-8] ERROR f.i.s.r.p.m.output.MavenErrorHandler - Customers: 1 2 3 4 46 62, Orders: 1 2 3 4 5, Countries: NZ AU, Products: 1 2 3 4
02:30:37.116 [Thread-8] ERROR f.i.s.r.p.m.output.MavenErrorHandler - WARNING: basic test data was modified. Current content:
02:30:37.116 [Thread-8] ERROR f.i.s.r.p.m.output.MavenErrorHandler - Customers: 1 2 3 4 46 62, Orders: 1 2 3 4 5, Countries: NZ AU, Products: 1 2 3 4
02:30:37.165 [Thread-8] ERROR f.i.s.r.p.m.output.MavenErrorHandler - WARNING: basic test data was modified. Current content:
02:30:37.166 [Thread-8] ERROR f.i.s.r.p.m.output.MavenErrorHandler - Customers: 1 2 3 4 46 62, Orders: 1 2 3 4 5, Countries: NZ AU, Products: 1 2 3 4
02:30:37.177 [Thread-8] ERROR f.i.s.r.p.m.output.MavenErrorHandler - WARNING: basic test data was modified. Current content:
02:30:37.177 [Thread-8] ERROR f.i.s.r.p.m.output.MavenErrorHandler - Customers: 1 2 3 4 46 62, Orders: 1 2 3 4 5, Countries: NZ AU, Products: 1 2 3 4
02:30:37.184 [Thread-8] ERROR f.i.s.r.p.m.output.MavenErrorHandler - WARNING: basic test data was modified. Current content:
02:30:37.184 [Thread-8] ERROR f.i.s.r.p.m.output.MavenErrorHandler - Customers: 1 2 3 4 46 62, Orders: 1 2 3 4 5, Countries: NZ AU, Products: 1 2 3 4
02:30:37.187 [Thread-8] ERROR f.i.s.r.p.m.output.MavenErrorHandler - WARNING: basic test data was modified. Current content:
02:30:37.187 [Thread-8] ERROR f.i.s.r.p.m.output.MavenErrorHandler - Customers: 1 2 3 4 46 62, Orders: 1 2 3 4 5, Countries: NZ AU, Products: 1 2 3 4
02:30:37.189 [Thread-8] ERROR f.i.s.r.p.m.output.MavenErrorHandler - WARNING: basic test data was modified. Current content:
02:30:37.190 [Thread-8] ERROR f.i.s.r.p.m.output.MavenErrorHandler - Customers: 1 2 3 4 46 62, Orders: 1 2 3 4 5, Countries: NZ AU, Products: 1 2 3 4
02:30:37.198 [Thread-8] ERROR f.i.s.r.p.m.output.MavenErrorHandler - WARNING: basic test data was modified. Current content:
02:30:37.198 [Thread-8] ERROR f.i.s.r.p.m.output.MavenErrorHandler - Customers: 1 2 3 4 46 62, Orders: 1 2 3 4 5, Countries: NZ AU, Products: 1 2 3 4
02:30:37.201 [Thread-8] ERROR f.i.s.r.p.m.output.MavenErrorHandler - WARNING: basic test data was modified. Current content:
02:30:37.201 [Thread-8] ERROR f.i.s.r.p.m.output.MavenErrorHandler - Customers: 1 2 3 4 46 62, Orders: 1 2 3 4 5, Countries: NZ AU, Products: 1 2 3 4
02:30:37.208 [Thread-8] ERROR f.i.s.r.p.m.output.MavenErrorHandler - WARNING: basic test data was modified. Current content:
02:30:37.209 [Thread-8] ERROR f.i.s.r.p.m.output.MavenErrorHandler - Customers: 1 2 3 4 46 62, Orders: 1 2 3 4 5, Countries: NZ AU, Products: 1 2 3 4
02:30:37.237 [Thread-8] ERROR f.i.s.r.p.m.output.MavenErrorHandler - WARNING: basic test data was modified. Current content:
02:30:37.237 [Thread-8] ERROR f.i.s.r.p.m.output.MavenErrorHandler - Customers: 1 2 3 4 46 62, Orders: 1 2 3 4 5, Countries: NZ AU, Products: 1 2 3 4
02:30:37.243 [Thread-8] ERROR f.i.s.r.p.m.output.MavenErrorHandler - WARNING: basic test data was modified. Current content:
02:30:37.243 [Thread-8] ERROR f.i.s.r.p.m.output.MavenErrorHandler - Customers: 1 2 3 4 46 62, Orders: 1 2 3 4 5, Countries: NZ AU, Products: 1 2 3 4
02:30:37.261 [Thread-8] ERROR f.i.s.r.p.m.output.MavenErrorHandler - WARNING: basic test data was modified. Current content:
02:30:37.261 [Thread-8] ERROR f.i.s.r.p.m.output.MavenErrorHandler - Customers: 1 2 3 4 46 62, Orders: 1 2 3 4 5, Countries: NZ AU, Products: 1 2 3 4
02:30:38.308 [Thread-7] ERROR f.i.s.r.p.m.o.MavenFilterOutputHandler - [ERROR] Failures: 
02:30:38.310 [Thread-7] ERROR f.i.s.r.p.m.o.MavenFilterOutputHandler - [ERROR]   TestLoadBeanCache.testLoadWithFindMap:47 expected: <6> but was: <4>
02:30:38.310 [Thread-7] ERROR f.i.s.r.p.m.o.MavenFilterOutputHandler - [ERROR] Tests run: 3081, Failures: 1, Errors: 0, Skipped: 58
02:30:38.331 [Thread-7] ERROR f.i.s.r.p.m.o.MavenFilterOutputHandler - [ERROR] Failed to execute goal org.apache.maven.plugins:maven-surefire-plugin:3.0.0-M5:test (default-test) on project ebean-test: There are test failures.
02:30:38.337 [Thread-7] ERROR f.i.s.r.p.m.o.MavenFilterOutputHandler - [ERROR] 
02:30:38.343 [Thread-7] ERROR f.i.s.r.p.m.o.MavenFilterOutputHandler - [ERROR] Please refer to /root/workspace/ebean-orm-ebean-master-2447_repo/ebean-test/target/surefire-reports for the individual test results.
02:30:38.343 [Thread-7] ERROR f.i.s.r.p.m.o.MavenFilterOutputHandler - [ERROR] Please refer to dump files (if any exist) [date].dump, [date]-jvmRun[N].dump and [date].dumpstream.
02:30:38.343 [Thread-7] ERROR f.i.s.r.p.m.o.MavenFilterOutputHandler - [ERROR] -> [Help 1]
02:30:38.351 [Thread-7] ERROR f.i.s.r.p.m.o.MavenFilterOutputHandler - [ERROR] 
02:30:38.351 [Thread-7] ERROR f.i.s.r.p.m.o.MavenFilterOutputHandler - [ERROR] Re-run Maven using the -X switch to enable full debug logging.
02:30:38.351 [Thread-7] ERROR f.i.s.r.p.m.o.MavenFilterOutputHandler - [ERROR] 
02:30:38.351 [Thread-7] ERROR f.i.s.r.p.m.o.MavenFilterOutputHandler - [ERROR] For more information about the errors and possible solutions, please read the following articles:
02:30:38.351 [Thread-7] ERROR f.i.s.r.p.m.o.MavenFilterOutputHandler - [ERROR] [Help 1] http://cwiki.apache.org/confluence/display/MAVEN/MojoFailureException
02:30:38.351 [Thread-7] ERROR f.i.s.r.p.m.o.MavenFilterOutputHandler - [ERROR] 
02:30:38.351 [Thread-7] ERROR f.i.s.r.p.m.o.MavenFilterOutputHandler - [ERROR] After correcting the problems, you can resume the build with the command
02:30:38.351 [Thread-7] ERROR f.i.s.r.p.m.o.MavenFilterOutputHandler - [ERROR]   mvn <goals> -rf :ebean-test
02:30:59.140 [main] ERROR f.i.s.r.p.s.paths.ComputeClasspath - The classpath seems not to contain JUnit, maybe this project does not use JUnit for testing.
02:30:59.140 [main] ERROR f.i.s.r.p.s.paths.ComputeClasspath - The file does not exist: /root/./workspace/ebean-orm-ebean-master-2447_repo/target/classes.
02:30:59.140 [main] ERROR f.i.s.r.p.s.paths.ComputeClasspath - The file does not exist: /root/./workspace/ebean-orm-ebean-master-2447_repo/target/test-classes.
02:30:59.296 [main] ERROR f.i.s.r.p.s.paths.ComputeSourceDir - The source directory is not at default location or specified in build section from pom.xml, and no parent can be found.
02:30:59.344 [main] ERROR f.i.s.r.process.maven.MavenHelper - Error while building complete model. The raw model will be used. Error message: 3 problems were encountered while building the effective model for io.ebean:tests:1.0
[ERROR] Failed to determine Java version for profile jdk16plus @ 
[ERROR] Failed to determine Java version for profile jdk15less @ 
[WARNING] 'parent.relativePath' of POM io.ebean:tests:1.0 (/root/workspace/ebean-orm-ebean-master-2447_repo/tests/pom.xml) points at io.ebean:ebean-parent instead of org.avaje:java8-oss, please verify your project structure @ 

02:30:59.387 [main] ERROR f.i.s.r.p.s.paths.ComputeSourceDir - The source directory is not at default location or specified in build section from pom.xml, and no parent can be found.
02:30:59.387 [main] INFO  f.i.s.r.p.s.paths.ComputeSourceDir - 14 source dirs were found:
02:30:59.387 [main] INFO  f.i.s.r.p.s.paths.ComputeSourceDir - /root/workspace/ebean-orm-ebean-master-2447_repo/ebean-api/src/main/java
02:30:59.387 [main] INFO  f.i.s.r.p.s.paths.ComputeSourceDir - /root/workspace/ebean-orm-ebean-master-2447_repo/ebean-autotune/src/main/java
02:30:59.387 [main] INFO  f.i.s.r.p.s.paths.ComputeSourceDir - /root/workspace/ebean-orm-ebean-master-2447_repo/ebean-core-type/src/main/java
02:30:59.387 [main] INFO  f.i.s.r.p.s.paths.ComputeSourceDir - /root/workspace/ebean-orm-ebean-master-2447_repo/ebean-core/src/main/java
02:30:59.387 [main] INFO  f.i.s.r.p.s.paths.ComputeSourceDir - /root/workspace/ebean-orm-ebean-master-2447_repo/ebean-ddl-generator/src/main/java
02:30:59.387 [main] INFO  f.i.s.r.p.s.paths.ComputeSourceDir - /root/workspace/ebean-orm-ebean-master-2447_repo/ebean-externalmapping-api/src/main/java
02:30:59.387 [main] INFO  f.i.s.r.p.s.paths.ComputeSourceDir - /root/workspace/ebean-orm-ebean-master-2447_repo/ebean-externalmapping-xml/src/main/java
02:30:59.387 [main] INFO  f.i.s.r.p.s.paths.ComputeSourceDir - /root/workspace/ebean-orm-ebean-master-2447_repo/ebean-postgis/src/main/java
02:30:59.387 [main] INFO  f.i.s.r.p.s.paths.ComputeSourceDir - /root/workspace/ebean-orm-ebean-master-2447_repo/ebean-querybean/src/main/java
02:30:59.387 [main] INFO  f.i.s.r.p.s.paths.ComputeSourceDir - /root/workspace/ebean-orm-ebean-master-2447_repo/ebean-redis/src/main/java
02:30:59.387 [main] INFO  f.i.s.r.p.s.paths.ComputeSourceDir - /root/workspace/ebean-orm-ebean-master-2447_repo/ebean-test/src/main/java
02:30:59.387 [main] INFO  f.i.s.r.p.s.paths.ComputeSourceDir - /root/workspace/ebean-orm-ebean-master-2447_repo/ebean/src/main/java
02:30:59.387 [main] INFO  f.i.s.r.p.s.paths.ComputeSourceDir - /root/workspace/ebean-orm-ebean-master-2447_repo/kotlin-querybean-generator/src/main/java
02:30:59.387 [main] INFO  f.i.s.r.p.s.paths.ComputeSourceDir - /root/workspace/ebean-orm-ebean-master-2447_repo/querybean-generator/src/main/java
02:30:59.397 [main] ERROR f.i.s.r.p.step.paths.ComputeTestDir - The test directory is not at default location or specified in build section from pom.xml, and no parent can be found.
02:30:59.423 [main] ERROR f.i.s.r.p.step.paths.ComputeTestDir - The test directory is not at default location or specified in build section from pom.xml, and no parent can be found.
02:30:59.444 [main] ERROR f.i.s.r.p.step.paths.ComputeTestDir - The test directory is not at default location or specified in build section from pom.xml, and no parent can be found.
02:30:59.453 [main] ERROR f.i.s.r.p.step.paths.ComputeTestDir - The test directory is not at default location or specified in build section from pom.xml, and no parent can be found.
02:30:59.517 [main] ERROR f.i.s.r.p.step.paths.ComputeTestDir - The test directory is not at default location or specified in build section from pom.xml, and no parent can be found.
02:30:59.549 [main] ERROR f.i.s.r.process.maven.MavenHelper - Error while building complete model. The raw model will be used. Error message: 3 problems were encountered while building the effective model for io.ebean:tests:1.0
[ERROR] Failed to determine Java version for profile jdk16plus @ 
[ERROR] Failed to determine Java version for profile jdk15less @ 
[WARNING] 'parent.relativePath' of POM io.ebean:tests:1.0 (/root/workspace/ebean-orm-ebean-master-2447_repo/tests/pom.xml) points at io.ebean:ebean-parent instead of org.avaje:java8-oss, please verify your project structure @ 

02:30:59.550 [main] ERROR f.i.s.r.p.step.paths.ComputeTestDir - The test directory is not at default location or specified in build section from pom.xml, and no parent can be found.
02:30:59.555 [main] INFO  f.i.s.r.p.step.paths.ComputeTestDir - 10 test dirs were found:
02:30:59.556 [main] INFO  f.i.s.r.p.step.paths.ComputeTestDir - /root/workspace/ebean-orm-ebean-master-2447_repo/ebean-api/src/test/java
02:30:59.556 [main] INFO  f.i.s.r.p.step.paths.ComputeTestDir - /root/workspace/ebean-orm-ebean-master-2447_repo/ebean-autotune/src/test/java
02:30:59.556 [main] INFO  f.i.s.r.p.step.paths.ComputeTestDir - /root/workspace/ebean-orm-ebean-master-2447_repo/ebean-ddl-generator/src/test/java
02:30:59.556 [main] INFO  f.i.s.r.p.step.paths.ComputeTestDir - /root/workspace/ebean-orm-ebean-master-2447_repo/ebean-externalmapping-xml/src/test/java
02:30:59.556 [main] INFO  f.i.s.r.p.step.paths.ComputeTestDir - /root/workspace/ebean-orm-ebean-master-2447_repo/ebean-postgis/src/test/java
02:30:59.556 [main] INFO  f.i.s.r.p.step.paths.ComputeTestDir - /root/workspace/ebean-orm-ebean-master-2447_repo/ebean-querybean/src/test/java
02:30:59.556 [main] INFO  f.i.s.r.p.step.paths.ComputeTestDir - /root/workspace/ebean-orm-ebean-master-2447_repo/ebean-redis/src/test/java
02:30:59.556 [main] INFO  f.i.s.r.p.step.paths.ComputeTestDir - /root/workspace/ebean-orm-ebean-master-2447_repo/ebean-test/src/test/java
02:30:59.556 [main] INFO  f.i.s.r.p.step.paths.ComputeTestDir - /root/workspace/ebean-orm-ebean-master-2447_repo/kotlin-querybean-generator/src/test/kotlin
02:30:59.556 [main] INFO  f.i.s.r.p.step.paths.ComputeTestDir - /root/workspace/ebean-orm-ebean-master-2447_repo/querybean-generator/src/test/java
02:31:02.711 [main] INFO  f.i.s.r.p.s.g.GatherTestInformation - Get the following failing module path: /root/workspace/ebean-orm-ebean-master-2447_repo/ebean-test
02:31:02.809 [main] INFO  f.i.s.r.p.s.g.GatherTestInformation - ---Test results---
02:31:02.815 [main] INFO  f.i.s.r.p.s.g.GatherTestInformation -    Total tests: 3290
02:31:02.815 [main] INFO  f.i.s.r.p.s.g.GatherTestInformation -    Tests run: 3230
02:31:02.815 [main] INFO  f.i.s.r.p.s.g.GatherTestInformation -    Tests passing: 3229
02:31:02.815 [main] INFO  f.i.s.r.p.s.g.GatherTestInformation -    Failures: 1
02:31:02.815 [main] INFO  f.i.s.r.p.s.g.GatherTestInformation -    Errors: 0
02:31:02.815 [main] INFO  f.i.s.r.p.s.g.GatherTestInformation -    Skipped: 60
[0] INFO Flacoco - Running Flacoco...
[107] WARN TestMethodFilter - NoClassDefFoundError: class io.ebean.test.config.provider.ProviderAutoConfig
[142] WARN TestMethodFilter - NoClassDefFoundError: class io.ebean.test.Json
[146] WARN TestMethodFilter - NoClassDefFoundError: class io.ebean.test.LoggedSql
[222] WARN TestMethodFilter - NoClassDefFoundError: class io.ebeanservice.docstore.api.support.DocStoreBeanBaseAdapterTest
[261] WARN TestMethodFilter - NoClassDefFoundError: class io.ebeaninternal.server.loadcontext.DLoadContextTest
[264] WARN TestMethodFilter - NoClassDefFoundError: class io.ebeaninternal.server.expression.CaseInsensitiveEqualExpressionTest
[271] WARN TestMethodFilter - NoClassDefFoundError: class io.ebeaninternal.server.expression.AllEqualsExpressionTest
[272] WARN TestMethodFilter - NoClassDefFoundError: class io.ebeaninternal.server.expression.InQueryExpressionTest
[272] WARN TestMethodFilter - NoClassDefFoundError: class io.ebeaninternal.server.expression.SimpleExpressionTest
[272] WARN TestMethodFilter - NoClassDefFoundError: class io.ebeaninternal.server.expression.DefaultExpressionListTest
[273] WARN TestMethodFilter - NoClassDefFoundError: class io.ebeaninternal.server.expression.RawExpressionTest
[275] WARN TestMethodFilter - NoClassDefFoundError: class io.ebeaninternal.server.expression.IdInExpressionTest
[275] WARN TestMethodFilter - NoClassDefFoundError: class io.ebeaninternal.server.expression.LogicExpressionTest
[276] WARN TestMethodFilter - NoClassDefFoundError: class io.ebeaninternal.server.expression.platform.MySqlDbExpressionTest
[276] WARN TestMethodFilter - NoClassDefFoundError: class io.ebeaninternal.server.expression.platform.HanaDbExpressionTest
[277] WARN TestMethodFilter - NoClassDefFoundError: class io.ebeaninternal.server.expression.InExpressionTest
[278] WARN TestMethodFilter - NoClassDefFoundError: class io.ebeaninternal.server.expression.ExistsQueryExpressionTest
[278] WARN TestMethodFilter - NoClassDefFoundError: class io.ebeaninternal.server.expression.IsEmptyExpressionQueryTest
[279] WARN TestMethodFilter - NoClassDefFoundError: class io.ebeaninternal.server.expression.BetweenExpressionTest
[279] WARN TestMethodFilter - NoClassDefFoundError: class io.ebeaninternal.server.expression.PrepareDocNestedTest
[286] WARN TestMethodFilter - NoClassDefFoundError: class io.ebeaninternal.server.expression.BetweenPropertyExpressionTest
[295] WARN TestMethodFilter - NoClassDefFoundError: class io.ebeaninternal.server.expression.NotExpressionTest
[295] WARN TestMethodFilter - NoClassDefFoundError: class io.ebeaninternal.server.expression.InRangeExpressionTest
[296] WARN TestMethodFilter - NoClassDefFoundError: class io.ebeaninternal.server.expression.JsonPathExpressionTest
[296] WARN TestMethodFilter - NoClassDefFoundError: class io.ebeaninternal.server.expression.DefaultExampleExpressionTest
[297] WARN TestMethodFilter - NoClassDefFoundError: class io.ebeaninternal.server.expression.IdExpressionTest
[297] WARN TestMethodFilter - NoClassDefFoundError: class io.ebeaninternal.server.expression.InPairsExpressionTest
[298] WARN TestMethodFilter - NoClassDefFoundError: class io.ebeaninternal.server.expression.NullExpressionTest
[298] WARN TestMethodFilter - NoClassDefFoundError: class io.ebeaninternal.server.expression.JunctionExpressionTest
[299] WARN TestMethodFilter - NoClassDefFoundError: class io.ebeaninternal.server.expression.LikeExpressionTest
[300] WARN TestMethodFilter - NoClassDefFoundError: class io.ebeaninternal.server.expression.NoopExpressionTest
[300] WARN TestMethodFilter - NoClassDefFoundError: class io.ebeaninternal.server.changelog.DefaultChangeLogListenerTest
[300] WARN TestMethodFilter - NoClassDefFoundError: class io.ebeaninternal.server.changelog.ChangeJsonBuilderTest
[301] WARN TestMethodFilter - NoClassDefFoundError: class io.ebeaninternal.server.changelog.DefaultChangeLogRegisterTest
[302] WARN TestMethodFilter - NoClassDefFoundError: class io.ebeaninternal.server.changelog.Helper
[303] WARN TestMethodFilter - NoClassDefFoundError: class io.ebeaninternal.server.rawsql.TestRawSqlBuilder
[303] WARN TestMethodFilter - NoClassDefFoundError: class io.ebeaninternal.server.rawsql.TestRawSqlParsing
[304] WARN TestMethodFilter - NoClassDefFoundError: class io.ebeaninternal.server.rawsql.TestRawSqlService
[305] WARN TestMethodFilter - NoClassDefFoundError: class io.ebeaninternal.server.cluster.binarymessage.BinaryTransactionEventReadWriteTest
[306] WARN TestMethodFilter - NoClassDefFoundError: class io.ebeaninternal.server.core.DefaultServer_createOrmQueryRequestTest
[309] WARN TestMethodFilter - NoClassDefFoundError: class io.ebeaninternal.server.core.DefaultServer_getReferenceTest
[309] WARN TestMethodFilter - NoClassDefFoundError: class io.ebeaninternal.server.core.TestDiffHelpSimple
[311] WARN TestMethodFilter - NoClassDefFoundError: class io.ebeaninternal.server.core.TestDiffHelpWithEmbedded
[311] WARN TestMethodFilter - NoClassDefFoundError: class io.ebeaninternal.server.core.HelpCreateQueryRequest
[312] WARN TestMethodFilter - NoClassDefFoundError: class io.ebeaninternal.server.core.OrmQueryRequestTestHelper
[313] WARN TestMethodFilter - NoClassDefFoundError: class io.ebeaninternal.server.executor.TestShutdownWithBackgroundTasks
[327] WARN TestMethodFilter - NoClassDefFoundError: class io.ebeaninternal.server.idgen.TestUuidGenerator
[328] WARN TestMethodFilter - NoClassDefFoundError: class io.ebeaninternal.server.text.json.TestTextJsonBeanReadVisitor
[328] WARN TestMethodFilter - NoClassDefFoundError: class io.ebeaninternal.server.text.json.TestJsonWriteVisitor
[329] WARN TestMethodFilter - NoClassDefFoundError: class io.ebeaninternal.server.text.json.WriteJsonDirtyTest
[329] WARN TestMethodFilter - NoClassDefFoundError: class io.ebeaninternal.server.text.json.WriteJsonTest
[329] WARN TestMethodFilter - NoClassDefFoundError: class io.ebeaninternal.server.text.json.DJsonScalarTest
[330] WARN TestMethodFilter - NoClassDefFoundError: class io.ebeaninternal.server.query.TestFutureRowCountErrorHandling
[331] WARN TestMethodFilter - NoClassDefFoundError: class io.ebeaninternal.server.query.LimitOffsetPagedListTest
[360] WARN TestMethodFilter - NoClassDefFoundError: class io.ebeaninternal.server.profile.DTimedMetricMapTest
[361] WARN TestMethodFilter - NoClassDefFoundError: class io.ebeaninternal.server.profile.BasicProfileLocationTest
[365] WARN TestMethodFilter - NoClassDefFoundError: class io.ebeaninternal.server.deploy.TestDiffHelpInsertSimple
[366] WARN TestMethodFilter - NoClassDefFoundError: class io.ebeaninternal.server.deploy.BeanIudMetricsTest
[366] WARN TestMethodFilter - NoClassDefFoundError: class io.ebeaninternal.server.deploy.TestNotEnhancedMappedSuper
[367] WARN TestMethodFilter - NoClassDefFoundError: class io.ebeaninternal.server.deploy.parse.AnnotationClassTest
[367] WARN TestMethodFilter - NoClassDefFoundError: class io.ebeaninternal.server.deploy.TestBeanDescriptorHasIdProperty
[368] WARN TestMethodFilter - NoClassDefFoundError: class io.ebeaninternal.server.deploy.BeanDescriptorTest
[368] WARN TestMethodFilter - NoClassDefFoundError: class io.ebeaninternal.server.deploy.FormulaPropertyPathTest
[369] WARN TestMethodFilter - NoClassDefFoundError: class io.ebeaninternal.server.deploy.TestCollectionLoadedStatus
[369] WARN TestMethodFilter - NoClassDefFoundError: class io.ebeaninternal.server.deploy.TestDiffHelpInsertWithEmbedded
[370] WARN TestMethodFilter - NoClassDefFoundError: class io.ebeaninternal.server.deploy.generatedproperty.GeneratedCounterLongTest
[381] WARN TestMethodFilter - NoClassDefFoundError: class io.ebeaninternal.server.deploy.BeanPropertyAssocManyTest
[381] WARN TestMethodFilter - NoClassDefFoundError: class io.ebeaninternal.server.deploy.BeanDescriptor_documentMappingTest
[381] WARN TestMethodFilter - NoClassDefFoundError: class io.ebeaninternal.server.deploy.BeanDescriptor_whenCreatedPropertyTest
[382] WARN TestMethodFilter - NoClassDefFoundError: class io.ebeaninternal.server.deploy.DeployPropertyParserTest
[383] WARN TestMethodFilter - NoClassDefFoundError: class io.ebeaninternal.server.deploy.TestReferenceWithConstructorProperties
[383] WARN TestMethodFilter - NoClassDefFoundError: class io.ebeaninternal.server.deploy.BeanDescriptor_registerTest
[385] WARN TestMethodFilter - NoClassDefFoundError: class io.ebeaninternal.server.lib.ShutdownManagerTest
[385] WARN TestMethodFilter - NoClassDefFoundError: class io.ebeaninternal.server.transaction.TransactionManagerTest
[386] WARN TestMethodFilter - NoClassDefFoundError: class io.ebeaninternal.server.transaction.DefaultTransactionThreadLocalTest
[386] WARN TestMethodFilter - NoClassDefFoundError: class io.ebeaninternal.server.transaction.TransactionTest
[387] WARN TestMethodFilter - NoClassDefFoundError: class io.ebeaninternal.server.transaction.JdbcTransactionTest
[403] WARN TestMethodFilter - NoClassDefFoundError: class io.ebeaninternal.server.transaction.DefaultPersistenceContextTest
[404] WARN TestMethodFilter - NoClassDefFoundError: class io.ebeaninternal.server.type.ScalarTypeOffsetDateTimeTest
[405] WARN TestMethodFilter - NoClassDefFoundError: class io.ebeaninternal.server.type.ScalarTypeZonedDateTimeTest
[405] WARN TestMethodFilter - NoClassDefFoundError: class io.ebeaninternal.server.type.ScalarTypeLocalDateTest
[406] WARN TestMethodFilter - NoClassDefFoundError: class io.ebeaninternal.server.type.DefaultTypeManagerTest
[458] WARN TestMethodFilter - NoClassDefFoundError: class io.ebeaninternal.server.type.ScalarTypeDurationTest
[460] WARN TestMethodFilter - NoClassDefFoundError: class io.ebeaninternal.server.type.ScalarTypeArrayListTest
[461] WARN TestMethodFilter - NoClassDefFoundError: class io.ebeaninternal.server.type.ScalarTypeArrayListH2Test
[466] WARN TestMethodFilter - NoClassDefFoundError: class io.ebeaninternal.server.type.TestSimpleEncryptor
[467] WARN TestMethodFilter - NoClassDefFoundError: class io.ebeaninternal.server.type.ScalarTypeUtilDateTest
[468] WARN TestMethodFilter - NoClassDefFoundError: class io.ebeaninternal.server.type.TestTypeManager
[468] WARN TestMethodFilter - NoClassDefFoundError: class io.ebeaninternal.server.type.ScalarTypeWrapperOidTest
[468] WARN TestMethodFilter - NoClassDefFoundError: class io.ebeaninternal.server.type.ScalarTypeJodaLocalDateTest
[468] WARN TestMethodFilter - NoClassDefFoundError: class io.ebeaninternal.server.type.BasePlatformArrayTypeFactoryTest
[469] WARN TestMethodFilter - NoClassDefFoundError: class io.ebeaninternal.server.type.ScalarTypeArraySetH2Test
[469] WARN TestMethodFilter - NoClassDefFoundError: class io.ebeaninternal.server.type.ScalarTypeWrapperAdapterTest
[470] WARN TestMethodFilter - NoClassDefFoundError: class io.ebeaninternal.server.type.DefaultTypeFactoryTest
[470] WARN TestMethodFilter - NoClassDefFoundError: class io.ebeaninternal.server.type.TestBinaryUUID
[471] WARN TestMethodFilter - NoClassDefFoundError: class io.ebeaninternal.server.type.ScalarTypeArraySetTest
[471] WARN TestMethodFilter - NoClassDefFoundError: class io.ebeaninternal.server.type.ScalarTypeLocalTimeTest
[471] WARN TestMethodFilter - NoClassDefFoundError: class io.ebeaninternal.server.type.ScalarTypeLocalDateTimeTest
[503] WARN TestMethodFilter - NoClassDefFoundError: class io.ebeaninternal.server.type.ScalarTypeDateTest
[504] WARN TestMethodFilter - NoClassDefFoundError: class io.ebeaninternal.server.type.ScalarTypeDurationWithNanosTest
[506] WARN TestMethodFilter - NoClassDefFoundError: class io.ebeaninternal.server.type.ScalarTypeMonthDayTest
[506] WARN TestMethodFilter - NoClassDefFoundError: class io.ebeaninternal.server.type.ScalarTypeYearMonthDateTest
[515] WARN TestMethodFilter - NoClassDefFoundError: class io.ebeaninternal.server.type.ScalarTypeYearTest
[516] WARN TestMethodFilter - NoClassDefFoundError: class io.ebeaninternal.server.type.ScalarTypeInstantTest
[517] WARN TestMethodFilter - NoClassDefFoundError: class io.ebeaninternal.server.type.ScalarTypeLocalTimeWithNanosTest
[517] WARN TestMethodFilter - NoClassDefFoundError: class io.ebeaninternal.server.type.ScalarTypeJsonListTest
[518] WARN TestMethodFilter - NoClassDefFoundError: class io.ebeaninternal.server.type.ScalarTypeUUIDBaseTest
[520] WARN TestMethodFilter - NoClassDefFoundError: class io.ebeaninternal.server.cache.CacheBeanDataTest
[521] WARN TestMethodFilter - NoClassDefFoundError: class io.ebeaninternal.server.cache.CachedBeanDataSerializeTest
[521] WARN TestMethodFilter - NoClassDefFoundError: class io.ebeaninternal.server.cache.DefaultServerCacheManagerTest
[522] WARN TestMethodFilter - NoClassDefFoundError: class io.ebeaninternal.server.cache.CachedBeanDataFromBeanTest
[522] WARN TestMethodFilter - NoClassDefFoundError: class io.ebeaninternal.server.cache.DefaultCacheHolderTest
[526] WARN TestMethodFilter - NoClassDefFoundError: class io.ebeaninternal.server.querydefn.OrmQueryPlanKeyTest
[526] WARN TestMethodFilter - NoClassDefFoundError: class io.ebeaninternal.server.querydefn.OrmQueryDetailParserTest
[528] WARN TestMethodFilter - NoClassDefFoundError: class io.ebeaninternal.server.querydefn.DefaultOrmQueryTest
[531] WARN TestMethodFilter - NoClassDefFoundError: class io.ebeaninternal.server.querydefn.OrmQueryDetailTest
[532] WARN TestMethodFilter - NoClassDefFoundError: class io.ebeaninternal.server.grammer.EqlParserTest
[536] WARN TestMethodFilter - NoClassDefFoundError: class io.ebean.EbeanServer_deleteAllByIdTest
[537] WARN TestMethodFilter - NoClassDefFoundError: class io.ebean.config.ServerConfigSqlServerTest
[539] WARN TestMethodFilter - NoClassDefFoundError: class io.ebean.config.dbplatform.sqlserver.SqlServerStepSequenceTest
[544] WARN TestMethodFilter - NoClassDefFoundError: class io.ebean.config.dbplatform.DatabasePlatformTest
[549] WARN TestMethodFilter - NoClassDefFoundError: class io.ebean.config.dbplatform.PostgresPlatformTest
[549] WARN TestMethodFilter - NoClassDefFoundError: class io.ebean.config.PlatformNoGeneratedKeysTest
[550] WARN TestMethodFilter - NoClassDefFoundError: class io.ebean.config.MatchingNamingConventionTest
[551] WARN TestMethodFilter - NoClassDefFoundError: class io.ebean.config.PropertiesWrapperTest
[552] WARN TestMethodFilter - NoClassDefFoundError: class io.ebean.config.TestTableName
[556] WARN TestMethodFilter - NoClassDefFoundError: class io.ebean.ExtendedServerTest
[557] WARN TestMethodFilter - NoClassDefFoundError: class io.ebean.TestDirtyProperties
[561] WARN TestMethodFilter - NoClassDefFoundError: class io.ebean.DtoQueryFromOrmTest
[562] WARN TestMethodFilter - NoClassDefFoundError: class io.ebean.FetchGroupTest
[562] WARN TestMethodFilter - NoClassDefFoundError: class io.ebean.bean.EntityBeanInterceptTest
[563] WARN TestMethodFilter - NoClassDefFoundError: class io.ebean.EbeanServer_eqlTest
[564] WARN TestMethodFilter - NoClassDefFoundError: class io.ebean.event.BeanPostLoadTest
[564] WARN TestMethodFilter - NoClassDefFoundError: class io.ebean.event.BeanPersistControllerTest
[565] WARN TestMethodFilter - NoClassDefFoundError: class io.ebean.event.BeanFindControllerTest
[566] WARN TestMethodFilter - NoClassDefFoundError: class io.ebean.EbeanServerFactory_ServerConfigStart_Test
[567] WARN TestMethodFilter - NoClassDefFoundError: class io.ebean.text.PathPropertiesTests
[567] WARN TestMethodFilter - NoClassDefFoundError: class io.ebean.text.json.JsonBeanReaderTest
[571] WARN TestMethodFilter - NoClassDefFoundError: class io.ebean.text.json.JsonContextTest
[573] WARN TestMethodFilter - NoClassDefFoundError: class io.ebean.EbeanServer_saveAllTest
[574] WARN TestMethodFilter - NoClassDefFoundError: class io.ebean.DtoQuery2Test
[574] WARN TestMethodFilter - NoClassDefFoundError: class io.ebean.EbeanServer_deleteTest
[575] WARN TestMethodFilter - NoClassDefFoundError: class io.ebean.TestFilterWithEnum
[576] WARN TestMethodFilter - NoClassDefFoundError: class io.ebean.plugin.SpiServerTest
[577] WARN TestMethodFilter - NoClassDefFoundError: class io.ebean.plugin.BeanTypeTest
[578] WARN TestMethodFilter - NoClassDefFoundError: class io.ebean.UpdateQueryTest
[579] WARN TestMethodFilter - NoClassDefFoundError: class io.ebean.DbPrimaryTest
[584] WARN TestMethodFilter - NoClassDefFoundError: class io.ebean.DtoQueryTest
[585] WARN TestMethodFilter - NoClassDefFoundError: class io.ebean.SqlRowBooleanTest
[586] WARN TestMethodFilter - NoClassDefFoundError: class io.ebean.TestUnsetLoadedProperties
[588] WARN TestMethodFilter - NoClassDefFoundError: class io.ebean.EbeanServer_deleteByIdTest
[589] WARN TestMethodFilter - NoClassDefFoundError: class io.ebean.EbeanServerFactory_MultiTenancy_Test
[596] WARN TestMethodFilter - NoClassDefFoundError: class org.tests.unidirectional.TestUniDirectional
[597] WARN TestMethodFilter - NoClassDefFoundError: class org.tests.cascade.TestCascadeOrphanStatelessUpdate
[598] WARN TestMethodFilter - NoClassDefFoundError: class org.tests.cascade.TestOrderedList
[598] WARN TestMethodFilter - NoClassDefFoundError: class org.tests.cascade.TestPrivateOwnedAddRemoveOrphan
[599] WARN TestMethodFilter - NoClassDefFoundError: class org.tests.cascade.TestMasterDetailDelete
[599] WARN TestMethodFilter - NoClassDefFoundError: class org.tests.cascade.TestPrivateOwnedCascadeOrder
[600] WARN TestMethodFilter - NoClassDefFoundError: class org.tests.cascade.TestPrivateOwnedIgnoreTransientOrphan
[600] WARN TestMethodFilter - NoClassDefFoundError: class org.tests.cascade.TestPrivateOwned
[605] WARN TestMethodFilter - NoClassDefFoundError: class org.tests.cascade.TestOnlyKillOrphans
[609] WARN TestMethodFilter - NoClassDefFoundError: class org.tests.cascade.TestMultiCascadeBatch
[616] WARN TestMethodFilter - NoClassDefFoundError: class org.tests.cascade.TestDeleteO2MOrphans
[617] WARN TestMethodFilter - NoClassDefFoundError: class org.tests.inheritance.TestSkippable
[617] WARN TestMethodFilter - NoClassDefFoundError: class org.tests.inheritance.TestInheritanceOnMany
[618] WARN TestMethodFilter - NoClassDefFoundError: class org.tests.inheritance.TestInheritanceOrderColumn
[618] WARN TestMethodFilter - NoClassDefFoundError: class org.tests.inheritance.TestTreeOrganisations
[618] WARN TestMethodFilter - NoClassDefFoundError: class org.tests.inheritance.TestInheritanceRefBean
[619] WARN TestMethodFilter - NoClassDefFoundError: class org.tests.inheritance.TestDuplicateKeyException
[620] WARN TestMethodFilter - NoClassDefFoundError: class org.tests.inheritance.cascadedelete.TestInheritanceDeleteCascade
[622] WARN TestMethodFilter - NoClassDefFoundError: class org.tests.inheritance.TestInheritanceQuery
[622] WARN TestMethodFilter - NoClassDefFoundError: class org.tests.inheritance.TestIntInherit
[623] WARN TestMethodFilter - NoClassDefFoundError: class org.tests.inheritance.abstrakt.TestInheritanceNum
[624] WARN TestMethodFilter - NoClassDefFoundError: class org.tests.inheritance.bothsides.TestInheritanceBothSides
[625] WARN TestMethodFilter - NoClassDefFoundError: class org.tests.inheritance.TestInheritInsert
[626] WARN TestMethodFilter - NoClassDefFoundError: class org.tests.inheritance.TestInheritanceDiscriminatorQueryCache
[627] WARN TestMethodFilter - NoClassDefFoundError: class org.tests.inheritance.TestInheritanceRawSql
[628] WARN TestMethodFilter - NoClassDefFoundError: class org.tests.inheritance.TestInheritanceJoins
[629] WARN TestMethodFilter - NoClassDefFoundError: class org.tests.inheritance.cache.TestInheritCacheRefLoad
[629] WARN TestMethodFilter - NoClassDefFoundError: class org.tests.inheritance.cache.TestInheritanceRefCache
[630] WARN TestMethodFilter - NoClassDefFoundError: class org.tests.inheritance.cache.TestInheritanceCache
[653] WARN TestMethodFilter - NoClassDefFoundError: class org.tests.inheritance.TestNpeOnDiscriminator
[654] WARN TestMethodFilter - NoClassDefFoundError: class org.tests.docstore.CustomerReportTest
[654] WARN TestMethodFilter - NoClassDefFoundError: class org.tests.repository.TestBeanRepository
[655] WARN TestMethodFilter - NoClassDefFoundError: class org.tests.el.TestELBasic
[656] WARN TestMethodFilter - NoClassDefFoundError: class org.tests.el.TestUnderscoreParam
[657] WARN TestMethodFilter - NoClassDefFoundError: class org.tests.expression.bitwise.TestBitwiseExpressions
[657] WARN TestMethodFilter - NoClassDefFoundError: class org.tests.changelog.TestChangeLog
[658] WARN TestMethodFilter - NoClassDefFoundError: class org.tests.changelog.TestChangeLogInt
[658] WARN TestMethodFilter - NoClassDefFoundError: class org.tests.batchload.TestBatchLazyWithCacheHits
[659] WARN TestMethodFilter - NoClassDefFoundError: class org.tests.batchload.TestLazyLoadNonExistentBean
[668] WARN TestMethodFilter - NoClassDefFoundError: class org.tests.batchload.TestQueryJoin
[668] WARN TestMethodFilter - NoClassDefFoundError: class org.tests.batchload.TestLazyJoin2
[670] WARN TestMethodFilter - NoClassDefFoundError: class org.tests.batchload.TestBatchLazyWithDeleted
[670] WARN TestMethodFilter - NoClassDefFoundError: class org.tests.batchload.TestBasicNavOnEmpty
[671] WARN TestMethodFilter - NoClassDefFoundError: class org.tests.batchload.TestLazyLoadNonExistantBean
[671] WARN TestMethodFilter - NoClassDefFoundError: class org.tests.batchload.TestLazyJoin
[672] WARN TestMethodFilter - NoClassDefFoundError: class org.tests.batchload.TestQueryJoinToAssocOne
[672] WARN TestMethodFilter - NoClassDefFoundError: class org.tests.batchload.TestSecondaryQueries
[673] WARN TestMethodFilter - NoClassDefFoundError: class org.tests.batchload.TestEmptyManyLazyLoad
[673] WARN TestMethodFilter - NoClassDefFoundError: class org.tests.batchload.TestLazyLoadEmptyCollection
[674] WARN TestMethodFilter - NoClassDefFoundError: class org.tests.batchload.TestQueryDisableLazyLoad
[674] WARN TestMethodFilter - NoClassDefFoundError: class org.tests.batchload.TestBasicLazy
[675] WARN TestMethodFilter - NoClassDefFoundError: class org.tests.batchload.TestBeanState
[675] WARN TestMethodFilter - NoClassDefFoundError: class org.tests.batchload.TestSecondQueryNoRows
[675] WARN TestMethodFilter - NoClassDefFoundError: class org.tests.idkeys.TestSimpleIdInsert
[677] WARN TestMethodFilter - NoClassDefFoundError: class org.tests.idkeys.TestGeneratedKeys
[677] WARN TestMethodFilter - NoClassDefFoundError: class org.tests.idkeys.TestCustomId
[678] WARN TestMethodFilter - NoClassDefFoundError: class org.tests.idkeys.TestLazyLoad
[678] WARN TestMethodFilter - NoClassDefFoundError: class org.tests.history.TestHistoryInsert
[688] WARN TestMethodFilter - NoClassDefFoundError: class org.tests.delete.TestDeleteByIdWithPersistenceContext
[689] WARN TestMethodFilter - NoClassDefFoundError: class org.tests.delete.TestDeleteByIdUsingModel
[690] WARN TestMethodFilter - NoClassDefFoundError: class org.tests.delete.TestDeleteCascadeWithListener
[691] WARN TestMethodFilter - NoClassDefFoundError: class org.tests.delete.TestDeleteByQuery
[692] WARN TestMethodFilter - NoClassDefFoundError: class org.tests.delete.TestDeleteWithoutOptimisticLocking
[703] WARN TestMethodFilter - NoClassDefFoundError: class org.tests.rawsql.TestRawSqlCustomerAggregate
[703] WARN TestMethodFilter - NoClassDefFoundError: class org.tests.rawsql.TestRawSqlOrmQueryDistinct
[704] WARN TestMethodFilter - NoClassDefFoundError: class org.tests.rawsql.TestRawSqlAsKeyword
[704] WARN TestMethodFilter - NoClassDefFoundError: class org.tests.rawsql.inherit.ParentQueryTest
[705] WARN TestMethodFilter - NoClassDefFoundError: class org.tests.rawsql.inherit.ParentRawSqlTest
[705] WARN TestMethodFilter - NoClassDefFoundError: class org.tests.rawsql.TestRawSqlNamedParams
[705] WARN TestMethodFilter - NoClassDefFoundError: class org.tests.rawsql.TestRawSqlOrmWrapper2
[706] WARN TestMethodFilter - NoClassDefFoundError: class org.tests.rawsql.nativesql.TestNativeWithEmbedded
[706] WARN TestMethodFilter - NoClassDefFoundError: class org.tests.rawsql.nativesql.TestNativeSqlBasic
[707] WARN TestMethodFilter - NoClassDefFoundError: class org.tests.rawsql.TestRawSqlOrmWrapper
[707] WARN TestMethodFilter - NoClassDefFoundError: class org.tests.rawsql.TestRawSqlPositionedParams
[708] WARN TestMethodFilter - NoClassDefFoundError: class org.tests.rawsql.TestRawSqlUnparsedQuery
[709] WARN TestMethodFilter - NoClassDefFoundError: class org.tests.rawsql.TestRawSqlOrmQuery
[709] WARN TestMethodFilter - NoClassDefFoundError: class org.tests.rawsql.TestOrderReportTotal
[709] WARN TestMethodFilter - NoClassDefFoundError: class org.tests.rawsql.TestRawSqlOrmWrapper3
[711] WARN TestMethodFilter - NoClassDefFoundError: class org.tests.rawsql.TestRawSqlMasterDetail
[711] WARN TestMethodFilter - NoClassDefFoundError: class org.tests.rawsql.TestRawSqlWithResultSet
[711] WARN TestMethodFilter - NoClassDefFoundError: class org.tests.rawsql.TestInsertSqlLogging
[712] WARN TestMethodFilter - NoClassDefFoundError: class org.tests.compositekeys.TestCKeyLazyLoad
[713] WARN TestMethodFilter - NoClassDefFoundError: class org.tests.compositekeys.TestOnCascadeDeleteChildrenWithCompositeKeys
[718] WARN TestMethodFilter - NoClassDefFoundError: class org.tests.compositekeys.TestCKeyDelete
[719] WARN TestMethodFilter - NoClassDefFoundError: class org.tests.compositekeys.TestCaoCompositeKeyWithAnnotationOverrides
[721] WARN TestMethodFilter - NoClassDefFoundError: class org.tests.compositekeys.TestCKeyIdInExpression
[727] WARN TestMethodFilter - NoClassDefFoundError: class org.tests.compositekeys.TestCore
[728] WARN TestMethodFilter - NoClassDefFoundError: class org.tests.generated.TestGeneratedWho
[728] WARN TestMethodFilter - NoClassDefFoundError: class org.tests.generated.TestGeneratedProperties
[730] WARN TestMethodFilter - NoClassDefFoundError: class org.tests.iud.TestCarWheelIud
[730] WARN TestMethodFilter - NoClassDefFoundError: class org.tests.iud.TestInfoOneToOne
[731] WARN TestMethodFilter - NoClassDefFoundError: class org.tests.iud.TestInsertUpdateTrans
[732] WARN TestMethodFilter - NoClassDefFoundError: class org.tests.iud.TestPersistCascade
[732] WARN TestMethodFilter - NoClassDefFoundError: class org.tests.iud.TestInsertQueryUpdate
[733] WARN TestMethodFilter - NoClassDefFoundError: class org.tests.family.TestInheritance
[733] WARN TestMethodFilter - NoClassDefFoundError: class org.tests.quotedidentifier.TestQuotedIdentifierQuery
[734] WARN TestMethodFilter - NoClassDefFoundError: class org.tests.text.json.TestTextJsonBeanReadVisitor
[739] WARN TestMethodFilter - NoClassDefFoundError: class org.tests.text.json.TestTextJsonSuperSimple
[739] WARN TestMethodFilter - NoClassDefFoundError: class org.tests.text.json.TestTextJsonCompoundType
[740] WARN TestMethodFilter - NoClassDefFoundError: class org.tests.text.json.TestJsonSomeEnumWithToString
[740] WARN TestMethodFilter - NoClassDefFoundError: class org.tests.text.json.TestTextJsonUpdateCascade
[741] WARN TestMethodFilter - NoClassDefFoundError: class org.tests.text.json.TestTextJsonInsertUpdate
[741] WARN TestMethodFilter - NoClassDefFoundError: class org.tests.text.json.TestTextJsonInheritance
[745] WARN TestMethodFilter - NoClassDefFoundError: class org.tests.text.json.TestJsonInheritanceDiscriminator
[746] WARN TestMethodFilter - NoClassDefFoundError: class org.tests.text.json.TestTextJsonReadManyLazyLoad
[746] WARN TestMethodFilter - NoClassDefFoundError: class org.tests.text.json.TestJsonBeanDescriptorParse
[747] WARN TestMethodFilter - NoClassDefFoundError: class org.tests.text.json.TestJsonMap
[747] WARN TestMethodFilter - NoClassDefFoundError: class org.tests.text.json.TestTextJsonReferenceBean
[748] WARN TestMethodFilter - NoClassDefFoundError: class org.tests.text.json.TestTextJsonSimple
[748] WARN TestMethodFilter - NoClassDefFoundError: class org.tests.text.json.TestJsonSimple
[748] WARN TestMethodFilter - NoClassDefFoundError: class org.tests.text.json.TestTextJsonInvokeLazy
[749] WARN TestMethodFilter - NoClassDefFoundError: class org.tests.text.json.TestJsonBeanWithTimeZone
[749] WARN TestMethodFilter - NoClassDefFoundError: class org.tests.text.csv.TestTimeStringParser
[750] WARN TestMethodFilter - NoClassDefFoundError: class org.tests.text.csv.TestCsvReader
[750] WARN TestMethodFilter - NoClassDefFoundError: class org.tests.text.csv.TestCsvReaderWithCallback
[750] WARN TestMethodFilter - NoClassDefFoundError: class org.tests.callable.TestMysqlCallable
[756] WARN TestMethodFilter - NoClassDefFoundError: class org.tests.batchinsert.TestBatchInsertWithInitialisedCollection
[757] WARN TestMethodFilter - NoClassDefFoundError: class org.tests.batchinsert.TestBatchOnCascadeExceptionHandling
[759] WARN TestMethodFilter - NoClassDefFoundError: class org.tests.json.TestJsonMapBlob
[759] WARN TestMethodFilter - NoClassDefFoundError: class org.tests.json.TestJsonMapJsonB
[760] WARN TestMethodFilter - NoClassDefFoundError: class org.tests.json.TestJsonNodeBlob
[776] WARN TestMethodFilter - NoClassDefFoundError: class org.tests.json.transientproperties.TestModelAJson
[779] WARN TestMethodFilter - NoClassDefFoundError: class org.tests.json.TestUnmappedProperties
[782] WARN TestMethodFilter - NoClassDefFoundError: class org.tests.json.TestJsonMapBasic
[783] WARN TestMethodFilter - NoClassDefFoundError: class org.tests.json.TestDbJson_List
[792] WARN TestMethodFilter - NoClassDefFoundError: class org.tests.json.TestOldValue
[803] WARN TestMethodFilter - NoClassDefFoundError: class org.tests.json.include.TestJsonExcludeTransientEmptyList
[823] WARN TestMethodFilter - NoClassDefFoundError: class org.tests.json.TestDbJson_Jackson3
[823] WARN TestMethodFilter - NoClassDefFoundError: class org.tests.json.TestJsonMapClob
[824] WARN TestMethodFilter - NoClassDefFoundError: class org.tests.json.TestJsonNodeVarchar
[825] WARN TestMethodFilter - NoClassDefFoundError: class org.tests.json.TestDbJson_Jackson2
[825] WARN TestMethodFilter - NoClassDefFoundError: class org.tests.json.TestJsonNullValues
[845] WARN TestMethodFilter - NoClassDefFoundError: class org.tests.json.TestJsonNodeBasic
[846] WARN TestMethodFilter - NoClassDefFoundError: class org.tests.json.TestJsonNodeJsonb
[846] WARN TestMethodFilter - NoClassDefFoundError: class org.tests.json.TestJsonMapVarchar
[847] WARN TestMethodFilter - NoClassDefFoundError: class org.tests.json.TestDbJson_Jackson
[848] WARN TestMethodFilter - NoClassDefFoundError: class org.tests.query.TestQueryAlias
[848] WARN TestMethodFilter - NoClassDefFoundError: class org.tests.query.TestQueryMultiManyOrder
[848] WARN TestMethodFilter - NoClassDefFoundError: class org.tests.query.TestWhereRawClause
[849] WARN TestMethodFilter - NoClassDefFoundError: class org.tests.query.TestQueryInIdTypeConversion
[849] WARN TestMethodFilter - NoClassDefFoundError: class org.tests.query.TestQueryFindFutureList
[849] WARN TestMethodFilter - NoClassDefFoundError: class org.tests.query.TestQueryBaseTable
[849] WARN TestMethodFilter - NoClassDefFoundError: class org.tests.query.TestQueryPathJoinAndOrder
[850] WARN TestMethodFilter - NoClassDefFoundError: class org.tests.query.TestDefaultFetchLazy
[850] WARN TestMethodFilter - NoClassDefFoundError: class org.tests.query.TestLimitAlterFetchMany
[850] WARN TestMethodFilter - NoClassDefFoundError: class org.tests.query.TestQueryInAssocOne
[850] WARN TestMethodFilter - NoClassDefFoundError: class org.tests.query.TestThreeLevelQueryJoin
[862] WARN TestMethodFilter - NoClassDefFoundError: class org.tests.query.TestRefToLazyLoadMany
[867] WARN TestMethodFilter - NoClassDefFoundError: class org.tests.query.TestAddOrderByWithFirstRowsMaxRows
[868] WARN TestMethodFilter - NoClassDefFoundError: class org.tests.query.lazy.TestQueryDefaultBatchSize
[868] WARN TestMethodFilter - NoClassDefFoundError: class org.tests.query.TestExprNestedDisjunction
[868] WARN TestMethodFilter - NoClassDefFoundError: class org.tests.query.TestQueryFilterMany
[869] WARN TestMethodFilter - NoClassDefFoundError: class org.tests.query.TestFindOneOrEmpty
[869] WARN TestMethodFilter - NoClassDefFoundError: class org.tests.query.TestQueryFindPagedList
[869] WARN TestMethodFilter - NoClassDefFoundError: class org.tests.query.TestQueryOrderById
[870] WARN TestMethodFilter - NoClassDefFoundError: class org.tests.query.TestQueryFilterCaseInsensitive
[870] WARN TestMethodFilter - NoClassDefFoundError: class org.tests.query.TestQueryFetchSkipPath
[871] WARN TestMethodFilter - NoClassDefFoundError: class org.tests.query.TestQueryIsNull
[871] WARN TestMethodFilter - NoClassDefFoundError: class org.tests.query.TestOneToManyCorrectGrouping
[871] WARN TestMethodFilter - NoClassDefFoundError: class org.tests.query.TestOuterJoin
[871] WARN TestMethodFilter - NoClassDefFoundError: class org.tests.query.autotune.TestAutoTuneProfiling
[872] WARN TestMethodFilter - NoClassDefFoundError: class org.tests.query.TestManyWhereJoinM2M
[872] WARN TestMethodFilter - NoClassDefFoundError: class org.tests.query.TestMyAdHocSqlSelect
[872] WARN TestMethodFilter - NoClassDefFoundError: class org.tests.query.other.TestQueryRowCountWithMany
[872] WARN TestMethodFilter - NoClassDefFoundError: class org.tests.query.other.TestQueryRawExpressionMany
[873] WARN TestMethodFilter - NoClassDefFoundError: class org.tests.query.other.TestQueryDistinct
[873] WARN TestMethodFilter - NoClassDefFoundError: class org.tests.query.other.TestManyToManyLazyLoading
[887] WARN TestMethodFilter - NoClassDefFoundError: class org.tests.query.other.TestQuerySingleAttribute
[888] WARN TestMethodFilter - NoClassDefFoundError: class org.tests.query.other.TestManyLazyLoadingQuery
[888] WARN TestMethodFilter - NoClassDefFoundError: class org.tests.query.other.TestFormulaWithFindCount
[888] WARN TestMethodFilter - NoClassDefFoundError: class org.tests.query.other.TestLikeEscaping
[889] WARN TestMethodFilter - NoClassDefFoundError: class org.tests.query.other.TestOneToManyAsMap
[889] WARN TestMethodFilter - NoClassDefFoundError: class org.tests.query.other.TestSelfParent
[889] WARN TestMethodFilter - NoClassDefFoundError: class org.tests.query.other.TestSubQueryBinding
[890] WARN TestMethodFilter - NoClassDefFoundError: class org.tests.query.other.TestFindPartialWithConstructorSetFields
[890] WARN TestMethodFilter - NoClassDefFoundError: class org.tests.query.other.TestWhereAnnotation
[890] WARN TestMethodFilter - NoClassDefFoundError: class org.tests.query.other.TestFindIdsWithInheritance
[891] WARN TestMethodFilter - NoClassDefFoundError: class org.tests.query.other.TestFindWhereUsingEnumerated
[891] WARN TestMethodFilter - NoClassDefFoundError: class org.tests.query.other.TestFindIterateHeapDump
[891] WARN TestMethodFilter - NoClassDefFoundError: class org.tests.query.other.TestQueryConversationRowCount
[903] WARN TestMethodFilter - NoClassDefFoundError: class org.tests.query.other.TestFetchPreference
[903] WARN TestMethodFilter - NoClassDefFoundError: class org.tests.query.other.TestWhereLikeWithSlash
[904] WARN TestMethodFilter - NoClassDefFoundError: class org.tests.query.TestQueryFetchJoinWithOrder
[904] WARN TestMethodFilter - NoClassDefFoundError: class org.tests.query.TestQueryFilterManyOnSecondary
[904] WARN TestMethodFilter - NoClassDefFoundError: class org.tests.query.joins.TestQueryJoinManyNonRoot
[905] WARN TestMethodFilter - NoClassDefFoundError: class org.tests.query.joins.TestQueryJoinQueryNonRoot
[905] WARN TestMethodFilter - NoClassDefFoundError: class org.tests.query.joins.TestDisjunctWhereOuterOnMany
[906] WARN TestMethodFilter - NoClassDefFoundError: class org.tests.query.joins.TestQueryJoinOnFormula
[906] WARN TestMethodFilter - NoClassDefFoundError: class org.tests.query.joins.TestDisjunctWhereOuterJoin
[907] WARN TestMethodFilter - NoClassDefFoundError: class org.tests.query.joins.TestQueryManyToOneWhereClauseJoin
[907] WARN TestMethodFilter - NoClassDefFoundError: class org.tests.query.TestRowCount
[907] WARN TestMethodFilter - NoClassDefFoundError: class org.tests.query.TestQueryJoinMulipleMany
[908] WARN TestMethodFilter - NoClassDefFoundError: class org.tests.query.TestQueryFindReadOnly
[908] WARN TestMethodFilter - NoClassDefFoundError: class org.tests.query.orderby.TestOrderByWithDistinct
[909] WARN TestMethodFilter - NoClassDefFoundError: class org.tests.query.orderby.TestOrderByWithDistinctTake2
[909] WARN TestMethodFilter - NoClassDefFoundError: class org.tests.query.orderby.TestOrderByWithFunction
[909] WARN TestMethodFilter - NoClassDefFoundError: class org.tests.query.orderby.TestOrderByWithMany
[910] WARN TestMethodFilter - NoClassDefFoundError: class org.tests.query.orderby.TestOrderByClear
[910] WARN TestMethodFilter - NoClassDefFoundError: class org.tests.query.orderby.TestOrderByOnComplex
[910] WARN TestMethodFilter - NoClassDefFoundError: class org.tests.query.TestLimitQuery
[915] WARN TestMethodFilter - NoClassDefFoundError: class org.tests.query.TestSubQuery
[916] WARN TestMethodFilter - NoClassDefFoundError: class org.tests.query.softdelete.TestSoftDeletePagingList
[916] WARN TestMethodFilter - NoClassDefFoundError: class org.tests.query.TestQueryFetchManyTwoDeep
[916] WARN TestMethodFilter - NoClassDefFoundError: class org.tests.query.TestIContains
[916] WARN TestMethodFilter - NoClassDefFoundError: class org.tests.query.TestQueryNullAssocOne
[917] WARN TestMethodFilter - NoClassDefFoundError: class org.tests.query.sqlquery.TestNativeILikeExpression
[917] WARN TestMethodFilter - NoClassDefFoundError: class org.tests.query.sqlquery.SqlQueryTests
[918] WARN TestMethodFilter - NoClassDefFoundError: class org.tests.query.TestConnectionCloseOnSqlerr
[918] WARN TestMethodFilter - NoClassDefFoundError: class org.tests.query.TestInvalidFetchPath
[918] WARN TestMethodFilter - NoClassDefFoundError: class org.tests.query.TestQueryFindIterate
[919] WARN TestMethodFilter - NoClassDefFoundError: class org.tests.query.TestManyWhereJoin
[919] WARN TestMethodFilter - NoClassDefFoundError: class org.tests.query.TestQueryFindStream
[919] WARN TestMethodFilter - NoClassDefFoundError: class org.tests.query.TestQueryFindMapTypedKey
[920] WARN TestMethodFilter - NoClassDefFoundError: class org.tests.query.TestQueryFindNative
[921] WARN TestMethodFilter - NoClassDefFoundError: class org.tests.query.cache.TestDistinct
[922] WARN TestMethodFilter - NoClassDefFoundError: class org.tests.query.TestJoinOptOneCascade
[922] WARN TestMethodFilter - NoClassDefFoundError: class org.tests.query.TestQueryFindEachWhile
[932] WARN TestMethodFilter - NoClassDefFoundError: class org.tests.query.aggregation.TestAggregationCount
[932] WARN TestMethodFilter - NoClassDefFoundError: class org.tests.query.TestAutofetchTuneWithJoin
[933] WARN TestMethodFilter - NoClassDefFoundError: class org.tests.query.finder.TestCustomerFinder
[934] WARN TestMethodFilter - NoClassDefFoundError: class org.tests.query.cancel.SqlQueryCancelTest
[943] WARN TestMethodFilter - NoClassDefFoundError: class org.tests.query.TestQueryJoinBatchSize
[944] WARN TestMethodFilter - NoClassDefFoundError: class org.tests.query.TestQueryPlanCacheRowCount
[944] WARN TestMethodFilter - NoClassDefFoundError: class org.tests.query.TestQueryExists
[945] WARN TestMethodFilter - NoClassDefFoundError: class org.tests.query.TestQueryFilterManySimple
[946] WARN TestMethodFilter - NoClassDefFoundError: class org.tests.query.TestImplicitJoinOnParentRelationship
[946] WARN TestMethodFilter - NoClassDefFoundError: class org.tests.query.embedded.TestFilteringByEmbeddedInJoinedTable
[947] WARN TestMethodFilter - NoClassDefFoundError: class org.tests.query.embedded.TestMultipleEmbeddedLoading
[947] WARN TestMethodFilter - NoClassDefFoundError: class org.tests.query.TestWhereIn
[948] WARN TestMethodFilter - NoClassDefFoundError: class org.tests.query.TestQueryFilterManyOnM2M
[951] WARN TestMethodFilter - NoClassDefFoundError: class org.tests.singleTableInheritance.TestInheritQuery
[952] WARN TestMethodFilter - NoClassDefFoundError: class org.tests.enhancement.TestConstructorManyAddAll
[967] WARN TestMethodFilter - NoClassDefFoundError: class org.tests.enhancement.TestEnhancementEquals
[967] WARN TestMethodFilter - NoClassDefFoundError: class org.tests.enhancement.TestConstructorPutfieldReplacement
[968] WARN TestMethodFilter - NoClassDefFoundError: class org.tests.defaultvalues.TestDefaults
[970] WARN TestMethodFilter - NoClassDefFoundError: class org.tests.level.test.ManyToManyTest
[971] WARN TestMethodFilter - NoClassDefFoundError: class org.tests.m2m.TestM2MSelfRelationship
[971] WARN TestMethodFilter - NoClassDefFoundError: class org.tests.m2m.TestM2mDeleteObject
[971] WARN TestMethodFilter - NoClassDefFoundError: class org.tests.m2m.TestM2MDeleteNoCascade
[972] WARN TestMethodFilter - NoClassDefFoundError: class org.tests.m2m.TestM2MModifyTest
[972] WARN TestMethodFilter - NoClassDefFoundError: class org.tests.m2m.TestM2MMultipleLists
[973] WARN TestMethodFilter - NoClassDefFoundError: class org.tests.m2m.softdelete.TestM2MSoftDeleteExists
[973] WARN TestMethodFilter - NoClassDefFoundError: class org.tests.m2m.TestM2MDistinct_sqlServer
[974] WARN TestMethodFilter - NoClassDefFoundError: class org.tests.m2m.TestM2MDeleteCascadeFromParent
[974] WARN TestMethodFilter - NoClassDefFoundError: class org.tests.m2m.TestM2MDeleteWithCascade
[974] WARN TestMethodFilter - NoClassDefFoundError: class org.tests.m2m.TestM2MDeleteObjectWithCascadeToM2m
[975] WARN TestMethodFilter - NoClassDefFoundError: class org.tests.sp.TestManyToManySaveTwice
[976] WARN TestMethodFilter - NoClassDefFoundError: class org.tests.order.TestOrderColumn
[977] WARN TestMethodFilter - NoClassDefFoundError: class org.tests.lifecycle.TestLifecycleExceptions
[978] WARN TestMethodFilter - NoClassDefFoundError: class org.tests.lifecycle.TestLifecycleAnnotatedBean
[978] WARN TestMethodFilter - NoClassDefFoundError: class org.tests.lifecycle.TestLifecycleWithLog
[978] WARN TestMethodFilter - NoClassDefFoundError: class org.tests.types.TestPeriodType
[979] WARN TestMethodFilter - NoClassDefFoundError: class org.tests.types.TestEncryptedString
[980] WARN TestMethodFilter - NoClassDefFoundError: class org.tests.types.TestFileTypeFetching
[980] WARN TestMethodFilter - NoClassDefFoundError: class org.tests.types.TestHstore
[981] WARN TestMethodFilter - NoClassDefFoundError: class org.tests.types.TestNewTypes
[982] WARN TestMethodFilter - NoClassDefFoundError: class org.tests.types.TestFileType
[982] WARN TestMethodFilter - NoClassDefFoundError: class org.tests.readaudit.TestReadAudit
[983] WARN TestMethodFilter - NoClassDefFoundError: class org.tests.aggregateformula.TestAggregateFormula
[984] WARN TestMethodFilter - NoClassDefFoundError: class org.tests.aggregateformula.TestAggregateInheritFormula
[985] WARN TestMethodFilter - NoClassDefFoundError: class org.tests.ddl.TestForeignKeyModes
[986] WARN TestMethodFilter - NoClassDefFoundError: class org.tests.softdelete.TestSoftDeleteManyToMany
[986] WARN TestMethodFilter - NoClassDefFoundError: class org.tests.softdelete.TestSoftDeleteBasic
[987] WARN TestMethodFilter - NoClassDefFoundError: class org.tests.softdelete.TestSoftDeleteStatelessUpdate
[987] WARN TestMethodFilter - NoClassDefFoundError: class org.tests.softdelete.TestSoftDeleteOtoCascade
[987] WARN TestMethodFilter - NoClassDefFoundError: class org.tests.softdelete.TestSoftDeleteBook
[988] WARN TestMethodFilter - NoClassDefFoundError: class org.tests.softdelete.TestSoftDeleteOptionalRelationship
[988] WARN TestMethodFilter - NoClassDefFoundError: class org.tests.softdelete.TestSoftDeleteTop
[989] WARN TestMethodFilter - NoClassDefFoundError: class org.tests.merge.TestMergeM2M
[990] WARN TestMethodFilter - NoClassDefFoundError: class org.tests.merge.TestMergeBasic
[991] WARN TestMethodFilter - NoClassDefFoundError: class org.tests.merge.TestMergeCustomer
[992] WARN TestMethodFilter - NoClassDefFoundError: class org.tests.genkey.TestSeqBatch
[992] WARN TestMethodFilter - NoClassDefFoundError: class org.tests.transaction.TestNestedSubTransaction
[993] WARN TestMethodFilter - NoClassDefFoundError: class org.tests.transaction.TestTransactionalRequired
[993] WARN TestMethodFilter - NoClassDefFoundError: class org.tests.transaction.TestNestedBeginRequiresNew
[994] WARN TestMethodFilter - NoClassDefFoundError: class org.tests.transaction.TestDeleteFromPersistenceContext
[994] WARN TestMethodFilter - NoClassDefFoundError: class org.tests.transaction.TestNestedBeginRequiredWithFailure
[995] WARN TestMethodFilter - NoClassDefFoundError: class org.tests.transaction.TestBeginTransactionWithExisting
[995] WARN TestMethodFilter - NoClassDefFoundError: class org.tests.transaction.TestSavepoint
[996] WARN TestMethodFilter - NoClassDefFoundError: class org.tests.transaction.TestBeanStateReset
[996] WARN TestMethodFilter - NoClassDefFoundError: class org.tests.transaction.TestPersistContextClear
[997] WARN TestMethodFilter - NoClassDefFoundError: class org.tests.transaction.TestInsertManyAndRef
[997] WARN TestMethodFilter - NoClassDefFoundError: class org.tests.transaction.TransactionNotTerminatedAfterRollback
[997] WARN TestMethodFilter - NoClassDefFoundError: class org.tests.transaction.TestNested
[998] WARN TestMethodFilter - NoClassDefFoundError: class org.tests.transaction.TestNestedBeginRequired
[998] WARN TestMethodFilter - NoClassDefFoundError: class org.tests.transaction.TestSqlServerBatch
[999] WARN TestMethodFilter - NoClassDefFoundError: class org.tests.transaction.TestNestedTransaction
[999] WARN TestMethodFilter - NoClassDefFoundError: class org.tests.transaction.TestNestedMandatory
[1000] WARN TestMethodFilter - NoClassDefFoundError: class org.tests.transaction.TestTransactionalSupports
[1001] WARN TestMethodFilter - NoClassDefFoundError: class org.tests.transaction.TestTransactionalRequiresNew
[1001] WARN TestMethodFilter - NoClassDefFoundError: class org.tests.transaction.TestTransactionCallback
[1001] WARN TestMethodFilter - NoClassDefFoundError: class org.tests.transaction.TestTransactionalNotSupports
[1002] WARN TestMethodFilter - NoClassDefFoundError: class org.tests.transaction.TestNestedBeginRequiresNewWithFailure
[1002] WARN TestMethodFilter - NoClassDefFoundError: class org.tests.transaction.TestCreateTransactionWithIsolation
[1002] WARN TestMethodFilter - NoClassDefFoundError: class org.tests.transaction.TestTransactionSkipCache
[1003] WARN TestMethodFilter - NoClassDefFoundError: class org.tests.transaction.TestTransactionTryResources
[1003] WARN TestMethodFilter - NoClassDefFoundError: class org.tests.transaction.TestStatelessUpdateClearPC
[1004] WARN TestMethodFilter - NoClassDefFoundError: class org.tests.transaction.TestBatchPersistCascade
[1004] WARN TestMethodFilter - NoClassDefFoundError: class org.tests.persistencecontext.TestPersistenceContextQueryScope
[1005] WARN TestMethodFilter - NoClassDefFoundError: class org.tests.persistencecontext.TestPersistenceContextOnUpdateDuringTxn
[1005] WARN TestMethodFilter - NoClassDefFoundError: class org.tests.persistencecontext.TestPersistenceContextServerConfig
[1005] WARN TestMethodFilter - NoClassDefFoundError: class org.tests.persistencecontext.TestPersistenceContextScopeUsingOrders
[1006] WARN TestMethodFilter - NoClassDefFoundError: class org.tests.insert.TestInsertCollection
[1006] WARN TestMethodFilter - NoClassDefFoundError: class org.tests.insert.TestOnlyIdEntity
[1007] WARN TestMethodFilter - NoClassDefFoundError: class org.tests.insert.TestSaveWithDaylightSavings
[1008] WARN TestMethodFilter - NoClassDefFoundError: class org.tests.insert.TestInsertOnStringKey
[1008] WARN TestMethodFilter - NoClassDefFoundError: class org.tests.insert.TestInsertCheckUnique
[1008] WARN TestMethodFilter - NoClassDefFoundError: class org.tests.insert.TestInsertWithIdAndUuid
[1009] WARN TestMethodFilter - NoClassDefFoundError: class org.tests.insert.TestInsertDataIntegrityException
[1010] WARN TestMethodFilter - NoClassDefFoundError: class org.tests.o2m.jointable.TestOneToManyJoinTableNoTableName
[1011] WARN TestMethodFilter - NoClassDefFoundError: class org.tests.o2m.jointable.TestOneToManyJoinTableInheritance
[1012] WARN TestMethodFilter - NoClassDefFoundError: class org.tests.o2m.jointable.TestOneToManyJoinTable
[1012] WARN TestMethodFilter - NoClassDefFoundError: class org.tests.o2m.TestOneToManyEnhancement
[1013] WARN TestMethodFilter - NoClassDefFoundError: class org.tests.o2m.lazy.TestLazyManyViaPath
[1014] WARN TestMethodFilter - NoClassDefFoundError: class org.tests.o2m.TestOneToManyOnlyBean
[1015] WARN TestMethodFilter - NoClassDefFoundError: class org.tests.o2m.TestOneToManyNoMappedBy
[1015] WARN TestMethodFilter - NoClassDefFoundError: class org.tests.o2m.TestOneToManyWhere
[1017] WARN TestMethodFilter - NoClassDefFoundError: class org.tests.model.version.TestVersionHierarchyModification
[1019] WARN TestMethodFilter - NoClassDefFoundError: class org.tests.model.history.TestHistoryInclude
[1020] WARN TestMethodFilter - NoClassDefFoundError: class org.tests.model.history.TestHistoryExclude
[1021] WARN TestMethodFilter - NoClassDefFoundError: class org.tests.model.history.TestHistorySoftDeleteOneToOne
[1021] WARN TestMethodFilter - NoClassDefFoundError: class org.tests.model.history.TestHistoryOneToMany
[1022] WARN TestMethodFilter - NoClassDefFoundError: class org.tests.model.history.TestHistoryEmbeddedId
[1024] WARN TestMethodFilter - NoClassDefFoundError: class org.tests.model.bridge.TestExplicitM2MBridgeTable
[1025] WARN TestMethodFilter - NoClassDefFoundError: class org.tests.model.bridge.TestIdClassScalar
[1026] WARN TestMethodFilter - NoClassDefFoundError: class org.tests.model.joda.TestJodaInsertUpdate
[1027] WARN TestMethodFilter - NoClassDefFoundError: class org.tests.model.tevent.TestAssocOneNullTraverse
[1028] WARN TestMethodFilter - NoClassDefFoundError: class org.tests.model.pview.TestPview
[1030] WARN TestMethodFilter - NoClassDefFoundError: class org.tests.model.site.TestTreeModel
[1030] WARN TestMethodFilter - NoClassDefFoundError: class org.tests.model.carwheeltruck.TestInheritSoftDeleteJoin
[1031] WARN TestMethodFilter - NoClassDefFoundError: class org.tests.model.carwheeltruck.TestTruckCarWheelInhertiance
[1039] WARN TestMethodFilter - NoClassDefFoundError: class org.tests.model.carwheeltruck.TestMTOInheritNoDiscriminator
[1040] WARN TestMethodFilter - NoClassDefFoundError: class org.tests.model.onetoone.album.TestOneToOneHardDelete
[1041] WARN TestMethodFilter - NoClassDefFoundError: class org.tests.model.onetoone.album.DeleteById_SoftDelete_Tests
[1041] WARN TestMethodFilter - NoClassDefFoundError: class org.tests.model.onetoone.TestOneToOneJoinColumn
[1043] WARN TestMethodFilter - NoClassDefFoundError: class org.tests.model.onetoone.TestOneToOneOptionalRelationship
[1044] WARN TestMethodFilter - NoClassDefFoundError: class org.tests.model.onetoone.TestOneToOneImportedPkNative
[1047] WARN TestMethodFilter - NoClassDefFoundError: class org.tests.model.onetoone.TestOneToOneOrphanStringId
[1049] WARN TestMethodFilter - NoClassDefFoundError: class org.tests.model.onetoone.TestOneToOneCascadeSave
[1053] WARN TestMethodFilter - NoClassDefFoundError: class org.tests.model.onetoone.TestOneToOneSoftDeleteChild
[1054] WARN TestMethodFilter - NoClassDefFoundError: class org.tests.model.onetoone.TestOneToOneOrphanRemove
[1055] WARN TestMethodFilter - NoClassDefFoundError: class org.tests.model.onetoone.TestOneToOnePrimaryKeyJoinOptional
[1056] WARN TestMethodFilter - NoClassDefFoundError: class org.tests.model.onetoone.TestOneToOnePrimaryKeyJoinBidi
[1057] WARN TestMethodFilter - NoClassDefFoundError: class org.tests.model.onetoone.TestOneToOnePrimaryKeyJoin
[1057] WARN TestMethodFilter - NoClassDefFoundError: class org.tests.model.prnt.TestPrinterStateIssue
[1060] WARN TestMethodFilter - NoClassDefFoundError: class org.tests.model.ivo.test.TestAttributeConverter
[1063] WARN TestMethodFilter - NoClassDefFoundError: class org.tests.model.inheritexposedtype.test.TestInheritExposeDtype
[1068] WARN TestMethodFilter - NoClassDefFoundError: class org.tests.model.nofk.Test2NoFk
[1069] WARN TestMethodFilter - NoClassDefFoundError: class org.tests.model.nofk.TestNoFk
[1070] WARN TestMethodFilter - NoClassDefFoundError: class org.tests.model.survey.TestOrderByFetch
[1076] WARN TestMethodFilter - NoClassDefFoundError: class org.tests.model.composite.TestCompositeKeyUserClient
[1080] WARN TestMethodFilter - NoClassDefFoundError: class org.tests.model.json.TestJacksonPlainBean
[1089] WARN TestMethodFilter - NoClassDefFoundError: class org.tests.model.inheritmany.TestMediaInheritanceJoinToMany
[1093] WARN TestMethodFilter - NoClassDefFoundError: class org.tests.model.m2m.TestM2MWithWhere
[1097] WARN TestMethodFilter - NoClassDefFoundError: class org.tests.model.selfref.TestTextJsonSelfRef
[1098] WARN TestMethodFilter - NoClassDefFoundError: class org.tests.model.selfref.TestSelfRefExample
[1099] WARN TestMethodFilter - NoClassDefFoundError: class org.tests.model.selfref.TestResourceFileSelfRef
[1101] WARN TestMethodFilter - NoClassDefFoundError: class org.tests.model.lazywithcache.TestWithCacheAndLazyLoad
[1109] WARN TestMethodFilter - NoClassDefFoundError: class org.tests.model.zero.TestWithZero
[1110] WARN TestMethodFilter - NoClassDefFoundError: class org.tests.model.orphanremoval.TestOrphanRemoveO2M
[1110] WARN TestMethodFilter - NoClassDefFoundError: class org.tests.model.orphanremoval.TestOrphanRemoveO2MFlat
[1116] WARN TestMethodFilter - NoClassDefFoundError: class org.tests.model.lazywithid.TestColumnIdName
[1125] WARN TestMethodFilter - NoClassDefFoundError: class org.tests.model.elementcollection.TestElementCollectionBasicSet
[1125] WARN TestMethodFilter - NoClassDefFoundError: class org.tests.model.elementcollection.TestElementCollectionEmbeddedMapCache
[1126] WARN TestMethodFilter - NoClassDefFoundError: class org.tests.model.elementcollection.TestElementCollectionBasicMap
[1127] WARN TestMethodFilter - NoClassDefFoundError: class org.tests.model.elementcollection.TestElementCollectionResused
[1127] WARN TestMethodFilter - NoClassDefFoundError: class org.tests.model.elementcollection.TestElementCollectionEmbeddedListCache
[1128] WARN TestMethodFilter - NoClassDefFoundError: class org.tests.model.elementcollection.TestElementCollectionBasicMapAsLob
[1129] WARN TestMethodFilter - NoClassDefFoundError: class org.tests.model.elementcollection.TestElementCollectionCascade
[1129] WARN TestMethodFilter - NoClassDefFoundError: class org.tests.model.elementcollection.TestElementCollectionBasicMapCache
[1130] WARN TestMethodFilter - NoClassDefFoundError: class org.tests.model.elementcollection.TestElementCollectionBasic
[1135] WARN TestMethodFilter - NoClassDefFoundError: class org.tests.model.elementcollection.EcsPersonTest
[1147] WARN TestMethodFilter - NoClassDefFoundError: class org.tests.model.elementcollection.TestElementCollectionEmbeddedMap
[1148] WARN TestMethodFilter - NoClassDefFoundError: class org.tests.model.elementcollection.TestElementCollectionEnumSet
[1149] WARN TestMethodFilter - NoClassDefFoundError: class org.tests.model.elementcollection.TestElementCollectionEmbeddedList
[1149] WARN TestMethodFilter - NoClassDefFoundError: class org.tests.model.elementcollection.EcmPersonTest
[1150] WARN TestMethodFilter - NoClassDefFoundError: class org.tests.model.elementcollection.TestElementCollectionBasicCache
[1156] WARN TestMethodFilter - NoClassDefFoundError: class org.tests.model.interfaces.TestTargetEntity
[1157] WARN TestMethodFilter - NoClassDefFoundError: class org.tests.model.interfaces.TestSelfMany
[1165] WARN TestMethodFilter - NoClassDefFoundError: class org.tests.model.basic.first.TestFirstSecond
[1179] WARN TestMethodFilter - NoClassDefFoundError: class org.tests.model.basic.xtra.TestDeleteUnloadedChildren
[1180] WARN TestMethodFilter - NoClassDefFoundError: class org.tests.model.basic.xtra.TestInsertBatchThenUpdate
[1181] WARN TestMethodFilter - NoClassDefFoundError: class org.tests.model.basic.xtra.TestInsertBatchWithDifferentRootTypes
[1181] WARN TestMethodFilter - NoClassDefFoundError: class org.tests.model.basic.xtra.TestInsertBatchThenFlushThenUpdate
[1184] WARN TestMethodFilter - NoClassDefFoundError: class org.tests.model.basic.mapsuper.TestMapSuperEquals
[1228] WARN TestMethodFilter - NoClassDefFoundError: class org.tests.model.basic.ResetBasicData
[1243] WARN TestMethodFilter - NoClassDefFoundError: class org.tests.model.basic.cache.TestCacheViaComplexNaturalKey
[1244] WARN TestMethodFilter - NoClassDefFoundError: class org.tests.model.basic.cache.TestNatKeyCacheWhenNull
[1244] WARN TestMethodFilter - NoClassDefFoundError: class org.tests.model.basic.cache.TestCacheViaComplexNaturalKey3
[1245] WARN TestMethodFilter - NoClassDefFoundError: class org.tests.model.basic.cache.TestNatKeyCacheWithForeignKey
[1246] WARN TestMethodFilter - NoClassDefFoundError: class org.tests.model.basic.cache.TestCacheWithSoftDelete
[1246] WARN TestMethodFilter - NoClassDefFoundError: class org.tests.model.basic.cache.TestNatKeyUid
[1270] WARN TestMethodFilter - NoClassDefFoundError: class org.tests.model.view.TestViewBaseEntity
[1272] WARN TestMethodFilter - NoClassDefFoundError: class org.tests.model.aggregation.TestAggregationMany
[1274] WARN TestMethodFilter - NoClassDefFoundError: class org.tests.model.aggregation.TestAggregationTopLevel
[1301] WARN TestMethodFilter - NoClassDefFoundError: class org.tests.model.array.TestDbArray_basic
[1312] WARN TestMethodFilter - NoClassDefFoundError: class org.tests.model.array.TestDbArray_asSet
[1313] WARN TestMethodFilter - NoClassDefFoundError: class org.tests.model.noid.TestInsertNoIdBean
[1316] WARN TestMethodFilter - NoClassDefFoundError: class org.tests.model.embedded.TestEmbeddedAttrOverride
[1316] WARN TestMethodFilter - NoClassDefFoundError: class org.tests.model.embedded.TestEmbeddedNullableOverride
[1317] WARN TestMethodFilter - NoClassDefFoundError: class org.tests.model.embedded.TestEmbeddedManyToOne
[1342] WARN TestMethodFilter - NoClassDefFoundError: class org.tests.refresh.TestRefreshWithMany
[1344] WARN TestMethodFilter - NoClassDefFoundError: class org.tests.update.TestUpdateCircularSave
[1375] WARN TestMethodFilter - NoClassDefFoundError: class org.tests.update.TestSqlUpdateInTxn
[1376] WARN TestMethodFilter - NoClassDefFoundError: class org.tests.update.TestSqlUpdateUpsert
[1376] WARN TestMethodFilter - NoClassDefFoundError: class org.tests.update.TestEmbeddedRefreshUpdate
[1377] WARN TestMethodFilter - NoClassDefFoundError: class org.tests.update.TestSqlUpdateExceptions
[1377] WARN TestMethodFilter - NoClassDefFoundError: class org.tests.update.TestMarkAsDirty
[1378] WARN TestMethodFilter - NoClassDefFoundError: class org.tests.update.TestUpdatePartialNoVer
[1378] WARN TestMethodFilter - NoClassDefFoundError: class org.tests.update.TestJsonStatelessUpdate
[1378] WARN TestMethodFilter - NoClassDefFoundError: class org.tests.update.TestSqlUpdateBatch
[1380] WARN TestMethodFilter - NoClassDefFoundError: class org.tests.update.TestUpdateAllLoadedProperties
[1380] WARN TestMethodFilter - NoClassDefFoundError: class org.tests.update.TestPostgresTruncate
[1387] WARN TestMethodFilter - NoClassDefFoundError: class org.tests.update.TestStatelessUpdate
[1387] WARN TestMethodFilter - NoClassDefFoundError: class org.tests.update.TestSqlUpdateBindMultipleLists
[1388] WARN TestMethodFilter - NoClassDefFoundError: class org.tests.update.TestUpdatePartial
[1388] WARN TestMethodFilter - NoClassDefFoundError: class org.tests.cache.TestQueryCacheTableDependency
[1389] WARN TestMethodFilter - NoClassDefFoundError: class org.tests.cache.TestCacheCollectionIds
[1389] WARN TestMethodFilter - NoClassDefFoundError: class org.tests.cache.TestBeanCache
[1389] WARN TestMethodFilter - NoClassDefFoundError: class org.tests.cache.TestQueryCacheReadOnly
[1390] WARN TestMethodFilter - NoClassDefFoundError: class org.tests.cache.TestCacheEmbeddedId
[1390] WARN TestMethodFilter - NoClassDefFoundError: class org.tests.cache.TestBeanCacheContactLazyLoad
[1390] WARN TestMethodFilter - NoClassDefFoundError: class org.tests.cache.TestCacheNaturalId
[1390] WARN TestMethodFilter - NoClassDefFoundError: class org.tests.cache.TestM2MCache
[1391] WARN TestMethodFilter - NoClassDefFoundError: class org.tests.cache.TestExternalNotification
[1394] WARN TestMethodFilter - NoClassDefFoundError: class org.tests.cache.personinfo.TestStringIdOnly
[1394] WARN TestMethodFilter - NoClassDefFoundError: class org.tests.cache.TestCacheManyToOne
[1394] WARN TestMethodFilter - NoClassDefFoundError: class org.tests.cache.TestL2DirtyFlagOnLazyLoad
[1401] WARN TestMethodFilter - NoClassDefFoundError: class org.tests.cache.TestCacheInterceptSaveWhenLazyLoaded
[1401] WARN TestMethodFilter - NoClassDefFoundError: class org.tests.cache.TestBeanFetchJoinCache
[1401] WARN TestMethodFilter - NoClassDefFoundError: class org.tests.cache.TestL2CacheWithSharedBean
[1402] WARN TestMethodFilter - NoClassDefFoundError: class org.tests.cache.TestQueryCache
[1402] WARN TestMethodFilter - NoClassDefFoundError: class org.tests.cache.TestCacheDelete
[1402] WARN TestMethodFilter - NoClassDefFoundError: class org.tests.cache.TestQueryCacheCountry
[1403] WARN TestMethodFilter - NoClassDefFoundError: class org.tests.cache.TestBeanCacheWithDeleteQuery
[1403] WARN TestMethodFilter - NoClassDefFoundError: class org.tests.cache.TestQueryCacheInsert
[1403] WARN TestMethodFilter - NoClassDefFoundError: class org.tests.cache.TestCacheBasic
[1404] WARN TestMethodFilter - NoClassDefFoundError: class org.tests.cache.TestCacheCustomer
[1404] WARN TestMethodFilter - NoClassDefFoundError: class org.tests.basic.TestDeleteOneToOne
[1404] WARN TestMethodFilter - NoClassDefFoundError: class org.tests.basic.TestQueryUsingConnection
[1405] WARN TestMethodFilter - NoClassDefFoundError: class org.tests.basic.TestOrderTotalAmountFormula
[1405] WARN TestMethodFilter - NoClassDefFoundError: class org.tests.basic.TestUpdate
[1412] WARN TestMethodFilter - NoClassDefFoundError: class org.tests.basic.TestJoinInheritance
[1413] WARN TestMethodFilter - NoClassDefFoundError: class org.tests.basic.TestLoadBeanCache
[1413] WARN TestMethodFilter - NoClassDefFoundError: class org.tests.basic.TestTransient
[1414] WARN TestMethodFilter - NoClassDefFoundError: class org.tests.basic.TestCreateEntityBean
[1419] WARN TestMethodFilter - NoClassDefFoundError: class org.tests.basic.TestErrorBindLog
[1420] WARN TestMethodFilter - NoClassDefFoundError: class org.tests.basic.TestPersistenceContext
[1420] WARN TestMethodFilter - NoClassDefFoundError: class org.tests.basic.TestMetaAnnotation
[1420] WARN TestMethodFilter - NoClassDefFoundError: class org.tests.basic.TestLazyLoadInCache
[1420] WARN TestMethodFilter - NoClassDefFoundError: class org.tests.basic.TestManyLazyLoad
[1421] WARN TestMethodFilter - NoClassDefFoundError: class org.tests.basic.delete.TestDeleteCascadeById
[1421] WARN TestMethodFilter - NoClassDefFoundError: class org.tests.basic.delete.TestDeleteByIdList
[1421] WARN TestMethodFilter - NoClassDefFoundError: class org.tests.basic.delete.TestDeleteCascadeByQuery
[1422] WARN TestMethodFilter - NoClassDefFoundError: class org.tests.basic.encrypt.TestEncryptBinary
[1422] WARN TestMethodFilter - NoClassDefFoundError: class org.tests.basic.encrypt.TestEncryptClientSide
[1429] WARN TestMethodFilter - NoClassDefFoundError: class org.tests.basic.encrypt.TestEncrypt
[1430] WARN TestMethodFilter - NoClassDefFoundError: class org.tests.basic.TestDeleteCascadingOneToMany
[1430] WARN TestMethodFilter - NoClassDefFoundError: class org.tests.basic.TestMappedSuper
[1431] WARN TestMethodFilter - NoClassDefFoundError: class org.tests.basic.TestDeleteImportedPartial
[1435] WARN TestMethodFilter - NoClassDefFoundError: class org.tests.basic.event.TestQueryAdapter
[1436] WARN TestMethodFilter - NoClassDefFoundError: class org.tests.basic.event.TestPreInsertValidation
[1436] WARN TestMethodFilter - NoClassDefFoundError: class org.tests.basic.TestBatchLazyMany
[1436] WARN TestMethodFilter - NoClassDefFoundError: class org.tests.basic.TestBeanReferenceRefresh
[1437] WARN TestMethodFilter - NoClassDefFoundError: class org.tests.basic.TestDynamicUpdate
[1443] WARN TestMethodFilter - NoClassDefFoundError: class org.tests.basic.TestAssocOneEqExpression
[1444] WARN TestMethodFilter - NoClassDefFoundError: class org.tests.basic.TestIUDVanilla
[1444] WARN TestMethodFilter - NoClassDefFoundError: class org.tests.basic.TestSharedInstancePropagation
[1444] WARN TestMethodFilter - NoClassDefFoundError: class org.tests.basic.TestOrderTotalAmountReportBean
[1445] WARN TestMethodFilter - NoClassDefFoundError: class org.tests.basic.TestAnnotationBase
[1445] WARN TestMethodFilter - NoClassDefFoundError: class org.tests.basic.TestM2MCascadeOne
[1446] WARN TestMethodFilter - NoClassDefFoundError: class org.tests.basic.TestMultipleOneToOneIUD
[1446] WARN TestMethodFilter - NoClassDefFoundError: class org.tests.basic.TestDeleteOneToOneMultiple
[1447] WARN TestMethodFilter - NoClassDefFoundError: class org.tests.basic.TestDeleteByIdCollection
[1447] WARN TestMethodFilter - NoClassDefFoundError: class org.tests.basic.TestOrderByAnnotation
[1447] WARN TestMethodFilter - NoClassDefFoundError: class org.tests.basic.TestFetchId
[1455] WARN TestMethodFilter - NoClassDefFoundError: class org.tests.basic.MainDbBoolean
[1459] WARN TestMethodFilter - NoClassDefFoundError: class org.tests.basic.TestM2MVanilla
[1460] WARN TestMethodFilter - NoClassDefFoundError: class org.tests.basic.TestExplicitInsert
[1460] WARN TestMethodFilter - NoClassDefFoundError: class org.tests.basic.join.TestSecondaryJoin
[1460] WARN TestMethodFilter - NoClassDefFoundError: class org.tests.basic.TestEnhancementCollectionInitialisation
[1461] WARN TestMethodFilter - NoClassDefFoundError: class org.tests.basic.TestQueryForUpdate
[1461] WARN TestMethodFilter - NoClassDefFoundError: class org.tests.basic.TestInEmpty
[1462] WARN TestMethodFilter - NoClassDefFoundError: class org.tests.basic.one2one.TestOne2OneBookingInvoice
[1463] WARN TestMethodFilter - NoClassDefFoundError: class org.tests.basic.one2one.TestOneToOneWheelTire
[1464] WARN TestMethodFilter - NoClassDefFoundError: class org.tests.basic.TestInheritRef
[1471] WARN TestMethodFilter - NoClassDefFoundError: class org.tests.basic.TestQueryWhereBetween
[1472] WARN TestMethodFilter - NoClassDefFoundError: class org.tests.basic.TestSaveDeleteOneToOne
[1479] WARN TestMethodFilter - NoClassDefFoundError: class org.tests.basic.TestLimitQuery
[1480] WARN TestMethodFilter - NoClassDefFoundError: class org.tests.basic.TestWhereAnnotation
[1480] WARN TestMethodFilter - NoClassDefFoundError: class org.tests.basic.TestManyOneInterface
[1487] WARN TestMethodFilter - NoClassDefFoundError: class org.tests.basic.type.TestInetAddressType
[1499] WARN TestMethodFilter - NoClassDefFoundError: class org.tests.basic.type.TestEnumValueAnnotation
[1499] WARN TestMethodFilter - NoClassDefFoundError: class org.tests.basic.type.TestExtraScalarTypes
[1500] WARN TestMethodFilter - NoClassDefFoundError: class org.tests.basic.type.TestTransientMap
[1500] WARN TestMethodFilter - NoClassDefFoundError: class org.tests.basic.type.TestQueryBooleanProperty
[1501] WARN TestMethodFilter - NoClassDefFoundError: class org.tests.basic.type.TestSqlRowUUID
[1501] WARN TestMethodFilter - NoClassDefFoundError: class org.tests.basic.TestBatchLazy
[1501] WARN TestMethodFilter - NoClassDefFoundError: class org.tests.basic.TestLogTransLogOnError
[1502] WARN TestMethodFilter - NoClassDefFoundError: class org.tests.basic.TestJodaType
[1502] WARN TestMethodFilter - NoClassDefFoundError: class org.tests.basic.TestUuidInsert
[1502] WARN TestMethodFilter - NoClassDefFoundError: class org.tests.basic.TestLazyLoadEmptyOneToMany
[1503] WARN TestMethodFilter - NoClassDefFoundError: class org.tests.basic.TestSaveDeleteOneToOneMultiple
[1503] WARN TestMethodFilter - NoClassDefFoundError: class org.tests.basic.TestOrderTotalAmountSql
[1504] WARN TestMethodFilter - NoClassDefFoundError: class org.tests.basic.TestDeletePartialNoVersion
[1504] WARN TestMethodFilter - NoClassDefFoundError: class org.tests.basic.lob.TestBasicClobFetchEager
[1504] WARN TestMethodFilter - NoClassDefFoundError: class org.tests.basic.lob.TestByteOnly
[1505] WARN TestMethodFilter - NoClassDefFoundError: class org.tests.basic.lob.TestBasicClobNoVer
[1505] WARN TestMethodFilter - NoClassDefFoundError: class org.tests.basic.TestReadOnlyPropagation
[1505] WARN TestMethodFilter - NoClassDefFoundError: class org.tests.basic.TestQueryWhereInRange
[1506] WARN TestMethodFilter - NoClassDefFoundError: class org.tests.basic.TestNonUpdateProperty
[1506] WARN TestMethodFilter - NoClassDefFoundError: class org.tests.basic.TestUpdateManyToOne
[1506] WARN TestMethodFilter - NoClassDefFoundError: class org.tests.basic.TestQueryWithCache
[1509] WARN TestMethodFilter - NoClassDefFoundError: class org.tests.basic.TestUuidInsertMasterDetail
[1510] WARN TestMethodFilter - NoClassDefFoundError: class org.tests.draftable.DocLinkTest
[1511] WARN TestMethodFilter - NoClassDefFoundError: class org.tests.contructor.TestProtectedConstructor
[1521] WARN TestMethodFilter - NoClassDefFoundError: class org.tests.test.TestInheritWithMany
[1521] WARN TestMethodFilter - NoClassDefFoundError: class org.tests.saveassociation.TestSaveAssociation
[1527] WARN TestMethodFilter - NoClassDefFoundError: class org.tests.saveassociation.TestSaveSamePK
[1528] WARN TestMethodFilter - NoClassDefFoundError: class org.tests.lazyforeignkeys.TestLazyForeignKeys
[1529] WARN TestMethodFilter - NoClassDefFoundError: class org.tests.unitinternal.TestTxTypeOnTransactional
[1529] WARN TestMethodFilter - NoClassDefFoundError: class org.tests.unitinternal.TestOrderByParse
[1530] WARN TestMethodFilter - NoClassDefFoundError: class org.tests.unitinternal.TestNullCollectionSet
[1530] WARN TestMethodFilter - NoClassDefFoundError: class org.tests.unitinternal.TestVanillaCollectionSet
[1531] WARN TestMethodFilter - NoClassDefFoundError: class org.tests.unitinternal.TestEqualsOnEnhanced
[1534] WARN TestMethodFilter - NoClassDefFoundError: class org.multitenant.partition.MultiTenantPartitionTest
[1583] WARN TestMethodFilter - NoClassDefFoundError: class io.ebean.test.config.provider.ProviderAutoConfig
[1584] WARN TestMethodFilter - NoClassDefFoundError: class io.ebean.test.config.platform.ElasticSearchSetup
[1591] WARN TestMethodFilter - NoClassDefFoundError: class io.ebean.test.config.platform.Config
[1592] WARN TestMethodFilter - NoClassDefFoundError: class io.ebean.test.Json
[1592] WARN TestMethodFilter - NoClassDefFoundError: class io.ebean.test.LoggedSql
[1629] WARN TestMethodFilter - NoClassDefFoundError: class io.ebeanservice.docstore.api.support.DocStoreBeanBaseAdapterTest
[1629] WARN TestMethodFilter - NoClassDefFoundError: class io.ebeanservice.docstore.api.support.DocStoreDeleteEventTest
[1630] WARN TestMethodFilter - NoClassDefFoundError: class io.ebeanservice.docstore.api.support.DocStoreIndexEventTest
[1630] WARN TestMethodFilter - NoClassDefFoundError: class io.ebeaninternal.server.loadcontext.DLoadContextTest
[1635] WARN TestMethodFilter - NoClassDefFoundError: class io.ebeaninternal.server.expression.CaseInsensitiveEqualExpressionTest
[1643] WARN TestMethodFilter - NoClassDefFoundError: class io.ebeaninternal.server.expression.AllEqualsExpressionTest
[1643] WARN TestMethodFilter - NoClassDefFoundError: class io.ebeaninternal.server.expression.InQueryExpressionTest
[1643] WARN TestMethodFilter - NoClassDefFoundError: class io.ebeaninternal.server.expression.SimpleExpressionTest
[1643] WARN TestMethodFilter - NoClassDefFoundError: class io.ebeaninternal.server.expression.DefaultExpressionListTest
[1644] WARN TestMethodFilter - NoClassDefFoundError: class io.ebeaninternal.server.expression.RawExpressionTest
[1644] WARN TestMethodFilter - NoClassDefFoundError: class io.ebeaninternal.server.expression.IdInExpressionTest
[1644] WARN TestMethodFilter - NoClassDefFoundError: class io.ebeaninternal.server.expression.LogicExpressionTest
[1645] WARN TestMethodFilter - NoClassDefFoundError: class io.ebeaninternal.server.expression.platform.MySqlDbExpressionTest
[1645] WARN TestMethodFilter - NoClassDefFoundError: class io.ebeaninternal.server.expression.platform.HanaDbExpressionTest
[1645] WARN TestMethodFilter - NoClassDefFoundError: class io.ebeaninternal.server.expression.InExpressionTest
[1645] WARN TestMethodFilter - NoClassDefFoundError: class io.ebeaninternal.server.expression.ExistsQueryExpressionTest
[1651] WARN TestMethodFilter - NoClassDefFoundError: class io.ebeaninternal.server.expression.IsEmptyExpressionQueryTest
[1651] WARN TestMethodFilter - NoClassDefFoundError: class io.ebeaninternal.server.expression.BetweenExpressionTest
[1651] WARN TestMethodFilter - NoClassDefFoundError: class io.ebeaninternal.server.expression.PrepareDocNestedTest
[1651] WARN TestMethodFilter - NoClassDefFoundError: class io.ebeaninternal.server.expression.BetweenPropertyExpressionTest
[1652] WARN TestMethodFilter - NoClassDefFoundError: class io.ebeaninternal.server.expression.NotExpressionTest
[1652] WARN TestMethodFilter - NoClassDefFoundError: class io.ebeaninternal.server.expression.InRangeExpressionTest
[1652] WARN TestMethodFilter - NoClassDefFoundError: class io.ebeaninternal.server.expression.JsonPathExpressionTest
[1652] WARN TestMethodFilter - NoClassDefFoundError: class io.ebeaninternal.server.expression.DefaultExampleExpressionTest
[1653] WARN TestMethodFilter - NoClassDefFoundError: class io.ebeaninternal.server.expression.IdExpressionTest
[1653] WARN TestMethodFilter - NoClassDefFoundError: class io.ebeaninternal.server.expression.InPairsExpressionTest
[1653] WARN TestMethodFilter - NoClassDefFoundError: class io.ebeaninternal.server.expression.NullExpressionTest
[1653] WARN TestMethodFilter - NoClassDefFoundError: class io.ebeaninternal.server.expression.JunctionExpressionTest
[1654] WARN TestMethodFilter - NoClassDefFoundError: class io.ebeaninternal.server.expression.LikeExpressionTest
[1654] WARN TestMethodFilter - NoClassDefFoundError: class io.ebeaninternal.server.expression.DefaultExpressionFactoryTest
[1654] WARN TestMethodFilter - NoClassDefFoundError: class io.ebeaninternal.server.expression.NoopExpressionTest
[1654] WARN TestMethodFilter - NoClassDefFoundError: class io.ebeaninternal.server.changelog.DefaultChangeLogListenerTest
[1654] WARN TestMethodFilter - NoClassDefFoundError: class io.ebeaninternal.server.changelog.ChangeJsonBuilderTest
[1655] WARN TestMethodFilter - NoClassDefFoundError: class io.ebeaninternal.server.changelog.DefaultChangeLogRegisterTest
[1655] WARN TestMethodFilter - NoClassDefFoundError: class io.ebeaninternal.server.changelog.Helper
[1655] WARN TestMethodFilter - NoClassDefFoundError: class io.ebeaninternal.server.rawsql.TestRawSqlBuilder
[1655] WARN TestMethodFilter - NoClassDefFoundError: class io.ebeaninternal.server.rawsql.TestRawSqlParsing
[1656] WARN TestMethodFilter - NoClassDefFoundError: class io.ebeaninternal.server.rawsql.RawSqlKeyTest
[1656] WARN TestMethodFilter - NoClassDefFoundError: class io.ebeaninternal.server.rawsql.TestRawSqlService
[1656] WARN TestMethodFilter - NoClassDefFoundError: class io.ebeaninternal.server.rawsql.ColumnMappingTest
[1656] WARN TestMethodFilter - NoClassDefFoundError: class io.ebeaninternal.server.cluster.binarymessage.BinaryTransactionEventReadWriteTest
[1657] WARN TestMethodFilter - NoClassDefFoundError: class io.ebeaninternal.server.core.DefaultServer_createOrmQueryRequestTest
[1659] WARN TestMethodFilter - NoClassDefFoundError: class io.ebeaninternal.server.core.DefaultServer_getReferenceTest
[1660] WARN TestMethodFilter - NoClassDefFoundError: class io.ebeaninternal.server.core.TestDiffHelpSimple
[1660] WARN TestMethodFilter - NoClassDefFoundError: class io.ebeaninternal.server.core.TestDiffHelpWithEmbedded
[1661] WARN TestMethodFilter - NoClassDefFoundError: class io.ebeaninternal.server.core.HelpCreateQueryRequest
[1667] WARN TestMethodFilter - NoClassDefFoundError: class io.ebeaninternal.server.core.OrmQueryRequestTestHelper
[1667] WARN TestMethodFilter - NoClassDefFoundError: class io.ebeaninternal.server.core.InitDataSourceTest
[1667] WARN TestMethodFilter - NoClassDefFoundError: class io.ebeaninternal.server.executor.TestShutdownWithBackgroundTasks
[1675] WARN TestMethodFilter - NoClassDefFoundError: class io.ebeaninternal.server.idgen.TestUuidGenerator
[1675] WARN TestMethodFilter - NoClassDefFoundError: class io.ebeaninternal.server.text.json.TestTextJsonBeanReadVisitor
[1676] WARN TestMethodFilter - NoClassDefFoundError: class io.ebeaninternal.server.text.json.TestJsonWriteVisitor
[1676] WARN TestMethodFilter - NoClassDefFoundError: class io.ebeaninternal.server.text.json.WriteJsonDirtyTest
[1676] WARN TestMethodFilter - NoClassDefFoundError: class io.ebeaninternal.server.text.json.WriteJsonTest
[1676] WARN TestMethodFilter - NoClassDefFoundError: class io.ebeaninternal.server.text.json.DJsonScalarTest
[1676] WARN TestMethodFilter - NoClassDefFoundError: class io.ebeaninternal.server.query.TestFutureRowCountErrorHandling
[1677] WARN TestMethodFilter - NoClassDefFoundError: class io.ebeaninternal.server.query.RawSqlQueryPlanKeyTest
[1677] WARN TestMethodFilter - NoClassDefFoundError: class io.ebeaninternal.server.query.LimitOffsetPagedListTest
[1677] WARN TestMethodFilter - NoClassDefFoundError: class io.ebeaninternal.server.query.OrderVersionDescTest
[1678] WARN TestMethodFilter - NoClassDefFoundError: class io.ebeaninternal.server.profile.DTimedMetricMapTest
[1678] WARN TestMethodFilter - NoClassDefFoundError: class io.ebeaninternal.server.profile.BasicProfileLocationTest
[1678] WARN TestMethodFilter - NoClassDefFoundError: class io.ebeaninternal.server.profile.SortMetricTest
[1679] WARN TestMethodFilter - NoClassDefFoundError: class io.ebeaninternal.server.deploy.TestDiffHelpInsertSimple
[1679] WARN TestMethodFilter - NoClassDefFoundError: class io.ebeaninternal.server.deploy.BeanIudMetricsTest
[1679] WARN TestMethodFilter - NoClassDefFoundError: class io.ebeaninternal.server.deploy.TestNotEnhancedMappedSuper
[1679] WARN TestMethodFilter - NoClassDefFoundError: class io.ebeaninternal.server.deploy.parse.AnnotationClassTest
[1679] WARN TestMethodFilter - NoClassDefFoundError: class io.ebeaninternal.server.deploy.TestBeanDescriptorHasIdProperty
[1680] WARN TestMethodFilter - NoClassDefFoundError: class io.ebeaninternal.server.deploy.BeanDescriptorTest
[1680] WARN TestMethodFilter - NoClassDefFoundError: class io.ebeaninternal.server.deploy.FormulaPropertyPathTest
[1680] WARN TestMethodFilter - NoClassDefFoundError: class io.ebeaninternal.server.deploy.TestCollectionLoadedStatus
[1680] WARN TestMethodFilter - NoClassDefFoundError: class io.ebeaninternal.server.deploy.TestDiffHelpInsertWithEmbedded
[1681] WARN TestMethodFilter - NoClassDefFoundError: class io.ebeaninternal.server.deploy.generatedproperty.GeneratedCounterLongTest
[1681] WARN TestMethodFilter - NoClassDefFoundError: class io.ebeaninternal.server.deploy.TableJoinTest
[1681] WARN TestMethodFilter - NoClassDefFoundError: class io.ebeaninternal.server.deploy.BeanPropertyAssocManyTest
[1682] WARN TestMethodFilter - NoClassDefFoundError: class io.ebeaninternal.server.deploy.BeanDescriptor_documentMappingTest
[1682] WARN TestMethodFilter - NoClassDefFoundError: class io.ebeaninternal.server.deploy.BeanDescriptor_whenCreatedPropertyTest
[1682] WARN TestMethodFilter - NoClassDefFoundError: class io.ebeaninternal.server.deploy.DeployPropertyParserTest
[1682] WARN TestMethodFilter - NoClassDefFoundError: class io.ebeaninternal.server.deploy.TableJoinColumnTest
[1683] WARN TestMethodFilter - NoClassDefFoundError: class io.ebeaninternal.server.deploy.TestReferenceWithConstructorProperties
[1683] WARN TestMethodFilter - NoClassDefFoundError: class io.ebeaninternal.server.deploy.BeanDescriptor_registerTest
[1683] WARN TestMethodFilter - NoClassDefFoundError: class io.ebeaninternal.server.lib.ShutdownManagerTest
[1687] WARN TestMethodFilter - NoClassDefFoundError: class io.ebeaninternal.server.transaction.TransactionManagerTest
[1687] WARN TestMethodFilter - NoClassDefFoundError: class io.ebeaninternal.server.transaction.DefaultTransactionThreadLocalTest
[1695] WARN TestMethodFilter - NoClassDefFoundError: class io.ebeaninternal.server.transaction.TransactionTest
[1695] WARN TestMethodFilter - NoClassDefFoundError: class io.ebeaninternal.server.transaction.JdbcTransactionTest
[1696] WARN TestMethodFilter - NoClassDefFoundError: class io.ebeaninternal.server.transaction.DefaultPersistenceContextTest
[1696] WARN TestMethodFilter - NoClassDefFoundError: class io.ebeaninternal.server.type.ScalarTypeOffsetDateTimeTest
[1696] WARN TestMethodFilter - NoClassDefFoundError: class io.ebeaninternal.server.type.ScalarTypeZonedDateTimeTest
[1696] WARN TestMethodFilter - NoClassDefFoundError: class io.ebeaninternal.server.type.ScalarTypeLocalDateTest
[1697] WARN TestMethodFilter - NoClassDefFoundError: class io.ebeaninternal.server.type.DefaultTypeManagerTest
[1697] WARN TestMethodFilter - NoClassDefFoundError: class io.ebeaninternal.server.type.ScalarTypeDurationTest
[1720] WARN TestMethodFilter - NoClassDefFoundError: class io.ebeaninternal.server.type.ScalarTypeArrayListTest
[1720] WARN TestMethodFilter - NoClassDefFoundError: class io.ebeaninternal.server.type.ModifyAwareSetTest
[1720] WARN TestMethodFilter - NoClassDefFoundError: class io.ebeaninternal.server.type.ScalarTypeArrayListH2Test
[1721] WARN TestMethodFilter - NoClassDefFoundError: class io.ebeaninternal.server.type.TestSimpleEncryptor
[1721] WARN TestMethodFilter - NoClassDefFoundError: class io.ebeaninternal.server.type.ScalarTypeUtilDateTest
[1721] WARN TestMethodFilter - NoClassDefFoundError: class io.ebeaninternal.server.type.TestTypeManager
[1721] WARN TestMethodFilter - NoClassDefFoundError: class io.ebeaninternal.server.type.ScalarTypeWrapperOidTest
[1721] WARN TestMethodFilter - NoClassDefFoundError: class io.ebeaninternal.server.type.ScalarTypeJodaLocalDateTest
[1721] WARN TestMethodFilter - NoClassDefFoundError: class io.ebeaninternal.server.type.BasePlatformArrayTypeFactoryTest
[1721] WARN TestMethodFilter - NoClassDefFoundError: class io.ebeaninternal.server.type.ScalarTypeArraySetH2Test
[1721] WARN TestMethodFilter - NoClassDefFoundError: class io.ebeaninternal.server.type.ScalarTypeWrapperAdapterTest
[1722] WARN TestMethodFilter - NoClassDefFoundError: class io.ebeaninternal.server.type.DefaultTypeFactoryTest
[1722] WARN TestMethodFilter - NoClassDefFoundError: class io.ebeaninternal.server.type.TestBinaryUUID
[1722] WARN TestMethodFilter - NoClassDefFoundError: class io.ebeaninternal.server.type.ScalarTypeArraySetTest
[1722] WARN TestMethodFilter - NoClassDefFoundError: class io.ebeaninternal.server.type.ScalarTypeLocalTimeTest
[1722] WARN TestMethodFilter - NoClassDefFoundError: class io.ebeaninternal.server.type.ScalarTypeLocalDateTimeTest
[1722] WARN TestMethodFilter - NoClassDefFoundError: class io.ebeaninternal.server.type.ModifyAwareListTest
[1722] WARN TestMethodFilter - NoClassDefFoundError: class io.ebeaninternal.server.type.ScalarTypeDateTest
[1723] WARN TestMethodFilter - NoClassDefFoundError: class io.ebeaninternal.server.type.ScalarTypeDurationWithNanosTest
[1723] WARN TestMethodFilter - NoClassDefFoundError: class io.ebeaninternal.server.type.ScalarTypeMonthDayTest
[1723] WARN TestMethodFilter - NoClassDefFoundError: class io.ebeaninternal.server.type.ScalarTypeYearMonthDateTest
[1723] WARN TestMethodFilter - NoClassDefFoundError: class io.ebeaninternal.server.type.ScalarTypeYearTest
[1724] WARN TestMethodFilter - NoClassDefFoundError: class io.ebeaninternal.server.type.ScalarTypeInstantTest
[1724] WARN TestMethodFilter - NoClassDefFoundError: class io.ebeaninternal.server.type.ScalarTypeLocalTimeWithNanosTest
[1724] WARN TestMethodFilter - NoClassDefFoundError: class io.ebeaninternal.server.type.ScalarTypeJsonListTest
[1724] WARN TestMethodFilter - NoClassDefFoundError: class io.ebeaninternal.server.type.ScalarTypeUUIDBaseTest
[1724] WARN TestMethodFilter - NoClassDefFoundError: class io.ebeaninternal.server.type.ModifyAwareMapTest
[1724] WARN TestMethodFilter - NoClassDefFoundError: class io.ebeaninternal.server.cache.CacheBeanDataTest
[1725] WARN TestMethodFilter - NoClassDefFoundError: class io.ebeaninternal.server.cache.CachedBeanDataSerializeTest
[1725] WARN TestMethodFilter - NoClassDefFoundError: class io.ebeaninternal.server.cache.DefaultServerCacheManagerTest
[1725] WARN TestMethodFilter - NoClassDefFoundError: class io.ebeaninternal.server.cache.CachedBeanDataFromBeanTest
[1725] WARN TestMethodFilter - NoClassDefFoundError: class io.ebeaninternal.server.cache.DefaultCacheHolderTest
[1725] WARN TestMethodFilter - NoClassDefFoundError: class io.ebeaninternal.server.cache.DefaultServerCacheConfigTest
[1725] WARN TestMethodFilter - NoClassDefFoundError: class io.ebeaninternal.server.cache.DefaultServerCache_RunEvictionTest
[1726] WARN TestMethodFilter - NoClassDefFoundError: class io.ebeaninternal.server.cache.DefaultServerCacheTest
[1726] WARN TestMethodFilter - NoClassDefFoundError: class io.ebeaninternal.server.querydefn.OrmQueryPropertiesParserTest
[1726] WARN TestMethodFilter - NoClassDefFoundError: class io.ebeaninternal.server.querydefn.OrmQueryPlanKeyTest
[1726] WARN TestMethodFilter - NoClassDefFoundError: class io.ebeaninternal.server.querydefn.OrmQueryDetailParserTest
[1731] WARN TestMethodFilter - NoClassDefFoundError: class io.ebeaninternal.server.querydefn.OrmQueryPropertiesTest
[1731] WARN TestMethodFilter - NoClassDefFoundError: class io.ebeaninternal.server.querydefn.DefaultOrmQueryTest
[1731] WARN TestMethodFilter - NoClassDefFoundError: class io.ebeaninternal.server.querydefn.OrmQueryDetailTest
[1731] WARN TestMethodFilter - NoClassDefFoundError: class io.ebeaninternal.server.grammer.EqlParserTest
[1732] WARN TestMethodFilter - NoClassDefFoundError: class io.ebeaninternal.json.ModifyAwareMapTest
[1733] WARN TestMethodFilter - NoClassDefFoundError: class io.ebean.EbeanServer_deleteAllByIdTest
[1734] WARN TestMethodFilter - NoClassDefFoundError: class io.ebean.config.ServerConfigSqlServerTest
[1734] WARN TestMethodFilter - NoClassDefFoundError: class io.ebean.config.dbplatform.sqlserver.SqlServerStepSequenceTest
[1735] WARN TestMethodFilter - NoClassDefFoundError: class io.ebean.config.dbplatform.DatabasePlatformTest
[1735] WARN TestMethodFilter - NoClassDefFoundError: class io.ebean.config.dbplatform.PostgresPlatformTest
[1735] WARN TestMethodFilter - NoClassDefFoundError: class io.ebean.config.PlatformNoGeneratedKeysTest
[1736] WARN TestMethodFilter - NoClassDefFoundError: class io.ebean.config.MatchingNamingConventionTest
[1736] WARN TestMethodFilter - NoClassDefFoundError: class io.ebean.config.PropertiesWrapperTest
[1736] WARN TestMethodFilter - NoClassDefFoundError: class io.ebean.config.TestTableName
[1736] WARN TestMethodFilter - NoClassDefFoundError: class io.ebean.ExtendedServerTest
[1736] WARN TestMethodFilter - NoClassDefFoundError: class io.ebean.TestDirtyProperties
[1737] WARN TestMethodFilter - NoClassDefFoundError: class io.ebean.common.BeanMapTest
[1737] WARN TestMethodFilter - NoClassDefFoundError: class io.ebean.ColumnTest
[1737] WARN TestMethodFilter - NoClassDefFoundError: class io.ebean.DtoQueryFromOrmTest
[1737] WARN TestMethodFilter - NoClassDefFoundError: class io.ebean.FetchGroupTest
[1738] WARN TestMethodFilter - NoClassDefFoundError: class io.ebean.bean.EntityBeanInterceptTest
[1738] WARN TestMethodFilter - NoClassDefFoundError: class io.ebean.EbeanServer_eqlTest
[1738] WARN TestMethodFilter - NoClassDefFoundError: class io.ebean.event.BeanPostLoadTest
[1738] WARN TestMethodFilter - NoClassDefFoundError: class io.ebean.event.BeanPersistControllerTest
[1738] WARN TestMethodFilter - NoClassDefFoundError: class io.ebean.event.BeanFindControllerTest
[1738] WARN TestMethodFilter - NoClassDefFoundError: class io.ebean.FetchConfigTest
[1739] WARN TestMethodFilter - NoClassDefFoundError: class io.ebean.EbeanServerFactory_ServerConfigStart_Test
[1743] WARN TestMethodFilter - NoClassDefFoundError: class io.ebean.text.PathPropertiesTests
[1744] WARN TestMethodFilter - NoClassDefFoundError: class io.ebean.text.json.JsonBeanReaderTest
[1744] WARN TestMethodFilter - NoClassDefFoundError: class io.ebean.text.json.JsonContextTest
[1745] WARN TestMethodFilter - NoClassDefFoundError: class io.ebean.EbeanServer_saveAllTest
[1745] WARN TestMethodFilter - NoClassDefFoundError: class io.ebean.DtoQuery2Test
[1745] WARN TestMethodFilter - NoClassDefFoundError: class io.ebean.EbeanServer_deleteTest
[1746] WARN TestMethodFilter - NoClassDefFoundError: class io.ebean.TestFilterWithEnum
[1746] WARN TestMethodFilter - NoClassDefFoundError: class io.ebean.plugin.SpiServerTest
[1746] WARN TestMethodFilter - NoClassDefFoundError: class io.ebean.plugin.ExpressionPathTest
[1746] WARN TestMethodFilter - NoClassDefFoundError: class io.ebean.plugin.PropertyTest
[1746] WARN TestMethodFilter - NoClassDefFoundError: class io.ebean.plugin.BeanTypeTest
[1747] WARN TestMethodFilter - NoClassDefFoundError: class io.ebean.PropertyTest
[1748] WARN TestMethodFilter - NoClassDefFoundError: class io.ebean.UpdateQueryTest
[1748] WARN TestMethodFilter - NoClassDefFoundError: class io.ebean.DbPrimaryTest
[1748] WARN TestMethodFilter - NoClassDefFoundError: class io.ebean.cache.CacheKeyTest
[1749] WARN TestMethodFilter - NoClassDefFoundError: class io.ebean.DtoQueryTest
[1749] WARN TestMethodFilter - NoClassDefFoundError: class io.ebean.SqlRowBooleanTest
[1749] WARN TestMethodFilter - NoClassDefFoundError: class io.ebean.TestUnsetLoadedProperties
[1750] WARN TestMethodFilter - NoClassDefFoundError: class io.ebean.EbeanServer_deleteByIdTest
[1750] WARN TestMethodFilter - NoClassDefFoundError: class io.ebean.EbeanServerFactory_MultiTenancy_Test
[1750] WARN TestMethodFilter - NoClassDefFoundError: class io.ebean.PlatformCondition
[1750] WARN TestMethodFilter - NoClassDefFoundError: class org.tests.unidirectional.TestUniDirectional
[1750] WARN TestMethodFilter - NoClassDefFoundError: class org.tests.cascade.TestCascadeOrphanStatelessUpdate
[1751] WARN TestMethodFilter - NoClassDefFoundError: class org.tests.cascade.TestOrderedList
[1751] WARN TestMethodFilter - NoClassDefFoundError: class org.tests.cascade.TestPrivateOwnedAddRemoveOrphan
[1752] WARN TestMethodFilter - NoClassDefFoundError: class org.tests.cascade.TestMasterDetailDelete
[1752] WARN TestMethodFilter - NoClassDefFoundError: class org.tests.cascade.TestPrivateOwnedCascadeOrder
[1752] WARN TestMethodFilter - NoClassDefFoundError: class org.tests.cascade.TestPrivateOwnedIgnoreTransientOrphan
[1753] WARN TestMethodFilter - NoClassDefFoundError: class org.tests.cascade.TestPrivateOwned
[1753] WARN TestMethodFilter - NoClassDefFoundError: class org.tests.cascade.TestOnlyKillOrphans
[1754] WARN TestMethodFilter - NoClassDefFoundError: class org.tests.cascade.TestMultiCascadeBatch
[1754] WARN TestMethodFilter - NoClassDefFoundError: class org.tests.cascade.TestDeleteO2MOrphans
[1755] WARN TestMethodFilter - NoClassDefFoundError: class org.tests.inheritance.TestSkippable
[1755] WARN TestMethodFilter - NoClassDefFoundError: class org.tests.inheritance.TestInheritanceOnMany
[1755] WARN TestMethodFilter - NoClassDefFoundError: class org.tests.inheritance.TestInheritanceOrderColumn
[1755] WARN TestMethodFilter - NoClassDefFoundError: class org.tests.inheritance.TestTreeOrganisations
[1756] WARN TestMethodFilter - NoClassDefFoundError: class org.tests.inheritance.TestInheritanceRefBean
[1757] WARN TestMethodFilter - NoClassDefFoundError: class org.tests.inheritance.TestDuplicateKeyException
[1758] WARN TestMethodFilter - NoClassDefFoundError: class org.tests.inheritance.cascadedelete.TestInheritanceDeleteCascade
[1759] WARN TestMethodFilter - NoClassDefFoundError: class org.tests.inheritance.TestInheritanceQuery
[1759] WARN TestMethodFilter - NoClassDefFoundError: class org.tests.inheritance.TestIntInherit
[1759] WARN TestMethodFilter - NoClassDefFoundError: class org.tests.inheritance.abstrakt.TestInheritanceNum
[1761] WARN TestMethodFilter - NoClassDefFoundError: class org.tests.inheritance.bothsides.TestInheritanceBothSides
[1762] WARN TestMethodFilter - NoClassDefFoundError: class org.tests.inheritance.TestInheritInsert
[1762] WARN TestMethodFilter - NoClassDefFoundError: class org.tests.inheritance.TestInheritanceDiscriminatorQueryCache
[1763] WARN TestMethodFilter - NoClassDefFoundError: class org.tests.inheritance.TestInheritanceRawSql
[1764] WARN TestMethodFilter - NoClassDefFoundError: class org.tests.inheritance.TestInheritanceJoins
[1764] WARN TestMethodFilter - NoClassDefFoundError: class org.tests.inheritance.cache.TestInheritCacheRefLoad
[1764] WARN TestMethodFilter - NoClassDefFoundError: class org.tests.inheritance.cache.TestInheritanceRefCache
[1765] WARN TestMethodFilter - NoClassDefFoundError: class org.tests.inheritance.cache.TestInheritanceCache
[1767] WARN TestMethodFilter - NoClassDefFoundError: class org.tests.inheritance.TestNpeOnDiscriminator
[1768] WARN TestMethodFilter - NoClassDefFoundError: class org.tests.docstore.CustomerReportTest
[1768] WARN TestMethodFilter - NoClassDefFoundError: class org.tests.repository.TestBeanRepository
[1770] WARN TestMethodFilter - NoClassDefFoundError: class org.tests.el.TestELBasic
[1770] WARN TestMethodFilter - NoClassDefFoundError: class org.tests.el.TestUnderscoreParam
[1770] WARN TestMethodFilter - NoClassDefFoundError: class org.tests.expression.bitwise.TestBitwiseExpressions
[1771] WARN TestMethodFilter - NoClassDefFoundError: class org.tests.changelog.TestChangeLog
[1771] WARN TestMethodFilter - NoClassDefFoundError: class org.tests.changelog.TestChangeLogInt
[1771] WARN TestMethodFilter - NoClassDefFoundError: class org.tests.batchload.TestBatchLazyWithCacheHits
[1771] WARN TestMethodFilter - NoClassDefFoundError: class org.tests.batchload.TestLazyLoadNonExistentBean
[1771] WARN TestMethodFilter - NoClassDefFoundError: class org.tests.batchload.TestQueryJoin
[1772] WARN TestMethodFilter - NoClassDefFoundError: class org.tests.batchload.TestLazyJoin2
[1772] WARN TestMethodFilter - NoClassDefFoundError: class org.tests.batchload.TestBatchLazyWithDeleted
[1772] WARN TestMethodFilter - NoClassDefFoundError: class org.tests.batchload.TestBasicNavOnEmpty
[1772] WARN TestMethodFilter - NoClassDefFoundError: class org.tests.batchload.TestLazyLoadNonExistantBean
[1772] WARN TestMethodFilter - NoClassDefFoundError: class org.tests.batchload.TestLazyJoin
[1773] WARN TestMethodFilter - NoClassDefFoundError: class org.tests.batchload.TestQueryJoinToAssocOne
[1773] WARN TestMethodFilter - NoClassDefFoundError: class org.tests.batchload.TestSecondaryQueries
[1773] WARN TestMethodFilter - NoClassDefFoundError: class org.tests.batchload.TestEmptyManyLazyLoad
[1773] WARN TestMethodFilter - NoClassDefFoundError: class org.tests.batchload.TestLazyLoadEmptyCollection
[1773] WARN TestMethodFilter - NoClassDefFoundError: class org.tests.batchload.TestQueryDisableLazyLoad
[1773] WARN TestMethodFilter - NoClassDefFoundError: class org.tests.batchload.TestBasicLazy
[1774] WARN TestMethodFilter - NoClassDefFoundError: class org.tests.batchload.TestBeanState
[1774] WARN TestMethodFilter - NoClassDefFoundError: class org.tests.batchload.TestSecondQueryNoRows
[1774] WARN TestMethodFilter - NoClassDefFoundError: class org.tests.idkeys.TestSimpleIdInsert
[1775] WARN TestMethodFilter - NoClassDefFoundError: class org.tests.idkeys.TestGeneratedKeys
[1776] WARN TestMethodFilter - NoClassDefFoundError: class org.tests.idkeys.TestCustomId
[1776] WARN TestMethodFilter - NoClassDefFoundError: class org.tests.idkeys.TestLazyLoad
[1776] WARN TestMethodFilter - NoClassDefFoundError: class org.tests.history.TestHistoryInsert
[1776] WARN TestMethodFilter - NoClassDefFoundError: class org.tests.delete.TestDeleteByIdWithPersistenceContext
[1777] WARN TestMethodFilter - NoClassDefFoundError: class org.tests.delete.TestDeleteByIdUsingModel
[1777] WARN TestMethodFilter - NoClassDefFoundError: class org.tests.delete.TestDeleteCascadeWithListener
[1777] WARN TestMethodFilter - NoClassDefFoundError: class org.tests.delete.TestDeleteByQuery
[1778] WARN TestMethodFilter - NoClassDefFoundError: class org.tests.delete.TestDeleteWithoutOptimisticLocking
[1780] WARN TestMethodFilter - NoClassDefFoundError: class org.tests.rawsql.TestRawSqlCustomerAggregate
[1780] WARN TestMethodFilter - NoClassDefFoundError: class org.tests.rawsql.TestRawSqlOrmQueryDistinct
[1780] WARN TestMethodFilter - NoClassDefFoundError: class org.tests.rawsql.TestRawSqlAsKeyword
[1781] WARN TestMethodFilter - NoClassDefFoundError: class org.tests.rawsql.inherit.ParentQueryTest
[1781] WARN TestMethodFilter - NoClassDefFoundError: class org.tests.rawsql.inherit.ParentRawSqlTest
[1781] WARN TestMethodFilter - NoClassDefFoundError: class org.tests.rawsql.TestRawSqlNamedParams
[1781] WARN TestMethodFilter - NoClassDefFoundError: class org.tests.rawsql.TestRawSqlOrmWrapper2
[1781] WARN TestMethodFilter - NoClassDefFoundError: class org.tests.rawsql.nativesql.TestNativeWithEmbedded
[1781] WARN TestMethodFilter - NoClassDefFoundError: class org.tests.rawsql.nativesql.TestNativeSqlBasic
[1782] WARN TestMethodFilter - NoClassDefFoundError: class org.tests.rawsql.TestRawSqlOrmWrapper
[1782] WARN TestMethodFilter - NoClassDefFoundError: class org.tests.rawsql.TestRawSqlPositionedParams
[1782] WARN TestMethodFilter - NoClassDefFoundError: class org.tests.rawsql.TestRawSqlUnparsedQuery
[1783] WARN TestMethodFilter - NoClassDefFoundError: class org.tests.rawsql.TestRawSqlOrmQuery
[1783] WARN TestMethodFilter - NoClassDefFoundError: class org.tests.rawsql.TestOrderReportTotal
[1783] WARN TestMethodFilter - NoClassDefFoundError: class org.tests.rawsql.TestRawSqlOrmWrapper3
[1783] WARN TestMethodFilter - NoClassDefFoundError: class org.tests.rawsql.TestRawSqlMasterDetail
[1783] WARN TestMethodFilter - NoClassDefFoundError: class org.tests.rawsql.TestRawSqlWithResultSet
[1784] WARN TestMethodFilter - NoClassDefFoundError: class org.tests.rawsql.TestInsertSqlLogging
[1784] WARN TestMethodFilter - NoClassDefFoundError: class org.tests.compositekeys.TestCKeyLazyLoad
[1784] WARN TestMethodFilter - NoClassDefFoundError: class org.tests.compositekeys.TestOnCascadeDeleteChildrenWithCompositeKeys
[1786] WARN TestMethodFilter - NoClassDefFoundError: class org.tests.compositekeys.TestCKeyDelete
[1787] WARN TestMethodFilter - NoClassDefFoundError: class org.tests.compositekeys.TestCaoCompositeKeyWithAnnotationOverrides
[1787] WARN TestMethodFilter - NoClassDefFoundError: class org.tests.compositekeys.TestCKeyIdInExpression
[1787] WARN TestMethodFilter - NoClassDefFoundError: class org.tests.compositekeys.TestCore
[1787] WARN TestMethodFilter - NoClassDefFoundError: class org.tests.generated.TestGeneratedWho
[1787] WARN TestMethodFilter - NoClassDefFoundError: class org.tests.generated.TestGeneratedProperties
[1788] WARN TestMethodFilter - NoClassDefFoundError: class org.tests.iud.TestCarWheelIud
[1788] WARN TestMethodFilter - NoClassDefFoundError: class org.tests.iud.TestInfoOneToOne
[1789] WARN TestMethodFilter - NoClassDefFoundError: class org.tests.iud.TestInsertUpdateTrans
[1789] WARN TestMethodFilter - NoClassDefFoundError: class org.tests.iud.TestPersistCascade
[1789] WARN TestMethodFilter - NoClassDefFoundError: class org.tests.iud.TestInsertQueryUpdate
[1789] WARN TestMethodFilter - NoClassDefFoundError: class org.tests.family.TestInheritance
[1790] WARN TestMethodFilter - NoClassDefFoundError: class org.tests.quotedidentifier.TestQuotedIdentifierQuery
[1790] WARN TestMethodFilter - NoClassDefFoundError: class org.tests.text.json.TestTextJsonBeanReadVisitor
[1790] WARN TestMethodFilter - NoClassDefFoundError: class org.tests.text.json.TestTextJsonSuperSimple
[1790] WARN TestMethodFilter - NoClassDefFoundError: class org.tests.text.json.TestTextJsonCompoundType
[1790] WARN TestMethodFilter - NoClassDefFoundError: class org.tests.text.json.TestJsonSomeEnumWithToString
[1790] WARN TestMethodFilter - NoClassDefFoundError: class org.tests.text.json.TestTextJsonUpdateCascade
[1791] WARN TestMethodFilter - NoClassDefFoundError: class org.tests.text.json.TestTextJsonInsertUpdate
[1791] WARN TestMethodFilter - NoClassDefFoundError: class org.tests.text.json.TestTextJsonInheritance
[1791] WARN TestMethodFilter - NoClassDefFoundError: class org.tests.text.json.TestJsonInheritanceDiscriminator
[1791] WARN TestMethodFilter - NoClassDefFoundError: class org.tests.text.json.TestTextJsonReadManyLazyLoad
[1791] WARN TestMethodFilter - NoClassDefFoundError: class org.tests.text.json.TestJsonBeanDescriptorParse
[1791] WARN TestMethodFilter - NoClassDefFoundError: class org.tests.text.json.TestJsonMap
[1792] WARN TestMethodFilter - NoClassDefFoundError: class org.tests.text.json.TestTextJsonReferenceBean
[1792] WARN TestMethodFilter - NoClassDefFoundError: class org.tests.text.json.TestTextJsonSimple
[1792] WARN TestMethodFilter - NoClassDefFoundError: class org.tests.text.json.TestJsonSimple
[1792] WARN TestMethodFilter - NoClassDefFoundError: class org.tests.text.json.TestTextJsonInvokeLazy
[1792] WARN TestMethodFilter - NoClassDefFoundError: class org.tests.text.json.TestJsonBeanWithTimeZone
[1792] WARN TestMethodFilter - NoClassDefFoundError: class org.tests.text.csv.TestTimeStringParser
[1793] WARN TestMethodFilter - NoClassDefFoundError: class org.tests.text.csv.TestCsvReader
[1793] WARN TestMethodFilter - NoClassDefFoundError: class org.tests.text.csv.TestCsvReaderWithCallback
[1793] WARN TestMethodFilter - NoClassDefFoundError: class org.tests.callable.TestMysqlCallable
[1794] WARN TestMethodFilter - NoClassDefFoundError: class org.tests.batchinsert.TestBatchInsertWithInitialisedCollection
[1794] WARN TestMethodFilter - NoClassDefFoundError: class org.tests.batchinsert.TestBatchOnCascadeExceptionHandling
[1795] WARN TestMethodFilter - NoClassDefFoundError: class org.tests.json.TestJsonMapBlob
[1796] WARN TestMethodFilter - NoClassDefFoundError: class org.tests.json.TestJsonMapJsonB
[1796] WARN TestMethodFilter - NoClassDefFoundError: class org.tests.json.TestJsonNodeBlob
[1797] WARN TestMethodFilter - NoClassDefFoundError: class org.tests.json.transientproperties.TestModelAJson
[1797] WARN TestMethodFilter - NoClassDefFoundError: class org.tests.json.TestUnmappedProperties
[1797] WARN TestMethodFilter - NoClassDefFoundError: class org.tests.json.TestJsonMapBasic
[1798] WARN TestMethodFilter - NoClassDefFoundError: class org.tests.json.TestDbJson_List
[1798] WARN TestMethodFilter - NoClassDefFoundError: class org.tests.json.TestOldValue
[1798] WARN TestMethodFilter - NoClassDefFoundError: class org.tests.json.include.TestJsonExcludeTransientEmptyList
[1798] WARN TestMethodFilter - NoClassDefFoundError: class org.tests.json.TestDbJson_Jackson3
[1800] WARN TestMethodFilter - NoClassDefFoundError: class org.tests.json.TestJsonMapClob
[1800] WARN TestMethodFilter - NoClassDefFoundError: class org.tests.json.TestJsonNodeVarchar
[1800] WARN TestMethodFilter - NoClassDefFoundError: class org.tests.json.TestDbJson_Jackson2
[1800] WARN TestMethodFilter - NoClassDefFoundError: class org.tests.json.TestJsonNullValues
[1800] WARN TestMethodFilter - NoClassDefFoundError: class org.tests.json.TestJsonNodeBasic
[1801] WARN TestMethodFilter - NoClassDefFoundError: class org.tests.json.TestJsonNodeJsonb
[1801] WARN TestMethodFilter - NoClassDefFoundError: class org.tests.json.TestJsonMapVarchar
[1801] WARN TestMethodFilter - NoClassDefFoundError: class org.tests.json.TestDbJson_Jackson
[1802] WARN TestMethodFilter - NoClassDefFoundError: class org.tests.query.TestQueryAlias
[1802] WARN TestMethodFilter - NoClassDefFoundError: class org.tests.query.TestQueryMultiManyOrder
[1802] WARN TestMethodFilter - NoClassDefFoundError: class org.tests.query.TestWhereRawClause
[1802] WARN TestMethodFilter - NoClassDefFoundError: class org.tests.query.TestQueryInIdTypeConversion
[1803] WARN TestMethodFilter - NoClassDefFoundError: class org.tests.query.TestQueryFindFutureList
[1803] WARN TestMethodFilter - NoClassDefFoundError: class org.tests.query.TestQueryBaseTable
[1803] WARN TestMethodFilter - NoClassDefFoundError: class org.tests.query.TestQueryPathJoinAndOrder
[1803] WARN TestMethodFilter - NoClassDefFoundError: class org.tests.query.TestDefaultFetchLazy
[1803] WARN TestMethodFilter - NoClassDefFoundError: class org.tests.query.TestLimitAlterFetchMany
[1804] WARN TestMethodFilter - NoClassDefFoundError: class org.tests.query.TestQueryInAssocOne
[1804] WARN TestMethodFilter - NoClassDefFoundError: class org.tests.query.TestThreeLevelQueryJoin
[1804] WARN TestMethodFilter - NoClassDefFoundError: class org.tests.query.TestRefToLazyLoadMany
[1804] WARN TestMethodFilter - NoClassDefFoundError: class org.tests.query.TestAddOrderByWithFirstRowsMaxRows
[1804] WARN TestMethodFilter - NoClassDefFoundError: class org.tests.query.lazy.TestQueryDefaultBatchSize
[1805] WARN TestMethodFilter - NoClassDefFoundError: class org.tests.query.TestExprNestedDisjunction
[1805] WARN TestMethodFilter - NoClassDefFoundError: class org.tests.query.TestQueryFilterMany
[1805] WARN TestMethodFilter - NoClassDefFoundError: class org.tests.query.TestFindOneOrEmpty
[1805] WARN TestMethodFilter - NoClassDefFoundError: class org.tests.query.TestQueryFindPagedList
[1805] WARN TestMethodFilter - NoClassDefFoundError: class org.tests.query.TestQueryOrderById
[1806] WARN TestMethodFilter - NoClassDefFoundError: class org.tests.query.TestQueryFilterCaseInsensitive
[1806] WARN TestMethodFilter - NoClassDefFoundError: class org.tests.query.TestQueryFetchSkipPath
[1806] WARN TestMethodFilter - NoClassDefFoundError: class org.tests.query.TestQueryIsNull
[1807] WARN TestMethodFilter - NoClassDefFoundError: class org.tests.query.TestOneToManyCorrectGrouping
[1807] WARN TestMethodFilter - NoClassDefFoundError: class org.tests.query.TestOuterJoin
[1807] WARN TestMethodFilter - NoClassDefFoundError: class org.tests.query.autotune.TestAutoTuneProfiling
[1807] WARN TestMethodFilter - NoClassDefFoundError: class org.tests.query.TestManyWhereJoinM2M
[1807] WARN TestMethodFilter - NoClassDefFoundError: class org.tests.query.TestMyAdHocSqlSelect
[1808] WARN TestMethodFilter - NoClassDefFoundError: class org.tests.query.other.TestQueryRowCountWithMany
[1808] WARN TestMethodFilter - NoClassDefFoundError: class org.tests.query.other.TestQueryRawExpressionMany
[1808] WARN TestMethodFilter - NoClassDefFoundError: class org.tests.query.other.TestQueryDistinct
[1808] WARN TestMethodFilter - NoClassDefFoundError: class org.tests.query.other.TestManyToManyLazyLoading
[1808] WARN TestMethodFilter - NoClassDefFoundError: class org.tests.query.other.TestQuerySingleAttribute
[1809] WARN TestMethodFilter - NoClassDefFoundError: class org.tests.query.other.TestManyLazyLoadingQuery
[1809] WARN TestMethodFilter - NoClassDefFoundError: class org.tests.query.other.TestFormulaWithFindCount
[1809] WARN TestMethodFilter - NoClassDefFoundError: class org.tests.query.other.TestLikeEscaping
[1809] WARN TestMethodFilter - NoClassDefFoundError: class org.tests.query.other.TestOneToManyAsMap
[1810] WARN TestMethodFilter - NoClassDefFoundError: class org.tests.query.other.TestSelfParent
[1810] WARN TestMethodFilter - NoClassDefFoundError: class org.tests.query.other.TestSubQueryBinding
[1810] WARN TestMethodFilter - NoClassDefFoundError: class org.tests.query.other.TestFindPartialWithConstructorSetFields
[1810] WARN TestMethodFilter - NoClassDefFoundError: class org.tests.query.other.TestWhereAnnotation
[1810] WARN TestMethodFilter - NoClassDefFoundError: class org.tests.query.other.TestFindIdsWithInheritance
[1810] WARN TestMethodFilter - NoClassDefFoundError: class org.tests.query.other.TestFindWhereUsingEnumerated
[1811] WARN TestMethodFilter - NoClassDefFoundError: class org.tests.query.other.TestFindIterateHeapDump
[1811] WARN TestMethodFilter - NoClassDefFoundError: class org.tests.query.other.TestQueryConversationRowCount
[1811] WARN TestMethodFilter - NoClassDefFoundError: class org.tests.query.other.TestFetchPreference
[1811] WARN TestMethodFilter - NoClassDefFoundError: class org.tests.query.other.TestWhereLikeWithSlash
[1811] WARN TestMethodFilter - NoClassDefFoundError: class org.tests.query.TestQueryFetchJoinWithOrder
[1812] WARN TestMethodFilter - NoClassDefFoundError: class org.tests.query.TestQueryFilterManyOnSecondary
[1812] WARN TestMethodFilter - NoClassDefFoundError: class org.tests.query.joins.TestQueryJoinManyNonRoot
[1812] WARN TestMethodFilter - NoClassDefFoundError: class org.tests.query.joins.TestQueryJoinQueryNonRoot
[1812] WARN TestMethodFilter - NoClassDefFoundError: class org.tests.query.joins.TestDisjunctWhereOuterOnMany
[1812] WARN TestMethodFilter - NoClassDefFoundError: class org.tests.query.joins.TestQueryJoinOnFormula
[1812] WARN TestMethodFilter - NoClassDefFoundError: class org.tests.query.joins.TestDisjunctWhereOuterJoin
[1813] WARN TestMethodFilter - NoClassDefFoundError: class org.tests.query.joins.TestQueryManyToOneWhereClauseJoin
[1813] WARN TestMethodFilter - NoClassDefFoundError: class org.tests.query.TestRowCount
[1813] WARN TestMethodFilter - NoClassDefFoundError: class org.tests.query.TestQueryJoinMulipleMany
[1813] WARN TestMethodFilter - NoClassDefFoundError: class org.tests.query.TestQueryFindReadOnly
[1813] WARN TestMethodFilter - NoClassDefFoundError: class org.tests.query.orderby.TestOrderByWithDistinct
[1813] WARN TestMethodFilter - NoClassDefFoundError: class org.tests.query.orderby.TestOrderByWithDistinctTake2
[1814] WARN TestMethodFilter - NoClassDefFoundError: class org.tests.query.orderby.TestOrderByWithFunction
[1814] WARN TestMethodFilter - NoClassDefFoundError: class org.tests.query.orderby.TestOrderByWithMany
[1814] WARN TestMethodFilter - NoClassDefFoundError: class org.tests.query.orderby.TestOrderByClear
[1814] WARN TestMethodFilter - NoClassDefFoundError: class org.tests.query.orderby.TestOrderByOnComplex
[1814] WARN TestMethodFilter - NoClassDefFoundError: class org.tests.query.TestLimitQuery
[1814] WARN TestMethodFilter - NoClassDefFoundError: class org.tests.query.TestSubQuery
[1815] WARN TestMethodFilter - NoClassDefFoundError: class org.tests.query.softdelete.TestSoftDeletePagingList
[1815] WARN TestMethodFilter - NoClassDefFoundError: class org.tests.query.TestQueryFetchManyTwoDeep
[1815] WARN TestMethodFilter - NoClassDefFoundError: class org.tests.query.TestIContains
[1815] WARN TestMethodFilter - NoClassDefFoundError: class org.tests.query.TestQueryNullAssocOne
[1815] WARN TestMethodFilter - NoClassDefFoundError: class org.tests.query.sqlquery.TestNativeILikeExpression
[1816] WARN TestMethodFilter - NoClassDefFoundError: class org.tests.query.sqlquery.SqlQueryTests
[1816] WARN TestMethodFilter - NoClassDefFoundError: class org.tests.query.TestConnectionCloseOnSqlerr
[1816] WARN TestMethodFilter - NoClassDefFoundError: class org.tests.query.TestInvalidFetchPath
[1816] WARN TestMethodFilter - NoClassDefFoundError: class org.tests.query.TestQueryFindIterate
[1816] WARN TestMethodFilter - NoClassDefFoundError: class org.tests.query.TestManyWhereJoin
[1817] WARN TestMethodFilter - NoClassDefFoundError: class org.tests.query.TestQueryFindStream
[1817] WARN TestMethodFilter - NoClassDefFoundError: class org.tests.query.TestQueryFindMapTypedKey
[1817] WARN TestMethodFilter - NoClassDefFoundError: class org.tests.query.TestQueryFindNative
[1818] WARN TestMethodFilter - NoClassDefFoundError: class org.tests.query.cache.TestDistinct
[1819] WARN TestMethodFilter - NoClassDefFoundError: class org.tests.query.TestJoinOptOneCascade
[1819] WARN TestMethodFilter - NoClassDefFoundError: class org.tests.query.TestQueryFindEachWhile
[1819] WARN TestMethodFilter - NoClassDefFoundError: class org.tests.query.aggregation.TestAggregationCount
[1819] WARN TestMethodFilter - NoClassDefFoundError: class org.tests.query.TestAutofetchTuneWithJoin
[1819] WARN TestMethodFilter - NoClassDefFoundError: class org.tests.query.finder.TestCustomerFinder
[1820] WARN TestMethodFilter - NoClassDefFoundError: class org.tests.query.cancel.SqlQueryCancelTest
[1820] WARN TestMethodFilter - NoClassDefFoundError: class org.tests.query.TestQueryJoinBatchSize
[1820] WARN TestMethodFilter - NoClassDefFoundError: class org.tests.query.TestQueryPlanCacheRowCount
[1820] WARN TestMethodFilter - NoClassDefFoundError: class org.tests.query.TestQueryExists
[1820] WARN TestMethodFilter - NoClassDefFoundError: class org.tests.query.TestQueryFilterManySimple
[1821] WARN TestMethodFilter - NoClassDefFoundError: class org.tests.query.TestImplicitJoinOnParentRelationship
[1821] WARN TestMethodFilter - NoClassDefFoundError: class org.tests.query.embedded.TestFilteringByEmbeddedInJoinedTable
[1821] WARN TestMethodFilter - NoClassDefFoundError: class org.tests.query.embedded.TestMultipleEmbeddedLoading
[1821] WARN TestMethodFilter - NoClassDefFoundError: class org.tests.query.TestWhereIn
[1821] WARN TestMethodFilter - NoClassDefFoundError: class org.tests.query.TestQueryFilterManyOnM2M
[1821] WARN TestMethodFilter - NoClassDefFoundError: class org.tests.singleTableInheritance.TestInheritQuery
[1823] WARN TestMethodFilter - NoClassDefFoundError: class org.tests.enhancement.TestConstructorManyAddAll
[1823] WARN TestMethodFilter - NoClassDefFoundError: class org.tests.enhancement.TestEnhancementEquals
[1823] WARN TestMethodFilter - NoClassDefFoundError: class org.tests.enhancement.TestConstructorPutfieldReplacement
[1824] WARN TestMethodFilter - NoClassDefFoundError: class org.tests.defaultvalues.TestDefaults
[1824] WARN TestMethodFilter - NoClassDefFoundError: class org.tests.profile.ProfileLocationTest
[1825] WARN TestMethodFilter - NoClassDefFoundError: class org.tests.level.test.ManyToManyTest
[1825] WARN TestMethodFilter - NoClassDefFoundError: class org.tests.m2m.TestM2MSelfRelationship
[1825] WARN TestMethodFilter - NoClassDefFoundError: class org.tests.m2m.TestM2mDeleteObject
[1826] WARN TestMethodFilter - NoClassDefFoundError: class org.tests.m2m.TestM2MDeleteNoCascade
[1826] WARN TestMethodFilter - NoClassDefFoundError: class org.tests.m2m.TestM2MModifyTest
[1826] WARN TestMethodFilter - NoClassDefFoundError: class org.tests.m2m.TestM2MMultipleLists
[1827] WARN TestMethodFilter - NoClassDefFoundError: class org.tests.m2m.softdelete.TestM2MSoftDeleteExists
[1827] WARN TestMethodFilter - NoClassDefFoundError: class org.tests.m2m.TestM2MDistinct_sqlServer
[1827] WARN TestMethodFilter - NoClassDefFoundError: class org.tests.m2m.TestM2MDeleteCascadeFromParent
[1827] WARN TestMethodFilter - NoClassDefFoundError: class org.tests.m2m.TestM2MDeleteWithCascade
[1827] WARN TestMethodFilter - NoClassDefFoundError: class org.tests.m2m.TestM2MDeleteObjectWithCascadeToM2m
[1828] WARN TestMethodFilter - NoClassDefFoundError: class org.tests.sp.TestManyToManySaveTwice
[1829] WARN TestMethodFilter - NoClassDefFoundError: class org.tests.order.TestOrderColumn
[1829] WARN TestMethodFilter - NoClassDefFoundError: class org.tests.lifecycle.TestLifecycleExceptions
[1829] WARN TestMethodFilter - NoClassDefFoundError: class org.tests.lifecycle.TestLifecycleAnnotatedBean
[1830] WARN TestMethodFilter - NoClassDefFoundError: class org.tests.lifecycle.TestLifecycleWithLog
[1830] WARN TestMethodFilter - NoClassDefFoundError: class org.tests.types.TestPeriodType
[1830] WARN TestMethodFilter - NoClassDefFoundError: class org.tests.types.TestEncryptedString
[1830] WARN TestMethodFilter - NoClassDefFoundError: class org.tests.types.TestFileTypeFetching
[1831] WARN TestMethodFilter - NoClassDefFoundError: class org.tests.types.TestHstore
[1831] WARN TestMethodFilter - NoClassDefFoundError: class org.tests.types.TestNewTypes
[1831] WARN TestMethodFilter - NoClassDefFoundError: class org.tests.types.TestFileType
[1832] WARN TestMethodFilter - NoClassDefFoundError: class org.tests.readaudit.TestReadAudit
[1832] WARN TestMethodFilter - NoClassDefFoundError: class org.tests.aggregateformula.TestAggregateFormula
[1832] WARN TestMethodFilter - NoClassDefFoundError: class org.tests.aggregateformula.TestAggregateInheritFormula
[1833] WARN TestMethodFilter - NoClassDefFoundError: class org.tests.ddl.TestForeignKeyModes
[1834] WARN TestMethodFilter - NoClassDefFoundError: class org.tests.softdelete.TestSoftDeleteManyToMany
[1834] WARN TestMethodFilter - NoClassDefFoundError: class org.tests.softdelete.TestSoftDeleteBasic
[1834] WARN TestMethodFilter - NoClassDefFoundError: class org.tests.softdelete.TestSoftDeleteStatelessUpdate
[1834] WARN TestMethodFilter - NoClassDefFoundError: class org.tests.softdelete.TestSoftDeleteOtoCascade
[1835] WARN TestMethodFilter - NoClassDefFoundError: class org.tests.softdelete.TestSoftDeleteBook
[1835] WARN TestMethodFilter - NoClassDefFoundError: class org.tests.softdelete.TestSoftDeleteOptionalRelationship
[1835] WARN TestMethodFilter - NoClassDefFoundError: class org.tests.softdelete.TestSoftDeleteTop
[1835] WARN TestMethodFilter - NoClassDefFoundError: class org.tests.merge.TestMergeM2M
[1836] WARN TestMethodFilter - NoClassDefFoundError: class org.tests.merge.TestMergeBasic
[1837] WARN TestMethodFilter - NoClassDefFoundError: class org.tests.merge.TestMergeCustomer
[1837] WARN TestMethodFilter - NoClassDefFoundError: class org.tests.genkey.TestSeqBatch
[1837] WARN TestMethodFilter - NoClassDefFoundError: class org.tests.transaction.TestNestedSubTransaction
[1837] WARN TestMethodFilter - NoClassDefFoundError: class org.tests.transaction.TestTransactionalRequired
[1838] WARN TestMethodFilter - NoClassDefFoundError: class org.tests.transaction.TestNestedBeginRequiresNew
[1838] WARN TestMethodFilter - NoClassDefFoundError: class org.tests.transaction.TestDeleteFromPersistenceContext
[1838] WARN TestMethodFilter - NoClassDefFoundError: class org.tests.transaction.TestNestedBeginRequiredWithFailure
[1839] WARN TestMethodFilter - NoClassDefFoundError: class org.tests.transaction.TestBeginTransactionWithExisting
[1839] WARN TestMethodFilter - NoClassDefFoundError: class org.tests.transaction.TestSavepoint
[1839] WARN TestMethodFilter - NoClassDefFoundError: class org.tests.transaction.TestBeanStateReset
[1840] WARN TestMethodFilter - NoClassDefFoundError: class org.tests.transaction.TestPersistContextClear
[1840] WARN TestMethodFilter - NoClassDefFoundError: class org.tests.transaction.TestInsertManyAndRef
[1840] WARN TestMethodFilter - NoClassDefFoundError: class org.tests.transaction.TransactionNotTerminatedAfterRollback
[1840] WARN TestMethodFilter - NoClassDefFoundError: class org.tests.transaction.TestNested
[1840] WARN TestMethodFilter - NoClassDefFoundError: class org.tests.transaction.TestNestedBeginRequired
[1841] WARN TestMethodFilter - NoClassDefFoundError: class org.tests.transaction.TestSqlServerBatch
[1841] WARN TestMethodFilter - NoClassDefFoundError: class org.tests.transaction.TestNestedTransaction
[1841] WARN TestMethodFilter - NoClassDefFoundError: class org.tests.transaction.TestNestedMandatory
[1841] WARN TestMethodFilter - NoClassDefFoundError: class org.tests.transaction.TestTransactionalSupports
[1842] WARN TestMethodFilter - NoClassDefFoundError: class org.tests.transaction.TestTransactionalRequiresNew
[1842] WARN TestMethodFilter - NoClassDefFoundError: class org.tests.transaction.TestTransactionCallback
[1842] WARN TestMethodFilter - NoClassDefFoundError: class org.tests.transaction.TestTransactionalNotSupports
[1842] WARN TestMethodFilter - NoClassDefFoundError: class org.tests.transaction.TestNestedBeginRequiresNewWithFailure
[1843] WARN TestMethodFilter - NoClassDefFoundError: class org.tests.transaction.TestCreateTransactionWithIsolation
[1843] WARN TestMethodFilter - NoClassDefFoundError: class org.tests.transaction.TestTransactionSkipCache
[1843] WARN TestMethodFilter - NoClassDefFoundError: class org.tests.transaction.TestTransactionTryResources
[1843] WARN TestMethodFilter - NoClassDefFoundError: class org.tests.transaction.TestStatelessUpdateClearPC
[1844] WARN TestMethodFilter - NoClassDefFoundError: class org.tests.transaction.TestBatchPersistCascade
[1844] WARN TestMethodFilter - NoClassDefFoundError: class org.tests.persistencecontext.TestPersistenceContextQueryScope
[1844] WARN TestMethodFilter - NoClassDefFoundError: class org.tests.persistencecontext.TestPersistenceContextOnUpdateDuringTxn
[1844] WARN TestMethodFilter - NoClassDefFoundError: class org.tests.persistencecontext.TestPersistenceContextServerConfig
[1844] WARN TestMethodFilter - NoClassDefFoundError: class org.tests.persistencecontext.TestPersistenceContextScopeUsingOrders
[1845] WARN TestMethodFilter - NoClassDefFoundError: class org.tests.insert.TestInsertCollection
[1845] WARN TestMethodFilter - NoClassDefFoundError: class org.tests.insert.TestOnlyIdEntity
[1845] WARN TestMethodFilter - NoClassDefFoundError: class org.tests.insert.TestSaveWithDaylightSavings
[1845] WARN TestMethodFilter - NoClassDefFoundError: class org.tests.insert.TestInsertOnStringKey
[1846] WARN TestMethodFilter - NoClassDefFoundError: class org.tests.insert.TestInsertCheckUnique
[1846] WARN TestMethodFilter - NoClassDefFoundError: class org.tests.insert.TestInsertWithIdAndUuid
[1847] WARN TestMethodFilter - NoClassDefFoundError: class org.tests.insert.TestInsertDataIntegrityException
[1847] WARN TestMethodFilter - NoClassDefFoundError: class org.tests.o2m.jointable.TestOneToManyJoinTableNoTableName
[1848] WARN TestMethodFilter - NoClassDefFoundError: class org.tests.o2m.jointable.TestOneToManyJoinTableInheritance
[1848] WARN TestMethodFilter - NoClassDefFoundError: class org.tests.o2m.jointable.TestOneToManyJoinTable
[1849] WARN TestMethodFilter - NoClassDefFoundError: class org.tests.o2m.TestOneToManyEnhancement
[1849] WARN TestMethodFilter - NoClassDefFoundError: class org.tests.o2m.lazy.TestLazyManyViaPath
[1850] WARN TestMethodFilter - NoClassDefFoundError: class org.tests.o2m.TestOneToManyOnlyBean
[1851] WARN TestMethodFilter - NoClassDefFoundError: class org.tests.o2m.TestOneToManyNoMappedBy
[1851] WARN TestMethodFilter - NoClassDefFoundError: class org.tests.o2m.TestOneToManyWhere
[1852] WARN TestMethodFilter - NoClassDefFoundError: class org.tests.model.version.TestVersionHierarchyModification
[1854] WARN TestMethodFilter - NoClassDefFoundError: class org.tests.model.history.TestHistoryInclude
[1855] WARN TestMethodFilter - NoClassDefFoundError: class org.tests.model.history.TestHistoryExclude
[1856] WARN TestMethodFilter - NoClassDefFoundError: class org.tests.model.history.TestHistorySoftDeleteOneToOne
[1856] WARN TestMethodFilter - NoClassDefFoundError: class org.tests.model.history.TestHistoryOneToMany
[1857] WARN TestMethodFilter - NoClassDefFoundError: class org.tests.model.history.TestHistoryEmbeddedId
[1858] WARN TestMethodFilter - NoClassDefFoundError: class org.tests.model.bridge.TestExplicitM2MBridgeTable
[1858] WARN TestMethodFilter - NoClassDefFoundError: class org.tests.model.bridge.TestIdClassScalar
[1859] WARN TestMethodFilter - NoClassDefFoundError: class org.tests.model.joda.TestJodaInsertUpdate
[1860] WARN TestMethodFilter - NoClassDefFoundError: class org.tests.model.tevent.TestAssocOneNullTraverse
[1861] WARN TestMethodFilter - NoClassDefFoundError: class org.tests.model.pview.TestPview
[1862] WARN TestMethodFilter - NoClassDefFoundError: class org.tests.model.site.TestTreeModel
[1863] WARN TestMethodFilter - NoClassDefFoundError: class org.tests.model.carwheeltruck.TestInheritSoftDeleteJoin
[1863] WARN TestMethodFilter - NoClassDefFoundError: class org.tests.model.carwheeltruck.TestTruckCarWheelInhertiance
[1864] WARN TestMethodFilter - NoClassDefFoundError: class org.tests.model.carwheeltruck.TestMTOInheritNoDiscriminator
[1864] WARN TestMethodFilter - NoClassDefFoundError: class org.tests.model.onetoone.album.TestOneToOneHardDelete
[1865] WARN TestMethodFilter - NoClassDefFoundError: class org.tests.model.onetoone.album.DeleteById_SoftDelete_Tests
[1865] WARN TestMethodFilter - NoClassDefFoundError: class org.tests.model.onetoone.TestOneToOneJoinColumn
[1865] WARN TestMethodFilter - NoClassDefFoundError: class org.tests.model.onetoone.TestOneToOneOptionalRelationship
[1866] WARN TestMethodFilter - NoClassDefFoundError: class org.tests.model.onetoone.TestOneToOneImportedPkNative
[1866] WARN TestMethodFilter - NoClassDefFoundError: class org.tests.model.onetoone.TestOneToOneOrphanStringId
[1867] WARN TestMethodFilter - NoClassDefFoundError: class org.tests.model.onetoone.TestOneToOneCascadeSave
[1869] WARN TestMethodFilter - NoClassDefFoundError: class org.tests.model.onetoone.TestOneToOneSoftDeleteChild
[1870] WARN TestMethodFilter - NoClassDefFoundError: class org.tests.model.onetoone.TestOneToOneOrphanRemove
[1871] WARN TestMethodFilter - NoClassDefFoundError: class org.tests.model.onetoone.TestOneToOnePrimaryKeyJoinOptional
[1872] WARN TestMethodFilter - NoClassDefFoundError: class org.tests.model.onetoone.TestOneToOnePrimaryKeyJoinBidi
[1872] WARN TestMethodFilter - NoClassDefFoundError: class org.tests.model.onetoone.TestOneToOnePrimaryKeyJoin
[1872] WARN TestMethodFilter - NoClassDefFoundError: class org.tests.model.prnt.TestPrinterStateIssue
[1874] WARN TestMethodFilter - NoClassDefFoundError: class org.tests.model.ivo.test.TestAttributeConverter
[1876] WARN TestMethodFilter - NoClassDefFoundError: class org.tests.model.inheritexposedtype.test.TestInheritExposeDtype
[1877] WARN TestMethodFilter - NoClassDefFoundError: class org.tests.model.nofk.Test2NoFk
[1877] WARN TestMethodFilter - NoClassDefFoundError: class org.tests.model.nofk.TestNoFk
[1878] WARN TestMethodFilter - NoClassDefFoundError: class org.tests.model.survey.TestOrderByFetch
[1879] WARN TestMethodFilter - NoClassDefFoundError: class org.tests.model.composite.TestCompositeKeyUserClient
[1882] WARN TestMethodFilter - NoClassDefFoundError: class org.tests.model.json.TestJacksonPlainBean
[1885] WARN TestMethodFilter - NoClassDefFoundError: class org.tests.model.inheritmany.TestMediaInheritanceJoinToMany
[1888] WARN TestMethodFilter - NoClassDefFoundError: class org.tests.model.uuidsibling.SoftDeleteCascadeTest
[1889] WARN TestMethodFilter - NoClassDefFoundError: class org.tests.model.m2m.TestM2MWithWhere
[1892] WARN TestMethodFilter - NoClassDefFoundError: class org.tests.model.selfref.TestTextJsonSelfRef
[1892] WARN TestMethodFilter - NoClassDefFoundError: class org.tests.model.selfref.TestSelfRefExample
[1892] WARN TestMethodFilter - NoClassDefFoundError: class org.tests.model.selfref.TestResourceFileSelfRef
[1893] WARN TestMethodFilter - NoClassDefFoundError: class org.tests.model.lazywithcache.TestWithCacheAndLazyLoad
[1895] WARN TestMethodFilter - NoClassDefFoundError: class org.tests.model.zero.TestWithZero
[1895] WARN TestMethodFilter - NoClassDefFoundError: class org.tests.model.orphanremoval.TestOrphanRemoveO2M
[1896] WARN TestMethodFilter - NoClassDefFoundError: class org.tests.model.orphanremoval.TestOrphanRemoveO2MFlat
[1901] WARN TestMethodFilter - NoClassDefFoundError: class org.tests.model.lazywithid.TestColumnIdName
[1902] WARN TestMethodFilter - NoClassDefFoundError: class org.tests.model.map.BeanMapOrphanRemovalTest
[1903] WARN TestMethodFilter - NoClassDefFoundError: class org.tests.model.elementcollection.TestElementCollectionBasicSet
[1904] WARN TestMethodFilter - NoClassDefFoundError: class org.tests.model.elementcollection.TestElementCollectionEmbeddedMapCache
[1904] WARN TestMethodFilter - NoClassDefFoundError: class org.tests.model.elementcollection.TestElementCollectionBasicMap
[1905] WARN TestMethodFilter - NoClassDefFoundError: class org.tests.model.elementcollection.TestElementCollectionResused
[1905] WARN TestMethodFilter - NoClassDefFoundError: class org.tests.model.elementcollection.TestElementCollectionEmbeddedListCache
[1906] WARN TestMethodFilter - NoClassDefFoundError: class org.tests.model.elementcollection.TestElementCollectionBasicMapAsLob
[1906] WARN TestMethodFilter - NoClassDefFoundError: class org.tests.model.elementcollection.TestElementCollectionCascade
[1907] WARN TestMethodFilter - NoClassDefFoundError: class org.tests.model.elementcollection.TestElementCollectionBasicMapCache
[1907] WARN TestMethodFilter - NoClassDefFoundError: class org.tests.model.elementcollection.TestElementCollectionBasic
[1907] WARN TestMethodFilter - NoClassDefFoundError: class org.tests.model.elementcollection.EcsPersonTest
[1908] WARN TestMethodFilter - NoClassDefFoundError: class org.tests.model.elementcollection.TestElementCollectionEmbeddedMap
[1908] WARN TestMethodFilter - NoClassDefFoundError: class org.tests.model.elementcollection.TestElementCollectionEnumSet
[1909] WARN TestMethodFilter - NoClassDefFoundError: class org.tests.model.elementcollection.TestElementCollectionEmbeddedList
[1909] WARN TestMethodFilter - NoClassDefFoundError: class org.tests.model.elementcollection.EcmPersonTest
[1910] WARN TestMethodFilter - NoClassDefFoundError: class org.tests.model.elementcollection.TestElementCollectionBasicCache
[1911] WARN TestMethodFilter - NoClassDefFoundError: class org.tests.model.interfaces.TestTargetEntity
[1911] WARN TestMethodFilter - NoClassDefFoundError: class org.tests.model.interfaces.TestSelfMany
[1918] WARN TestMethodFilter - NoClassDefFoundError: class org.tests.model.basic.first.TestFirstSecond
[1919] WARN TestMethodFilter - NoClassDefFoundError: class org.tests.model.basic.xtra.TestDeleteUnloadedChildren
[1920] WARN TestMethodFilter - NoClassDefFoundError: class org.tests.model.basic.xtra.TestInsertBatchThenUpdate
[1921] WARN TestMethodFilter - NoClassDefFoundError: class org.tests.model.basic.xtra.TestInsertBatchWithDifferentRootTypes
[1921] WARN TestMethodFilter - NoClassDefFoundError: class org.tests.model.basic.xtra.TestInsertBatchThenFlushThenUpdate
[1924] WARN TestMethodFilter - NoClassDefFoundError: class org.tests.model.basic.mapsuper.TestMapSuperEquals
[1934] WARN TestMethodFilter - NoClassDefFoundError: class org.tests.model.basic.ResetBasicData
[1937] WARN TestMethodFilter - NoClassDefFoundError: class org.tests.model.basic.cache.TestCacheViaComplexNaturalKey
[1937] WARN TestMethodFilter - NoClassDefFoundError: class org.tests.model.basic.cache.TestNatKeyCacheWhenNull
[1937] WARN TestMethodFilter - NoClassDefFoundError: class org.tests.model.basic.cache.TestCacheViaComplexNaturalKey3
[1938] WARN TestMethodFilter - NoClassDefFoundError: class org.tests.model.basic.cache.TestNatKeyCacheWithForeignKey
[1938] WARN TestMethodFilter - NoClassDefFoundError: class org.tests.model.basic.cache.TestCacheWithSoftDelete
[1939] WARN TestMethodFilter - NoClassDefFoundError: class org.tests.model.basic.cache.TestNatKeyUid
[1944] WARN TestMethodFilter - NoClassDefFoundError: class org.tests.model.view.TestViewBaseEntity
[1946] WARN TestMethodFilter - NoClassDefFoundError: class org.tests.model.aggregation.TestAggregationMany
[1947] WARN TestMethodFilter - NoClassDefFoundError: class org.tests.model.aggregation.TestAggregationTopLevel
[1949] WARN TestMethodFilter - NoClassDefFoundError: class org.tests.model.array.TestDbArray_basic
[1949] WARN TestMethodFilter - NoClassDefFoundError: class org.tests.model.array.TestDbArray_asSet
[1949] WARN TestMethodFilter - NoClassDefFoundError: class org.tests.model.noid.TestInsertNoIdBean
[1951] WARN TestMethodFilter - NoClassDefFoundError: class org.tests.model.embedded.TestEmbeddedAttrOverride
[1951] WARN TestMethodFilter - NoClassDefFoundError: class org.tests.model.embedded.TestEmbeddedNullableOverride
[1952] WARN TestMethodFilter - NoClassDefFoundError: class org.tests.model.embedded.TestEmbeddedManyToOne
[1953] WARN TestMethodFilter - NoClassDefFoundError: class org.tests.refresh.TestRefreshWithMany
[1954] WARN TestMethodFilter - NoClassDefFoundError: class org.tests.update.TestUpdateCircularSave
[1954] WARN TestMethodFilter - NoClassDefFoundError: class org.tests.update.TestSqlUpdateInTxn
[1954] WARN TestMethodFilter - NoClassDefFoundError: class org.tests.update.TestSqlUpdateUpsert
[1955] WARN TestMethodFilter - NoClassDefFoundError: class org.tests.update.TestEmbeddedRefreshUpdate
[1955] WARN TestMethodFilter - NoClassDefFoundError: class org.tests.update.TestSqlUpdateExceptions
[1955] WARN TestMethodFilter - NoClassDefFoundError: class org.tests.update.TestMarkAsDirty
[1955] WARN TestMethodFilter - NoClassDefFoundError: class org.tests.update.TestUpdatePartialNoVer
[1955] WARN TestMethodFilter - NoClassDefFoundError: class org.tests.update.TestJsonStatelessUpdate
[1955] WARN TestMethodFilter - NoClassDefFoundError: class org.tests.update.TestSqlUpdateBatch
[1956] WARN TestMethodFilter - NoClassDefFoundError: class org.tests.update.TestUpdateAllLoadedProperties
[1956] WARN TestMethodFilter - NoClassDefFoundError: class org.tests.update.TestPostgresTruncate
[1956] WARN TestMethodFilter - NoClassDefFoundError: class org.tests.update.TestStatelessUpdate
[1956] WARN TestMethodFilter - NoClassDefFoundError: class org.tests.update.TestSqlUpdateBindMultipleLists
[1957] WARN TestMethodFilter - NoClassDefFoundError: class org.tests.update.TestUpdatePartial
[1957] WARN TestMethodFilter - NoClassDefFoundError: class org.tests.cache.TestQueryCacheTableDependency
[1957] WARN TestMethodFilter - NoClassDefFoundError: class org.tests.cache.TestCacheCollectionIds
[1957] WARN TestMethodFilter - NoClassDefFoundError: class org.tests.cache.TestBeanCache
[1957] WARN TestMethodFilter - NoClassDefFoundError: class org.tests.cache.TestQueryCacheReadOnly
[1957] WARN TestMethodFilter - NoClassDefFoundError: class org.tests.cache.TestCacheEmbeddedId
[1957] WARN TestMethodFilter - NoClassDefFoundError: class org.tests.cache.TestBeanCacheContactLazyLoad
[1957] WARN TestMethodFilter - NoClassDefFoundError: class org.tests.cache.TestCacheNaturalId
[1957] WARN TestMethodFilter - NoClassDefFoundError: class org.tests.cache.TestM2MCache
[1957] WARN TestMethodFilter - NoClassDefFoundError: class org.tests.cache.TestExternalNotification
[1958] WARN TestMethodFilter - NoClassDefFoundError: class org.tests.cache.embeddedid.TestBeanCacheEmbeddedIdPrimitives
[1959] WARN TestMethodFilter - NoClassDefFoundError: class org.tests.cache.personinfo.TestStringIdOnly
[1960] WARN TestMethodFilter - NoClassDefFoundError: class org.tests.cache.TestCacheManyToOne
[1960] WARN TestMethodFilter - NoClassDefFoundError: class org.tests.cache.TestL2DirtyFlagOnLazyLoad
[1960] WARN TestMethodFilter - NoClassDefFoundError: class org.tests.cache.TestCacheInterceptSaveWhenLazyLoaded
[1960] WARN TestMethodFilter - NoClassDefFoundError: class org.tests.cache.TestBeanFetchJoinCache
[1960] WARN TestMethodFilter - NoClassDefFoundError: class org.tests.cache.TestL2CacheWithSharedBean
[1960] WARN TestMethodFilter - NoClassDefFoundError: class org.tests.cache.TestQueryCache
[1960] WARN TestMethodFilter - NoClassDefFoundError: class org.tests.cache.TestCacheDelete
[1960] WARN TestMethodFilter - NoClassDefFoundError: class org.tests.cache.TestQueryCacheCountry
[1960] WARN TestMethodFilter - NoClassDefFoundError: class org.tests.cache.TestBeanCacheWithDeleteQuery
[1961] WARN TestMethodFilter - NoClassDefFoundError: class org.tests.cache.TestQueryCacheInsert
[1961] WARN TestMethodFilter - NoClassDefFoundError: class org.tests.cache.TestCacheBasic
[1961] WARN TestMethodFilter - NoClassDefFoundError: class org.tests.cache.TestCacheCustomer
[1961] WARN TestMethodFilter - NoClassDefFoundError: class org.tests.basic.TestDeleteOneToOne
[1961] WARN TestMethodFilter - NoClassDefFoundError: class org.tests.basic.TestQueryUsingConnection
[1961] WARN TestMethodFilter - NoClassDefFoundError: class org.tests.basic.TestOrderTotalAmountFormula
[1961] WARN TestMethodFilter - NoClassDefFoundError: class org.tests.basic.TestUpdate
[1961] WARN TestMethodFilter - NoClassDefFoundError: class org.tests.basic.TestJoinInheritance
[1962] WARN TestMethodFilter - NoClassDefFoundError: class org.tests.basic.TestLoadBeanCache
[1962] WARN TestMethodFilter - NoClassDefFoundError: class org.tests.basic.TestTransient
[1962] WARN TestMethodFilter - NoClassDefFoundError: class org.tests.basic.TestCreateEntityBean
[1962] WARN TestMethodFilter - NoClassDefFoundError: class org.tests.basic.TestErrorBindLog
[1962] WARN TestMethodFilter - NoClassDefFoundError: class org.tests.basic.TestPersistenceContext
[1962] WARN TestMethodFilter - NoClassDefFoundError: class org.tests.basic.TestMetaAnnotation
[1962] WARN TestMethodFilter - NoClassDefFoundError: class org.tests.basic.TestLazyLoadInCache
[1962] WARN TestMethodFilter - NoClassDefFoundError: class org.tests.basic.TestManyLazyLoad
[1962] WARN TestMethodFilter - NoClassDefFoundError: class org.tests.basic.delete.TestDeleteCascadeById
[1963] WARN TestMethodFilter - NoClassDefFoundError: class org.tests.basic.delete.TestDeleteByIdList
[1963] WARN TestMethodFilter - NoClassDefFoundError: class org.tests.basic.delete.TestDeleteCascadeByQuery
[1963] WARN TestMethodFilter - NoClassDefFoundError: class org.tests.basic.encrypt.TestEncryptBinary
[1963] WARN TestMethodFilter - NoClassDefFoundError: class org.tests.basic.encrypt.TestEncryptClientSide
[1963] WARN TestMethodFilter - NoClassDefFoundError: class org.tests.basic.encrypt.TestEncrypt
[1964] WARN TestMethodFilter - NoClassDefFoundError: class org.tests.basic.TestDeleteCascadingOneToMany
[1964] WARN TestMethodFilter - NoClassDefFoundError: class org.tests.basic.TestMappedSuper
[1964] WARN TestMethodFilter - NoClassDefFoundError: class org.tests.basic.TestDeleteImportedPartial
[1964] WARN TestMethodFilter - NoClassDefFoundError: class org.tests.basic.event.TestQueryAdapter
[1964] WARN TestMethodFilter - NoClassDefFoundError: class org.tests.basic.event.TestPreInsertValidation
[1964] WARN TestMethodFilter - NoClassDefFoundError: class org.tests.basic.TestBatchLazyMany
[1964] WARN TestMethodFilter - NoClassDefFoundError: class org.tests.basic.TestBeanReferenceRefresh
[1964] WARN TestMethodFilter - NoClassDefFoundError: class org.tests.basic.TestDynamicUpdate
[1965] WARN TestMethodFilter - NoClassDefFoundError: class org.tests.basic.TestAssocOneEqExpression
[1965] WARN TestMethodFilter - NoClassDefFoundError: class org.tests.basic.TestIUDVanilla
[1965] WARN TestMethodFilter - NoClassDefFoundError: class org.tests.basic.TestSharedInstancePropagation
[1965] WARN TestMethodFilter - NoClassDefFoundError: class org.tests.basic.TestOrderTotalAmountReportBean
[1965] WARN TestMethodFilter - NoClassDefFoundError: class org.tests.basic.TestAnnotationBase
[1965] WARN TestMethodFilter - NoClassDefFoundError: class org.tests.basic.TestM2MCascadeOne
[1965] WARN TestMethodFilter - NoClassDefFoundError: class org.tests.basic.TestMultipleOneToOneIUD
[1965] WARN TestMethodFilter - NoClassDefFoundError: class org.tests.basic.TestDeleteOneToOneMultiple
[1966] WARN TestMethodFilter - NoClassDefFoundError: class org.tests.basic.TestDeleteByIdCollection
[1966] WARN TestMethodFilter - NoClassDefFoundError: class org.tests.basic.TestOrderByAnnotation
[1966] WARN TestMethodFilter - NoClassDefFoundError: class org.tests.basic.TestFetchId
[1966] WARN TestMethodFilter - NoClassDefFoundError: class org.tests.basic.MainDbBoolean
[1966] WARN TestMethodFilter - NoClassDefFoundError: class org.tests.basic.TestM2MVanilla
[1967] WARN TestMethodFilter - NoClassDefFoundError: class org.tests.basic.TestExplicitInsert
[1967] WARN TestMethodFilter - NoClassDefFoundError: class org.tests.basic.join.TestSecondaryJoin
[1967] WARN TestMethodFilter - NoClassDefFoundError: class org.tests.basic.TestEnhancementCollectionInitialisation
[1967] WARN TestMethodFilter - NoClassDefFoundError: class org.tests.basic.TestQueryForUpdate
[1967] WARN TestMethodFilter - NoClassDefFoundError: class org.tests.basic.TestInEmpty
[1968] WARN TestMethodFilter - NoClassDefFoundError: class org.tests.basic.one2one.TestOne2OneBookingInvoice
[1968] WARN TestMethodFilter - NoClassDefFoundError: class org.tests.basic.one2one.TestOneToOneWheelTire
[1968] WARN TestMethodFilter - NoClassDefFoundError: class org.tests.basic.TestInheritRef
[1969] WARN TestMethodFilter - NoClassDefFoundError: class org.tests.basic.TestQueryWhereBetween
[1969] WARN TestMethodFilter - NoClassDefFoundError: class org.tests.basic.TestSaveDeleteOneToOne
[1969] WARN TestMethodFilter - NoClassDefFoundError: class org.tests.basic.TestLimitQuery
[1969] WARN TestMethodFilter - NoClassDefFoundError: class org.tests.basic.TestWhereAnnotation
[1969] WARN TestMethodFilter - NoClassDefFoundError: class org.tests.basic.TestManyOneInterface
[1969] WARN TestMethodFilter - NoClassDefFoundError: class org.tests.basic.type.TestInetAddressType
[1969] WARN TestMethodFilter - NoClassDefFoundError: class org.tests.basic.type.TestEnumValueAnnotation
[1970] WARN TestMethodFilter - NoClassDefFoundError: class org.tests.basic.type.TestExtraScalarTypes
[1970] WARN TestMethodFilter - NoClassDefFoundError: class org.tests.basic.type.TestTransientMap
[1970] WARN TestMethodFilter - NoClassDefFoundError: class org.tests.basic.type.TestQueryBooleanProperty
[1970] WARN TestMethodFilter - NoClassDefFoundError: class org.tests.basic.type.TestSqlRowUUID
[1970] WARN TestMethodFilter - NoClassDefFoundError: class org.tests.basic.TestBatchLazy
[1970] WARN TestMethodFilter - NoClassDefFoundError: class org.tests.basic.TestLogTransLogOnError
[1970] WARN TestMethodFilter - NoClassDefFoundError: class org.tests.basic.TestJodaType
[1970] WARN TestMethodFilter - NoClassDefFoundError: class org.tests.basic.TestUuidInsert
[1971] WARN TestMethodFilter - NoClassDefFoundError: class org.tests.basic.TestLazyLoadEmptyOneToMany
[1971] WARN TestMethodFilter - NoClassDefFoundError: class org.tests.basic.TestSaveDeleteOneToOneMultiple
[1971] WARN TestMethodFilter - NoClassDefFoundError: class org.tests.basic.TestOrderTotalAmountSql
[1971] WARN TestMethodFilter - NoClassDefFoundError: class org.tests.basic.TestDeletePartialNoVersion
[1971] WARN TestMethodFilter - NoClassDefFoundError: class org.tests.basic.lob.TestBasicClobFetchEager
[1971] WARN TestMethodFilter - NoClassDefFoundError: class org.tests.basic.lob.TestByteOnly
[1971] WARN TestMethodFilter - NoClassDefFoundError: class org.tests.basic.lob.TestBasicClobNoVer
[1972] WARN TestMethodFilter - NoClassDefFoundError: class org.tests.basic.TestReadOnlyPropagation
[1972] WARN TestMethodFilter - NoClassDefFoundError: class org.tests.basic.TestQueryWhereInRange
[1972] WARN TestMethodFilter - NoClassDefFoundError: class org.tests.basic.TestNonUpdateProperty
[1972] WARN TestMethodFilter - NoClassDefFoundError: class org.tests.basic.TestUpdateManyToOne
[1972] WARN TestMethodFilter - NoClassDefFoundError: class org.tests.basic.TestQueryWithCache
[1972] WARN TestMethodFilter - NoClassDefFoundError: class org.tests.basic.TestUuidInsertMasterDetail
[1972] WARN TestMethodFilter - NoClassDefFoundError: class org.tests.draftable.OrganisationTest
[1973] WARN TestMethodFilter - NoClassDefFoundError: class org.tests.draftable.DocLinkTest
[1973] WARN TestMethodFilter - NoClassDefFoundError: class org.tests.contructor.TestProtectedConstructor
[1973] WARN TestMethodFilter - NoClassDefFoundError: class org.tests.test.TestInheritWithMany
[1973] WARN TestMethodFilter - NoClassDefFoundError: class org.tests.saveassociation.TestSaveAssociation
[1973] WARN TestMethodFilter - NoClassDefFoundError: class org.tests.saveassociation.TestSaveSamePK
[1974] WARN TestMethodFilter - NoClassDefFoundError: class org.tests.lazyforeignkeys.TestLazyForeignKeys
[1974] WARN TestMethodFilter - NoClassDefFoundError: class org.tests.unitinternal.TestTxTypeOnTransactional
[1974] WARN TestMethodFilter - NoClassDefFoundError: class org.tests.unitinternal.TestOrderByParse
[1974] WARN TestMethodFilter - NoClassDefFoundError: class org.tests.unitinternal.TestNullCollectionSet
[1974] WARN TestMethodFilter - NoClassDefFoundError: class org.tests.unitinternal.TestVanillaCollectionSet
[1987] WARN TestMethodFilter - NoClassDefFoundError: class org.tests.unitinternal.TestEqualsOnEnhanced
[1987] WARN TestMethodFilter - NoClassDefFoundError: class org.tests.lazyloadconf.BeanCollectionLazyLoadingTest
[1989] WARN TestMethodFilter - NoClassDefFoundError: class org.multitenant.partition.MultiTenantPartitionTest
[17293] WARN CoverageRunner - Test [Manual]TestMethod=io.ebeaninternal.server.expression.platform.PostgresDbExpressionTest#concat result was not reported by test-runner.
[18552] WARN CoverageRunner - Test [Manual]TestMethod=io.ebeaninternal.server.expression.platform.H2DbExpressionTest#concat result was not reported by test-runner.
[18562] WARN CoverageRunner - Test [Manual]TestMethod=io.ebeaninternal.server.expression.platform.OracleDbExpressionTest#concat result was not reported by test-runner.
[19758] WARN CoverageRunner - Test [Manual]TestMethod=io.ebeaninternal.server.rawsql.DRawSqlServiceTest#combine result was not reported by test-runner.
[35165] WARN CoverageRunner - Test [Manual]TestMethod=io.ebeaninternal.server.executor.DefaultBackgroundExecutorTest#shutdown_when_running_expect_waitAndNiceShutdown result was not reported by test-runner.
[35165] WARN CoverageRunner - Test [Manual]TestMethod=io.ebeaninternal.server.executor.DefaultBackgroundExecutorTest#shutdown_when_rougeRunnable_expect_InterruptedException result was not reported by test-runner.
[61978] WARN CoverageRunner - Test [Manual]TestMethod=io.ebeaninternal.server.deploy.generatedproperty.InsertTimestampFactoryTest#test_createdTimestamp_Instant result was not reported by test-runner.
[61979] WARN CoverageRunner - Test [Manual]TestMethod=io.ebeaninternal.server.deploy.generatedproperty.InsertTimestampFactoryTest#test_createdTimestamp_LocalDateTime result was not reported by test-runner.
[61979] WARN CoverageRunner - Test [Manual]TestMethod=io.ebeaninternal.server.deploy.generatedproperty.InsertTimestampFactoryTest#test_createdTimestamp_OffsetDateTime result was not reported by test-runner.
[61979] WARN CoverageRunner - Test [Manual]TestMethod=io.ebeaninternal.server.deploy.generatedproperty.InsertTimestampFactoryTest#test_createdTimestamp_Timestamp result was not reported by test-runner.
[61979] WARN CoverageRunner - Test [Manual]TestMethod=io.ebeaninternal.server.deploy.generatedproperty.InsertTimestampFactoryTest#test_createdTimestamp_utilDate result was not reported by test-runner.
[62584] WARN CoverageRunner - Test [Manual]TestMethod=io.ebeaninternal.server.deploy.generatedproperty.UpdateTimestampFactoryTest#test_createdTimestamp_Instant result was not reported by test-runner.
[62584] WARN CoverageRunner - Test [Manual]TestMethod=io.ebeaninternal.server.deploy.generatedproperty.UpdateTimestampFactoryTest#test_createdTimestamp_LocalDateTime result was not reported by test-runner.
[62584] WARN CoverageRunner - Test [Manual]TestMethod=io.ebeaninternal.server.deploy.generatedproperty.UpdateTimestampFactoryTest#test_createdTimestamp_OffsetDateTime result was not reported by test-runner.
[62584] WARN CoverageRunner - Test [Manual]TestMethod=io.ebeaninternal.server.deploy.generatedproperty.UpdateTimestampFactoryTest#test_createdTimestamp_Timestamp result was not reported by test-runner.
[62584] WARN CoverageRunner - Test [Manual]TestMethod=io.ebeaninternal.server.deploy.generatedproperty.UpdateTimestampFactoryTest#test_createdTimestamp_utilDate result was not reported by test-runner.
[69962] WARN CoverageRunner - Test [Manual]TestMethod=io.ebeaninternal.server.transaction.TableModStateTest#isValid result was not reported by test-runner.
[69963] WARN CoverageRunner - Test [Manual]TestMethod=io.ebeaninternal.server.type.ScalarTypeJodaLocalTimeTest#toJdbcType_toBeanType result was not reported by test-runner.
[69963] WARN CoverageRunner - Test [Manual]TestMethod=io.ebeaninternal.server.type.ScalarTypeJodaLocalTimeTest#toJson result was not reported by test-runner.
[69963] WARN CoverageRunner - Test [Manual]TestMethod=io.ebeaninternal.server.type.ScalarTypeJodaLocalTimeTest#test result was not reported by test-runner.
[75222] WARN CoverageRunner - Test [Manual]TestMethod=io.ebeaninternal.server.type.ScalarTypeJodaLocalDateTimeTest#testConvertFromTimestamp result was not reported by test-runner.
[75222] WARN CoverageRunner - Test [Manual]TestMethod=io.ebeaninternal.server.type.ScalarTypeCalendarTest#toJsonISO8601 result was not reported by test-runner.
[75222] WARN CoverageRunner - Test [Manual]TestMethod=io.ebeaninternal.server.type.ScalarTypeJodaPeriodTest#formatAndParse result was not reported by test-runner.
[75222] WARN CoverageRunner - Test [Manual]TestMethod=io.ebeaninternal.server.type.ScalarTypeJodaPeriodTest#convertFromDbString result was not reported by test-runner.
[75222] WARN CoverageRunner - Test [Manual]TestMethod=io.ebeaninternal.server.type.ScalarTypeJodaPeriodTest#getLength result was not reported by test-runner.
[75222] WARN CoverageRunner - Test [Manual]TestMethod=io.ebeaninternal.server.type.ScalarTypeZoneOffsetTest#testConvertDb result was not reported by test-runner.
[75222] WARN CoverageRunner - Test [Manual]TestMethod=io.ebeaninternal.server.type.ScalarTypeZoneOffsetTest#testGetLength result was not reported by test-runner.
[75222] WARN CoverageRunner - Test [Manual]TestMethod=io.ebeaninternal.server.type.ScalarTypeZoneOffsetTest#testFormatParse result was not reported by test-runner.
[76787] WARN CoverageRunner - Test [Manual]TestMethod=io.ebeaninternal.server.type.ScalarTypePeriodTest#formatAndParse result was not reported by test-runner.
[76787] WARN CoverageRunner - Test [Manual]TestMethod=io.ebeaninternal.server.type.ScalarTypePeriodTest#convertFromDbString result was not reported by test-runner.
[76787] WARN CoverageRunner - Test [Manual]TestMethod=io.ebeaninternal.server.type.ScalarTypePeriodTest#getLength result was not reported by test-runner.
[80812] WARN CoverageRunner - Test [Manual]TestMethod=io.ebeaninternal.server.type.ScalarTypeIntegerTest#format_when_string result was not reported by test-runner.
[80812] WARN CoverageRunner - Test [Manual]TestMethod=io.ebeaninternal.server.type.ScalarTypeIntegerTest#format_when_integer result was not reported by test-runner.
[80812] WARN CoverageRunner - Test [Manual]TestMethod=io.ebeaninternal.server.type.ScalarTypeLongTest#format_when_long result was not reported by test-runner.
[80812] WARN CoverageRunner - Test [Manual]TestMethod=io.ebeaninternal.server.type.ScalarTypeLongTest#format_when_string result was not reported by test-runner.
[81780] WARN CoverageRunner - Test [Manual]TestMethod=io.ebeaninternal.server.type.ScalarTypeOffsetTimeTest#testConvertDb result was not reported by test-runner.
[81780] WARN CoverageRunner - Test [Manual]TestMethod=io.ebeaninternal.server.type.ScalarTypeOffsetTimeTest#testGetLength result was not reported by test-runner.
[81780] WARN CoverageRunner - Test [Manual]TestMethod=io.ebeaninternal.server.type.ScalarTypeOffsetTimeTest#testFormatParse result was not reported by test-runner.
[81780] WARN CoverageRunner - Test [Manual]TestMethod=io.ebeaninternal.server.type.ScalarTypeZoneIdTest#testConvertDb result was not reported by test-runner.
[81780] WARN CoverageRunner - Test [Manual]TestMethod=io.ebeaninternal.server.type.ScalarTypeZoneIdTest#testGetLength result was not reported by test-runner.
[81780] WARN CoverageRunner - Test [Manual]TestMethod=io.ebeaninternal.server.type.ScalarTypeZoneIdTest#testFormatParse result was not reported by test-runner.
[86471] WARN CoverageRunner - Test [Manual]TestMethod=io.ebeaninternal.server.type.ScalarTypeBooleanTest#json_true result was not reported by test-runner.
[86471] WARN CoverageRunner - Test [Manual]TestMethod=io.ebeaninternal.server.type.ScalarTypeBooleanTest#json_false result was not reported by test-runner.
[86471] WARN CoverageRunner - Test [Manual]TestMethod=io.ebeaninternal.server.type.ScalarTypeBooleanTest#IntBoolean_isLogicalBoolean result was not reported by test-runner.
[86471] WARN CoverageRunner - Test [Manual]TestMethod=io.ebeaninternal.server.type.ScalarTypePathTest#formatAndParse result was not reported by test-runner.
[86471] WARN CoverageRunner - Test [Manual]TestMethod=io.ebeaninternal.server.type.ScalarTypePathTest#convertFromDbString result was not reported by test-runner.
[87037] WARN CoverageRunner - Test [Manual]TestMethod=io.ebeaninternal.server.type.IsoJsonDateTimeParserTest#parseFormat_when_hasMillis result was not reported by test-runner.
[87037] WARN CoverageRunner - Test [Manual]TestMethod=io.ebeaninternal.server.type.IsoJsonDateTimeParserTest#parseFormat_when_noMillis result was not reported by test-runner.
[87037] WARN CoverageRunner - Test [Manual]TestMethod=io.ebeaninternal.server.type.IsoJsonDateTimeParserTest#parseFormat_when_millis_1dp result was not reported by test-runner.
[87037] WARN CoverageRunner - Test [Manual]TestMethod=io.ebeaninternal.server.type.IsoJsonDateTimeParserTest#parseFormat_when_millis_2dp result was not reported by test-runner.
[87037] WARN CoverageRunner - Test [Manual]TestMethod=io.ebeaninternal.server.type.IsoJsonDateTimeParserTest#parseFormat_when_millis_3dp result was not reported by test-runner.
[87037] WARN CoverageRunner - Test [Manual]TestMethod=io.ebeaninternal.server.type.IsoJsonDateTimeParserTest#parseFormat_when_millis_3dp_2 result was not reported by test-runner.
[87544] WARN CoverageRunner - Test [Manual]TestMethod=io.ebeaninternal.server.type.ScalarTypePostgresHstoreTest#testParse result was not reported by test-runner.
[87544] WARN CoverageRunner - Test [Manual]TestMethod=io.ebeaninternal.server.type.ScalarTypePostgresHstoreTest#testIsDateTimeCapable result was not reported by test-runner.
[87544] WARN CoverageRunner - Test [Manual]TestMethod=io.ebeaninternal.server.type.ScalarTypePostgresHstoreTest#testJsonRead result was not reported by test-runner.
[87544] WARN CoverageRunner - Test [Manual]TestMethod=io.ebeaninternal.server.type.ScalarTypePostgresHstoreTest#testIsMutable result was not reported by test-runner.
[87544] WARN CoverageRunner - Test [Manual]TestMethod=io.ebeaninternal.server.type.ScalarTypePostgresHstoreTest#testIsDirty result was not reported by test-runner.
[87544] WARN CoverageRunner - Test [Manual]TestMethod=io.ebeaninternal.server.type.ScalarTypePostgresHstoreTest#testParseDateTime result was not reported by test-runner.
[87544] WARN CoverageRunner - Test [Manual]TestMethod=io.ebeaninternal.server.type.ScalarTypePostgresHstoreTest#testJsonWrite result was not reported by test-runner.
[87544] WARN CoverageRunner - Test [Manual]TestMethod=io.ebeaninternal.server.cache.DefaultCacheHolder_getCacheOptions_Test#beanOptions_when_set result was not reported by test-runner.
[87544] WARN CoverageRunner - Test [Manual]TestMethod=io.ebeaninternal.server.cache.DefaultCacheHolder_getCacheOptions_Test#beanOptions_when_notSet_expect_default result was not reported by test-runner.
[87544] WARN CoverageRunner - Test [Manual]TestMethod=io.ebeaninternal.server.cache.DefaultCacheHolder_getCacheOptions_Test#queryOptions_when_set result was not reported by test-runner.
[87544] WARN CoverageRunner - Test [Manual]TestMethod=io.ebeaninternal.server.cache.DefaultCacheHolder_getCacheOptions_Test#queryOptions_when_notSet_expect_default result was not reported by test-runner.
[112157] WARN CoverageRunner - Test [Manual]TestMethod=io.ebean.config.DbConstraintNamingTest#testPrimaryKeyName result was not reported by test-runner.
[112157] WARN CoverageRunner - Test [Manual]TestMethod=io.ebean.config.DbConstraintNamingTest#testUniqueConstraintName result was not reported by test-runner.
[112157] WARN CoverageRunner - Test [Manual]TestMethod=io.ebean.config.DbConstraintNamingTest#testCheckConstraintName result was not reported by test-runner.
[112157] WARN CoverageRunner - Test [Manual]TestMethod=io.ebean.config.DbConstraintNamingTest#testNormalise result was not reported by test-runner.
[112157] WARN CoverageRunner - Test [Manual]TestMethod=io.ebean.config.DbConstraintNamingTest#testDefaultToLower result was not reported by test-runner.
[112157] WARN CoverageRunner - Test [Manual]TestMethod=io.ebean.config.DbConstraintNamingTest#testNoLowerCaseTable result was not reported by test-runner.
[112157] WARN CoverageRunner - Test [Manual]TestMethod=io.ebean.config.DbConstraintNamingTest#testNoLowerCaseColumn result was not reported by test-runner.
[112157] WARN CoverageRunner - Test [Manual]TestMethod=io.ebean.config.DbConstraintNamingTest#normaliseColumn_withFormula result was not reported by test-runner.
[112157] WARN CoverageRunner - Test [Manual]TestMethod=io.ebean.config.dbplatform.PostgresHistorySupportTest#getAsOfPredicate result was not reported by test-runner.
[112157] WARN CoverageRunner - Test [Manual]TestMethod=io.ebean.config.dbplatform.PostgresHistorySupportTest#getBindCount result was not reported by test-runner.
[112157] WARN CoverageRunner - Test [Manual]TestMethod=io.ebean.config.dbplatform.PostgresHistorySupportTest#getSysPeriodLower result was not reported by test-runner.
[112157] WARN CoverageRunner - Test [Manual]TestMethod=io.ebean.config.dbplatform.PostgresHistorySupportTest#getSysPeriodUpper result was not reported by test-runner.
[112157] WARN CoverageRunner - Test [Manual]TestMethod=io.ebean.config.dbplatform.HanaPlatformTest#uuid_default result was not reported by test-runner.
[112157] WARN CoverageRunner - Test [Manual]TestMethod=io.ebean.config.dbplatform.HanaPlatformTest#uuid_as_binary result was not reported by test-runner.
[112157] WARN CoverageRunner - Test [Manual]TestMethod=io.ebean.config.dbplatform.HanaHistorySupportTest#getLower result was not reported by test-runner.
[112157] WARN CoverageRunner - Test [Manual]TestMethod=io.ebean.config.dbplatform.HanaHistorySupportTest#getUpper result was not reported by test-runner.
[112157] WARN CoverageRunner - Test [Manual]TestMethod=io.ebean.config.dbplatform.HanaHistorySupportTest#getAsOfPredicate result was not reported by test-runner.
[112157] WARN CoverageRunner - Test [Manual]TestMethod=io.ebean.config.dbplatform.HanaHistorySupportTest#getAsOfViewSuffix result was not reported by test-runner.
[112157] WARN CoverageRunner - Test [Manual]TestMethod=io.ebean.config.dbplatform.HanaHistorySupportTest#getVersionsBetweenSuffix result was not reported by test-runner.
[112157] WARN CoverageRunner - Test [Manual]TestMethod=io.ebean.config.dbplatform.DbTypeMapTest#testLookupRender_given_postgresPlatformType result was not reported by test-runner.
[112157] WARN CoverageRunner - Test [Manual]TestMethod=io.ebean.config.dbplatform.DbTypeMapTest#testLookupRender_given_mysql result was not reported by test-runner.
[112157] WARN CoverageRunner - Test [Manual]TestMethod=io.ebean.config.dbplatform.DbTypeMapTest#testLookupRender_given_sqlserver17 result was not reported by test-runner.
[112157] WARN CoverageRunner - Test [Manual]TestMethod=io.ebean.config.dbplatform.DbTypeMapTest#testLookupRender_given_sqlserver16 result was not reported by test-runner.
[112157] WARN CoverageRunner - Test [Manual]TestMethod=io.ebean.config.dbplatform.DbTypeMapTest#testLookupRender_given_oracle result was not reported by test-runner.
[112157] WARN CoverageRunner - Test [Manual]TestMethod=io.ebean.config.dbplatform.DbTypeMapTest#testLookupRender_given_h2 result was not reported by test-runner.
[112157] WARN CoverageRunner - Test [Manual]TestMethod=io.ebean.config.dbplatform.DbTypeMapTest#testLookupRender_given_clickhouse result was not reported by test-runner.
[112157] WARN CoverageRunner - Test [Manual]TestMethod=io.ebean.config.dbplatform.DbTypeMapTest#testPlatformTypes_logical_json result was not reported by test-runner.
[112157] WARN CoverageRunner - Test [Manual]TestMethod=io.ebean.config.dbplatform.DbTypeMapTest#testPlatformTypes_logical_localDateTime result was not reported by test-runner.
[115489] WARN CoverageRunner - Test [Manual]TestMethod=io.ebean.config.dbplatform.MySqlHistorySupportTest#getLower result was not reported by test-runner.
[115489] WARN CoverageRunner - Test [Manual]TestMethod=io.ebean.config.dbplatform.MySqlHistorySupportTest#getUpper result was not reported by test-runner.
[115489] WARN CoverageRunner - Test [Manual]TestMethod=io.ebean.config.dbplatform.MySqlHistorySupportTest#getAsOfPredicate result was not reported by test-runner.
[115489] WARN CoverageRunner - Test [Manual]TestMethod=io.ebean.config.dbplatform.BasicSqlStandardLimiterTest#limit_firstRowMaxRows result was not reported by test-runner.
[115489] WARN CoverageRunner - Test [Manual]TestMethod=io.ebean.config.dbplatform.BasicSqlStandardLimiterTest#limit_zeros result was not reported by test-runner.
[115489] WARN CoverageRunner - Test [Manual]TestMethod=io.ebean.config.dbplatform.BasicSqlStandardLimiterTest#limit_maxRows result was not reported by test-runner.
[115489] WARN CoverageRunner - Test [Manual]TestMethod=io.ebean.config.dbplatform.SqlserverPlatformTest#uuid_default result was not reported by test-runner.
[115489] WARN CoverageRunner - Test [Manual]TestMethod=io.ebean.config.dbplatform.SqlserverPlatformTest#uuid_as_binary result was not reported by test-runner.
[115489] WARN CoverageRunner - Test [Manual]TestMethod=io.ebean.config.dbplatform.SqlserverPlatformTest#uuid_as_varchar result was not reported by test-runner.
[115489] WARN CoverageRunner - Test [Manual]TestMethod=io.ebean.config.dbplatform.BasicSqlLimitOffsetTest#limit_firstRowMaxRows result was not reported by test-runner.
[115489] WARN CoverageRunner - Test [Manual]TestMethod=io.ebean.config.dbplatform.BasicSqlLimitOffsetTest#limit_zeros result was not reported by test-runner.
[115489] WARN CoverageRunner - Test [Manual]TestMethod=io.ebean.config.dbplatform.BasicSqlLimitOffsetTest#limit_maxRows result was not reported by test-runner.
[118222] WARN CoverageRunner - Test [Manual]TestMethod=io.ebean.config.dbplatform.DbPlatformTypeLookupTest#byId result was not reported by test-runner.
[118223] WARN CoverageRunner - Test [Manual]TestMethod=io.ebean.config.dbplatform.DbPlatformTypeLookupTest#byName result was not reported by test-runner.
[125548] WARN CoverageRunner - Test [Manual]TestMethod=io.ebean.config.UnderscoreNamingConventionTest#simple result was not reported by test-runner.
[125548] WARN CoverageRunner - Test [Manual]TestMethod=io.ebean.config.UnderscoreNamingConventionTest#getColumnFromProperty result was not reported by test-runner.
[125548] WARN CoverageRunner - Test [Manual]TestMethod=io.ebean.config.UnderscoreNamingConventionTest#getForeignKey result was not reported by test-runner.
[125548] WARN CoverageRunner - Test [Manual]TestMethod=io.ebean.config.UnderscoreNamingConventionTest#with_suffix_Id result was not reported by test-runner.
[125548] WARN CoverageRunner - Test [Manual]TestMethod=io.ebean.config.UnderscoreNamingConventionTest#with_suffix_ID result was not reported by test-runner.
[171983] WARN CoverageRunner - Test [Manual]TestMethod=io.ebean.test.config.platform.ConfigTest#run_local_only_ignoreDockerShutdown result was not reported by test-runner.
[187165] WARN CoverageRunner - Test [Manual]TestMethod=org.tests.el.TestPathExpression#pathSet result was not reported by test-runner.
[187165] WARN CoverageRunner - Test [Manual]TestMethod=org.tests.el.TestPathExpression#pathGet result was not reported by test-runner.
[187165] WARN CoverageRunner - Test [Manual]TestMethod=org.tests.timezone.TimezoneTests#rawJdbc result was not reported by test-runner.
[187165] WARN CoverageRunner - Test [Manual]TestMethod=org.tests.timezone.TzBeanTests#insert_one_at_a_time result was not reported by test-runner.
[187165] WARN CoverageRunner - Test [Manual]TestMethod=org.tests.timezone.TzBeanTests#fetch_beans result was not reported by test-runner.
[203117] WARN CoverageRunner - Test [Manual]TestMethod=org.tests.cache.personinfo.PersonCacheTests#testInQuery result was not reported by test-runner.
[203784] WARN CoverageRunner - Test [Manual]TestMethod=org.tests.basic.TestQueryUsingDatabase#usingNonDefaultDatabase result was not reported by test-runner.
[205930] INFO CoverageRunner - Tests found: 494
[205930] INFO CoverageRunner - Tests executed: 376
02:34:29.354 [main] INFO  fr.inria.jtravis.JTravis - GitHub ratelimit: Limit: 5000 Remaining: 4886 Reset hour: 00:12:38
02:34:30.567 [main] WARN  f.i.s.r.p.s.p.PushFaultLocalizationSuggestionsOnExternalRepository - Flacoco has found 4 suspicious lines, but none were matched to the diff
02:34:31.104 [main] INFO  f.i.s.r.p.s.f.FlacocoLocalization - 
02:34:32.051 [main] INFO  f.i.s.r.p.i.ProjectInspector - ----------------------------------------------------------------------
02:34:32.051 [main] INFO  f.i.s.r.p.i.ProjectInspector - PIPELINE EXECUTION SUMMARY
02:34:32.051 [main] INFO  f.i.s.r.p.i.ProjectInspector - ----------------------------------------------------------------------
02:34:32.051 [main] INFO  f.i.s.r.p.i.ProjectInspector - CloneCheckoutGitPullRequest..........................SUCCESS [  14 s ]
02:34:32.051 [main] INFO  f.i.s.r.p.i.ProjectInspector - BuildProject.........................................SUCCESS [ 189 s ]
02:34:32.051 [main] INFO  f.i.s.r.p.i.ProjectInspector - TestProject..........................................SUCCESS [ 150 s ]
02:34:32.051 [main] INFO  f.i.s.r.p.i.ProjectInspector - ComputeClasspath.....................................SUCCESS [  20 s ]
02:34:32.051 [main] INFO  f.i.s.r.p.i.ProjectInspector - ComputeSourceDir.....................................SUCCESS [   0 s ]
02:34:32.051 [main] INFO  f.i.s.r.p.i.ProjectInspector - ComputeTestDir.......................................SUCCESS [   0 s ]
02:34:32.051 [main] INFO  f.i.s.r.p.i.ProjectInspector - GatherTestInformation................................SUCCESS [   3 s ]
02:34:32.051 [main] INFO  f.i.s.r.p.i.ProjectInspector - FlacocoLocalization..................................SUCCESS [ 206 s ]
02:34:32.051 [main] INFO  f.i.s.r.p.i.ProjectInspector - PushFaultLocalizationSuggestionsOnExternalRepository.SUCCESS         
02:34:32.052 [main] INFO  f.i.s.r.p.i.ProjectInspector - ----------------------------------------------------------------------
02:34:32.052 [main] INFO  f.i.s.r.p.i.ProjectInspector - PIPELINE FINDING: TEST FAILURE
02:34:32.052 [main] INFO  f.i.s.r.p.i.ProjectInspector - ----------------------------------------------------------------------
02:34:32.052 [main] INFO  f.i.s.r.p.github.GithubMainProcess - Inspector is finished. The process will exit now.
 