Execute pipeline with following supplementary args: --smtpPort 25 --listenerMode NOOP --launcherMode FAULT_LOCALIZATION  --gitrepourl https://github.com/liquibase/liquibase --gitrepopullrequest 2244
java -cp /usr/local/openjdk-11/lib/tools.jar:repairnator-pipeline.jar -Dlogback.configurationFile=/root/logback.xml fr.inria.spirals.repairnator.pipeline.Launcher -d --runId null -o /var/log --ghOauth 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 --faultLocalization --flacocoThreshold 0.0 --flacocoTopK null --flacocoResultsRepository flacocobot/flacocobot-experiment-3 --ghOauth  --smtpPort 25 --listenerMode NOOP --launcherMode FAULT_LOCALIZATION  --gitrepourl https://github.com/liquibase/liquibase --gitrepopullrequest 2244

02:11:37.713 [main] INFO  f.i.s.r.p.g.GithubInitSerializerEngines - Initialize file serializer engines.
02:11:37.714 [main] INFO  f.i.s.r.p.g.GithubInitSerializerEngines - MongoDB won't be used for serialization.
02:11:37.715 [main] INFO  f.i.s.r.p.github.GithubInitNotifiers - The email notifier engine won't be used.
02:11:37.731 [main] INFO  f.i.s.r.p.i.ProjectInspector - ----------------------------------------------------------------------
02:11:37.731 [main] INFO  f.i.s.r.p.i.ProjectInspector - PIPELINE STEPS
02:11:37.731 [main] INFO  f.i.s.r.p.i.ProjectInspector - ----------------------------------------------------------------------
02:11:37.731 [main] INFO  f.i.s.r.p.i.ProjectInspector - CloneCheckoutGitPullRequest
02:11:37.731 [main] INFO  f.i.s.r.p.i.ProjectInspector - BuildProject
02:11:37.731 [main] INFO  f.i.s.r.p.i.ProjectInspector - TestProject
02:11:37.731 [main] INFO  f.i.s.r.p.i.ProjectInspector - ComputeClasspath
02:11:37.731 [main] INFO  f.i.s.r.p.i.ProjectInspector - ComputeSourceDir
02:11:37.731 [main] INFO  f.i.s.r.p.i.ProjectInspector - ComputeTestDir
02:11:37.731 [main] INFO  f.i.s.r.p.i.ProjectInspector - GatherTestInformation
02:11:37.731 [main] INFO  f.i.s.r.p.i.ProjectInspector - FlacocoLocalization
02:11:37.731 [main] INFO  f.i.s.r.p.i.ProjectInspector - PushFaultLocalizationSuggestionsOnExternalRepository
02:11:37.732 [main] INFO  f.i.s.r.p.s.CloneCheckoutGitPullRequest - Cloning repository https://github.com/liquibase/liquibase.git in the following directory: ./workspace/liquibase-liquibase-master-2244_repo
02:13:27.010 [Thread-5] ERROR f.i.s.r.p.m.output.MavenErrorHandler - WARNING: An illegal reflective access operation has occurred
02:13:27.011 [Thread-5] ERROR f.i.s.r.p.m.output.MavenErrorHandler - WARNING: Illegal reflective access by org.codehaus.groovy.reflection.CachedClass (file:/root/./workspace/liquibase-liquibase-master-2244_repo/.m2/org/codehaus/groovy/groovy-all/2.4.15/groovy-all-2.4.15.jar) to method java.lang.Object.finalize()
02:13:27.011 [Thread-5] ERROR f.i.s.r.p.m.output.MavenErrorHandler - WARNING: Please consider reporting this to the maintainers of org.codehaus.groovy.reflection.CachedClass
02:13:27.011 [Thread-5] ERROR f.i.s.r.p.m.output.MavenErrorHandler - WARNING: Use --illegal-access=warn to enable warnings of further illegal reflective access operations
02:13:27.011 [Thread-5] ERROR f.i.s.r.p.m.output.MavenErrorHandler - WARNING: All illegal access operations will be denied in a future release
02:18:38.026 [Thread-8] ERROR f.i.s.r.p.m.output.MavenErrorHandler - WARNING: An illegal reflective access operation has occurred
02:18:38.043 [Thread-8] ERROR f.i.s.r.p.m.output.MavenErrorHandler - WARNING: Illegal reflective access by org.codehaus.groovy.reflection.CachedClass (file:/root/./workspace/liquibase-liquibase-master-2244_repo/.m2/org/codehaus/groovy/groovy-all/2.4.15/groovy-all-2.4.15.jar) to method java.lang.Object.finalize()
02:18:38.043 [Thread-8] ERROR f.i.s.r.p.m.output.MavenErrorHandler - WARNING: Please consider reporting this to the maintainers of org.codehaus.groovy.reflection.CachedClass
02:18:38.043 [Thread-8] ERROR f.i.s.r.p.m.output.MavenErrorHandler - WARNING: Use --illegal-access=warn to enable warnings of further illegal reflective access operations
02:18:38.043 [Thread-8] ERROR f.i.s.r.p.m.output.MavenErrorHandler - WARNING: All illegal access operations will be denied in a future release
02:19:28.024 [Thread-7] ERROR f.i.s.r.p.m.o.MavenFilterOutputHandler - [ERROR] Tests run: 3, Failures: 1, Errors: 0, Skipped: 0, Time elapsed: 2.548 s <<< FAILURE! - in liquibase.changelog.ChangeLogRewriterTest
02:19:28.024 [Thread-7] ERROR f.i.s.r.p.m.o.MavenFilterOutputHandler - [ERROR] register changelog readonly(liquibase.changelog.ChangeLogRewriterTest)  Time elapsed: 0.432 s  <<< FAILURE!
02:20:11.400 [Thread-7] ERROR f.i.s.r.p.m.o.MavenFilterOutputHandler - [ERROR] Failures: 
02:20:11.401 [Thread-7] ERROR f.i.s.r.p.m.o.MavenFilterOutputHandler - [ERROR]   ChangeLogRewriterTest.register changelog readonly:101 Condition not satisfied:
02:20:11.401 [Thread-7] ERROR f.i.s.r.p.m.o.MavenFilterOutputHandler - [ERROR] Tests run: 606, Failures: 1, Errors: 0, Skipped: 1
02:20:11.438 [Thread-7] ERROR f.i.s.r.p.m.o.MavenFilterOutputHandler - [ERROR] Failed to execute goal org.apache.maven.plugins:maven-surefire-plugin:2.22.1:test (default-test) on project liquibase-core: There are test failures.
02:20:11.443 [Thread-7] ERROR f.i.s.r.p.m.o.MavenFilterOutputHandler - [ERROR] 
02:20:11.445 [Thread-7] ERROR f.i.s.r.p.m.o.MavenFilterOutputHandler - [ERROR] Please refer to /root/workspace/liquibase-liquibase-master-2244_repo/liquibase-core/target/surefire-reports for the individual test results.
02:20:11.446 [Thread-7] ERROR f.i.s.r.p.m.o.MavenFilterOutputHandler - [ERROR] Please refer to dump files (if any exist) [date].dump, [date]-jvmRun[N].dump and [date].dumpstream.
02:20:11.448 [Thread-7] ERROR f.i.s.r.p.m.o.MavenFilterOutputHandler - [ERROR] The forked VM terminated without properly saying goodbye. VM crash or System.exit called?
02:20:11.453 [Thread-7] ERROR f.i.s.r.p.m.o.MavenFilterOutputHandler - [ERROR] Command was /bin/sh -c cd /root/workspace/liquibase-liquibase-master-2244_repo/liquibase-core && /usr/local/openjdk-11/bin/java --illegal-access=permit -jar /root/workspace/liquibase-liquibase-master-2244_repo/liquibase-core/target/surefire/surefirebooter1879963378998796203.jar /root/workspace/liquibase-liquibase-master-2244_repo/liquibase-core/target/surefire 2021-12-06T02-19-05_661-jvmRun1 surefire861394424743368594tmp surefire_013237587511158924542tmp
02:20:11.454 [Thread-7] ERROR f.i.s.r.p.m.o.MavenFilterOutputHandler - [ERROR] Error occurred in starting fork, check output in log
02:20:11.455 [Thread-7] ERROR f.i.s.r.p.m.o.MavenFilterOutputHandler - [ERROR] Process Exit Code: 1
02:20:11.456 [Thread-7] ERROR f.i.s.r.p.m.o.MavenFilterOutputHandler - [ERROR] Crashed tests:
02:20:11.457 [Thread-7] ERROR f.i.s.r.p.m.o.MavenFilterOutputHandler - [ERROR] liquibase.lockservice.LockServiceFactoryTest
02:20:11.457 [Thread-7] ERROR f.i.s.r.p.m.o.MavenFilterOutputHandler - [ERROR] org.apache.maven.surefire.booter.SurefireBooterForkException: The forked VM terminated without properly saying goodbye. VM crash or System.exit called?
02:20:11.457 [Thread-7] ERROR f.i.s.r.p.m.o.MavenFilterOutputHandler - [ERROR] Command was /bin/sh -c cd /root/workspace/liquibase-liquibase-master-2244_repo/liquibase-core && /usr/local/openjdk-11/bin/java --illegal-access=permit -jar /root/workspace/liquibase-liquibase-master-2244_repo/liquibase-core/target/surefire/surefirebooter1879963378998796203.jar /root/workspace/liquibase-liquibase-master-2244_repo/liquibase-core/target/surefire 2021-12-06T02-19-05_661-jvmRun1 surefire861394424743368594tmp surefire_013237587511158924542tmp
02:20:11.458 [Thread-7] ERROR f.i.s.r.p.m.o.MavenFilterOutputHandler - [ERROR] Error occurred in starting fork, check output in log
02:20:11.458 [Thread-7] ERROR f.i.s.r.p.m.o.MavenFilterOutputHandler - [ERROR] Process Exit Code: 1
02:20:11.458 [Thread-7] ERROR f.i.s.r.p.m.o.MavenFilterOutputHandler - [ERROR] Crashed tests:
02:20:11.458 [Thread-7] ERROR f.i.s.r.p.m.o.MavenFilterOutputHandler - [ERROR] liquibase.lockservice.LockServiceFactoryTest
02:20:11.458 [Thread-7] ERROR f.i.s.r.p.m.o.MavenFilterOutputHandler - [ERROR] 	at org.apache.maven.plugin.surefire.booterclient.ForkStarter.fork(ForkStarter.java:669)
02:20:11.458 [Thread-7] ERROR f.i.s.r.p.m.o.MavenFilterOutputHandler - [ERROR] 	at org.apache.maven.plugin.surefire.booterclient.ForkStarter.run(ForkStarter.java:282)
02:20:11.458 [Thread-7] ERROR f.i.s.r.p.m.o.MavenFilterOutputHandler - [ERROR] 	at org.apache.maven.plugin.surefire.booterclient.ForkStarter.run(ForkStarter.java:245)
02:20:11.458 [Thread-7] ERROR f.i.s.r.p.m.o.MavenFilterOutputHandler - [ERROR] 	at org.apache.maven.plugin.surefire.AbstractSurefireMojo.executeProvider(AbstractSurefireMojo.java:1183)
02:20:11.458 [Thread-7] ERROR f.i.s.r.p.m.o.MavenFilterOutputHandler - [ERROR] 	at org.apache.maven.plugin.surefire.AbstractSurefireMojo.executeAfterPreconditionsChecked(AbstractSurefireMojo.java:1011)
02:20:11.461 [Thread-7] ERROR f.i.s.r.p.m.o.MavenFilterOutputHandler - [ERROR] 	at org.apache.maven.plugin.surefire.AbstractSurefireMojo.execute(AbstractSurefireMojo.java:857)
02:20:11.461 [Thread-7] ERROR f.i.s.r.p.m.o.MavenFilterOutputHandler - [ERROR] 	at org.apache.maven.plugin.DefaultBuildPluginManager.executeMojo(DefaultBuildPluginManager.java:137)
02:20:11.461 [Thread-7] ERROR f.i.s.r.p.m.o.MavenFilterOutputHandler - [ERROR] 	at org.apache.maven.lifecycle.internal.MojoExecutor.execute(MojoExecutor.java:210)
02:20:11.461 [Thread-7] ERROR f.i.s.r.p.m.o.MavenFilterOutputHandler - [ERROR] 	at org.apache.maven.lifecycle.internal.MojoExecutor.execute(MojoExecutor.java:156)
02:20:11.461 [Thread-7] ERROR f.i.s.r.p.m.o.MavenFilterOutputHandler - [ERROR] 	at org.apache.maven.lifecycle.internal.MojoExecutor.execute(MojoExecutor.java:148)
02:20:11.461 [Thread-7] ERROR f.i.s.r.p.m.o.MavenFilterOutputHandler - [ERROR] 	at org.apache.maven.lifecycle.internal.LifecycleModuleBuilder.buildProject(LifecycleModuleBuilder.java:117)
02:20:11.461 [Thread-7] ERROR f.i.s.r.p.m.o.MavenFilterOutputHandler - [ERROR] 	at org.apache.maven.lifecycle.internal.LifecycleModuleBuilder.buildProject(LifecycleModuleBuilder.java:81)
02:20:11.462 [Thread-7] ERROR f.i.s.r.p.m.o.MavenFilterOutputHandler - [ERROR] 	at org.apache.maven.lifecycle.internal.builder.singlethreaded.SingleThreadedBuilder.build(SingleThreadedBuilder.java:56)
02:20:11.462 [Thread-7] ERROR f.i.s.r.p.m.o.MavenFilterOutputHandler - [ERROR] 	at org.apache.maven.lifecycle.internal.LifecycleStarter.execute(LifecycleStarter.java:128)
02:20:11.462 [Thread-7] ERROR f.i.s.r.p.m.o.MavenFilterOutputHandler - [ERROR] 	at org.apache.maven.DefaultMaven.doExecute(DefaultMaven.java:305)
02:20:11.462 [Thread-7] ERROR f.i.s.r.p.m.o.MavenFilterOutputHandler - [ERROR] 	at org.apache.maven.DefaultMaven.doExecute(DefaultMaven.java:192)
02:20:11.462 [Thread-7] ERROR f.i.s.r.p.m.o.MavenFilterOutputHandler - [ERROR] 	at org.apache.maven.DefaultMaven.execute(DefaultMaven.java:105)
02:20:11.463 [Thread-7] ERROR f.i.s.r.p.m.o.MavenFilterOutputHandler - [ERROR] 	at org.apache.maven.cli.MavenCli.execute(MavenCli.java:956)
02:20:11.463 [Thread-7] ERROR f.i.s.r.p.m.o.MavenFilterOutputHandler - [ERROR] 	at org.apache.maven.cli.MavenCli.doMain(MavenCli.java:288)
02:20:11.463 [Thread-7] ERROR f.i.s.r.p.m.o.MavenFilterOutputHandler - [ERROR] 	at org.apache.maven.cli.MavenCli.main(MavenCli.java:192)
02:20:11.463 [Thread-7] ERROR f.i.s.r.p.m.o.MavenFilterOutputHandler - [ERROR] 	at java.base/jdk.internal.reflect.NativeMethodAccessorImpl.invoke0(Native Method)
02:20:11.463 [Thread-7] ERROR f.i.s.r.p.m.o.MavenFilterOutputHandler - [ERROR] 	at java.base/jdk.internal.reflect.NativeMethodAccessorImpl.invoke(NativeMethodAccessorImpl.java:62)
02:20:11.463 [Thread-7] ERROR f.i.s.r.p.m.o.MavenFilterOutputHandler - [ERROR] 	at java.base/jdk.internal.reflect.DelegatingMethodAccessorImpl.invoke(DelegatingMethodAccessorImpl.java:43)
02:20:11.463 [Thread-7] ERROR f.i.s.r.p.m.o.MavenFilterOutputHandler - [ERROR] 	at java.base/java.lang.reflect.Method.invoke(Method.java:566)
02:20:11.464 [Thread-7] ERROR f.i.s.r.p.m.o.MavenFilterOutputHandler - [ERROR] 	at org.codehaus.plexus.classworlds.launcher.Launcher.launchEnhanced(Launcher.java:282)
02:20:11.464 [Thread-7] ERROR f.i.s.r.p.m.o.MavenFilterOutputHandler - [ERROR] 	at org.codehaus.plexus.classworlds.launcher.Launcher.launch(Launcher.java:225)
02:20:11.464 [Thread-7] ERROR f.i.s.r.p.m.o.MavenFilterOutputHandler - [ERROR] 	at org.codehaus.plexus.classworlds.launcher.Launcher.mainWithExitCode(Launcher.java:406)
02:20:11.464 [Thread-7] ERROR f.i.s.r.p.m.o.MavenFilterOutputHandler - [ERROR] 	at org.codehaus.plexus.classworlds.launcher.Launcher.main(Launcher.java:347)
02:20:11.464 [Thread-7] ERROR f.i.s.r.p.m.o.MavenFilterOutputHandler - [ERROR] -> [Help 1]
02:20:11.479 [Thread-7] ERROR f.i.s.r.p.m.o.MavenFilterOutputHandler - [ERROR] 
02:20:11.479 [Thread-7] ERROR f.i.s.r.p.m.o.MavenFilterOutputHandler - [ERROR] Re-run Maven using the -X switch to enable full debug logging.
02:20:11.480 [Thread-7] ERROR f.i.s.r.p.m.o.MavenFilterOutputHandler - [ERROR] 
02:20:11.480 [Thread-7] ERROR f.i.s.r.p.m.o.MavenFilterOutputHandler - [ERROR] For more information about the errors and possible solutions, please read the following articles:
02:20:11.481 [Thread-7] ERROR f.i.s.r.p.m.o.MavenFilterOutputHandler - [ERROR] [Help 1] http://cwiki.apache.org/confluence/display/MAVEN/MojoExecutionException
02:20:11.481 [Thread-7] ERROR f.i.s.r.p.m.o.MavenFilterOutputHandler - [ERROR] 
02:20:11.481 [Thread-7] ERROR f.i.s.r.p.m.o.MavenFilterOutputHandler - [ERROR] After correcting the problems, you can resume the build with the command
02:20:11.481 [Thread-7] ERROR f.i.s.r.p.m.o.MavenFilterOutputHandler - [ERROR]   mvn <goals> -rf :liquibase-core
02:20:29.465 [main] ERROR f.i.s.r.p.s.paths.ComputeClasspath - The file does not exist: /root/./workspace/liquibase-liquibase-master-2244_repo/target/classes.
02:20:29.466 [main] ERROR f.i.s.r.p.s.paths.ComputeClasspath - The file does not exist: /root/./workspace/liquibase-liquibase-master-2244_repo/target/test-classes.
02:20:29.662 [main] ERROR f.i.s.r.process.maven.MavenHelper - Error while building complete model. The raw model will be used. Error message: 1 problem was encountered while building the effective model for org.liquibase:liquibase:0-SNAPSHOT
[ERROR] Failed to determine Java version for profile non-jdk-8 @ 

02:20:29.784 [main] ERROR f.i.s.r.process.maven.MavenHelper - Error while building complete model. The raw model will be used. Error message: 1 problem was encountered while building the effective model for org.liquibase:liquibase-integration-tests:0-SNAPSHOT
[ERROR] Failed to determine Java version for profile non-jdk-8 @ org.liquibase:liquibase:0-SNAPSHOT, /root/workspace/liquibase-liquibase-master-2244_repo/pom.xml

02:20:29.785 [main] ERROR f.i.s.r.p.s.paths.ComputeSourceDir - The source directory is not at default location or specified in build section from pom.xml, and no parent can be found.
02:20:29.813 [main] ERROR f.i.s.r.process.maven.MavenHelper - Error while building complete model. The raw model will be used. Error message: 1 problem was encountered while building the effective model for org.liquibase:liquibase-dist:0-SNAPSHOT
[ERROR] Failed to determine Java version for profile non-jdk-8 @ org.liquibase:liquibase:0-SNAPSHOT, /root/workspace/liquibase-liquibase-master-2244_repo/pom.xml

02:20:29.820 [main] ERROR f.i.s.r.p.s.paths.ComputeSourceDir - The source directory is not at default location or specified in build section from pom.xml, and no parent can be found.
02:20:29.825 [main] INFO  f.i.s.r.p.s.paths.ComputeSourceDir - 6 source dirs were found:
02:20:29.826 [main] INFO  f.i.s.r.p.s.paths.ComputeSourceDir - /root/workspace/liquibase-liquibase-master-2244_repo/liquibase-cdi/src/main/java
02:20:29.826 [main] INFO  f.i.s.r.p.s.paths.ComputeSourceDir - /root/workspace/liquibase-liquibase-master-2244_repo/liquibase-cli/src/main/java
02:20:29.826 [main] INFO  f.i.s.r.p.s.paths.ComputeSourceDir - /root/workspace/liquibase-liquibase-master-2244_repo/liquibase-core/src/main/java
02:20:29.826 [main] INFO  f.i.s.r.p.s.paths.ComputeSourceDir - /root/workspace/liquibase-liquibase-master-2244_repo/liquibase-extension-examples/src/main/java
02:20:29.826 [main] INFO  f.i.s.r.p.s.paths.ComputeSourceDir - /root/workspace/liquibase-liquibase-master-2244_repo/liquibase-extension-testing/src/main/java
02:20:29.826 [main] INFO  f.i.s.r.p.s.paths.ComputeSourceDir - /root/workspace/liquibase-liquibase-master-2244_repo/liquibase-maven-plugin/src/main/java
02:20:29.835 [main] ERROR f.i.s.r.process.maven.MavenHelper - Error while building complete model. The raw model will be used. Error message: 1 problem was encountered while building the effective model for org.liquibase:liquibase:0-SNAPSHOT
[ERROR] Failed to determine Java version for profile non-jdk-8 @ 

02:20:29.869 [main] ERROR f.i.s.r.process.maven.MavenHelper - Error while building complete model. The raw model will be used. Error message: 1 problem was encountered while building the effective model for org.liquibase:liquibase-core:0-SNAPSHOT
[ERROR] Failed to determine Java version for profile non-jdk-8 @ org.liquibase:liquibase:0-SNAPSHOT, /root/workspace/liquibase-liquibase-master-2244_repo/pom.xml

02:20:29.879 [main] ERROR f.i.s.r.process.maven.MavenHelper - Error while building complete model. The raw model will be used. Error message: 1 problem was encountered while building the effective model for org.liquibase:liquibase-cli:0-SNAPSHOT
[ERROR] Failed to determine Java version for profile non-jdk-8 @ org.liquibase:liquibase:0-SNAPSHOT, /root/workspace/liquibase-liquibase-master-2244_repo/pom.xml

02:20:29.884 [main] ERROR f.i.s.r.p.step.paths.ComputeTestDir - The test directory is not at default location or specified in build section from pom.xml, and no parent can be found.
02:20:29.900 [main] ERROR f.i.s.r.process.maven.MavenHelper - Error while building complete model. The raw model will be used. Error message: 1 problem was encountered while building the effective model for org.liquibase:liquibase-maven-plugin:0-SNAPSHOT
[ERROR] Failed to determine Java version for profile non-jdk-8 @ org.liquibase:liquibase:0-SNAPSHOT, /root/workspace/liquibase-liquibase-master-2244_repo/pom.xml

02:20:29.908 [main] ERROR f.i.s.r.process.maven.MavenHelper - Error while building complete model. The raw model will be used. Error message: 1 problem was encountered while building the effective model for org.liquibase:liquibase-cdi:0-SNAPSHOT
[ERROR] Failed to determine Java version for profile non-jdk-8 @ org.liquibase:liquibase:0-SNAPSHOT, /root/workspace/liquibase-liquibase-master-2244_repo/pom.xml

02:20:29.932 [main] ERROR f.i.s.r.process.maven.MavenHelper - Error while building complete model. The raw model will be used. Error message: 1 problem was encountered while building the effective model for org.liquibase:liquibase-integration-tests:0-SNAPSHOT
[ERROR] Failed to determine Java version for profile non-jdk-8 @ org.liquibase:liquibase:0-SNAPSHOT, /root/workspace/liquibase-liquibase-master-2244_repo/pom.xml

02:20:29.948 [main] ERROR f.i.s.r.process.maven.MavenHelper - Error while building complete model. The raw model will be used. Error message: 1 problem was encountered while building the effective model for org.liquibase:liquibase-dist:0-SNAPSHOT
[ERROR] Failed to determine Java version for profile non-jdk-8 @ org.liquibase:liquibase:0-SNAPSHOT, /root/workspace/liquibase-liquibase-master-2244_repo/pom.xml

02:20:29.949 [main] ERROR f.i.s.r.p.step.paths.ComputeTestDir - The test directory is not at default location or specified in build section from pom.xml, and no parent can be found.
02:20:29.971 [main] ERROR f.i.s.r.process.maven.MavenHelper - Error while building complete model. The raw model will be used. Error message: 1 problem was encountered while building the effective model for org.liquibase:liquibase-extension-examples:0-SNAPSHOT
[ERROR] Failed to determine Java version for profile non-jdk-8 @ org.liquibase:liquibase:0-SNAPSHOT, /root/workspace/liquibase-liquibase-master-2244_repo/pom.xml

02:20:29.979 [main] ERROR f.i.s.r.p.step.paths.ComputeTestDir - The test directory is not at default location or specified in build section from pom.xml, and no parent can be found.
02:20:30.001 [main] ERROR f.i.s.r.process.maven.MavenHelper - Error while building complete model. The raw model will be used. Error message: 1 problem was encountered while building the effective model for org.liquibase:liquibase-extension-testing:0-SNAPSHOT
[ERROR] Failed to determine Java version for profile non-jdk-8 @ org.liquibase:liquibase:0-SNAPSHOT, /root/workspace/liquibase-liquibase-master-2244_repo/pom.xml

02:20:30.006 [main] ERROR f.i.s.r.p.step.paths.ComputeTestDir - The test directory is not at default location or specified in build section from pom.xml, and no parent can be found.
02:20:30.006 [main] INFO  f.i.s.r.p.step.paths.ComputeTestDir - 4 test dirs were found:
02:20:30.007 [main] INFO  f.i.s.r.p.step.paths.ComputeTestDir - /root/workspace/liquibase-liquibase-master-2244_repo/liquibase-cdi/src/test/java
02:20:30.007 [main] INFO  f.i.s.r.p.step.paths.ComputeTestDir - /root/workspace/liquibase-liquibase-master-2244_repo/liquibase-core/src/test/java
02:20:30.007 [main] INFO  f.i.s.r.p.step.paths.ComputeTestDir - /root/workspace/liquibase-liquibase-master-2244_repo/liquibase-integration-tests/src/test/java
02:20:30.007 [main] INFO  f.i.s.r.p.step.paths.ComputeTestDir - /root/workspace/liquibase-liquibase-master-2244_repo/liquibase-maven-plugin/src/test/java
02:20:31.324 [main] INFO  f.i.s.r.p.s.g.GatherTestInformation - Get the following failing module path: /root/workspace/liquibase-liquibase-master-2244_repo/liquibase-core
02:20:31.333 [main] INFO  f.i.s.r.p.s.g.GatherTestInformation - ---Test results---
02:20:31.333 [main] INFO  f.i.s.r.p.s.g.GatherTestInformation -    Total tests: 606
02:20:31.333 [main] INFO  f.i.s.r.p.s.g.GatherTestInformation -    Tests run: 605
02:20:31.333 [main] INFO  f.i.s.r.p.s.g.GatherTestInformation -    Tests passing: 604
02:20:31.333 [main] INFO  f.i.s.r.p.s.g.GatherTestInformation -    Failures: 1
02:20:31.333 [main] INFO  f.i.s.r.p.s.g.GatherTestInformation -    Errors: 0
02:20:31.333 [main] INFO  f.i.s.r.p.s.g.GatherTestInformation -    Skipped: 1
[0] INFO Flacoco - Running Flacoco...
[6580] WARN TestMethodFilter - NoClassDefFoundError: class liquibase.integration.ant.type.ConnectionProperties
[6588] WARN TestMethodFilter - NoClassDefFoundError: class liquibase.integration.ant.type.ChangeLogOutputFile
[6960] WARN TestMethodFilter - NoClassDefFoundError: class liquibase.change.core.LoadUpdateDataChange
[6986] WARN TestMethodFilter - NoClassDefFoundError: class liquibase.change.core.LoadDataChange
[7147] WARN TestMethodFilter - NoClassDefFoundError: class liquibase.util.csv.CSVReader
[7582] WARN TestMethodFilter - NoClassDefFoundError: class liquibase.integration.ant.GenerateChangeLogTaskTest
[7582] WARN TestMethodFilter - NoClassDefFoundError: class liquibase.integration.ant.DatabaseUpdateTaskTest
[7583] WARN TestMethodFilter - NoClassDefFoundError: class liquibase.integration.ant.ChangeLogSyncTaskTest
[7583] WARN TestMethodFilter - NoClassDefFoundError: class liquibase.integration.ant.DatabaseRollbackFutureTaskTest
[7584] WARN TestMethodFilter - NoClassDefFoundError: class liquibase.integration.ant.DiffDatabaseTaskTest
[7587] WARN TestMethodFilter - NoClassDefFoundError: class liquibase.integration.ant.ChangeLogDirectoryTest
[7588] WARN TestMethodFilter - NoClassDefFoundError: class liquibase.integration.ant.MarkNextChangeSetRanTaskTest
[7589] WARN TestMethodFilter - NoClassDefFoundError: class liquibase.integration.ant.DiffDatabaseToChangeLogTaskTest
[7590] WARN TestMethodFilter - NoClassDefFoundError: class liquibase.integration.ant.DropAllTaskTest
[7591] WARN TestMethodFilter - NoClassDefFoundError: class liquibase.integration.ant.DatabaseRollbackTaskTest
[7591] WARN TestMethodFilter - NoClassDefFoundError: class liquibase.integration.ant.DBDocTaskTest
[7592] WARN TestMethodFilter - NoClassDefFoundError: class liquibase.integration.ant.TagDatabaseTaskTest
[7594] WARN TestMethodFilter - NoClassDefFoundError: class liquibase.integration.ant.DatabaseUpdateTestingRollbackTaskTest
[8599] WARN TestMethodFilter - NoClassDefFoundError: class liquibase.integration.ant.type.ConnectionProperties
[8602] WARN TestMethodFilter - NoClassDefFoundError: class liquibase.integration.ant.type.ChangeLogOutputFile
[8640] WARN TestMethodFilter - NoClassDefFoundError: class liquibase.change.core.LoadUpdateDataChange
[8643] WARN TestMethodFilter - NoClassDefFoundError: class liquibase.change.core.LoadDataChange
[8660] WARN TestMethodFilter - NoClassDefFoundError: class liquibase.util.csv.CSVReader
[8691] WARN TestMethodFilter - NoClassDefFoundError: class liquibase.integration.ant.GenerateChangeLogTaskTest
[8692] WARN TestMethodFilter - NoClassDefFoundError: class liquibase.integration.ant.DatabaseUpdateTaskTest
[8693] WARN TestMethodFilter - NoClassDefFoundError: class liquibase.integration.ant.ChangeLogSyncTaskTest
[8693] WARN TestMethodFilter - NoClassDefFoundError: class liquibase.integration.ant.DatabaseRollbackFutureTaskTest
[8693] WARN TestMethodFilter - NoClassDefFoundError: class liquibase.integration.ant.DiffDatabaseTaskTest
[8694] WARN TestMethodFilter - NoClassDefFoundError: class liquibase.integration.ant.ChangeLogDirectoryTest
[8694] WARN TestMethodFilter - NoClassDefFoundError: class liquibase.integration.ant.MarkNextChangeSetRanTaskTest
[8695] WARN TestMethodFilter - NoClassDefFoundError: class liquibase.integration.ant.DiffDatabaseToChangeLogTaskTest
[8695] WARN TestMethodFilter - NoClassDefFoundError: class liquibase.integration.ant.DropAllTaskTest
[8695] WARN TestMethodFilter - NoClassDefFoundError: class liquibase.integration.ant.DatabaseRollbackTaskTest
[8696] WARN TestMethodFilter - NoClassDefFoundError: class liquibase.integration.ant.DBDocTaskTest
[8696] WARN TestMethodFilter - NoClassDefFoundError: class liquibase.integration.ant.TagDatabaseTaskTest
[8696] WARN TestMethodFilter - NoClassDefFoundError: class liquibase.integration.ant.DatabaseUpdateTestingRollbackTaskTest
[83075] WARN CoverageRunner - Test [Manual]TestMethod=liquibase.integration.servlet.LiquibaseServletListenerTest#testShouldNotShutEmbeddedDerbyDown result was not reported by test-runner.
[83956] WARN CoverageRunner - Test [Manual]TestMethod=liquibase.verify.change.VerifyChangeClassesTest#extraParamsIsValidSql result was not reported by test-runner.
[83962] WARN CoverageRunner - Test [Manual]TestMethod=liquibase.change.AbstractChangeTest#createSupportedDatabasesMetaData_nullAnnotation result was not reported by test-runner.
[86160] WARN CoverageRunner - Test [Manual]TestMethod=liquibase.util.DependencyUtilTest#$spock_feature_0_6 result was not reported by test-runner.
[86160] WARN CoverageRunner - Test [Manual]TestMethod=liquibase.util.DependencyUtilTest#$spock_feature_0_3 result was not reported by test-runner.
[86160] WARN CoverageRunner - Test [Manual]TestMethod=liquibase.util.DependencyUtilTest#$spock_feature_0_4 result was not reported by test-runner.
[86160] WARN CoverageRunner - Test [Manual]TestMethod=liquibase.util.DependencyUtilTest#$spock_feature_0_5 result was not reported by test-runner.
[86241] WARN CoverageRunner - Test [Manual]TestMethod=liquibase.sqlgenerator.core.AddColumnGeneratorSQLiteTest#supportsSQLLite result was not reported by test-runner.
[86241] WARN CoverageRunner - Test [Manual]TestMethod=liquibase.sqlgenerator.core.AddColumnGeneratorSQLiteTest#doesNotSupportMariaDB result was not reported by test-runner.
[86242] INFO CoverageRunner - Tests found: 605
[86242] INFO CoverageRunner - Tests executed: 596
02:21:59.712 [main] INFO  fr.inria.jtravis.JTravis - GitHub ratelimit: Limit: 5000 Remaining: 4014 Reset hour: 00:12:34
02:22:02.481 [main] INFO  f.i.s.r.p.s.f.FlacocoLocalization - 
02:22:04.634 [main] INFO  f.i.s.r.p.i.ProjectInspector - ----------------------------------------------------------------------
02:22:04.635 [main] INFO  f.i.s.r.p.i.ProjectInspector - PIPELINE EXECUTION SUMMARY
02:22:04.635 [main] INFO  f.i.s.r.p.i.ProjectInspector - ----------------------------------------------------------------------
02:22:04.635 [main] INFO  f.i.s.r.p.i.ProjectInspector - CloneCheckoutGitPullRequest..........................SUCCESS [  26 s ]
02:22:04.635 [main] INFO  f.i.s.r.p.i.ProjectInspector - BuildProject.........................................SUCCESS [ 320 s ]
02:22:04.635 [main] INFO  f.i.s.r.p.i.ProjectInspector - TestProject..........................................SUCCESS [ 168 s ]
02:22:04.635 [main] INFO  f.i.s.r.p.i.ProjectInspector - ComputeClasspath.....................................SUCCESS [  17 s ]
02:22:04.635 [main] INFO  f.i.s.r.p.i.ProjectInspector - ComputeSourceDir.....................................SUCCESS [   0 s ]
02:22:04.635 [main] INFO  f.i.s.r.p.i.ProjectInspector - ComputeTestDir.......................................SUCCESS [   0 s ]
02:22:04.635 [main] INFO  f.i.s.r.p.i.ProjectInspector - GatherTestInformation................................SUCCESS [   1 s ]
02:22:04.635 [main] INFO  f.i.s.r.p.i.ProjectInspector - FlacocoLocalization..................................SUCCESS [  87 s ]
02:22:04.635 [main] INFO  f.i.s.r.p.i.ProjectInspector - PushFaultLocalizationSuggestionsOnExternalRepository.SUCCESS [   3 s ]
02:22:04.635 [main] INFO  f.i.s.r.p.i.ProjectInspector - ----------------------------------------------------------------------
02:22:04.636 [main] INFO  f.i.s.r.p.i.ProjectInspector - PIPELINE FINDING: TEST FAILURE
02:22:04.636 [main] INFO  f.i.s.r.p.i.ProjectInspector - ----------------------------------------------------------------------
02:22:04.636 [main] INFO  f.i.s.r.p.github.GithubMainProcess - Inspector is finished. The process will exit now.