Execute pipeline with following supplementary args: --smtpPort 25 --listenerMode NOOP --launcherMode FAULT_LOCALIZATION  --gitrepourl https://github.com/INRIA/spoon --gitrepopullrequest 4331
java -cp /usr/local/openjdk-11/lib/tools.jar:repairnator-pipeline.jar -Dlogback.configurationFile=/root/logback.xml fr.inria.spirals.repairnator.pipeline.Launcher -d --runId null -o /var/log --ghOauth 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 --faultLocalization --flacocoThreshold 0.0 --flacocoTopK null --ghOauth  --smtpPort 25 --listenerMode NOOP --launcherMode FAULT_LOCALIZATION  --gitrepourl https://github.com/INRIA/spoon --gitrepopullrequest 4331

15:07:07.105 [main] INFO  f.i.s.r.p.g.GithubInitSerializerEngines - Initialize file serializer engines.
15:07:07.107 [main] INFO  f.i.s.r.p.g.GithubInitSerializerEngines - MongoDB won't be used for serialization.
15:07:07.107 [main] INFO  f.i.s.r.p.github.GithubInitNotifiers - The email notifier engine won't be used.
15:07:07.122 [main] INFO  f.i.s.r.p.i.ProjectInspector - ----------------------------------------------------------------------
15:07:07.122 [main] INFO  f.i.s.r.p.i.ProjectInspector - PIPELINE STEPS
15:07:07.122 [main] INFO  f.i.s.r.p.i.ProjectInspector - ----------------------------------------------------------------------
15:07:07.122 [main] INFO  f.i.s.r.p.i.ProjectInspector - CloneCheckoutGitPullRequest
15:07:07.123 [main] INFO  f.i.s.r.p.i.ProjectInspector - BuildProject
15:07:07.123 [main] INFO  f.i.s.r.p.i.ProjectInspector - TestProject
15:07:07.123 [main] INFO  f.i.s.r.p.i.ProjectInspector - ComputeClasspath
15:07:07.123 [main] INFO  f.i.s.r.p.i.ProjectInspector - ComputeSourceDir
15:07:07.123 [main] INFO  f.i.s.r.p.i.ProjectInspector - ComputeTestDir
15:07:07.123 [main] INFO  f.i.s.r.p.i.ProjectInspector - GatherTestInformation
15:07:07.123 [main] INFO  f.i.s.r.p.i.ProjectInspector - FlacocoLocalization
15:07:07.123 [main] INFO  f.i.s.r.p.i.ProjectInspector - PushFaultLocalizationSuggestions
15:07:07.123 [main] INFO  f.i.s.r.p.s.CloneCheckoutGitPullRequest - Cloning repository https://github.com/INRIA/spoon.git in the following directory: ./workspace/INRIA-spoon-master-4331_repo
15:09:38.666 [Thread-7] ERROR f.i.s.r.p.m.o.MavenFilterOutputHandler - [ERROR] Tests run: 3, Failures: 1, Errors: 0, Skipped: 0, Time elapsed: 0.036 s <<< FAILURE! - in spoon.reflect.visitor.ImportCleanerTest
15:09:38.667 [Thread-7] ERROR f.i.s.r.p.m.o.MavenFilterOutputHandler - [ERROR] spoon.reflect.visitor.ImportCleanerTest.testDoesNotRemoveImportForStaticFieldOfStaticClass  Time elapsed: 0.015 s  <<< FAILURE!
15:11:38.390 [Thread-7] ERROR f.i.s.r.p.m.o.MavenFilterOutputHandler - [ERROR] Failures: 
15:11:38.391 [Thread-7] ERROR f.i.s.r.p.m.o.MavenFilterOutputHandler - [ERROR]   ImportCleanerTest.testDoesNotRemoveImportForStaticFieldOfStaticClass:21->testImportCleanerDoesNotAlterImports:54 
15:11:38.391 [Thread-7] ERROR f.i.s.r.p.m.o.MavenFilterOutputHandler - [ERROR] Tests run: 2138, Failures: 1, Errors: 0, Skipped: 18
15:11:39.341 [Thread-7] ERROR f.i.s.r.p.m.o.MavenFilterOutputHandler - [ERROR] Failed to execute goal org.apache.maven.plugins:maven-surefire-plugin:3.0.0-M5:test (default-test) on project spoon-core: There are test failures.
15:11:39.341 [Thread-7] ERROR f.i.s.r.p.m.o.MavenFilterOutputHandler - [ERROR] 
15:11:39.341 [Thread-7] ERROR f.i.s.r.p.m.o.MavenFilterOutputHandler - [ERROR] Please refer to /root/workspace/INRIA-spoon-master-4331_repo/target/surefire-reports for the individual test results.
15:11:39.341 [Thread-7] ERROR f.i.s.r.p.m.o.MavenFilterOutputHandler - [ERROR] Please refer to dump files (if any exist) [date].dump, [date]-jvmRun[N].dump and [date].dumpstream.
15:11:39.341 [Thread-7] ERROR f.i.s.r.p.m.o.MavenFilterOutputHandler - [ERROR] -> [Help 1]
15:11:39.345 [Thread-7] ERROR f.i.s.r.p.m.o.MavenFilterOutputHandler - [ERROR] 
15:11:39.345 [Thread-7] ERROR f.i.s.r.p.m.o.MavenFilterOutputHandler - [ERROR] Re-run Maven using the -X switch to enable full debug logging.
15:11:39.345 [Thread-7] ERROR f.i.s.r.p.m.o.MavenFilterOutputHandler - [ERROR] 
15:11:39.345 [Thread-7] ERROR f.i.s.r.p.m.o.MavenFilterOutputHandler - [ERROR] For more information about the errors and possible solutions, please read the following articles:
15:11:39.345 [Thread-7] ERROR f.i.s.r.p.m.o.MavenFilterOutputHandler - [ERROR] [Help 1] http://cwiki.apache.org/confluence/display/MAVEN/MojoFailureException
15:11:44.703 [main] INFO  f.i.s.r.p.s.paths.ComputeSourceDir - 1 source dir was found:
15:11:44.703 [main] INFO  f.i.s.r.p.s.paths.ComputeSourceDir - /root/workspace/INRIA-spoon-master-4331_repo/src/main/java
15:11:44.756 [main] INFO  f.i.s.r.p.step.paths.ComputeTestDir - It seems the step is entering in a loop while searching the test dir. The following file has already been visited: /root/workspace/INRIA-spoon-master-4331_repo/pom.xml
15:11:44.756 [main] INFO  f.i.s.r.p.step.paths.ComputeTestDir - 1 test dir was found:
15:11:44.756 [main] INFO  f.i.s.r.p.step.paths.ComputeTestDir - /root/workspace/INRIA-spoon-master-4331_repo/src/test/java
15:11:45.014 [main] INFO  f.i.s.r.p.s.g.GatherTestInformation - Get the following failing module path: /root/workspace/INRIA-spoon-master-4331_repo
15:11:45.015 [main] INFO  f.i.s.r.p.s.g.GatherTestInformation - ---Test results---
15:11:45.015 [main] INFO  f.i.s.r.p.s.g.GatherTestInformation -    Total tests: 2138
15:11:45.015 [main] INFO  f.i.s.r.p.s.g.GatherTestInformation -    Tests run: 2120
15:11:45.015 [main] INFO  f.i.s.r.p.s.g.GatherTestInformation -    Tests passing: 2119
15:11:45.015 [main] INFO  f.i.s.r.p.s.g.GatherTestInformation -    Failures: 1
15:11:45.015 [main] INFO  f.i.s.r.p.s.g.GatherTestInformation -    Errors: 0
15:11:45.015 [main] INFO  f.i.s.r.p.s.g.GatherTestInformation -    Skipped: 18
[0] INFO Flacoco - Running Flacoco...
[194] WARN Processor - ClassNotFoundException: spoon.support.visitor.java.internal.RecordComponentRuntimeBuilderContext
[195] WARN Processor - [file:/root/workspace/INRIA-spoon-master-4331_repo/target/classes/, file:/root/workspace/INRIA-spoon-master-4331_repo/target/test-classes/, file:/root/./workspace/INRIA-spoon-master-4331_repo/.m2/org/eclipse/jdt/org.eclipse.jdt.core/3.27.0/org.eclipse.jdt.core-3.27.0.jar, file:/root/./workspace/INRIA-spoon-master-4331_repo/.m2/com/martiansoftware/jsap/2.1/jsap-2.1.jar, file:/root/./workspace/INRIA-spoon-master-4331_repo/.m2/org/slf4j/slf4j-api/1.7.32/slf4j-api-1.7.32.jar, file:/root/./workspace/INRIA-spoon-master-4331_repo/.m2/commons-io/commons-io/2.11.0/commons-io-2.11.0.jar, file:/root/./workspace/INRIA-spoon-master-4331_repo/.m2/org/apache/maven/maven-model/3.8.4/maven-model-3.8.4.jar, file:/root/./workspace/INRIA-spoon-master-4331_repo/.m2/org/codehaus/plexus/plexus-utils/3.3.0/plexus-utils-3.3.0.jar, file:/root/./workspace/INRIA-spoon-master-4331_repo/.m2/org/apache/commons/commons-lang3/3.12.0/commons-lang3-3.12.0.jar, file:/root/./workspace/INRIA-spoon-master-4331_repo/.m2/org/tukaani/xz/1.9/xz-1.9.jar, file:/root/./workspace/INRIA-spoon-master-4331_repo/.m2/com/fasterxml/jackson/core/jackson-databind/2.13.0/jackson-databind-2.13.0.jar, file:/root/./workspace/INRIA-spoon-master-4331_repo/.m2/com/fasterxml/jackson/core/jackson-annotations/2.13.0/jackson-annotations-2.13.0.jar, file:/root/./workspace/INRIA-spoon-master-4331_repo/.m2/com/fasterxml/jackson/core/jackson-core/2.13.0/jackson-core-2.13.0.jar, file:/root/./workspace/INRIA-spoon-master-4331_repo/.m2/org/apache/commons/commons-compress/1.21/commons-compress-1.21.jar, file:/root/./workspace/INRIA-spoon-master-4331_repo/.m2/com/google/guava/guava/31.0.1-jre/guava-31.0.1-jre.jar, file:/root/./workspace/INRIA-spoon-master-4331_repo/.m2/com/google/guava/failureaccess/1.0.1/failureaccess-1.0.1.jar, file:/root/./workspace/INRIA-spoon-master-4331_repo/.m2/com/google/guava/listenablefuture/9999.0-empty-to-avoid-conflict-with-guava/listenablefuture-9999.0-empty-to-avoid-conflict-with-guava.jar, file:/root/./workspace/INRIA-spoon-master-4331_repo/.m2/com/google/code/findbugs/jsr305/3.0.2/jsr305-3.0.2.jar, file:/root/./workspace/INRIA-spoon-master-4331_repo/.m2/org/checkerframework/checker-qual/3.12.0/checker-qual-3.12.0.jar, file:/root/./workspace/INRIA-spoon-master-4331_repo/.m2/com/google/errorprone/error_prone_annotations/2.7.1/error_prone_annotations-2.7.1.jar, file:/root/./workspace/INRIA-spoon-master-4331_repo/.m2/com/google/j2objc/j2objc-annotations/1.3/j2objc-annotations-1.3.jar, file:/root/./workspace/INRIA-spoon-master-4331_repo/.m2/ch/qos/logback/logback-classic/1.2.7/logback-classic-1.2.7.jar, file:/root/./workspace/INRIA-spoon-master-4331_repo/.m2/ch/qos/logback/logback-core/1.2.7/logback-core-1.2.7.jar, file:/root/./workspace/INRIA-spoon-master-4331_repo/.m2/com/mysema/querydsl/querydsl-core/3.6.9/querydsl-core-3.6.9.jar, file:/root/./workspace/INRIA-spoon-master-4331_repo/.m2/org/apache/maven/shared/maven-invoker/3.1.0/maven-invoker-3.1.0.jar, file:/root/./workspace/INRIA-spoon-master-4331_repo/.m2/org/apache/maven/shared/maven-shared-utils/3.3.3/maven-shared-utils-3.3.3.jar, file:/root/./workspace/INRIA-spoon-master-4331_repo/.m2/javax/inject/javax.inject/1/javax.inject-1.jar, file:/root/./workspace/INRIA-spoon-master-4331_repo/.m2/javax/validation/validation-api/2.0.1.Final/validation-api-2.0.1.Final.jar, file:/root/./workspace/INRIA-spoon-master-4331_repo/.m2/com/google/code/gson/gson/2.8.9/gson-2.8.9.jar, file:/root/./workspace/INRIA-spoon-master-4331_repo/.m2/uk/org/lidalia/slf4j-test/1.2.0/slf4j-test-1.2.0.jar, file:/root/./workspace/INRIA-spoon-master-4331_repo/.m2/uk/org/lidalia/lidalia-lang/1.0.0/lidalia-lang-1.0.0.jar, file:/root/./workspace/INRIA-spoon-master-4331_repo/.m2/uk/org/lidalia/lidalia-slf4j-ext/1.0.0/lidalia-slf4j-ext-1.0.0.jar, file:/root/./workspace/INRIA-spoon-master-4331_repo/.m2/joda-time/joda-time/2.2/joda-time-2.2.jar, file:/root/./workspace/INRIA-spoon-master-4331_repo/.m2/org/junit/vintage/junit-vintage-engine/5.8.2/junit-vintage-engine-5.8.2.jar, file:/root/./workspace/INRIA-spoon-master-4331_repo/.m2/org/junit/platform/junit-platform-engine/1.8.2/junit-platform-engine-1.8.2.jar, file:/root/./workspace/INRIA-spoon-master-4331_repo/.m2/org/opentest4j/opentest4j/1.2.0/opentest4j-1.2.0.jar, file:/root/./workspace/INRIA-spoon-master-4331_repo/.m2/org/junit/platform/junit-platform-commons/1.8.2/junit-platform-commons-1.8.2.jar, file:/root/./workspace/INRIA-spoon-master-4331_repo/.m2/junit/junit/4.13.2/junit-4.13.2.jar, file:/root/./workspace/INRIA-spoon-master-4331_repo/.m2/org/hamcrest/hamcrest-core/1.3/hamcrest-core-1.3.jar, file:/root/./workspace/INRIA-spoon-master-4331_repo/.m2/org/apiguardian/apiguardian-api/1.1.2/apiguardian-api-1.1.2.jar, file:/root/./workspace/INRIA-spoon-master-4331_repo/.m2/org/mockito/mockito-core/4.1.0/mockito-core-4.1.0.jar, file:/root/./workspace/INRIA-spoon-master-4331_repo/.m2/net/bytebuddy/byte-buddy/1.12.1/byte-buddy-1.12.1.jar, file:/root/./workspace/INRIA-spoon-master-4331_repo/.m2/net/bytebuddy/byte-buddy-agent/1.12.1/byte-buddy-agent-1.12.1.jar, file:/root/./workspace/INRIA-spoon-master-4331_repo/.m2/org/objenesis/objenesis/3.2/objenesis-3.2.jar, file:/root/./workspace/INRIA-spoon-master-4331_repo/.m2/org/junit/jupiter/junit-jupiter-engine/5.8.2/junit-jupiter-engine-5.8.2.jar, file:/root/./workspace/INRIA-spoon-master-4331_repo/.m2/org/junit/jupiter/junit-jupiter-api/5.8.2/junit-jupiter-api-5.8.2.jar, file:/root/./workspace/INRIA-spoon-master-4331_repo/.m2/org/junit/jupiter/junit-jupiter-params/5.8.2/junit-jupiter-params-5.8.2.jar, file:/root/./workspace/INRIA-spoon-master-4331_repo/.m2/org/mockito/mockito-junit-jupiter/4.1.0/mockito-junit-jupiter-4.1.0.jar, file:/root/./workspace/INRIA-spoon-master-4331_repo/.m2/com/github/stefanbirkner/system-rules/1.19.0/system-rules-1.19.0.jar, file:/root/./workspace/INRIA-spoon-master-4331_repo/target/classes/, file:/root/./workspace/INRIA-spoon-master-4331_repo/target/test-classes/]
[563] WARN Processor - ClassNotFoundException: spoon.support.visitor.java.internal.RecordComponentRuntimeBuilderContext
[563] WARN Processor - [file:/root/workspace/INRIA-spoon-master-4331_repo/target/classes/, file:/root/workspace/INRIA-spoon-master-4331_repo/target/test-classes/, file:/root/./workspace/INRIA-spoon-master-4331_repo/.m2/org/eclipse/jdt/org.eclipse.jdt.core/3.27.0/org.eclipse.jdt.core-3.27.0.jar, file:/root/./workspace/INRIA-spoon-master-4331_repo/.m2/com/martiansoftware/jsap/2.1/jsap-2.1.jar, file:/root/./workspace/INRIA-spoon-master-4331_repo/.m2/org/slf4j/slf4j-api/1.7.32/slf4j-api-1.7.32.jar, file:/root/./workspace/INRIA-spoon-master-4331_repo/.m2/commons-io/commons-io/2.11.0/commons-io-2.11.0.jar, file:/root/./workspace/INRIA-spoon-master-4331_repo/.m2/org/apache/maven/maven-model/3.8.4/maven-model-3.8.4.jar, file:/root/./workspace/INRIA-spoon-master-4331_repo/.m2/org/codehaus/plexus/plexus-utils/3.3.0/plexus-utils-3.3.0.jar, file:/root/./workspace/INRIA-spoon-master-4331_repo/.m2/org/apache/commons/commons-lang3/3.12.0/commons-lang3-3.12.0.jar, file:/root/./workspace/INRIA-spoon-master-4331_repo/.m2/org/tukaani/xz/1.9/xz-1.9.jar, file:/root/./workspace/INRIA-spoon-master-4331_repo/.m2/com/fasterxml/jackson/core/jackson-databind/2.13.0/jackson-databind-2.13.0.jar, file:/root/./workspace/INRIA-spoon-master-4331_repo/.m2/com/fasterxml/jackson/core/jackson-annotations/2.13.0/jackson-annotations-2.13.0.jar, file:/root/./workspace/INRIA-spoon-master-4331_repo/.m2/com/fasterxml/jackson/core/jackson-core/2.13.0/jackson-core-2.13.0.jar, file:/root/./workspace/INRIA-spoon-master-4331_repo/.m2/org/apache/commons/commons-compress/1.21/commons-compress-1.21.jar, file:/root/./workspace/INRIA-spoon-master-4331_repo/.m2/com/google/guava/guava/31.0.1-jre/guava-31.0.1-jre.jar, file:/root/./workspace/INRIA-spoon-master-4331_repo/.m2/com/google/guava/failureaccess/1.0.1/failureaccess-1.0.1.jar, file:/root/./workspace/INRIA-spoon-master-4331_repo/.m2/com/google/guava/listenablefuture/9999.0-empty-to-avoid-conflict-with-guava/listenablefuture-9999.0-empty-to-avoid-conflict-with-guava.jar, file:/root/./workspace/INRIA-spoon-master-4331_repo/.m2/com/google/code/findbugs/jsr305/3.0.2/jsr305-3.0.2.jar, file:/root/./workspace/INRIA-spoon-master-4331_repo/.m2/org/checkerframework/checker-qual/3.12.0/checker-qual-3.12.0.jar, file:/root/./workspace/INRIA-spoon-master-4331_repo/.m2/com/google/errorprone/error_prone_annotations/2.7.1/error_prone_annotations-2.7.1.jar, file:/root/./workspace/INRIA-spoon-master-4331_repo/.m2/com/google/j2objc/j2objc-annotations/1.3/j2objc-annotations-1.3.jar, file:/root/./workspace/INRIA-spoon-master-4331_repo/.m2/ch/qos/logback/logback-classic/1.2.7/logback-classic-1.2.7.jar, file:/root/./workspace/INRIA-spoon-master-4331_repo/.m2/ch/qos/logback/logback-core/1.2.7/logback-core-1.2.7.jar, file:/root/./workspace/INRIA-spoon-master-4331_repo/.m2/com/mysema/querydsl/querydsl-core/3.6.9/querydsl-core-3.6.9.jar, file:/root/./workspace/INRIA-spoon-master-4331_repo/.m2/org/apache/maven/shared/maven-invoker/3.1.0/maven-invoker-3.1.0.jar, file:/root/./workspace/INRIA-spoon-master-4331_repo/.m2/org/apache/maven/shared/maven-shared-utils/3.3.3/maven-shared-utils-3.3.3.jar, file:/root/./workspace/INRIA-spoon-master-4331_repo/.m2/javax/inject/javax.inject/1/javax.inject-1.jar, file:/root/./workspace/INRIA-spoon-master-4331_repo/.m2/javax/validation/validation-api/2.0.1.Final/validation-api-2.0.1.Final.jar, file:/root/./workspace/INRIA-spoon-master-4331_repo/.m2/com/google/code/gson/gson/2.8.9/gson-2.8.9.jar, file:/root/./workspace/INRIA-spoon-master-4331_repo/.m2/uk/org/lidalia/slf4j-test/1.2.0/slf4j-test-1.2.0.jar, file:/root/./workspace/INRIA-spoon-master-4331_repo/.m2/uk/org/lidalia/lidalia-lang/1.0.0/lidalia-lang-1.0.0.jar, file:/root/./workspace/INRIA-spoon-master-4331_repo/.m2/uk/org/lidalia/lidalia-slf4j-ext/1.0.0/lidalia-slf4j-ext-1.0.0.jar, file:/root/./workspace/INRIA-spoon-master-4331_repo/.m2/joda-time/joda-time/2.2/joda-time-2.2.jar, file:/root/./workspace/INRIA-spoon-master-4331_repo/.m2/org/junit/vintage/junit-vintage-engine/5.8.2/junit-vintage-engine-5.8.2.jar, file:/root/./workspace/INRIA-spoon-master-4331_repo/.m2/org/junit/platform/junit-platform-engine/1.8.2/junit-platform-engine-1.8.2.jar, file:/root/./workspace/INRIA-spoon-master-4331_repo/.m2/org/opentest4j/opentest4j/1.2.0/opentest4j-1.2.0.jar, file:/root/./workspace/INRIA-spoon-master-4331_repo/.m2/org/junit/platform/junit-platform-commons/1.8.2/junit-platform-commons-1.8.2.jar, file:/root/./workspace/INRIA-spoon-master-4331_repo/.m2/junit/junit/4.13.2/junit-4.13.2.jar, file:/root/./workspace/INRIA-spoon-master-4331_repo/.m2/org/hamcrest/hamcrest-core/1.3/hamcrest-core-1.3.jar, file:/root/./workspace/INRIA-spoon-master-4331_repo/.m2/org/apiguardian/apiguardian-api/1.1.2/apiguardian-api-1.1.2.jar, file:/root/./workspace/INRIA-spoon-master-4331_repo/.m2/org/mockito/mockito-core/4.1.0/mockito-core-4.1.0.jar, file:/root/./workspace/INRIA-spoon-master-4331_repo/.m2/net/bytebuddy/byte-buddy/1.12.1/byte-buddy-1.12.1.jar, file:/root/./workspace/INRIA-spoon-master-4331_repo/.m2/net/bytebuddy/byte-buddy-agent/1.12.1/byte-buddy-agent-1.12.1.jar, file:/root/./workspace/INRIA-spoon-master-4331_repo/.m2/org/objenesis/objenesis/3.2/objenesis-3.2.jar, file:/root/./workspace/INRIA-spoon-master-4331_repo/.m2/org/junit/jupiter/junit-jupiter-engine/5.8.2/junit-jupiter-engine-5.8.2.jar, file:/root/./workspace/INRIA-spoon-master-4331_repo/.m2/org/junit/jupiter/junit-jupiter-api/5.8.2/junit-jupiter-api-5.8.2.jar, file:/root/./workspace/INRIA-spoon-master-4331_repo/.m2/org/junit/jupiter/junit-jupiter-params/5.8.2/junit-jupiter-params-5.8.2.jar, file:/root/./workspace/INRIA-spoon-master-4331_repo/.m2/org/mockito/mockito-junit-jupiter/4.1.0/mockito-junit-jupiter-4.1.0.jar, file:/root/./workspace/INRIA-spoon-master-4331_repo/.m2/com/github/stefanbirkner/system-rules/1.19.0/system-rules-1.19.0.jar, file:/root/./workspace/INRIA-spoon-master-4331_repo/target/classes/, file:/root/./workspace/INRIA-spoon-master-4331_repo/target/test-classes/]
[614] WARN Processor - ClassNotFoundException: spoon.support.visitor.java.internal.RecordComponentRuntimeBuilderContext
[614] WARN Processor - [file:/root/workspace/INRIA-spoon-master-4331_repo/target/classes/, file:/root/workspace/INRIA-spoon-master-4331_repo/target/test-classes/, file:/root/./workspace/INRIA-spoon-master-4331_repo/.m2/org/eclipse/jdt/org.eclipse.jdt.core/3.27.0/org.eclipse.jdt.core-3.27.0.jar, file:/root/./workspace/INRIA-spoon-master-4331_repo/.m2/com/martiansoftware/jsap/2.1/jsap-2.1.jar, file:/root/./workspace/INRIA-spoon-master-4331_repo/.m2/org/slf4j/slf4j-api/1.7.32/slf4j-api-1.7.32.jar, file:/root/./workspace/INRIA-spoon-master-4331_repo/.m2/commons-io/commons-io/2.11.0/commons-io-2.11.0.jar, file:/root/./workspace/INRIA-spoon-master-4331_repo/.m2/org/apache/maven/maven-model/3.8.4/maven-model-3.8.4.jar, file:/root/./workspace/INRIA-spoon-master-4331_repo/.m2/org/codehaus/plexus/plexus-utils/3.3.0/plexus-utils-3.3.0.jar, file:/root/./workspace/INRIA-spoon-master-4331_repo/.m2/org/apache/commons/commons-lang3/3.12.0/commons-lang3-3.12.0.jar, file:/root/./workspace/INRIA-spoon-master-4331_repo/.m2/org/tukaani/xz/1.9/xz-1.9.jar, file:/root/./workspace/INRIA-spoon-master-4331_repo/.m2/com/fasterxml/jackson/core/jackson-databind/2.13.0/jackson-databind-2.13.0.jar, file:/root/./workspace/INRIA-spoon-master-4331_repo/.m2/com/fasterxml/jackson/core/jackson-annotations/2.13.0/jackson-annotations-2.13.0.jar, file:/root/./workspace/INRIA-spoon-master-4331_repo/.m2/com/fasterxml/jackson/core/jackson-core/2.13.0/jackson-core-2.13.0.jar, file:/root/./workspace/INRIA-spoon-master-4331_repo/.m2/org/apache/commons/commons-compress/1.21/commons-compress-1.21.jar, file:/root/./workspace/INRIA-spoon-master-4331_repo/.m2/com/google/guava/guava/31.0.1-jre/guava-31.0.1-jre.jar, file:/root/./workspace/INRIA-spoon-master-4331_repo/.m2/com/google/guava/failureaccess/1.0.1/failureaccess-1.0.1.jar, file:/root/./workspace/INRIA-spoon-master-4331_repo/.m2/com/google/guava/listenablefuture/9999.0-empty-to-avoid-conflict-with-guava/listenablefuture-9999.0-empty-to-avoid-conflict-with-guava.jar, file:/root/./workspace/INRIA-spoon-master-4331_repo/.m2/com/google/code/findbugs/jsr305/3.0.2/jsr305-3.0.2.jar, file:/root/./workspace/INRIA-spoon-master-4331_repo/.m2/org/checkerframework/checker-qual/3.12.0/checker-qual-3.12.0.jar, file:/root/./workspace/INRIA-spoon-master-4331_repo/.m2/com/google/errorprone/error_prone_annotations/2.7.1/error_prone_annotations-2.7.1.jar, file:/root/./workspace/INRIA-spoon-master-4331_repo/.m2/com/google/j2objc/j2objc-annotations/1.3/j2objc-annotations-1.3.jar, file:/root/./workspace/INRIA-spoon-master-4331_repo/.m2/ch/qos/logback/logback-classic/1.2.7/logback-classic-1.2.7.jar, file:/root/./workspace/INRIA-spoon-master-4331_repo/.m2/ch/qos/logback/logback-core/1.2.7/logback-core-1.2.7.jar, file:/root/./workspace/INRIA-spoon-master-4331_repo/.m2/com/mysema/querydsl/querydsl-core/3.6.9/querydsl-core-3.6.9.jar, file:/root/./workspace/INRIA-spoon-master-4331_repo/.m2/org/apache/maven/shared/maven-invoker/3.1.0/maven-invoker-3.1.0.jar, file:/root/./workspace/INRIA-spoon-master-4331_repo/.m2/org/apache/maven/shared/maven-shared-utils/3.3.3/maven-shared-utils-3.3.3.jar, file:/root/./workspace/INRIA-spoon-master-4331_repo/.m2/javax/inject/javax.inject/1/javax.inject-1.jar, file:/root/./workspace/INRIA-spoon-master-4331_repo/.m2/javax/validation/validation-api/2.0.1.Final/validation-api-2.0.1.Final.jar, file:/root/./workspace/INRIA-spoon-master-4331_repo/.m2/com/google/code/gson/gson/2.8.9/gson-2.8.9.jar, file:/root/./workspace/INRIA-spoon-master-4331_repo/.m2/uk/org/lidalia/slf4j-test/1.2.0/slf4j-test-1.2.0.jar, file:/root/./workspace/INRIA-spoon-master-4331_repo/.m2/uk/org/lidalia/lidalia-lang/1.0.0/lidalia-lang-1.0.0.jar, file:/root/./workspace/INRIA-spoon-master-4331_repo/.m2/uk/org/lidalia/lidalia-slf4j-ext/1.0.0/lidalia-slf4j-ext-1.0.0.jar, file:/root/./workspace/INRIA-spoon-master-4331_repo/.m2/joda-time/joda-time/2.2/joda-time-2.2.jar, file:/root/./workspace/INRIA-spoon-master-4331_repo/.m2/org/junit/vintage/junit-vintage-engine/5.8.2/junit-vintage-engine-5.8.2.jar, file:/root/./workspace/INRIA-spoon-master-4331_repo/.m2/org/junit/platform/junit-platform-engine/1.8.2/junit-platform-engine-1.8.2.jar, file:/root/./workspace/INRIA-spoon-master-4331_repo/.m2/org/opentest4j/opentest4j/1.2.0/opentest4j-1.2.0.jar, file:/root/./workspace/INRIA-spoon-master-4331_repo/.m2/org/junit/platform/junit-platform-commons/1.8.2/junit-platform-commons-1.8.2.jar, file:/root/./workspace/INRIA-spoon-master-4331_repo/.m2/junit/junit/4.13.2/junit-4.13.2.jar, file:/root/./workspace/INRIA-spoon-master-4331_repo/.m2/org/hamcrest/hamcrest-core/1.3/hamcrest-core-1.3.jar, file:/root/./workspace/INRIA-spoon-master-4331_repo/.m2/org/apiguardian/apiguardian-api/1.1.2/apiguardian-api-1.1.2.jar, file:/root/./workspace/INRIA-spoon-master-4331_repo/.m2/org/mockito/mockito-core/4.1.0/mockito-core-4.1.0.jar, file:/root/./workspace/INRIA-spoon-master-4331_repo/.m2/net/bytebuddy/byte-buddy/1.12.1/byte-buddy-1.12.1.jar, file:/root/./workspace/INRIA-spoon-master-4331_repo/.m2/net/bytebuddy/byte-buddy-agent/1.12.1/byte-buddy-agent-1.12.1.jar, file:/root/./workspace/INRIA-spoon-master-4331_repo/.m2/org/objenesis/objenesis/3.2/objenesis-3.2.jar, file:/root/./workspace/INRIA-spoon-master-4331_repo/.m2/org/junit/jupiter/junit-jupiter-engine/5.8.2/junit-jupiter-engine-5.8.2.jar, file:/root/./workspace/INRIA-spoon-master-4331_repo/.m2/org/junit/jupiter/junit-jupiter-api/5.8.2/junit-jupiter-api-5.8.2.jar, file:/root/./workspace/INRIA-spoon-master-4331_repo/.m2/org/junit/jupiter/junit-jupiter-params/5.8.2/junit-jupiter-params-5.8.2.jar, file:/root/./workspace/INRIA-spoon-master-4331_repo/.m2/org/mockito/mockito-junit-jupiter/4.1.0/mockito-junit-jupiter-4.1.0.jar, file:/root/./workspace/INRIA-spoon-master-4331_repo/.m2/com/github/stefanbirkner/system-rules/1.19.0/system-rules-1.19.0.jar, file:/root/./workspace/INRIA-spoon-master-4331_repo/target/classes/, file:/root/./workspace/INRIA-spoon-master-4331_repo/target/test-classes/]
[653] WARN Processor - ClassNotFoundException: spoon.support.visitor.java.internal.RecordComponentRuntimeBuilderContext
[653] WARN Processor - [file:/root/workspace/INRIA-spoon-master-4331_repo/target/classes/, file:/root/workspace/INRIA-spoon-master-4331_repo/target/test-classes/, file:/root/./workspace/INRIA-spoon-master-4331_repo/.m2/org/eclipse/jdt/org.eclipse.jdt.core/3.27.0/org.eclipse.jdt.core-3.27.0.jar, file:/root/./workspace/INRIA-spoon-master-4331_repo/.m2/com/martiansoftware/jsap/2.1/jsap-2.1.jar, file:/root/./workspace/INRIA-spoon-master-4331_repo/.m2/org/slf4j/slf4j-api/1.7.32/slf4j-api-1.7.32.jar, file:/root/./workspace/INRIA-spoon-master-4331_repo/.m2/commons-io/commons-io/2.11.0/commons-io-2.11.0.jar, file:/root/./workspace/INRIA-spoon-master-4331_repo/.m2/org/apache/maven/maven-model/3.8.4/maven-model-3.8.4.jar, file:/root/./workspace/INRIA-spoon-master-4331_repo/.m2/org/codehaus/plexus/plexus-utils/3.3.0/plexus-utils-3.3.0.jar, file:/root/./workspace/INRIA-spoon-master-4331_repo/.m2/org/apache/commons/commons-lang3/3.12.0/commons-lang3-3.12.0.jar, file:/root/./workspace/INRIA-spoon-master-4331_repo/.m2/org/tukaani/xz/1.9/xz-1.9.jar, file:/root/./workspace/INRIA-spoon-master-4331_repo/.m2/com/fasterxml/jackson/core/jackson-databind/2.13.0/jackson-databind-2.13.0.jar, file:/root/./workspace/INRIA-spoon-master-4331_repo/.m2/com/fasterxml/jackson/core/jackson-annotations/2.13.0/jackson-annotations-2.13.0.jar, file:/root/./workspace/INRIA-spoon-master-4331_repo/.m2/com/fasterxml/jackson/core/jackson-core/2.13.0/jackson-core-2.13.0.jar, file:/root/./workspace/INRIA-spoon-master-4331_repo/.m2/org/apache/commons/commons-compress/1.21/commons-compress-1.21.jar, file:/root/./workspace/INRIA-spoon-master-4331_repo/.m2/com/google/guava/guava/31.0.1-jre/guava-31.0.1-jre.jar, file:/root/./workspace/INRIA-spoon-master-4331_repo/.m2/com/google/guava/failureaccess/1.0.1/failureaccess-1.0.1.jar, file:/root/./workspace/INRIA-spoon-master-4331_repo/.m2/com/google/guava/listenablefuture/9999.0-empty-to-avoid-conflict-with-guava/listenablefuture-9999.0-empty-to-avoid-conflict-with-guava.jar, file:/root/./workspace/INRIA-spoon-master-4331_repo/.m2/com/google/code/findbugs/jsr305/3.0.2/jsr305-3.0.2.jar, file:/root/./workspace/INRIA-spoon-master-4331_repo/.m2/org/checkerframework/checker-qual/3.12.0/checker-qual-3.12.0.jar, file:/root/./workspace/INRIA-spoon-master-4331_repo/.m2/com/google/errorprone/error_prone_annotations/2.7.1/error_prone_annotations-2.7.1.jar, file:/root/./workspace/INRIA-spoon-master-4331_repo/.m2/com/google/j2objc/j2objc-annotations/1.3/j2objc-annotations-1.3.jar, file:/root/./workspace/INRIA-spoon-master-4331_repo/.m2/ch/qos/logback/logback-classic/1.2.7/logback-classic-1.2.7.jar, file:/root/./workspace/INRIA-spoon-master-4331_repo/.m2/ch/qos/logback/logback-core/1.2.7/logback-core-1.2.7.jar, file:/root/./workspace/INRIA-spoon-master-4331_repo/.m2/com/mysema/querydsl/querydsl-core/3.6.9/querydsl-core-3.6.9.jar, file:/root/./workspace/INRIA-spoon-master-4331_repo/.m2/org/apache/maven/shared/maven-invoker/3.1.0/maven-invoker-3.1.0.jar, file:/root/./workspace/INRIA-spoon-master-4331_repo/.m2/org/apache/maven/shared/maven-shared-utils/3.3.3/maven-shared-utils-3.3.3.jar, file:/root/./workspace/INRIA-spoon-master-4331_repo/.m2/javax/inject/javax.inject/1/javax.inject-1.jar, file:/root/./workspace/INRIA-spoon-master-4331_repo/.m2/javax/validation/validation-api/2.0.1.Final/validation-api-2.0.1.Final.jar, file:/root/./workspace/INRIA-spoon-master-4331_repo/.m2/com/google/code/gson/gson/2.8.9/gson-2.8.9.jar, file:/root/./workspace/INRIA-spoon-master-4331_repo/.m2/uk/org/lidalia/slf4j-test/1.2.0/slf4j-test-1.2.0.jar, file:/root/./workspace/INRIA-spoon-master-4331_repo/.m2/uk/org/lidalia/lidalia-lang/1.0.0/lidalia-lang-1.0.0.jar, file:/root/./workspace/INRIA-spoon-master-4331_repo/.m2/uk/org/lidalia/lidalia-slf4j-ext/1.0.0/lidalia-slf4j-ext-1.0.0.jar, file:/root/./workspace/INRIA-spoon-master-4331_repo/.m2/joda-time/joda-time/2.2/joda-time-2.2.jar, file:/root/./workspace/INRIA-spoon-master-4331_repo/.m2/org/junit/vintage/junit-vintage-engine/5.8.2/junit-vintage-engine-5.8.2.jar, file:/root/./workspace/INRIA-spoon-master-4331_repo/.m2/org/junit/platform/junit-platform-engine/1.8.2/junit-platform-engine-1.8.2.jar, file:/root/./workspace/INRIA-spoon-master-4331_repo/.m2/org/opentest4j/opentest4j/1.2.0/opentest4j-1.2.0.jar, file:/root/./workspace/INRIA-spoon-master-4331_repo/.m2/org/junit/platform/junit-platform-commons/1.8.2/junit-platform-commons-1.8.2.jar, file:/root/./workspace/INRIA-spoon-master-4331_repo/.m2/junit/junit/4.13.2/junit-4.13.2.jar, file:/root/./workspace/INRIA-spoon-master-4331_repo/.m2/org/hamcrest/hamcrest-core/1.3/hamcrest-core-1.3.jar, file:/root/./workspace/INRIA-spoon-master-4331_repo/.m2/org/apiguardian/apiguardian-api/1.1.2/apiguardian-api-1.1.2.jar, file:/root/./workspace/INRIA-spoon-master-4331_repo/.m2/org/mockito/mockito-core/4.1.0/mockito-core-4.1.0.jar, file:/root/./workspace/INRIA-spoon-master-4331_repo/.m2/net/bytebuddy/byte-buddy/1.12.1/byte-buddy-1.12.1.jar, file:/root/./workspace/INRIA-spoon-master-4331_repo/.m2/net/bytebuddy/byte-buddy-agent/1.12.1/byte-buddy-agent-1.12.1.jar, file:/root/./workspace/INRIA-spoon-master-4331_repo/.m2/org/objenesis/objenesis/3.2/objenesis-3.2.jar, file:/root/./workspace/INRIA-spoon-master-4331_repo/.m2/org/junit/jupiter/junit-jupiter-engine/5.8.2/junit-jupiter-engine-5.8.2.jar, file:/root/./workspace/INRIA-spoon-master-4331_repo/.m2/org/junit/jupiter/junit-jupiter-api/5.8.2/junit-jupiter-api-5.8.2.jar, file:/root/./workspace/INRIA-spoon-master-4331_repo/.m2/org/junit/jupiter/junit-jupiter-params/5.8.2/junit-jupiter-params-5.8.2.jar, file:/root/./workspace/INRIA-spoon-master-4331_repo/.m2/org/mockito/mockito-junit-jupiter/4.1.0/mockito-junit-jupiter-4.1.0.jar, file:/root/./workspace/INRIA-spoon-master-4331_repo/.m2/com/github/stefanbirkner/system-rules/1.19.0/system-rules-1.19.0.jar, file:/root/./workspace/INRIA-spoon-master-4331_repo/target/classes/, file:/root/./workspace/INRIA-spoon-master-4331_repo/target/test-classes/]
[53672] WARN CoverageRunner - Test [Manual]TestMethod=spoon.MavenLauncherTest#testTypeResolution result was not reported by test-runner.
[67879] WARN CoverageRunner - Test [Manual]TestMethod=spoon.reflect.visitor.CtInheritanceScannerTest#testCtInheritanceScanner result was not reported by test-runner.
[216934] WARN CoverageRunner - Test [Manual]TestMethod=spoon.test.intercession.IntercessionTest#testResetCollectionInSetters result was not reported by test-runner.
[216934] WARN CoverageRunner - Test [Manual]TestMethod=spoon.test.intercession.OneCanCallSetterWithNullParameterizedTest#testContract result was not reported by test-runner.
[277482] WARN CoverageRunner - Test [Manual]TestMethod=spoon.test.UnresolvedBugTest#checkGithubIssueAnnotations result was not reported by test-runner.
[325886] WARN CoverageRunner - Test [Manual]TestMethod=spoon.test.spoonifier.SpoonifierTest#testOnAllTestClasses result was not reported by test-runner.
[327302] WARN CoverageRunner - Test [Manual]TestMethod=spoon.test.spoonifier.SpoonifierTest#testSpoonifierElement result was not reported by test-runner.
[362803] WARN CoverageRunner - Test [Manual]TestMethod=spoon.test.replace.ReplaceParametrizedTest#testContract result was not reported by test-runner.
[446896] WARN CoverageRunner - Test [Manual]TestMethod=spoon.test.parent.SetParentTest#testContract result was not reported by test-runner.
[450597] WARN CoverageRunner - Test [Manual]TestMethod=spoon.test.parent.ContractOnSettersParametrizedTest#testContract result was not reported by test-runner.
[455253] WARN CoverageRunner - Test [Manual]TestMethod=spoon.test.parent.ParentTest#testParentSetInSetter result was not reported by test-runner.
[484771] WARN CoverageRunner - Test [Manual]TestMethod=spoon.test.issue3321.AnnotationPositionTest#testUsageOfTypeAnnotationOnParameterInMethod result was not reported by test-runner.
[484771] WARN CoverageRunner - Test [Manual]TestMethod=spoon.test.issue3321.AnnotationPositionTest#testSneakyAnnotationsOnParameters result was not reported by test-runner.
[553555] WARN CoverageRunner - Test [Manual]TestMethod=spoon.test.prettyprinter.LoopSniperJavaPrettyPrinterTest#whileWithBraces result was not reported by test-runner.
[597113] WARN CoverageRunner - Test [Manual]TestMethod=spoon.test.prettyprinter.DefaultPrettyPrinterTest#testCheckstyleCompliance result was not reported by test-runner.
[597113] WARN CoverageRunner - Test [Manual]TestMethod=spoon.test.module.TestModule#testGetModuleAfterChangingItsName result was not reported by test-runner.
[597113] WARN CoverageRunner - Test [Manual]TestMethod=spoon.test.module.TestModule#testModuleNames result was not reported by test-runner.
[597113] WARN CoverageRunner - Test [Manual]TestMethod=spoon.test.module.TestModule#testMultipleModulesAndParents result was not reported by test-runner.
[597113] WARN CoverageRunner - Test [Manual]TestMethod=spoon.test.module.TestModule#testModuleComplianceLevelException result was not reported by test-runner.
[597113] WARN CoverageRunner - Test [Manual]TestMethod=spoon.test.module.TestModule#testModuleOverlappingPackages result was not reported by test-runner.
[597113] WARN CoverageRunner - Test [Manual]TestMethod=spoon.test.module.TestModule#testCompleteModuleInfoContentNoClasspath result was not reported by test-runner.
[597113] WARN CoverageRunner - Test [Manual]TestMethod=spoon.test.module.TestModule#testModuleInfoShouldBeCorrectlyPrettyPrinted result was not reported by test-runner.
[597113] WARN CoverageRunner - Test [Manual]TestMethod=spoon.test.module.TestModule#testModuleInfoWithComments result was not reported by test-runner.
[597113] WARN CoverageRunner - Test [Manual]TestMethod=spoon.test.module.TestModule#testDirectiveOrders result was not reported by test-runner.
[597113] WARN CoverageRunner - Test [Manual]TestMethod=spoon.test.module.TestModule#testGetParentOfRootPackageOfModule result was not reported by test-runner.
[810043] WARN CoverageRunner - Test [Manual]TestMethod=spoon.MavenLauncherTest#testTypeResolution result was not reported by test-runner.
[823540] WARN CoverageRunner - Test [Manual]TestMethod=spoon.reflect.visitor.CtInheritanceScannerTest#testCtInheritanceScanner result was not reported by test-runner.
[970116] WARN CoverageRunner - Test [Manual]TestMethod=spoon.test.intercession.IntercessionTest#testResetCollectionInSetters result was not reported by test-runner.
[970116] WARN CoverageRunner - Test [Manual]TestMethod=spoon.test.intercession.OneCanCallSetterWithNullParameterizedTest#testContract result was not reported by test-runner.
[1030716] WARN CoverageRunner - Test [Manual]TestMethod=spoon.test.UnresolvedBugTest#checkGithubIssueAnnotations result was not reported by test-runner.
[1078843] WARN CoverageRunner - Test [Manual]TestMethod=spoon.test.spoonifier.SpoonifierTest#testOnAllTestClasses result was not reported by test-runner.
[1080260] WARN CoverageRunner - Test [Manual]TestMethod=spoon.test.spoonifier.SpoonifierTest#testSpoonifierElement result was not reported by test-runner.
[1115589] WARN CoverageRunner - Test [Manual]TestMethod=spoon.test.replace.ReplaceParametrizedTest#testContract result was not reported by test-runner.
[1199028] WARN CoverageRunner - Test [Manual]TestMethod=spoon.test.parent.SetParentTest#testContract result was not reported by test-runner.
[1202732] WARN CoverageRunner - Test [Manual]TestMethod=spoon.test.parent.ContractOnSettersParametrizedTest#testContract result was not reported by test-runner.
[1207352] WARN CoverageRunner - Test [Manual]TestMethod=spoon.test.parent.ParentTest#testParentSetInSetter result was not reported by test-runner.
[1236821] WARN CoverageRunner - Test [Manual]TestMethod=spoon.test.issue3321.AnnotationPositionTest#testUsageOfTypeAnnotationOnParameterInMethod result was not reported by test-runner.
[1236821] WARN CoverageRunner - Test [Manual]TestMethod=spoon.test.issue3321.AnnotationPositionTest#testSneakyAnnotationsOnParameters result was not reported by test-runner.
[1305493] WARN CoverageRunner - Test [Manual]TestMethod=spoon.test.prettyprinter.LoopSniperJavaPrettyPrinterTest#whileWithBraces result was not reported by test-runner.
[1348784] WARN CoverageRunner - Test [Manual]TestMethod=spoon.test.prettyprinter.DefaultPrettyPrinterTest#testCheckstyleCompliance result was not reported by test-runner.
[1348784] WARN CoverageRunner - Test [Manual]TestMethod=spoon.test.module.TestModule#testGetModuleAfterChangingItsName result was not reported by test-runner.
[1348784] WARN CoverageRunner - Test [Manual]TestMethod=spoon.test.module.TestModule#testModuleNames result was not reported by test-runner.
[1348784] WARN CoverageRunner - Test [Manual]TestMethod=spoon.test.module.TestModule#testMultipleModulesAndParents result was not reported by test-runner.
[1348784] WARN CoverageRunner - Test [Manual]TestMethod=spoon.test.module.TestModule#testModuleComplianceLevelException result was not reported by test-runner.
[1348784] WARN CoverageRunner - Test [Manual]TestMethod=spoon.test.module.TestModule#testModuleOverlappingPackages result was not reported by test-runner.
[1348784] WARN CoverageRunner - Test [Manual]TestMethod=spoon.test.module.TestModule#testCompleteModuleInfoContentNoClasspath result was not reported by test-runner.
[1348784] WARN CoverageRunner - Test [Manual]TestMethod=spoon.test.module.TestModule#testModuleInfoShouldBeCorrectlyPrettyPrinted result was not reported by test-runner.
[1348784] WARN CoverageRunner - Test [Manual]TestMethod=spoon.test.module.TestModule#testModuleInfoWithComments result was not reported by test-runner.
[1348784] WARN CoverageRunner - Test [Manual]TestMethod=spoon.test.module.TestModule#testDirectiveOrders result was not reported by test-runner.
[1348784] WARN CoverageRunner - Test [Manual]TestMethod=spoon.test.module.TestModule#testGetParentOfRootPackageOfModule result was not reported by test-runner.
[1591286] WARN CoverageRunner - Test [Manual]TestMethod=spoon.generating.CorrectIdentifierTest#keyWord result was not reported by test-runner.
[1591286] WARN CoverageRunner - Test [Manual]TestMethod=spoon.generating.CorrectIdentifierTest#keyWord2 result was not reported by test-runner.
[1591286] WARN CoverageRunner - Test [Manual]TestMethod=spoon.generating.CorrectIdentifierTest#keyWord3 result was not reported by test-runner.
[1598593] WARN CoverageRunner - Test [Manual]TestMethod=spoon.support.visitor.java.JavaReflectionTreeBuilderTest#testShadowRecords result was not reported by test-runner.
[1801346] WARN CoverageRunner - Test [Manual]TestMethod=spoon.test.comment.CommentTest#testDocumentationContract result was not reported by test-runner.
[1849849] WARN CoverageRunner - Test [Manual]TestMethod=spoon.test.prettyprinter.TestSniperPrinter#testRoundBracketPrintingInComplexArithmeticExpression result was not reported by test-runner.
[1987720] WARN CoverageRunner - Test [Manual]TestMethod=spoon.generating.CorrectIdentifierTest#keyWord result was not reported by test-runner.
[1987720] WARN CoverageRunner - Test [Manual]TestMethod=spoon.generating.CorrectIdentifierTest#keyWord2 result was not reported by test-runner.
[1987720] WARN CoverageRunner - Test [Manual]TestMethod=spoon.generating.CorrectIdentifierTest#keyWord3 result was not reported by test-runner.
[1994996] WARN CoverageRunner - Test [Manual]TestMethod=spoon.support.visitor.java.JavaReflectionTreeBuilderTest#testShadowRecords result was not reported by test-runner.
[2198831] WARN CoverageRunner - Test [Manual]TestMethod=spoon.test.comment.CommentTest#testDocumentationContract result was not reported by test-runner.
[2247293] WARN CoverageRunner - Test [Manual]TestMethod=spoon.test.prettyprinter.TestSniperPrinter#testRoundBracketPrintingInComplexArithmeticExpression result was not reported by test-runner.
[2356547] INFO CoverageRunner - Tests found: 3094
[2356547] INFO CoverageRunner - Tests executed: 3032
15:51:03.089 [main] INFO  fr.inria.jtravis.JTravis - GitHub ratelimit: Limit: 5000 Remaining: 4875 Reset hour: 00:13:24
15:51:04.547 [main] WARN  f.i.s.r.p.s.p.PushFaultLocalizationSuggestions - Flacoco has found 6746 suspicious lines, but none were matched to the diff
15:51:04.547 [main] INFO  f.i.s.r.p.s.f.FlacocoLocalization - 
15:51:05.303 [main] INFO  f.i.s.r.p.i.ProjectInspector - ----------------------------------------------------------------------
15:51:05.303 [main] INFO  f.i.s.r.p.i.ProjectInspector - PIPELINE EXECUTION SUMMARY
15:51:05.303 [main] INFO  f.i.s.r.p.i.ProjectInspector - ----------------------------------------------------------------------
15:51:05.303 [main] INFO  f.i.s.r.p.i.ProjectInspector - CloneCheckoutGitPullRequest.........................SUCCESS [   19 s ]
15:51:05.303 [main] INFO  f.i.s.r.p.i.ProjectInspector - BuildProject........................................SUCCESS [   54 s ]
15:51:05.303 [main] INFO  f.i.s.r.p.i.ProjectInspector - TestProject.........................................SUCCESS [  200 s ]
15:51:05.303 [main] INFO  f.i.s.r.p.i.ProjectInspector - ComputeClasspath....................................SUCCESS [    4 s ]
15:51:05.303 [main] INFO  f.i.s.r.p.i.ProjectInspector - ComputeSourceDir....................................SUCCESS [    0 s ]
15:51:05.303 [main] INFO  f.i.s.r.p.i.ProjectInspector - ComputeTestDir......................................SUCCESS [    0 s ]
15:51:05.303 [main] INFO  f.i.s.r.p.i.ProjectInspector - GatherTestInformation...............................SUCCESS [    0 s ]
15:51:05.303 [main] INFO  f.i.s.r.p.i.ProjectInspector - FlacocoLocalization.................................SUCCESS [ 2357 s ]
15:51:05.303 [main] INFO  f.i.s.r.p.i.ProjectInspector - PushFaultLocalizationSuggestions....................SKIPPED           
15:51:05.304 [main] INFO  f.i.s.r.p.i.ProjectInspector - ----------------------------------------------------------------------
15:51:05.304 [main] INFO  f.i.s.r.p.i.ProjectInspector - PIPELINE FINDING: TEST FAILURE
15:51:05.304 [main] INFO  f.i.s.r.p.i.ProjectInspector - ----------------------------------------------------------------------
15:51:05.304 [main] INFO  f.i.s.r.p.github.GithubMainProcess - Inspector is finished. The process will exit now.