Execute pipeline with following supplementary args: --smtpPort 25 --listenerMode NOOP --launcherMode FAULT_LOCALIZATION  --gitrepourl https://github.com/INRIA/spoon --gitrepopullrequest 4320
java -cp /usr/local/openjdk-11/lib/tools.jar:repairnator-pipeline.jar -Dlogback.configurationFile=/root/logback.xml fr.inria.spirals.repairnator.pipeline.Launcher -d --runId null -o /var/log --ghOauth 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 --faultLocalization --flacocoThreshold 0.0 --flacocoTopK null --ghOauth  --smtpPort 25 --listenerMode NOOP --launcherMode FAULT_LOCALIZATION  --gitrepourl https://github.com/INRIA/spoon --gitrepopullrequest 4320

16:13:19.574 [main] INFO  f.i.s.r.p.g.GithubInitSerializerEngines - Initialize file serializer engines.
16:13:19.576 [main] INFO  f.i.s.r.p.g.GithubInitSerializerEngines - MongoDB won't be used for serialization.
16:13:19.576 [main] INFO  f.i.s.r.p.github.GithubInitNotifiers - The email notifier engine won't be used.
16:13:19.590 [main] INFO  f.i.s.r.p.i.ProjectInspector - ----------------------------------------------------------------------
16:13:19.591 [main] INFO  f.i.s.r.p.i.ProjectInspector - PIPELINE STEPS
16:13:19.591 [main] INFO  f.i.s.r.p.i.ProjectInspector - ----------------------------------------------------------------------
16:13:19.591 [main] INFO  f.i.s.r.p.i.ProjectInspector - CloneCheckoutGitPullRequest
16:13:19.591 [main] INFO  f.i.s.r.p.i.ProjectInspector - BuildProject
16:13:19.591 [main] INFO  f.i.s.r.p.i.ProjectInspector - TestProject
16:13:19.591 [main] INFO  f.i.s.r.p.i.ProjectInspector - ComputeClasspath
16:13:19.591 [main] INFO  f.i.s.r.p.i.ProjectInspector - ComputeSourceDir
16:13:19.591 [main] INFO  f.i.s.r.p.i.ProjectInspector - ComputeTestDir
16:13:19.591 [main] INFO  f.i.s.r.p.i.ProjectInspector - GatherTestInformation
16:13:19.591 [main] INFO  f.i.s.r.p.i.ProjectInspector - FlacocoLocalization
16:13:19.591 [main] INFO  f.i.s.r.p.i.ProjectInspector - PushFaultLocalizationSuggestions
16:13:19.591 [main] INFO  f.i.s.r.p.s.CloneCheckoutGitPullRequest - Cloning repository https://github.com/INRIA/spoon.git in the following directory: ./workspace/INRIA-spoon-master-4320_repo
16:18:47.137 [Thread-7] ERROR f.i.s.r.p.m.o.MavenFilterOutputHandler - [ERROR] Tests run: 3, Failures: 1, Errors: 0, Skipped: 0, Time elapsed: 0.03 s <<< FAILURE! - in spoon.reflect.visitor.ImportCleanerTest
16:18:47.138 [Thread-7] ERROR f.i.s.r.p.m.o.MavenFilterOutputHandler - [ERROR] spoon.reflect.visitor.ImportCleanerTest.testDoesNotImportClassesIfAlreadyImportedViaWildCard  Time elapsed: 0.01 s  <<< FAILURE!
16:19:17.805 [Thread-7] ERROR f.i.s.r.p.m.o.MavenFilterOutputHandler - [ERROR] Failures: 
16:19:17.805 [Thread-7] ERROR f.i.s.r.p.m.o.MavenFilterOutputHandler - [ERROR]   ImportCleanerTest.testDoesNotImportClassesIfAlreadyImportedViaWildCard:21->testImportCleanerDoesNotAlterImports:54 
16:19:17.805 [Thread-7] ERROR f.i.s.r.p.m.o.MavenFilterOutputHandler - [ERROR] Tests run: 2138, Failures: 1, Errors: 0, Skipped: 18
16:19:18.422 [Thread-7] ERROR f.i.s.r.p.m.o.MavenFilterOutputHandler - [ERROR] Failed to execute goal org.apache.maven.plugins:maven-surefire-plugin:3.0.0-M5:test (default-test) on project spoon-core: There are test failures.
16:19:18.422 [Thread-7] ERROR f.i.s.r.p.m.o.MavenFilterOutputHandler - [ERROR] 
16:19:18.422 [Thread-7] ERROR f.i.s.r.p.m.o.MavenFilterOutputHandler - [ERROR] Please refer to /root/workspace/INRIA-spoon-master-4320_repo/target/surefire-reports for the individual test results.
16:19:18.422 [Thread-7] ERROR f.i.s.r.p.m.o.MavenFilterOutputHandler - [ERROR] Please refer to dump files (if any exist) [date].dump, [date]-jvmRun[N].dump and [date].dumpstream.
16:19:18.422 [Thread-7] ERROR f.i.s.r.p.m.o.MavenFilterOutputHandler - [ERROR] -> [Help 1]
16:19:18.429 [Thread-7] ERROR f.i.s.r.p.m.o.MavenFilterOutputHandler - [ERROR] 
16:19:18.429 [Thread-7] ERROR f.i.s.r.p.m.o.MavenFilterOutputHandler - [ERROR] Re-run Maven using the -X switch to enable full debug logging.
16:19:18.429 [Thread-7] ERROR f.i.s.r.p.m.o.MavenFilterOutputHandler - [ERROR] 
16:19:18.429 [Thread-7] ERROR f.i.s.r.p.m.o.MavenFilterOutputHandler - [ERROR] For more information about the errors and possible solutions, please read the following articles:
16:19:18.429 [Thread-7] ERROR f.i.s.r.p.m.o.MavenFilterOutputHandler - [ERROR] [Help 1] http://cwiki.apache.org/confluence/display/MAVEN/MojoFailureException
16:19:24.533 [main] INFO  f.i.s.r.p.s.paths.ComputeSourceDir - 1 source dir was found:
16:19:24.533 [main] INFO  f.i.s.r.p.s.paths.ComputeSourceDir - /root/workspace/INRIA-spoon-master-4320_repo/src/main/java
16:19:24.579 [main] INFO  f.i.s.r.p.step.paths.ComputeTestDir - It seems the step is entering in a loop while searching the test dir. The following file has already been visited: /root/workspace/INRIA-spoon-master-4320_repo/pom.xml
16:19:24.579 [main] INFO  f.i.s.r.p.step.paths.ComputeTestDir - 1 test dir was found:
16:19:24.579 [main] INFO  f.i.s.r.p.step.paths.ComputeTestDir - /root/workspace/INRIA-spoon-master-4320_repo/src/test/java
16:19:24.876 [main] INFO  f.i.s.r.p.s.g.GatherTestInformation - Get the following failing module path: /root/workspace/INRIA-spoon-master-4320_repo
16:19:24.877 [main] INFO  f.i.s.r.p.s.g.GatherTestInformation - ---Test results---
16:19:24.877 [main] INFO  f.i.s.r.p.s.g.GatherTestInformation -    Total tests: 2138
16:19:24.877 [main] INFO  f.i.s.r.p.s.g.GatherTestInformation -    Tests run: 2120
16:19:24.877 [main] INFO  f.i.s.r.p.s.g.GatherTestInformation -    Tests passing: 2119
16:19:24.877 [main] INFO  f.i.s.r.p.s.g.GatherTestInformation -    Failures: 1
16:19:24.877 [main] INFO  f.i.s.r.p.s.g.GatherTestInformation -    Errors: 0
16:19:24.877 [main] INFO  f.i.s.r.p.s.g.GatherTestInformation -    Skipped: 18
[0] INFO Flacoco - Running Flacoco...
[198] WARN Processor - ClassNotFoundException: spoon.support.visitor.java.internal.RecordComponentRuntimeBuilderContext
[198] WARN Processor - [file:/root/workspace/INRIA-spoon-master-4320_repo/target/classes/, file:/root/workspace/INRIA-spoon-master-4320_repo/target/test-classes/, file:/root/./workspace/INRIA-spoon-master-4320_repo/.m2/org/eclipse/jdt/org.eclipse.jdt.core/3.27.0/org.eclipse.jdt.core-3.27.0.jar, file:/root/./workspace/INRIA-spoon-master-4320_repo/.m2/com/martiansoftware/jsap/2.1/jsap-2.1.jar, file:/root/./workspace/INRIA-spoon-master-4320_repo/.m2/org/slf4j/slf4j-api/1.7.32/slf4j-api-1.7.32.jar, file:/root/./workspace/INRIA-spoon-master-4320_repo/.m2/commons-io/commons-io/2.11.0/commons-io-2.11.0.jar, file:/root/./workspace/INRIA-spoon-master-4320_repo/.m2/org/apache/maven/maven-model/3.8.4/maven-model-3.8.4.jar, file:/root/./workspace/INRIA-spoon-master-4320_repo/.m2/org/codehaus/plexus/plexus-utils/3.3.0/plexus-utils-3.3.0.jar, file:/root/./workspace/INRIA-spoon-master-4320_repo/.m2/org/apache/commons/commons-lang3/3.12.0/commons-lang3-3.12.0.jar, file:/root/./workspace/INRIA-spoon-master-4320_repo/.m2/org/tukaani/xz/1.9/xz-1.9.jar, file:/root/./workspace/INRIA-spoon-master-4320_repo/.m2/com/fasterxml/jackson/core/jackson-databind/2.13.0/jackson-databind-2.13.0.jar, file:/root/./workspace/INRIA-spoon-master-4320_repo/.m2/com/fasterxml/jackson/core/jackson-annotations/2.13.0/jackson-annotations-2.13.0.jar, file:/root/./workspace/INRIA-spoon-master-4320_repo/.m2/com/fasterxml/jackson/core/jackson-core/2.13.0/jackson-core-2.13.0.jar, file:/root/./workspace/INRIA-spoon-master-4320_repo/.m2/org/apache/commons/commons-compress/1.21/commons-compress-1.21.jar, file:/root/./workspace/INRIA-spoon-master-4320_repo/.m2/com/google/guava/guava/31.0.1-jre/guava-31.0.1-jre.jar, file:/root/./workspace/INRIA-spoon-master-4320_repo/.m2/com/google/guava/failureaccess/1.0.1/failureaccess-1.0.1.jar, file:/root/./workspace/INRIA-spoon-master-4320_repo/.m2/com/google/guava/listenablefuture/9999.0-empty-to-avoid-conflict-with-guava/listenablefuture-9999.0-empty-to-avoid-conflict-with-guava.jar, file:/root/./workspace/INRIA-spoon-master-4320_repo/.m2/com/google/code/findbugs/jsr305/3.0.2/jsr305-3.0.2.jar, file:/root/./workspace/INRIA-spoon-master-4320_repo/.m2/org/checkerframework/checker-qual/3.12.0/checker-qual-3.12.0.jar, file:/root/./workspace/INRIA-spoon-master-4320_repo/.m2/com/google/errorprone/error_prone_annotations/2.7.1/error_prone_annotations-2.7.1.jar, file:/root/./workspace/INRIA-spoon-master-4320_repo/.m2/com/google/j2objc/j2objc-annotations/1.3/j2objc-annotations-1.3.jar, file:/root/./workspace/INRIA-spoon-master-4320_repo/.m2/ch/qos/logback/logback-classic/1.2.7/logback-classic-1.2.7.jar, file:/root/./workspace/INRIA-spoon-master-4320_repo/.m2/ch/qos/logback/logback-core/1.2.7/logback-core-1.2.7.jar, file:/root/./workspace/INRIA-spoon-master-4320_repo/.m2/com/mysema/querydsl/querydsl-core/3.6.9/querydsl-core-3.6.9.jar, file:/root/./workspace/INRIA-spoon-master-4320_repo/.m2/org/apache/maven/shared/maven-invoker/3.1.0/maven-invoker-3.1.0.jar, file:/root/./workspace/INRIA-spoon-master-4320_repo/.m2/org/apache/maven/shared/maven-shared-utils/3.3.3/maven-shared-utils-3.3.3.jar, file:/root/./workspace/INRIA-spoon-master-4320_repo/.m2/javax/inject/javax.inject/1/javax.inject-1.jar, file:/root/./workspace/INRIA-spoon-master-4320_repo/.m2/javax/validation/validation-api/2.0.1.Final/validation-api-2.0.1.Final.jar, file:/root/./workspace/INRIA-spoon-master-4320_repo/.m2/com/google/code/gson/gson/2.8.9/gson-2.8.9.jar, file:/root/./workspace/INRIA-spoon-master-4320_repo/.m2/uk/org/lidalia/slf4j-test/1.2.0/slf4j-test-1.2.0.jar, file:/root/./workspace/INRIA-spoon-master-4320_repo/.m2/uk/org/lidalia/lidalia-lang/1.0.0/lidalia-lang-1.0.0.jar, file:/root/./workspace/INRIA-spoon-master-4320_repo/.m2/uk/org/lidalia/lidalia-slf4j-ext/1.0.0/lidalia-slf4j-ext-1.0.0.jar, file:/root/./workspace/INRIA-spoon-master-4320_repo/.m2/joda-time/joda-time/2.2/joda-time-2.2.jar, file:/root/./workspace/INRIA-spoon-master-4320_repo/.m2/org/junit/vintage/junit-vintage-engine/5.8.2/junit-vintage-engine-5.8.2.jar, file:/root/./workspace/INRIA-spoon-master-4320_repo/.m2/org/junit/platform/junit-platform-engine/1.8.2/junit-platform-engine-1.8.2.jar, file:/root/./workspace/INRIA-spoon-master-4320_repo/.m2/org/opentest4j/opentest4j/1.2.0/opentest4j-1.2.0.jar, file:/root/./workspace/INRIA-spoon-master-4320_repo/.m2/org/junit/platform/junit-platform-commons/1.8.2/junit-platform-commons-1.8.2.jar, file:/root/./workspace/INRIA-spoon-master-4320_repo/.m2/junit/junit/4.13.2/junit-4.13.2.jar, file:/root/./workspace/INRIA-spoon-master-4320_repo/.m2/org/hamcrest/hamcrest-core/1.3/hamcrest-core-1.3.jar, file:/root/./workspace/INRIA-spoon-master-4320_repo/.m2/org/apiguardian/apiguardian-api/1.1.2/apiguardian-api-1.1.2.jar, file:/root/./workspace/INRIA-spoon-master-4320_repo/.m2/org/mockito/mockito-core/4.1.0/mockito-core-4.1.0.jar, file:/root/./workspace/INRIA-spoon-master-4320_repo/.m2/net/bytebuddy/byte-buddy/1.12.1/byte-buddy-1.12.1.jar, file:/root/./workspace/INRIA-spoon-master-4320_repo/.m2/net/bytebuddy/byte-buddy-agent/1.12.1/byte-buddy-agent-1.12.1.jar, file:/root/./workspace/INRIA-spoon-master-4320_repo/.m2/org/objenesis/objenesis/3.2/objenesis-3.2.jar, file:/root/./workspace/INRIA-spoon-master-4320_repo/.m2/org/junit/jupiter/junit-jupiter-engine/5.8.2/junit-jupiter-engine-5.8.2.jar, file:/root/./workspace/INRIA-spoon-master-4320_repo/.m2/org/junit/jupiter/junit-jupiter-api/5.8.2/junit-jupiter-api-5.8.2.jar, file:/root/./workspace/INRIA-spoon-master-4320_repo/.m2/org/junit/jupiter/junit-jupiter-params/5.8.2/junit-jupiter-params-5.8.2.jar, file:/root/./workspace/INRIA-spoon-master-4320_repo/.m2/org/mockito/mockito-junit-jupiter/4.1.0/mockito-junit-jupiter-4.1.0.jar, file:/root/./workspace/INRIA-spoon-master-4320_repo/.m2/com/github/stefanbirkner/system-rules/1.19.0/system-rules-1.19.0.jar, file:/root/./workspace/INRIA-spoon-master-4320_repo/target/classes/, file:/root/./workspace/INRIA-spoon-master-4320_repo/target/test-classes/]
[671] WARN Processor - ClassNotFoundException: spoon.support.visitor.java.internal.RecordComponentRuntimeBuilderContext
[671] WARN Processor - [file:/root/workspace/INRIA-spoon-master-4320_repo/target/classes/, file:/root/workspace/INRIA-spoon-master-4320_repo/target/test-classes/, file:/root/./workspace/INRIA-spoon-master-4320_repo/.m2/org/eclipse/jdt/org.eclipse.jdt.core/3.27.0/org.eclipse.jdt.core-3.27.0.jar, file:/root/./workspace/INRIA-spoon-master-4320_repo/.m2/com/martiansoftware/jsap/2.1/jsap-2.1.jar, file:/root/./workspace/INRIA-spoon-master-4320_repo/.m2/org/slf4j/slf4j-api/1.7.32/slf4j-api-1.7.32.jar, file:/root/./workspace/INRIA-spoon-master-4320_repo/.m2/commons-io/commons-io/2.11.0/commons-io-2.11.0.jar, file:/root/./workspace/INRIA-spoon-master-4320_repo/.m2/org/apache/maven/maven-model/3.8.4/maven-model-3.8.4.jar, file:/root/./workspace/INRIA-spoon-master-4320_repo/.m2/org/codehaus/plexus/plexus-utils/3.3.0/plexus-utils-3.3.0.jar, file:/root/./workspace/INRIA-spoon-master-4320_repo/.m2/org/apache/commons/commons-lang3/3.12.0/commons-lang3-3.12.0.jar, file:/root/./workspace/INRIA-spoon-master-4320_repo/.m2/org/tukaani/xz/1.9/xz-1.9.jar, file:/root/./workspace/INRIA-spoon-master-4320_repo/.m2/com/fasterxml/jackson/core/jackson-databind/2.13.0/jackson-databind-2.13.0.jar, file:/root/./workspace/INRIA-spoon-master-4320_repo/.m2/com/fasterxml/jackson/core/jackson-annotations/2.13.0/jackson-annotations-2.13.0.jar, file:/root/./workspace/INRIA-spoon-master-4320_repo/.m2/com/fasterxml/jackson/core/jackson-core/2.13.0/jackson-core-2.13.0.jar, file:/root/./workspace/INRIA-spoon-master-4320_repo/.m2/org/apache/commons/commons-compress/1.21/commons-compress-1.21.jar, file:/root/./workspace/INRIA-spoon-master-4320_repo/.m2/com/google/guava/guava/31.0.1-jre/guava-31.0.1-jre.jar, file:/root/./workspace/INRIA-spoon-master-4320_repo/.m2/com/google/guava/failureaccess/1.0.1/failureaccess-1.0.1.jar, file:/root/./workspace/INRIA-spoon-master-4320_repo/.m2/com/google/guava/listenablefuture/9999.0-empty-to-avoid-conflict-with-guava/listenablefuture-9999.0-empty-to-avoid-conflict-with-guava.jar, file:/root/./workspace/INRIA-spoon-master-4320_repo/.m2/com/google/code/findbugs/jsr305/3.0.2/jsr305-3.0.2.jar, file:/root/./workspace/INRIA-spoon-master-4320_repo/.m2/org/checkerframework/checker-qual/3.12.0/checker-qual-3.12.0.jar, file:/root/./workspace/INRIA-spoon-master-4320_repo/.m2/com/google/errorprone/error_prone_annotations/2.7.1/error_prone_annotations-2.7.1.jar, file:/root/./workspace/INRIA-spoon-master-4320_repo/.m2/com/google/j2objc/j2objc-annotations/1.3/j2objc-annotations-1.3.jar, file:/root/./workspace/INRIA-spoon-master-4320_repo/.m2/ch/qos/logback/logback-classic/1.2.7/logback-classic-1.2.7.jar, file:/root/./workspace/INRIA-spoon-master-4320_repo/.m2/ch/qos/logback/logback-core/1.2.7/logback-core-1.2.7.jar, file:/root/./workspace/INRIA-spoon-master-4320_repo/.m2/com/mysema/querydsl/querydsl-core/3.6.9/querydsl-core-3.6.9.jar, file:/root/./workspace/INRIA-spoon-master-4320_repo/.m2/org/apache/maven/shared/maven-invoker/3.1.0/maven-invoker-3.1.0.jar, file:/root/./workspace/INRIA-spoon-master-4320_repo/.m2/org/apache/maven/shared/maven-shared-utils/3.3.3/maven-shared-utils-3.3.3.jar, file:/root/./workspace/INRIA-spoon-master-4320_repo/.m2/javax/inject/javax.inject/1/javax.inject-1.jar, file:/root/./workspace/INRIA-spoon-master-4320_repo/.m2/javax/validation/validation-api/2.0.1.Final/validation-api-2.0.1.Final.jar, file:/root/./workspace/INRIA-spoon-master-4320_repo/.m2/com/google/code/gson/gson/2.8.9/gson-2.8.9.jar, file:/root/./workspace/INRIA-spoon-master-4320_repo/.m2/uk/org/lidalia/slf4j-test/1.2.0/slf4j-test-1.2.0.jar, file:/root/./workspace/INRIA-spoon-master-4320_repo/.m2/uk/org/lidalia/lidalia-lang/1.0.0/lidalia-lang-1.0.0.jar, file:/root/./workspace/INRIA-spoon-master-4320_repo/.m2/uk/org/lidalia/lidalia-slf4j-ext/1.0.0/lidalia-slf4j-ext-1.0.0.jar, file:/root/./workspace/INRIA-spoon-master-4320_repo/.m2/joda-time/joda-time/2.2/joda-time-2.2.jar, file:/root/./workspace/INRIA-spoon-master-4320_repo/.m2/org/junit/vintage/junit-vintage-engine/5.8.2/junit-vintage-engine-5.8.2.jar, file:/root/./workspace/INRIA-spoon-master-4320_repo/.m2/org/junit/platform/junit-platform-engine/1.8.2/junit-platform-engine-1.8.2.jar, file:/root/./workspace/INRIA-spoon-master-4320_repo/.m2/org/opentest4j/opentest4j/1.2.0/opentest4j-1.2.0.jar, file:/root/./workspace/INRIA-spoon-master-4320_repo/.m2/org/junit/platform/junit-platform-commons/1.8.2/junit-platform-commons-1.8.2.jar, file:/root/./workspace/INRIA-spoon-master-4320_repo/.m2/junit/junit/4.13.2/junit-4.13.2.jar, file:/root/./workspace/INRIA-spoon-master-4320_repo/.m2/org/hamcrest/hamcrest-core/1.3/hamcrest-core-1.3.jar, file:/root/./workspace/INRIA-spoon-master-4320_repo/.m2/org/apiguardian/apiguardian-api/1.1.2/apiguardian-api-1.1.2.jar, file:/root/./workspace/INRIA-spoon-master-4320_repo/.m2/org/mockito/mockito-core/4.1.0/mockito-core-4.1.0.jar, file:/root/./workspace/INRIA-spoon-master-4320_repo/.m2/net/bytebuddy/byte-buddy/1.12.1/byte-buddy-1.12.1.jar, file:/root/./workspace/INRIA-spoon-master-4320_repo/.m2/net/bytebuddy/byte-buddy-agent/1.12.1/byte-buddy-agent-1.12.1.jar, file:/root/./workspace/INRIA-spoon-master-4320_repo/.m2/org/objenesis/objenesis/3.2/objenesis-3.2.jar, file:/root/./workspace/INRIA-spoon-master-4320_repo/.m2/org/junit/jupiter/junit-jupiter-engine/5.8.2/junit-jupiter-engine-5.8.2.jar, file:/root/./workspace/INRIA-spoon-master-4320_repo/.m2/org/junit/jupiter/junit-jupiter-api/5.8.2/junit-jupiter-api-5.8.2.jar, file:/root/./workspace/INRIA-spoon-master-4320_repo/.m2/org/junit/jupiter/junit-jupiter-params/5.8.2/junit-jupiter-params-5.8.2.jar, file:/root/./workspace/INRIA-spoon-master-4320_repo/.m2/org/mockito/mockito-junit-jupiter/4.1.0/mockito-junit-jupiter-4.1.0.jar, file:/root/./workspace/INRIA-spoon-master-4320_repo/.m2/com/github/stefanbirkner/system-rules/1.19.0/system-rules-1.19.0.jar, file:/root/./workspace/INRIA-spoon-master-4320_repo/target/classes/, file:/root/./workspace/INRIA-spoon-master-4320_repo/target/test-classes/]
[736] WARN Processor - ClassNotFoundException: spoon.support.visitor.java.internal.RecordComponentRuntimeBuilderContext
[736] WARN Processor - [file:/root/workspace/INRIA-spoon-master-4320_repo/target/classes/, file:/root/workspace/INRIA-spoon-master-4320_repo/target/test-classes/, file:/root/./workspace/INRIA-spoon-master-4320_repo/.m2/org/eclipse/jdt/org.eclipse.jdt.core/3.27.0/org.eclipse.jdt.core-3.27.0.jar, file:/root/./workspace/INRIA-spoon-master-4320_repo/.m2/com/martiansoftware/jsap/2.1/jsap-2.1.jar, file:/root/./workspace/INRIA-spoon-master-4320_repo/.m2/org/slf4j/slf4j-api/1.7.32/slf4j-api-1.7.32.jar, file:/root/./workspace/INRIA-spoon-master-4320_repo/.m2/commons-io/commons-io/2.11.0/commons-io-2.11.0.jar, file:/root/./workspace/INRIA-spoon-master-4320_repo/.m2/org/apache/maven/maven-model/3.8.4/maven-model-3.8.4.jar, file:/root/./workspace/INRIA-spoon-master-4320_repo/.m2/org/codehaus/plexus/plexus-utils/3.3.0/plexus-utils-3.3.0.jar, file:/root/./workspace/INRIA-spoon-master-4320_repo/.m2/org/apache/commons/commons-lang3/3.12.0/commons-lang3-3.12.0.jar, file:/root/./workspace/INRIA-spoon-master-4320_repo/.m2/org/tukaani/xz/1.9/xz-1.9.jar, file:/root/./workspace/INRIA-spoon-master-4320_repo/.m2/com/fasterxml/jackson/core/jackson-databind/2.13.0/jackson-databind-2.13.0.jar, file:/root/./workspace/INRIA-spoon-master-4320_repo/.m2/com/fasterxml/jackson/core/jackson-annotations/2.13.0/jackson-annotations-2.13.0.jar, file:/root/./workspace/INRIA-spoon-master-4320_repo/.m2/com/fasterxml/jackson/core/jackson-core/2.13.0/jackson-core-2.13.0.jar, file:/root/./workspace/INRIA-spoon-master-4320_repo/.m2/org/apache/commons/commons-compress/1.21/commons-compress-1.21.jar, file:/root/./workspace/INRIA-spoon-master-4320_repo/.m2/com/google/guava/guava/31.0.1-jre/guava-31.0.1-jre.jar, file:/root/./workspace/INRIA-spoon-master-4320_repo/.m2/com/google/guava/failureaccess/1.0.1/failureaccess-1.0.1.jar, file:/root/./workspace/INRIA-spoon-master-4320_repo/.m2/com/google/guava/listenablefuture/9999.0-empty-to-avoid-conflict-with-guava/listenablefuture-9999.0-empty-to-avoid-conflict-with-guava.jar, file:/root/./workspace/INRIA-spoon-master-4320_repo/.m2/com/google/code/findbugs/jsr305/3.0.2/jsr305-3.0.2.jar, file:/root/./workspace/INRIA-spoon-master-4320_repo/.m2/org/checkerframework/checker-qual/3.12.0/checker-qual-3.12.0.jar, file:/root/./workspace/INRIA-spoon-master-4320_repo/.m2/com/google/errorprone/error_prone_annotations/2.7.1/error_prone_annotations-2.7.1.jar, file:/root/./workspace/INRIA-spoon-master-4320_repo/.m2/com/google/j2objc/j2objc-annotations/1.3/j2objc-annotations-1.3.jar, file:/root/./workspace/INRIA-spoon-master-4320_repo/.m2/ch/qos/logback/logback-classic/1.2.7/logback-classic-1.2.7.jar, file:/root/./workspace/INRIA-spoon-master-4320_repo/.m2/ch/qos/logback/logback-core/1.2.7/logback-core-1.2.7.jar, file:/root/./workspace/INRIA-spoon-master-4320_repo/.m2/com/mysema/querydsl/querydsl-core/3.6.9/querydsl-core-3.6.9.jar, file:/root/./workspace/INRIA-spoon-master-4320_repo/.m2/org/apache/maven/shared/maven-invoker/3.1.0/maven-invoker-3.1.0.jar, file:/root/./workspace/INRIA-spoon-master-4320_repo/.m2/org/apache/maven/shared/maven-shared-utils/3.3.3/maven-shared-utils-3.3.3.jar, file:/root/./workspace/INRIA-spoon-master-4320_repo/.m2/javax/inject/javax.inject/1/javax.inject-1.jar, file:/root/./workspace/INRIA-spoon-master-4320_repo/.m2/javax/validation/validation-api/2.0.1.Final/validation-api-2.0.1.Final.jar, file:/root/./workspace/INRIA-spoon-master-4320_repo/.m2/com/google/code/gson/gson/2.8.9/gson-2.8.9.jar, file:/root/./workspace/INRIA-spoon-master-4320_repo/.m2/uk/org/lidalia/slf4j-test/1.2.0/slf4j-test-1.2.0.jar, file:/root/./workspace/INRIA-spoon-master-4320_repo/.m2/uk/org/lidalia/lidalia-lang/1.0.0/lidalia-lang-1.0.0.jar, file:/root/./workspace/INRIA-spoon-master-4320_repo/.m2/uk/org/lidalia/lidalia-slf4j-ext/1.0.0/lidalia-slf4j-ext-1.0.0.jar, file:/root/./workspace/INRIA-spoon-master-4320_repo/.m2/joda-time/joda-time/2.2/joda-time-2.2.jar, file:/root/./workspace/INRIA-spoon-master-4320_repo/.m2/org/junit/vintage/junit-vintage-engine/5.8.2/junit-vintage-engine-5.8.2.jar, file:/root/./workspace/INRIA-spoon-master-4320_repo/.m2/org/junit/platform/junit-platform-engine/1.8.2/junit-platform-engine-1.8.2.jar, file:/root/./workspace/INRIA-spoon-master-4320_repo/.m2/org/opentest4j/opentest4j/1.2.0/opentest4j-1.2.0.jar, file:/root/./workspace/INRIA-spoon-master-4320_repo/.m2/org/junit/platform/junit-platform-commons/1.8.2/junit-platform-commons-1.8.2.jar, file:/root/./workspace/INRIA-spoon-master-4320_repo/.m2/junit/junit/4.13.2/junit-4.13.2.jar, file:/root/./workspace/INRIA-spoon-master-4320_repo/.m2/org/hamcrest/hamcrest-core/1.3/hamcrest-core-1.3.jar, file:/root/./workspace/INRIA-spoon-master-4320_repo/.m2/org/apiguardian/apiguardian-api/1.1.2/apiguardian-api-1.1.2.jar, file:/root/./workspace/INRIA-spoon-master-4320_repo/.m2/org/mockito/mockito-core/4.1.0/mockito-core-4.1.0.jar, file:/root/./workspace/INRIA-spoon-master-4320_repo/.m2/net/bytebuddy/byte-buddy/1.12.1/byte-buddy-1.12.1.jar, file:/root/./workspace/INRIA-spoon-master-4320_repo/.m2/net/bytebuddy/byte-buddy-agent/1.12.1/byte-buddy-agent-1.12.1.jar, file:/root/./workspace/INRIA-spoon-master-4320_repo/.m2/org/objenesis/objenesis/3.2/objenesis-3.2.jar, file:/root/./workspace/INRIA-spoon-master-4320_repo/.m2/org/junit/jupiter/junit-jupiter-engine/5.8.2/junit-jupiter-engine-5.8.2.jar, file:/root/./workspace/INRIA-spoon-master-4320_repo/.m2/org/junit/jupiter/junit-jupiter-api/5.8.2/junit-jupiter-api-5.8.2.jar, file:/root/./workspace/INRIA-spoon-master-4320_repo/.m2/org/junit/jupiter/junit-jupiter-params/5.8.2/junit-jupiter-params-5.8.2.jar, file:/root/./workspace/INRIA-spoon-master-4320_repo/.m2/org/mockito/mockito-junit-jupiter/4.1.0/mockito-junit-jupiter-4.1.0.jar, file:/root/./workspace/INRIA-spoon-master-4320_repo/.m2/com/github/stefanbirkner/system-rules/1.19.0/system-rules-1.19.0.jar, file:/root/./workspace/INRIA-spoon-master-4320_repo/target/classes/, file:/root/./workspace/INRIA-spoon-master-4320_repo/target/test-classes/]
[785] WARN Processor - ClassNotFoundException: spoon.support.visitor.java.internal.RecordComponentRuntimeBuilderContext
[785] WARN Processor - [file:/root/workspace/INRIA-spoon-master-4320_repo/target/classes/, file:/root/workspace/INRIA-spoon-master-4320_repo/target/test-classes/, file:/root/./workspace/INRIA-spoon-master-4320_repo/.m2/org/eclipse/jdt/org.eclipse.jdt.core/3.27.0/org.eclipse.jdt.core-3.27.0.jar, file:/root/./workspace/INRIA-spoon-master-4320_repo/.m2/com/martiansoftware/jsap/2.1/jsap-2.1.jar, file:/root/./workspace/INRIA-spoon-master-4320_repo/.m2/org/slf4j/slf4j-api/1.7.32/slf4j-api-1.7.32.jar, file:/root/./workspace/INRIA-spoon-master-4320_repo/.m2/commons-io/commons-io/2.11.0/commons-io-2.11.0.jar, file:/root/./workspace/INRIA-spoon-master-4320_repo/.m2/org/apache/maven/maven-model/3.8.4/maven-model-3.8.4.jar, file:/root/./workspace/INRIA-spoon-master-4320_repo/.m2/org/codehaus/plexus/plexus-utils/3.3.0/plexus-utils-3.3.0.jar, file:/root/./workspace/INRIA-spoon-master-4320_repo/.m2/org/apache/commons/commons-lang3/3.12.0/commons-lang3-3.12.0.jar, file:/root/./workspace/INRIA-spoon-master-4320_repo/.m2/org/tukaani/xz/1.9/xz-1.9.jar, file:/root/./workspace/INRIA-spoon-master-4320_repo/.m2/com/fasterxml/jackson/core/jackson-databind/2.13.0/jackson-databind-2.13.0.jar, file:/root/./workspace/INRIA-spoon-master-4320_repo/.m2/com/fasterxml/jackson/core/jackson-annotations/2.13.0/jackson-annotations-2.13.0.jar, file:/root/./workspace/INRIA-spoon-master-4320_repo/.m2/com/fasterxml/jackson/core/jackson-core/2.13.0/jackson-core-2.13.0.jar, file:/root/./workspace/INRIA-spoon-master-4320_repo/.m2/org/apache/commons/commons-compress/1.21/commons-compress-1.21.jar, file:/root/./workspace/INRIA-spoon-master-4320_repo/.m2/com/google/guava/guava/31.0.1-jre/guava-31.0.1-jre.jar, file:/root/./workspace/INRIA-spoon-master-4320_repo/.m2/com/google/guava/failureaccess/1.0.1/failureaccess-1.0.1.jar, file:/root/./workspace/INRIA-spoon-master-4320_repo/.m2/com/google/guava/listenablefuture/9999.0-empty-to-avoid-conflict-with-guava/listenablefuture-9999.0-empty-to-avoid-conflict-with-guava.jar, file:/root/./workspace/INRIA-spoon-master-4320_repo/.m2/com/google/code/findbugs/jsr305/3.0.2/jsr305-3.0.2.jar, file:/root/./workspace/INRIA-spoon-master-4320_repo/.m2/org/checkerframework/checker-qual/3.12.0/checker-qual-3.12.0.jar, file:/root/./workspace/INRIA-spoon-master-4320_repo/.m2/com/google/errorprone/error_prone_annotations/2.7.1/error_prone_annotations-2.7.1.jar, file:/root/./workspace/INRIA-spoon-master-4320_repo/.m2/com/google/j2objc/j2objc-annotations/1.3/j2objc-annotations-1.3.jar, file:/root/./workspace/INRIA-spoon-master-4320_repo/.m2/ch/qos/logback/logback-classic/1.2.7/logback-classic-1.2.7.jar, file:/root/./workspace/INRIA-spoon-master-4320_repo/.m2/ch/qos/logback/logback-core/1.2.7/logback-core-1.2.7.jar, file:/root/./workspace/INRIA-spoon-master-4320_repo/.m2/com/mysema/querydsl/querydsl-core/3.6.9/querydsl-core-3.6.9.jar, file:/root/./workspace/INRIA-spoon-master-4320_repo/.m2/org/apache/maven/shared/maven-invoker/3.1.0/maven-invoker-3.1.0.jar, file:/root/./workspace/INRIA-spoon-master-4320_repo/.m2/org/apache/maven/shared/maven-shared-utils/3.3.3/maven-shared-utils-3.3.3.jar, file:/root/./workspace/INRIA-spoon-master-4320_repo/.m2/javax/inject/javax.inject/1/javax.inject-1.jar, file:/root/./workspace/INRIA-spoon-master-4320_repo/.m2/javax/validation/validation-api/2.0.1.Final/validation-api-2.0.1.Final.jar, file:/root/./workspace/INRIA-spoon-master-4320_repo/.m2/com/google/code/gson/gson/2.8.9/gson-2.8.9.jar, file:/root/./workspace/INRIA-spoon-master-4320_repo/.m2/uk/org/lidalia/slf4j-test/1.2.0/slf4j-test-1.2.0.jar, file:/root/./workspace/INRIA-spoon-master-4320_repo/.m2/uk/org/lidalia/lidalia-lang/1.0.0/lidalia-lang-1.0.0.jar, file:/root/./workspace/INRIA-spoon-master-4320_repo/.m2/uk/org/lidalia/lidalia-slf4j-ext/1.0.0/lidalia-slf4j-ext-1.0.0.jar, file:/root/./workspace/INRIA-spoon-master-4320_repo/.m2/joda-time/joda-time/2.2/joda-time-2.2.jar, file:/root/./workspace/INRIA-spoon-master-4320_repo/.m2/org/junit/vintage/junit-vintage-engine/5.8.2/junit-vintage-engine-5.8.2.jar, file:/root/./workspace/INRIA-spoon-master-4320_repo/.m2/org/junit/platform/junit-platform-engine/1.8.2/junit-platform-engine-1.8.2.jar, file:/root/./workspace/INRIA-spoon-master-4320_repo/.m2/org/opentest4j/opentest4j/1.2.0/opentest4j-1.2.0.jar, file:/root/./workspace/INRIA-spoon-master-4320_repo/.m2/org/junit/platform/junit-platform-commons/1.8.2/junit-platform-commons-1.8.2.jar, file:/root/./workspace/INRIA-spoon-master-4320_repo/.m2/junit/junit/4.13.2/junit-4.13.2.jar, file:/root/./workspace/INRIA-spoon-master-4320_repo/.m2/org/hamcrest/hamcrest-core/1.3/hamcrest-core-1.3.jar, file:/root/./workspace/INRIA-spoon-master-4320_repo/.m2/org/apiguardian/apiguardian-api/1.1.2/apiguardian-api-1.1.2.jar, file:/root/./workspace/INRIA-spoon-master-4320_repo/.m2/org/mockito/mockito-core/4.1.0/mockito-core-4.1.0.jar, file:/root/./workspace/INRIA-spoon-master-4320_repo/.m2/net/bytebuddy/byte-buddy/1.12.1/byte-buddy-1.12.1.jar, file:/root/./workspace/INRIA-spoon-master-4320_repo/.m2/net/bytebuddy/byte-buddy-agent/1.12.1/byte-buddy-agent-1.12.1.jar, file:/root/./workspace/INRIA-spoon-master-4320_repo/.m2/org/objenesis/objenesis/3.2/objenesis-3.2.jar, file:/root/./workspace/INRIA-spoon-master-4320_repo/.m2/org/junit/jupiter/junit-jupiter-engine/5.8.2/junit-jupiter-engine-5.8.2.jar, file:/root/./workspace/INRIA-spoon-master-4320_repo/.m2/org/junit/jupiter/junit-jupiter-api/5.8.2/junit-jupiter-api-5.8.2.jar, file:/root/./workspace/INRIA-spoon-master-4320_repo/.m2/org/junit/jupiter/junit-jupiter-params/5.8.2/junit-jupiter-params-5.8.2.jar, file:/root/./workspace/INRIA-spoon-master-4320_repo/.m2/org/mockito/mockito-junit-jupiter/4.1.0/mockito-junit-jupiter-4.1.0.jar, file:/root/./workspace/INRIA-spoon-master-4320_repo/.m2/com/github/stefanbirkner/system-rules/1.19.0/system-rules-1.19.0.jar, file:/root/./workspace/INRIA-spoon-master-4320_repo/target/classes/, file:/root/./workspace/INRIA-spoon-master-4320_repo/target/test-classes/]
[30947] WARN CoverageRunner - Test [Manual]TestMethod=spoon.MavenLauncherTest#testTypeResolution result was not reported by test-runner.
[41884] WARN CoverageRunner - Test [Manual]TestMethod=spoon.reflect.visitor.CtInheritanceScannerTest#testCtInheritanceScanner result was not reported by test-runner.
[207512] WARN CoverageRunner - Test [Manual]TestMethod=spoon.test.intercession.IntercessionTest#testResetCollectionInSetters result was not reported by test-runner.
[207512] WARN CoverageRunner - Test [Manual]TestMethod=spoon.test.intercession.OneCanCallSetterWithNullParameterizedTest#testContract result was not reported by test-runner.
[275798] WARN CoverageRunner - Test [Manual]TestMethod=spoon.test.UnresolvedBugTest#checkGithubIssueAnnotations result was not reported by test-runner.
[330023] WARN CoverageRunner - Test [Manual]TestMethod=spoon.test.spoonifier.SpoonifierTest#testOnAllTestClasses result was not reported by test-runner.
[331590] WARN CoverageRunner - Test [Manual]TestMethod=spoon.test.spoonifier.SpoonifierTest#testSpoonifierElement result was not reported by test-runner.
[371473] WARN CoverageRunner - Test [Manual]TestMethod=spoon.test.replace.ReplaceParametrizedTest#testContract result was not reported by test-runner.
[466148] WARN CoverageRunner - Test [Manual]TestMethod=spoon.test.parent.SetParentTest#testContract result was not reported by test-runner.
[470619] WARN CoverageRunner - Test [Manual]TestMethod=spoon.test.parent.ContractOnSettersParametrizedTest#testContract result was not reported by test-runner.
[476070] WARN CoverageRunner - Test [Manual]TestMethod=spoon.test.parent.ParentTest#testParentSetInSetter result was not reported by test-runner.
[509645] WARN CoverageRunner - Test [Manual]TestMethod=spoon.test.issue3321.AnnotationPositionTest#testUsageOfTypeAnnotationOnParameterInMethod result was not reported by test-runner.
[509645] WARN CoverageRunner - Test [Manual]TestMethod=spoon.test.issue3321.AnnotationPositionTest#testSneakyAnnotationsOnParameters result was not reported by test-runner.
[587022] WARN CoverageRunner - Test [Manual]TestMethod=spoon.test.prettyprinter.LoopSniperJavaPrettyPrinterTest#whileWithBraces result was not reported by test-runner.
[635364] WARN CoverageRunner - Test [Manual]TestMethod=spoon.test.prettyprinter.DefaultPrettyPrinterTest#testCheckstyleCompliance result was not reported by test-runner.
[635364] WARN CoverageRunner - Test [Manual]TestMethod=spoon.test.module.TestModule#testGetModuleAfterChangingItsName result was not reported by test-runner.
[635364] WARN CoverageRunner - Test [Manual]TestMethod=spoon.test.module.TestModule#testModuleNames result was not reported by test-runner.
[635364] WARN CoverageRunner - Test [Manual]TestMethod=spoon.test.module.TestModule#testMultipleModulesAndParents result was not reported by test-runner.
[635364] WARN CoverageRunner - Test [Manual]TestMethod=spoon.test.module.TestModule#testModuleComplianceLevelException result was not reported by test-runner.
[635364] WARN CoverageRunner - Test [Manual]TestMethod=spoon.test.module.TestModule#testModuleOverlappingPackages result was not reported by test-runner.
[635364] WARN CoverageRunner - Test [Manual]TestMethod=spoon.test.module.TestModule#testCompleteModuleInfoContentNoClasspath result was not reported by test-runner.
[635364] WARN CoverageRunner - Test [Manual]TestMethod=spoon.test.module.TestModule#testModuleInfoShouldBeCorrectlyPrettyPrinted result was not reported by test-runner.
[635364] WARN CoverageRunner - Test [Manual]TestMethod=spoon.test.module.TestModule#testModuleInfoWithComments result was not reported by test-runner.
[635364] WARN CoverageRunner - Test [Manual]TestMethod=spoon.test.module.TestModule#testDirectiveOrders result was not reported by test-runner.
[635364] WARN CoverageRunner - Test [Manual]TestMethod=spoon.test.module.TestModule#testGetParentOfRootPackageOfModule result was not reported by test-runner.
[879927] WARN CoverageRunner - Test [Manual]TestMethod=spoon.MavenLauncherTest#testTypeResolution result was not reported by test-runner.
[890457] WARN CoverageRunner - Test [Manual]TestMethod=spoon.reflect.visitor.CtInheritanceScannerTest#testCtInheritanceScanner result was not reported by test-runner.
[1054429] WARN CoverageRunner - Test [Manual]TestMethod=spoon.test.intercession.IntercessionTest#testResetCollectionInSetters result was not reported by test-runner.
[1054429] WARN CoverageRunner - Test [Manual]TestMethod=spoon.test.intercession.OneCanCallSetterWithNullParameterizedTest#testContract result was not reported by test-runner.
[1122495] WARN CoverageRunner - Test [Manual]TestMethod=spoon.test.UnresolvedBugTest#checkGithubIssueAnnotations result was not reported by test-runner.
[1177003] WARN CoverageRunner - Test [Manual]TestMethod=spoon.test.spoonifier.SpoonifierTest#testOnAllTestClasses result was not reported by test-runner.
[1178568] WARN CoverageRunner - Test [Manual]TestMethod=spoon.test.spoonifier.SpoonifierTest#testSpoonifierElement result was not reported by test-runner.
[1218825] WARN CoverageRunner - Test [Manual]TestMethod=spoon.test.replace.ReplaceParametrizedTest#testContract result was not reported by test-runner.
[1312963] WARN CoverageRunner - Test [Manual]TestMethod=spoon.test.parent.SetParentTest#testContract result was not reported by test-runner.
[1317293] WARN CoverageRunner - Test [Manual]TestMethod=spoon.test.parent.ContractOnSettersParametrizedTest#testContract result was not reported by test-runner.
[1322670] WARN CoverageRunner - Test [Manual]TestMethod=spoon.test.parent.ParentTest#testParentSetInSetter result was not reported by test-runner.
[1355970] WARN CoverageRunner - Test [Manual]TestMethod=spoon.test.issue3321.AnnotationPositionTest#testUsageOfTypeAnnotationOnParameterInMethod result was not reported by test-runner.
[1355970] WARN CoverageRunner - Test [Manual]TestMethod=spoon.test.issue3321.AnnotationPositionTest#testSneakyAnnotationsOnParameters result was not reported by test-runner.
[1432584] WARN CoverageRunner - Test [Manual]TestMethod=spoon.test.prettyprinter.LoopSniperJavaPrettyPrinterTest#whileWithBraces result was not reported by test-runner.
[1480964] WARN CoverageRunner - Test [Manual]TestMethod=spoon.test.prettyprinter.DefaultPrettyPrinterTest#testCheckstyleCompliance result was not reported by test-runner.
[1480964] WARN CoverageRunner - Test [Manual]TestMethod=spoon.test.module.TestModule#testGetModuleAfterChangingItsName result was not reported by test-runner.
[1480964] WARN CoverageRunner - Test [Manual]TestMethod=spoon.test.module.TestModule#testModuleNames result was not reported by test-runner.
[1480964] WARN CoverageRunner - Test [Manual]TestMethod=spoon.test.module.TestModule#testMultipleModulesAndParents result was not reported by test-runner.
[1480964] WARN CoverageRunner - Test [Manual]TestMethod=spoon.test.module.TestModule#testModuleComplianceLevelException result was not reported by test-runner.
[1480964] WARN CoverageRunner - Test [Manual]TestMethod=spoon.test.module.TestModule#testModuleOverlappingPackages result was not reported by test-runner.
[1480964] WARN CoverageRunner - Test [Manual]TestMethod=spoon.test.module.TestModule#testCompleteModuleInfoContentNoClasspath result was not reported by test-runner.
[1480964] WARN CoverageRunner - Test [Manual]TestMethod=spoon.test.module.TestModule#testModuleInfoShouldBeCorrectlyPrettyPrinted result was not reported by test-runner.
[1480964] WARN CoverageRunner - Test [Manual]TestMethod=spoon.test.module.TestModule#testModuleInfoWithComments result was not reported by test-runner.
[1480964] WARN CoverageRunner - Test [Manual]TestMethod=spoon.test.module.TestModule#testDirectiveOrders result was not reported by test-runner.
[1480964] WARN CoverageRunner - Test [Manual]TestMethod=spoon.test.module.TestModule#testGetParentOfRootPackageOfModule result was not reported by test-runner.
[1760962] WARN CoverageRunner - Test [Manual]TestMethod=spoon.generating.CorrectIdentifierTest#keyWord result was not reported by test-runner.
[1760962] WARN CoverageRunner - Test [Manual]TestMethod=spoon.generating.CorrectIdentifierTest#keyWord2 result was not reported by test-runner.
[1760962] WARN CoverageRunner - Test [Manual]TestMethod=spoon.generating.CorrectIdentifierTest#keyWord3 result was not reported by test-runner.
[1767186] WARN CoverageRunner - Test [Manual]TestMethod=spoon.support.visitor.java.JavaReflectionTreeBuilderTest#testShadowRecords result was not reported by test-runner.
[2003206] WARN CoverageRunner - Test [Manual]TestMethod=spoon.test.comment.CommentTest#testDocumentationContract result was not reported by test-runner.
[2060366] WARN CoverageRunner - Test [Manual]TestMethod=spoon.test.prettyprinter.TestSniperPrinter#testRoundBracketPrintingInComplexArithmeticExpression result was not reported by test-runner.
[2222092] WARN CoverageRunner - Test [Manual]TestMethod=spoon.generating.CorrectIdentifierTest#keyWord result was not reported by test-runner.
[2222092] WARN CoverageRunner - Test [Manual]TestMethod=spoon.generating.CorrectIdentifierTest#keyWord2 result was not reported by test-runner.
[2222092] WARN CoverageRunner - Test [Manual]TestMethod=spoon.generating.CorrectIdentifierTest#keyWord3 result was not reported by test-runner.
[2228206] WARN CoverageRunner - Test [Manual]TestMethod=spoon.support.visitor.java.JavaReflectionTreeBuilderTest#testShadowRecords result was not reported by test-runner.
[2462682] WARN CoverageRunner - Test [Manual]TestMethod=spoon.test.comment.CommentTest#testDocumentationContract result was not reported by test-runner.
[2518565] WARN CoverageRunner - Test [Manual]TestMethod=spoon.test.prettyprinter.TestSniperPrinter#testRoundBracketPrintingInComplexArithmeticExpression result was not reported by test-runner.
[2641695] INFO CoverageRunner - Tests found: 3094
[2641695] INFO CoverageRunner - Tests executed: 3032
17:03:28.092 [main] INFO  fr.inria.jtravis.JTravis - GitHub ratelimit: Limit: 5000 Remaining: 4645 Reset hour: 00:06:15
17:03:30.282 [main] WARN  f.i.s.r.p.s.p.PushFaultLocalizationSuggestions - Flacoco has found 6746 suspicious lines, but none were matched to the diff
17:03:30.282 [main] INFO  f.i.s.r.p.s.f.FlacocoLocalization - 
17:03:31.120 [main] INFO  f.i.s.r.p.i.ProjectInspector - ----------------------------------------------------------------------
17:03:31.121 [main] INFO  f.i.s.r.p.i.ProjectInspector - PIPELINE EXECUTION SUMMARY
17:03:31.121 [main] INFO  f.i.s.r.p.i.ProjectInspector - ----------------------------------------------------------------------
17:03:31.121 [main] INFO  f.i.s.r.p.i.ProjectInspector - CloneCheckoutGitPullRequest.........................SUCCESS [   12 s ]
17:03:31.121 [main] INFO  f.i.s.r.p.i.ProjectInspector - BuildProject........................................SUCCESS [   91 s ]
17:03:31.121 [main] INFO  f.i.s.r.p.i.ProjectInspector - TestProject.........................................SUCCESS [  256 s ]
17:03:31.121 [main] INFO  f.i.s.r.p.i.ProjectInspector - ComputeClasspath....................................SUCCESS [    5 s ]
17:03:31.121 [main] INFO  f.i.s.r.p.i.ProjectInspector - ComputeSourceDir....................................SUCCESS [    0 s ]
17:03:31.121 [main] INFO  f.i.s.r.p.i.ProjectInspector - ComputeTestDir......................................SUCCESS [    0 s ]
17:03:31.121 [main] INFO  f.i.s.r.p.i.ProjectInspector - GatherTestInformation...............................SUCCESS [    0 s ]
17:03:31.121 [main] INFO  f.i.s.r.p.i.ProjectInspector - FlacocoLocalization.................................SUCCESS [ 2642 s ]
17:03:31.121 [main] INFO  f.i.s.r.p.i.ProjectInspector - PushFaultLocalizationSuggestions....................SKIPPED           
17:03:31.121 [main] INFO  f.i.s.r.p.i.ProjectInspector - ----------------------------------------------------------------------
17:03:31.121 [main] INFO  f.i.s.r.p.i.ProjectInspector - PIPELINE FINDING: TEST FAILURE
17:03:31.121 [main] INFO  f.i.s.r.p.i.ProjectInspector - ----------------------------------------------------------------------
17:03:31.121 [main] INFO  f.i.s.r.p.github.GithubMainProcess - Inspector is finished. The process will exit now.