Execute pipeline with following supplementary args: --smtpPort 25 --listenerMode NOOP --launcherMode FAULT_LOCALIZATION  --gitrepourl https://github.com/INRIA/spoon --gitrepopullrequest 4341
java -cp /usr/local/openjdk-11/lib/tools.jar:repairnator-pipeline.jar -Dlogback.configurationFile=/root/logback.xml fr.inria.spirals.repairnator.pipeline.Launcher -d --runId null -o /var/log --ghOauth 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 --faultLocalization --flacocoThreshold 0.0 --flacocoTopK null --ghOauth  --smtpPort 25 --listenerMode NOOP --launcherMode FAULT_LOCALIZATION  --gitrepourl https://github.com/INRIA/spoon --gitrepopullrequest 4341

13:52:57.648 [main] INFO  f.i.s.r.p.g.GithubInitSerializerEngines - Initialize file serializer engines.
13:52:57.649 [main] INFO  f.i.s.r.p.g.GithubInitSerializerEngines - MongoDB won't be used for serialization.
13:52:57.649 [main] INFO  f.i.s.r.p.github.GithubInitNotifiers - The email notifier engine won't be used.
13:52:57.661 [main] INFO  f.i.s.r.p.i.ProjectInspector - ----------------------------------------------------------------------
13:52:57.661 [main] INFO  f.i.s.r.p.i.ProjectInspector - PIPELINE STEPS
13:52:57.661 [main] INFO  f.i.s.r.p.i.ProjectInspector - ----------------------------------------------------------------------
13:52:57.661 [main] INFO  f.i.s.r.p.i.ProjectInspector - CloneCheckoutGitPullRequest
13:52:57.661 [main] INFO  f.i.s.r.p.i.ProjectInspector - BuildProject
13:52:57.661 [main] INFO  f.i.s.r.p.i.ProjectInspector - TestProject
13:52:57.661 [main] INFO  f.i.s.r.p.i.ProjectInspector - ComputeClasspath
13:52:57.661 [main] INFO  f.i.s.r.p.i.ProjectInspector - ComputeSourceDir
13:52:57.661 [main] INFO  f.i.s.r.p.i.ProjectInspector - ComputeTestDir
13:52:57.661 [main] INFO  f.i.s.r.p.i.ProjectInspector - GatherTestInformation
13:52:57.661 [main] INFO  f.i.s.r.p.i.ProjectInspector - FlacocoLocalization
13:52:57.661 [main] INFO  f.i.s.r.p.i.ProjectInspector - PushFaultLocalizationSuggestions
13:52:57.662 [main] INFO  f.i.s.r.p.s.CloneCheckoutGitPullRequest - Cloning repository https://github.com/INRIA/spoon.git in the following directory: ./workspace/INRIA-spoon-master-4341_repo
13:57:09.861 [Thread-7] ERROR f.i.s.r.p.m.o.MavenFilterOutputHandler - [ERROR] Tests run: 47, Failures: 3, Errors: 0, Skipped: 2, Time elapsed: 0.035 s <<< FAILURE! - in spoon.test.prettyprinter.TestSniperPrinter$SquareBracketPrintingInArrayInitialisation
13:57:09.862 [Thread-7] ERROR f.i.s.r.p.m.o.MavenFilterOutputHandler - [ERROR] spoon.test.prettyprinter.TestSniperPrinter$SquareBracketPrintingInArrayInitialisation.test_bracketShouldBePrintedWhenArrayIsInitialisedToIntegers  Time elapsed: 0.01 s  <<< FAILURE!
13:57:09.862 [Thread-7] ERROR f.i.s.r.p.m.o.MavenFilterOutputHandler - [ERROR] spoon.test.prettyprinter.TestSniperPrinter$SquareBracketPrintingInArrayInitialisation.test_bracketShouldBePrintedWhenArrayIsInitialisedToNullElements  Time elapsed: 0.009 s  <<< FAILURE!
13:57:09.862 [Thread-7] ERROR f.i.s.r.p.m.o.MavenFilterOutputHandler - [ERROR] spoon.test.prettyprinter.TestSniperPrinter$SquareBracketPrintingInArrayInitialisation.test_bracketShouldBePrintedWhenArrayIsNull  Time elapsed: 0.008 s  <<< FAILURE!
13:57:23.945 [Thread-7] ERROR f.i.s.r.p.m.o.MavenFilterOutputHandler - [ERROR] Failures: 
13:57:23.946 [Thread-7] ERROR f.i.s.r.p.m.o.MavenFilterOutputHandler - [ERROR]   TestSniperPrinter$SquareBracketPrintingInArrayInitialisation.test_bracketShouldBePrintedWhenArrayIsInitialisedToIntegers:903->lambda$assertPrintsBracketForArrayInitialisation$1:890 
13:57:23.946 [Thread-7] ERROR f.i.s.r.p.m.o.MavenFilterOutputHandler - [ERROR]   TestSniperPrinter$SquareBracketPrintingInArrayInitialisation.test_bracketShouldBePrintedWhenArrayIsInitialisedToNullElements:911->lambda$assertPrintsBracketForArrayInitialisation$1:890 
13:57:23.946 [Thread-7] ERROR f.i.s.r.p.m.o.MavenFilterOutputHandler - [ERROR]   TestSniperPrinter$SquareBracketPrintingInArrayInitialisation.test_bracketShouldBePrintedWhenArrayIsNull:895->lambda$assertPrintsBracketForArrayInitialisation$1:890 
13:57:23.946 [Thread-7] ERROR f.i.s.r.p.m.o.MavenFilterOutputHandler - [ERROR] Tests run: 2144, Failures: 3, Errors: 0, Skipped: 18
13:57:24.436 [Thread-7] ERROR f.i.s.r.p.m.o.MavenFilterOutputHandler - [ERROR] Failed to execute goal org.apache.maven.plugins:maven-surefire-plugin:3.0.0-M5:test (default-test) on project spoon-core: There are test failures.
13:57:24.436 [Thread-7] ERROR f.i.s.r.p.m.o.MavenFilterOutputHandler - [ERROR] 
13:57:24.436 [Thread-7] ERROR f.i.s.r.p.m.o.MavenFilterOutputHandler - [ERROR] Please refer to /root/workspace/INRIA-spoon-master-4341_repo/target/surefire-reports for the individual test results.
13:57:24.436 [Thread-7] ERROR f.i.s.r.p.m.o.MavenFilterOutputHandler - [ERROR] Please refer to dump files (if any exist) [date].dump, [date]-jvmRun[N].dump and [date].dumpstream.
13:57:24.436 [Thread-7] ERROR f.i.s.r.p.m.o.MavenFilterOutputHandler - [ERROR] -> [Help 1]
13:57:24.440 [Thread-7] ERROR f.i.s.r.p.m.o.MavenFilterOutputHandler - [ERROR] 
13:57:24.440 [Thread-7] ERROR f.i.s.r.p.m.o.MavenFilterOutputHandler - [ERROR] Re-run Maven using the -X switch to enable full debug logging.
13:57:24.440 [Thread-7] ERROR f.i.s.r.p.m.o.MavenFilterOutputHandler - [ERROR] 
13:57:24.440 [Thread-7] ERROR f.i.s.r.p.m.o.MavenFilterOutputHandler - [ERROR] For more information about the errors and possible solutions, please read the following articles:
13:57:24.440 [Thread-7] ERROR f.i.s.r.p.m.o.MavenFilterOutputHandler - [ERROR] [Help 1] http://cwiki.apache.org/confluence/display/MAVEN/MojoFailureException
13:57:29.054 [main] INFO  f.i.s.r.p.s.paths.ComputeSourceDir - 1 source dir was found:
13:57:29.054 [main] INFO  f.i.s.r.p.s.paths.ComputeSourceDir - /root/workspace/INRIA-spoon-master-4341_repo/src/main/java
13:57:29.096 [main] INFO  f.i.s.r.p.step.paths.ComputeTestDir - It seems the step is entering in a loop while searching the test dir. The following file has already been visited: /root/workspace/INRIA-spoon-master-4341_repo/pom.xml
13:57:29.096 [main] INFO  f.i.s.r.p.step.paths.ComputeTestDir - 1 test dir was found:
13:57:29.096 [main] INFO  f.i.s.r.p.step.paths.ComputeTestDir - /root/workspace/INRIA-spoon-master-4341_repo/src/test/java
13:57:29.351 [main] INFO  f.i.s.r.p.s.g.GatherTestInformation - Get the following failing module path: /root/workspace/INRIA-spoon-master-4341_repo
13:57:29.352 [main] INFO  f.i.s.r.p.s.g.GatherTestInformation - ---Test results---
13:57:29.352 [main] INFO  f.i.s.r.p.s.g.GatherTestInformation -    Total tests: 2144
13:57:29.352 [main] INFO  f.i.s.r.p.s.g.GatherTestInformation -    Tests run: 2126
13:57:29.352 [main] INFO  f.i.s.r.p.s.g.GatherTestInformation -    Tests passing: 2123
13:57:29.352 [main] INFO  f.i.s.r.p.s.g.GatherTestInformation -    Failures: 3
13:57:29.352 [main] INFO  f.i.s.r.p.s.g.GatherTestInformation -    Errors: 0
13:57:29.352 [main] INFO  f.i.s.r.p.s.g.GatherTestInformation -    Skipped: 18
[0] INFO Flacoco - Running Flacoco...
[194] WARN Processor - ClassNotFoundException: spoon.support.visitor.java.internal.RecordComponentRuntimeBuilderContext
[194] WARN Processor - [file:/root/workspace/INRIA-spoon-master-4341_repo/target/classes/, file:/root/workspace/INRIA-spoon-master-4341_repo/target/test-classes/, file:/root/./workspace/INRIA-spoon-master-4341_repo/.m2/org/eclipse/jdt/org.eclipse.jdt.core/3.28.0/org.eclipse.jdt.core-3.28.0.jar, file:/root/./workspace/INRIA-spoon-master-4341_repo/.m2/com/martiansoftware/jsap/2.1/jsap-2.1.jar, file:/root/./workspace/INRIA-spoon-master-4341_repo/.m2/org/slf4j/slf4j-api/1.7.32/slf4j-api-1.7.32.jar, file:/root/./workspace/INRIA-spoon-master-4341_repo/.m2/commons-io/commons-io/2.11.0/commons-io-2.11.0.jar, file:/root/./workspace/INRIA-spoon-master-4341_repo/.m2/org/apache/maven/maven-model/3.8.4/maven-model-3.8.4.jar, file:/root/./workspace/INRIA-spoon-master-4341_repo/.m2/org/codehaus/plexus/plexus-utils/3.3.0/plexus-utils-3.3.0.jar, file:/root/./workspace/INRIA-spoon-master-4341_repo/.m2/org/apache/commons/commons-lang3/3.12.0/commons-lang3-3.12.0.jar, file:/root/./workspace/INRIA-spoon-master-4341_repo/.m2/org/tukaani/xz/1.9/xz-1.9.jar, file:/root/./workspace/INRIA-spoon-master-4341_repo/.m2/com/fasterxml/jackson/core/jackson-databind/2.13.0/jackson-databind-2.13.0.jar, file:/root/./workspace/INRIA-spoon-master-4341_repo/.m2/com/fasterxml/jackson/core/jackson-annotations/2.13.0/jackson-annotations-2.13.0.jar, file:/root/./workspace/INRIA-spoon-master-4341_repo/.m2/com/fasterxml/jackson/core/jackson-core/2.13.0/jackson-core-2.13.0.jar, file:/root/./workspace/INRIA-spoon-master-4341_repo/.m2/org/apache/commons/commons-compress/1.21/commons-compress-1.21.jar, file:/root/./workspace/INRIA-spoon-master-4341_repo/.m2/com/google/guava/guava/31.0.1-jre/guava-31.0.1-jre.jar, file:/root/./workspace/INRIA-spoon-master-4341_repo/.m2/com/google/guava/failureaccess/1.0.1/failureaccess-1.0.1.jar, file:/root/./workspace/INRIA-spoon-master-4341_repo/.m2/com/google/guava/listenablefuture/9999.0-empty-to-avoid-conflict-with-guava/listenablefuture-9999.0-empty-to-avoid-conflict-with-guava.jar, file:/root/./workspace/INRIA-spoon-master-4341_repo/.m2/com/google/code/findbugs/jsr305/3.0.2/jsr305-3.0.2.jar, file:/root/./workspace/INRIA-spoon-master-4341_repo/.m2/org/checkerframework/checker-qual/3.12.0/checker-qual-3.12.0.jar, file:/root/./workspace/INRIA-spoon-master-4341_repo/.m2/com/google/errorprone/error_prone_annotations/2.7.1/error_prone_annotations-2.7.1.jar, file:/root/./workspace/INRIA-spoon-master-4341_repo/.m2/com/google/j2objc/j2objc-annotations/1.3/j2objc-annotations-1.3.jar, file:/root/./workspace/INRIA-spoon-master-4341_repo/.m2/ch/qos/logback/logback-classic/1.2.7/logback-classic-1.2.7.jar, file:/root/./workspace/INRIA-spoon-master-4341_repo/.m2/ch/qos/logback/logback-core/1.2.7/logback-core-1.2.7.jar, file:/root/./workspace/INRIA-spoon-master-4341_repo/.m2/com/mysema/querydsl/querydsl-core/3.6.9/querydsl-core-3.6.9.jar, file:/root/./workspace/INRIA-spoon-master-4341_repo/.m2/org/apache/maven/shared/maven-invoker/3.1.0/maven-invoker-3.1.0.jar, file:/root/./workspace/INRIA-spoon-master-4341_repo/.m2/org/apache/maven/shared/maven-shared-utils/3.3.3/maven-shared-utils-3.3.3.jar, file:/root/./workspace/INRIA-spoon-master-4341_repo/.m2/javax/inject/javax.inject/1/javax.inject-1.jar, file:/root/./workspace/INRIA-spoon-master-4341_repo/.m2/javax/validation/validation-api/2.0.1.Final/validation-api-2.0.1.Final.jar, file:/root/./workspace/INRIA-spoon-master-4341_repo/.m2/com/google/code/gson/gson/2.8.9/gson-2.8.9.jar, file:/root/./workspace/INRIA-spoon-master-4341_repo/.m2/uk/org/lidalia/slf4j-test/1.2.0/slf4j-test-1.2.0.jar, file:/root/./workspace/INRIA-spoon-master-4341_repo/.m2/uk/org/lidalia/lidalia-lang/1.0.0/lidalia-lang-1.0.0.jar, file:/root/./workspace/INRIA-spoon-master-4341_repo/.m2/uk/org/lidalia/lidalia-slf4j-ext/1.0.0/lidalia-slf4j-ext-1.0.0.jar, file:/root/./workspace/INRIA-spoon-master-4341_repo/.m2/joda-time/joda-time/2.2/joda-time-2.2.jar, file:/root/./workspace/INRIA-spoon-master-4341_repo/.m2/org/junit/vintage/junit-vintage-engine/5.8.2/junit-vintage-engine-5.8.2.jar, file:/root/./workspace/INRIA-spoon-master-4341_repo/.m2/org/junit/platform/junit-platform-engine/1.8.2/junit-platform-engine-1.8.2.jar, file:/root/./workspace/INRIA-spoon-master-4341_repo/.m2/org/opentest4j/opentest4j/1.2.0/opentest4j-1.2.0.jar, file:/root/./workspace/INRIA-spoon-master-4341_repo/.m2/org/junit/platform/junit-platform-commons/1.8.2/junit-platform-commons-1.8.2.jar, file:/root/./workspace/INRIA-spoon-master-4341_repo/.m2/junit/junit/4.13.2/junit-4.13.2.jar, file:/root/./workspace/INRIA-spoon-master-4341_repo/.m2/org/hamcrest/hamcrest-core/1.3/hamcrest-core-1.3.jar, file:/root/./workspace/INRIA-spoon-master-4341_repo/.m2/org/apiguardian/apiguardian-api/1.1.2/apiguardian-api-1.1.2.jar, file:/root/./workspace/INRIA-spoon-master-4341_repo/.m2/org/mockito/mockito-core/4.1.0/mockito-core-4.1.0.jar, file:/root/./workspace/INRIA-spoon-master-4341_repo/.m2/net/bytebuddy/byte-buddy/1.12.1/byte-buddy-1.12.1.jar, file:/root/./workspace/INRIA-spoon-master-4341_repo/.m2/net/bytebuddy/byte-buddy-agent/1.12.1/byte-buddy-agent-1.12.1.jar, file:/root/./workspace/INRIA-spoon-master-4341_repo/.m2/org/objenesis/objenesis/3.2/objenesis-3.2.jar, file:/root/./workspace/INRIA-spoon-master-4341_repo/.m2/org/junit/jupiter/junit-jupiter-engine/5.8.2/junit-jupiter-engine-5.8.2.jar, file:/root/./workspace/INRIA-spoon-master-4341_repo/.m2/org/junit/jupiter/junit-jupiter-api/5.8.2/junit-jupiter-api-5.8.2.jar, file:/root/./workspace/INRIA-spoon-master-4341_repo/.m2/org/junit/jupiter/junit-jupiter-params/5.8.2/junit-jupiter-params-5.8.2.jar, file:/root/./workspace/INRIA-spoon-master-4341_repo/.m2/org/mockito/mockito-junit-jupiter/4.1.0/mockito-junit-jupiter-4.1.0.jar, file:/root/./workspace/INRIA-spoon-master-4341_repo/.m2/com/github/stefanbirkner/system-rules/1.19.0/system-rules-1.19.0.jar, file:/root/./workspace/INRIA-spoon-master-4341_repo/target/classes/, file:/root/./workspace/INRIA-spoon-master-4341_repo/target/test-classes/]
[547] WARN Processor - ClassNotFoundException: spoon.support.visitor.java.internal.RecordComponentRuntimeBuilderContext
[547] WARN Processor - [file:/root/workspace/INRIA-spoon-master-4341_repo/target/classes/, file:/root/workspace/INRIA-spoon-master-4341_repo/target/test-classes/, file:/root/./workspace/INRIA-spoon-master-4341_repo/.m2/org/eclipse/jdt/org.eclipse.jdt.core/3.28.0/org.eclipse.jdt.core-3.28.0.jar, file:/root/./workspace/INRIA-spoon-master-4341_repo/.m2/com/martiansoftware/jsap/2.1/jsap-2.1.jar, file:/root/./workspace/INRIA-spoon-master-4341_repo/.m2/org/slf4j/slf4j-api/1.7.32/slf4j-api-1.7.32.jar, file:/root/./workspace/INRIA-spoon-master-4341_repo/.m2/commons-io/commons-io/2.11.0/commons-io-2.11.0.jar, file:/root/./workspace/INRIA-spoon-master-4341_repo/.m2/org/apache/maven/maven-model/3.8.4/maven-model-3.8.4.jar, file:/root/./workspace/INRIA-spoon-master-4341_repo/.m2/org/codehaus/plexus/plexus-utils/3.3.0/plexus-utils-3.3.0.jar, file:/root/./workspace/INRIA-spoon-master-4341_repo/.m2/org/apache/commons/commons-lang3/3.12.0/commons-lang3-3.12.0.jar, file:/root/./workspace/INRIA-spoon-master-4341_repo/.m2/org/tukaani/xz/1.9/xz-1.9.jar, file:/root/./workspace/INRIA-spoon-master-4341_repo/.m2/com/fasterxml/jackson/core/jackson-databind/2.13.0/jackson-databind-2.13.0.jar, file:/root/./workspace/INRIA-spoon-master-4341_repo/.m2/com/fasterxml/jackson/core/jackson-annotations/2.13.0/jackson-annotations-2.13.0.jar, file:/root/./workspace/INRIA-spoon-master-4341_repo/.m2/com/fasterxml/jackson/core/jackson-core/2.13.0/jackson-core-2.13.0.jar, file:/root/./workspace/INRIA-spoon-master-4341_repo/.m2/org/apache/commons/commons-compress/1.21/commons-compress-1.21.jar, file:/root/./workspace/INRIA-spoon-master-4341_repo/.m2/com/google/guava/guava/31.0.1-jre/guava-31.0.1-jre.jar, file:/root/./workspace/INRIA-spoon-master-4341_repo/.m2/com/google/guava/failureaccess/1.0.1/failureaccess-1.0.1.jar, file:/root/./workspace/INRIA-spoon-master-4341_repo/.m2/com/google/guava/listenablefuture/9999.0-empty-to-avoid-conflict-with-guava/listenablefuture-9999.0-empty-to-avoid-conflict-with-guava.jar, file:/root/./workspace/INRIA-spoon-master-4341_repo/.m2/com/google/code/findbugs/jsr305/3.0.2/jsr305-3.0.2.jar, file:/root/./workspace/INRIA-spoon-master-4341_repo/.m2/org/checkerframework/checker-qual/3.12.0/checker-qual-3.12.0.jar, file:/root/./workspace/INRIA-spoon-master-4341_repo/.m2/com/google/errorprone/error_prone_annotations/2.7.1/error_prone_annotations-2.7.1.jar, file:/root/./workspace/INRIA-spoon-master-4341_repo/.m2/com/google/j2objc/j2objc-annotations/1.3/j2objc-annotations-1.3.jar, file:/root/./workspace/INRIA-spoon-master-4341_repo/.m2/ch/qos/logback/logback-classic/1.2.7/logback-classic-1.2.7.jar, file:/root/./workspace/INRIA-spoon-master-4341_repo/.m2/ch/qos/logback/logback-core/1.2.7/logback-core-1.2.7.jar, file:/root/./workspace/INRIA-spoon-master-4341_repo/.m2/com/mysema/querydsl/querydsl-core/3.6.9/querydsl-core-3.6.9.jar, file:/root/./workspace/INRIA-spoon-master-4341_repo/.m2/org/apache/maven/shared/maven-invoker/3.1.0/maven-invoker-3.1.0.jar, file:/root/./workspace/INRIA-spoon-master-4341_repo/.m2/org/apache/maven/shared/maven-shared-utils/3.3.3/maven-shared-utils-3.3.3.jar, file:/root/./workspace/INRIA-spoon-master-4341_repo/.m2/javax/inject/javax.inject/1/javax.inject-1.jar, file:/root/./workspace/INRIA-spoon-master-4341_repo/.m2/javax/validation/validation-api/2.0.1.Final/validation-api-2.0.1.Final.jar, file:/root/./workspace/INRIA-spoon-master-4341_repo/.m2/com/google/code/gson/gson/2.8.9/gson-2.8.9.jar, file:/root/./workspace/INRIA-spoon-master-4341_repo/.m2/uk/org/lidalia/slf4j-test/1.2.0/slf4j-test-1.2.0.jar, file:/root/./workspace/INRIA-spoon-master-4341_repo/.m2/uk/org/lidalia/lidalia-lang/1.0.0/lidalia-lang-1.0.0.jar, file:/root/./workspace/INRIA-spoon-master-4341_repo/.m2/uk/org/lidalia/lidalia-slf4j-ext/1.0.0/lidalia-slf4j-ext-1.0.0.jar, file:/root/./workspace/INRIA-spoon-master-4341_repo/.m2/joda-time/joda-time/2.2/joda-time-2.2.jar, file:/root/./workspace/INRIA-spoon-master-4341_repo/.m2/org/junit/vintage/junit-vintage-engine/5.8.2/junit-vintage-engine-5.8.2.jar, file:/root/./workspace/INRIA-spoon-master-4341_repo/.m2/org/junit/platform/junit-platform-engine/1.8.2/junit-platform-engine-1.8.2.jar, file:/root/./workspace/INRIA-spoon-master-4341_repo/.m2/org/opentest4j/opentest4j/1.2.0/opentest4j-1.2.0.jar, file:/root/./workspace/INRIA-spoon-master-4341_repo/.m2/org/junit/platform/junit-platform-commons/1.8.2/junit-platform-commons-1.8.2.jar, file:/root/./workspace/INRIA-spoon-master-4341_repo/.m2/junit/junit/4.13.2/junit-4.13.2.jar, file:/root/./workspace/INRIA-spoon-master-4341_repo/.m2/org/hamcrest/hamcrest-core/1.3/hamcrest-core-1.3.jar, file:/root/./workspace/INRIA-spoon-master-4341_repo/.m2/org/apiguardian/apiguardian-api/1.1.2/apiguardian-api-1.1.2.jar, file:/root/./workspace/INRIA-spoon-master-4341_repo/.m2/org/mockito/mockito-core/4.1.0/mockito-core-4.1.0.jar, file:/root/./workspace/INRIA-spoon-master-4341_repo/.m2/net/bytebuddy/byte-buddy/1.12.1/byte-buddy-1.12.1.jar, file:/root/./workspace/INRIA-spoon-master-4341_repo/.m2/net/bytebuddy/byte-buddy-agent/1.12.1/byte-buddy-agent-1.12.1.jar, file:/root/./workspace/INRIA-spoon-master-4341_repo/.m2/org/objenesis/objenesis/3.2/objenesis-3.2.jar, file:/root/./workspace/INRIA-spoon-master-4341_repo/.m2/org/junit/jupiter/junit-jupiter-engine/5.8.2/junit-jupiter-engine-5.8.2.jar, file:/root/./workspace/INRIA-spoon-master-4341_repo/.m2/org/junit/jupiter/junit-jupiter-api/5.8.2/junit-jupiter-api-5.8.2.jar, file:/root/./workspace/INRIA-spoon-master-4341_repo/.m2/org/junit/jupiter/junit-jupiter-params/5.8.2/junit-jupiter-params-5.8.2.jar, file:/root/./workspace/INRIA-spoon-master-4341_repo/.m2/org/mockito/mockito-junit-jupiter/4.1.0/mockito-junit-jupiter-4.1.0.jar, file:/root/./workspace/INRIA-spoon-master-4341_repo/.m2/com/github/stefanbirkner/system-rules/1.19.0/system-rules-1.19.0.jar, file:/root/./workspace/INRIA-spoon-master-4341_repo/target/classes/, file:/root/./workspace/INRIA-spoon-master-4341_repo/target/test-classes/]
[597] WARN Processor - ClassNotFoundException: spoon.support.visitor.java.internal.RecordComponentRuntimeBuilderContext
[597] WARN Processor - [file:/root/workspace/INRIA-spoon-master-4341_repo/target/classes/, file:/root/workspace/INRIA-spoon-master-4341_repo/target/test-classes/, file:/root/./workspace/INRIA-spoon-master-4341_repo/.m2/org/eclipse/jdt/org.eclipse.jdt.core/3.28.0/org.eclipse.jdt.core-3.28.0.jar, file:/root/./workspace/INRIA-spoon-master-4341_repo/.m2/com/martiansoftware/jsap/2.1/jsap-2.1.jar, file:/root/./workspace/INRIA-spoon-master-4341_repo/.m2/org/slf4j/slf4j-api/1.7.32/slf4j-api-1.7.32.jar, file:/root/./workspace/INRIA-spoon-master-4341_repo/.m2/commons-io/commons-io/2.11.0/commons-io-2.11.0.jar, file:/root/./workspace/INRIA-spoon-master-4341_repo/.m2/org/apache/maven/maven-model/3.8.4/maven-model-3.8.4.jar, file:/root/./workspace/INRIA-spoon-master-4341_repo/.m2/org/codehaus/plexus/plexus-utils/3.3.0/plexus-utils-3.3.0.jar, file:/root/./workspace/INRIA-spoon-master-4341_repo/.m2/org/apache/commons/commons-lang3/3.12.0/commons-lang3-3.12.0.jar, file:/root/./workspace/INRIA-spoon-master-4341_repo/.m2/org/tukaani/xz/1.9/xz-1.9.jar, file:/root/./workspace/INRIA-spoon-master-4341_repo/.m2/com/fasterxml/jackson/core/jackson-databind/2.13.0/jackson-databind-2.13.0.jar, file:/root/./workspace/INRIA-spoon-master-4341_repo/.m2/com/fasterxml/jackson/core/jackson-annotations/2.13.0/jackson-annotations-2.13.0.jar, file:/root/./workspace/INRIA-spoon-master-4341_repo/.m2/com/fasterxml/jackson/core/jackson-core/2.13.0/jackson-core-2.13.0.jar, file:/root/./workspace/INRIA-spoon-master-4341_repo/.m2/org/apache/commons/commons-compress/1.21/commons-compress-1.21.jar, file:/root/./workspace/INRIA-spoon-master-4341_repo/.m2/com/google/guava/guava/31.0.1-jre/guava-31.0.1-jre.jar, file:/root/./workspace/INRIA-spoon-master-4341_repo/.m2/com/google/guava/failureaccess/1.0.1/failureaccess-1.0.1.jar, file:/root/./workspace/INRIA-spoon-master-4341_repo/.m2/com/google/guava/listenablefuture/9999.0-empty-to-avoid-conflict-with-guava/listenablefuture-9999.0-empty-to-avoid-conflict-with-guava.jar, file:/root/./workspace/INRIA-spoon-master-4341_repo/.m2/com/google/code/findbugs/jsr305/3.0.2/jsr305-3.0.2.jar, file:/root/./workspace/INRIA-spoon-master-4341_repo/.m2/org/checkerframework/checker-qual/3.12.0/checker-qual-3.12.0.jar, file:/root/./workspace/INRIA-spoon-master-4341_repo/.m2/com/google/errorprone/error_prone_annotations/2.7.1/error_prone_annotations-2.7.1.jar, file:/root/./workspace/INRIA-spoon-master-4341_repo/.m2/com/google/j2objc/j2objc-annotations/1.3/j2objc-annotations-1.3.jar, file:/root/./workspace/INRIA-spoon-master-4341_repo/.m2/ch/qos/logback/logback-classic/1.2.7/logback-classic-1.2.7.jar, file:/root/./workspace/INRIA-spoon-master-4341_repo/.m2/ch/qos/logback/logback-core/1.2.7/logback-core-1.2.7.jar, file:/root/./workspace/INRIA-spoon-master-4341_repo/.m2/com/mysema/querydsl/querydsl-core/3.6.9/querydsl-core-3.6.9.jar, file:/root/./workspace/INRIA-spoon-master-4341_repo/.m2/org/apache/maven/shared/maven-invoker/3.1.0/maven-invoker-3.1.0.jar, file:/root/./workspace/INRIA-spoon-master-4341_repo/.m2/org/apache/maven/shared/maven-shared-utils/3.3.3/maven-shared-utils-3.3.3.jar, file:/root/./workspace/INRIA-spoon-master-4341_repo/.m2/javax/inject/javax.inject/1/javax.inject-1.jar, file:/root/./workspace/INRIA-spoon-master-4341_repo/.m2/javax/validation/validation-api/2.0.1.Final/validation-api-2.0.1.Final.jar, file:/root/./workspace/INRIA-spoon-master-4341_repo/.m2/com/google/code/gson/gson/2.8.9/gson-2.8.9.jar, file:/root/./workspace/INRIA-spoon-master-4341_repo/.m2/uk/org/lidalia/slf4j-test/1.2.0/slf4j-test-1.2.0.jar, file:/root/./workspace/INRIA-spoon-master-4341_repo/.m2/uk/org/lidalia/lidalia-lang/1.0.0/lidalia-lang-1.0.0.jar, file:/root/./workspace/INRIA-spoon-master-4341_repo/.m2/uk/org/lidalia/lidalia-slf4j-ext/1.0.0/lidalia-slf4j-ext-1.0.0.jar, file:/root/./workspace/INRIA-spoon-master-4341_repo/.m2/joda-time/joda-time/2.2/joda-time-2.2.jar, file:/root/./workspace/INRIA-spoon-master-4341_repo/.m2/org/junit/vintage/junit-vintage-engine/5.8.2/junit-vintage-engine-5.8.2.jar, file:/root/./workspace/INRIA-spoon-master-4341_repo/.m2/org/junit/platform/junit-platform-engine/1.8.2/junit-platform-engine-1.8.2.jar, file:/root/./workspace/INRIA-spoon-master-4341_repo/.m2/org/opentest4j/opentest4j/1.2.0/opentest4j-1.2.0.jar, file:/root/./workspace/INRIA-spoon-master-4341_repo/.m2/org/junit/platform/junit-platform-commons/1.8.2/junit-platform-commons-1.8.2.jar, file:/root/./workspace/INRIA-spoon-master-4341_repo/.m2/junit/junit/4.13.2/junit-4.13.2.jar, file:/root/./workspace/INRIA-spoon-master-4341_repo/.m2/org/hamcrest/hamcrest-core/1.3/hamcrest-core-1.3.jar, file:/root/./workspace/INRIA-spoon-master-4341_repo/.m2/org/apiguardian/apiguardian-api/1.1.2/apiguardian-api-1.1.2.jar, file:/root/./workspace/INRIA-spoon-master-4341_repo/.m2/org/mockito/mockito-core/4.1.0/mockito-core-4.1.0.jar, file:/root/./workspace/INRIA-spoon-master-4341_repo/.m2/net/bytebuddy/byte-buddy/1.12.1/byte-buddy-1.12.1.jar, file:/root/./workspace/INRIA-spoon-master-4341_repo/.m2/net/bytebuddy/byte-buddy-agent/1.12.1/byte-buddy-agent-1.12.1.jar, file:/root/./workspace/INRIA-spoon-master-4341_repo/.m2/org/objenesis/objenesis/3.2/objenesis-3.2.jar, file:/root/./workspace/INRIA-spoon-master-4341_repo/.m2/org/junit/jupiter/junit-jupiter-engine/5.8.2/junit-jupiter-engine-5.8.2.jar, file:/root/./workspace/INRIA-spoon-master-4341_repo/.m2/org/junit/jupiter/junit-jupiter-api/5.8.2/junit-jupiter-api-5.8.2.jar, file:/root/./workspace/INRIA-spoon-master-4341_repo/.m2/org/junit/jupiter/junit-jupiter-params/5.8.2/junit-jupiter-params-5.8.2.jar, file:/root/./workspace/INRIA-spoon-master-4341_repo/.m2/org/mockito/mockito-junit-jupiter/4.1.0/mockito-junit-jupiter-4.1.0.jar, file:/root/./workspace/INRIA-spoon-master-4341_repo/.m2/com/github/stefanbirkner/system-rules/1.19.0/system-rules-1.19.0.jar, file:/root/./workspace/INRIA-spoon-master-4341_repo/target/classes/, file:/root/./workspace/INRIA-spoon-master-4341_repo/target/test-classes/]
[637] WARN Processor - ClassNotFoundException: spoon.support.visitor.java.internal.RecordComponentRuntimeBuilderContext
[637] WARN Processor - [file:/root/workspace/INRIA-spoon-master-4341_repo/target/classes/, file:/root/workspace/INRIA-spoon-master-4341_repo/target/test-classes/, file:/root/./workspace/INRIA-spoon-master-4341_repo/.m2/org/eclipse/jdt/org.eclipse.jdt.core/3.28.0/org.eclipse.jdt.core-3.28.0.jar, file:/root/./workspace/INRIA-spoon-master-4341_repo/.m2/com/martiansoftware/jsap/2.1/jsap-2.1.jar, file:/root/./workspace/INRIA-spoon-master-4341_repo/.m2/org/slf4j/slf4j-api/1.7.32/slf4j-api-1.7.32.jar, file:/root/./workspace/INRIA-spoon-master-4341_repo/.m2/commons-io/commons-io/2.11.0/commons-io-2.11.0.jar, file:/root/./workspace/INRIA-spoon-master-4341_repo/.m2/org/apache/maven/maven-model/3.8.4/maven-model-3.8.4.jar, file:/root/./workspace/INRIA-spoon-master-4341_repo/.m2/org/codehaus/plexus/plexus-utils/3.3.0/plexus-utils-3.3.0.jar, file:/root/./workspace/INRIA-spoon-master-4341_repo/.m2/org/apache/commons/commons-lang3/3.12.0/commons-lang3-3.12.0.jar, file:/root/./workspace/INRIA-spoon-master-4341_repo/.m2/org/tukaani/xz/1.9/xz-1.9.jar, file:/root/./workspace/INRIA-spoon-master-4341_repo/.m2/com/fasterxml/jackson/core/jackson-databind/2.13.0/jackson-databind-2.13.0.jar, file:/root/./workspace/INRIA-spoon-master-4341_repo/.m2/com/fasterxml/jackson/core/jackson-annotations/2.13.0/jackson-annotations-2.13.0.jar, file:/root/./workspace/INRIA-spoon-master-4341_repo/.m2/com/fasterxml/jackson/core/jackson-core/2.13.0/jackson-core-2.13.0.jar, file:/root/./workspace/INRIA-spoon-master-4341_repo/.m2/org/apache/commons/commons-compress/1.21/commons-compress-1.21.jar, file:/root/./workspace/INRIA-spoon-master-4341_repo/.m2/com/google/guava/guava/31.0.1-jre/guava-31.0.1-jre.jar, file:/root/./workspace/INRIA-spoon-master-4341_repo/.m2/com/google/guava/failureaccess/1.0.1/failureaccess-1.0.1.jar, file:/root/./workspace/INRIA-spoon-master-4341_repo/.m2/com/google/guava/listenablefuture/9999.0-empty-to-avoid-conflict-with-guava/listenablefuture-9999.0-empty-to-avoid-conflict-with-guava.jar, file:/root/./workspace/INRIA-spoon-master-4341_repo/.m2/com/google/code/findbugs/jsr305/3.0.2/jsr305-3.0.2.jar, file:/root/./workspace/INRIA-spoon-master-4341_repo/.m2/org/checkerframework/checker-qual/3.12.0/checker-qual-3.12.0.jar, file:/root/./workspace/INRIA-spoon-master-4341_repo/.m2/com/google/errorprone/error_prone_annotations/2.7.1/error_prone_annotations-2.7.1.jar, file:/root/./workspace/INRIA-spoon-master-4341_repo/.m2/com/google/j2objc/j2objc-annotations/1.3/j2objc-annotations-1.3.jar, file:/root/./workspace/INRIA-spoon-master-4341_repo/.m2/ch/qos/logback/logback-classic/1.2.7/logback-classic-1.2.7.jar, file:/root/./workspace/INRIA-spoon-master-4341_repo/.m2/ch/qos/logback/logback-core/1.2.7/logback-core-1.2.7.jar, file:/root/./workspace/INRIA-spoon-master-4341_repo/.m2/com/mysema/querydsl/querydsl-core/3.6.9/querydsl-core-3.6.9.jar, file:/root/./workspace/INRIA-spoon-master-4341_repo/.m2/org/apache/maven/shared/maven-invoker/3.1.0/maven-invoker-3.1.0.jar, file:/root/./workspace/INRIA-spoon-master-4341_repo/.m2/org/apache/maven/shared/maven-shared-utils/3.3.3/maven-shared-utils-3.3.3.jar, file:/root/./workspace/INRIA-spoon-master-4341_repo/.m2/javax/inject/javax.inject/1/javax.inject-1.jar, file:/root/./workspace/INRIA-spoon-master-4341_repo/.m2/javax/validation/validation-api/2.0.1.Final/validation-api-2.0.1.Final.jar, file:/root/./workspace/INRIA-spoon-master-4341_repo/.m2/com/google/code/gson/gson/2.8.9/gson-2.8.9.jar, file:/root/./workspace/INRIA-spoon-master-4341_repo/.m2/uk/org/lidalia/slf4j-test/1.2.0/slf4j-test-1.2.0.jar, file:/root/./workspace/INRIA-spoon-master-4341_repo/.m2/uk/org/lidalia/lidalia-lang/1.0.0/lidalia-lang-1.0.0.jar, file:/root/./workspace/INRIA-spoon-master-4341_repo/.m2/uk/org/lidalia/lidalia-slf4j-ext/1.0.0/lidalia-slf4j-ext-1.0.0.jar, file:/root/./workspace/INRIA-spoon-master-4341_repo/.m2/joda-time/joda-time/2.2/joda-time-2.2.jar, file:/root/./workspace/INRIA-spoon-master-4341_repo/.m2/org/junit/vintage/junit-vintage-engine/5.8.2/junit-vintage-engine-5.8.2.jar, file:/root/./workspace/INRIA-spoon-master-4341_repo/.m2/org/junit/platform/junit-platform-engine/1.8.2/junit-platform-engine-1.8.2.jar, file:/root/./workspace/INRIA-spoon-master-4341_repo/.m2/org/opentest4j/opentest4j/1.2.0/opentest4j-1.2.0.jar, file:/root/./workspace/INRIA-spoon-master-4341_repo/.m2/org/junit/platform/junit-platform-commons/1.8.2/junit-platform-commons-1.8.2.jar, file:/root/./workspace/INRIA-spoon-master-4341_repo/.m2/junit/junit/4.13.2/junit-4.13.2.jar, file:/root/./workspace/INRIA-spoon-master-4341_repo/.m2/org/hamcrest/hamcrest-core/1.3/hamcrest-core-1.3.jar, file:/root/./workspace/INRIA-spoon-master-4341_repo/.m2/org/apiguardian/apiguardian-api/1.1.2/apiguardian-api-1.1.2.jar, file:/root/./workspace/INRIA-spoon-master-4341_repo/.m2/org/mockito/mockito-core/4.1.0/mockito-core-4.1.0.jar, file:/root/./workspace/INRIA-spoon-master-4341_repo/.m2/net/bytebuddy/byte-buddy/1.12.1/byte-buddy-1.12.1.jar, file:/root/./workspace/INRIA-spoon-master-4341_repo/.m2/net/bytebuddy/byte-buddy-agent/1.12.1/byte-buddy-agent-1.12.1.jar, file:/root/./workspace/INRIA-spoon-master-4341_repo/.m2/org/objenesis/objenesis/3.2/objenesis-3.2.jar, file:/root/./workspace/INRIA-spoon-master-4341_repo/.m2/org/junit/jupiter/junit-jupiter-engine/5.8.2/junit-jupiter-engine-5.8.2.jar, file:/root/./workspace/INRIA-spoon-master-4341_repo/.m2/org/junit/jupiter/junit-jupiter-api/5.8.2/junit-jupiter-api-5.8.2.jar, file:/root/./workspace/INRIA-spoon-master-4341_repo/.m2/org/junit/jupiter/junit-jupiter-params/5.8.2/junit-jupiter-params-5.8.2.jar, file:/root/./workspace/INRIA-spoon-master-4341_repo/.m2/org/mockito/mockito-junit-jupiter/4.1.0/mockito-junit-jupiter-4.1.0.jar, file:/root/./workspace/INRIA-spoon-master-4341_repo/.m2/com/github/stefanbirkner/system-rules/1.19.0/system-rules-1.19.0.jar, file:/root/./workspace/INRIA-spoon-master-4341_repo/target/classes/, file:/root/./workspace/INRIA-spoon-master-4341_repo/target/test-classes/]
[29409] WARN CoverageRunner - Test [Manual]TestMethod=spoon.MavenLauncherTest#testTypeResolution result was not reported by test-runner.
[41010] WARN CoverageRunner - Test [Manual]TestMethod=spoon.reflect.visitor.CtInheritanceScannerTest#testCtInheritanceScanner result was not reported by test-runner.
[188551] WARN CoverageRunner - Test [Manual]TestMethod=spoon.test.intercession.IntercessionTest#testResetCollectionInSetters result was not reported by test-runner.
[188551] WARN CoverageRunner - Test [Manual]TestMethod=spoon.test.intercession.OneCanCallSetterWithNullParameterizedTest#testContract result was not reported by test-runner.
[249371] WARN CoverageRunner - Test [Manual]TestMethod=spoon.test.UnresolvedBugTest#checkGithubIssueAnnotations result was not reported by test-runner.
[297860] WARN CoverageRunner - Test [Manual]TestMethod=spoon.test.spoonifier.SpoonifierTest#testOnAllTestClasses result was not reported by test-runner.
[299300] WARN CoverageRunner - Test [Manual]TestMethod=spoon.test.spoonifier.SpoonifierTest#testSpoonifierElement result was not reported by test-runner.
[335415] WARN CoverageRunner - Test [Manual]TestMethod=spoon.test.replace.ReplaceParametrizedTest#testContract result was not reported by test-runner.
[421200] WARN CoverageRunner - Test [Manual]TestMethod=spoon.test.parent.SetParentTest#testContract result was not reported by test-runner.
[424886] WARN CoverageRunner - Test [Manual]TestMethod=spoon.test.parent.ContractOnSettersParametrizedTest#testContract result was not reported by test-runner.
[429582] WARN CoverageRunner - Test [Manual]TestMethod=spoon.test.parent.ParentTest#testParentSetInSetter result was not reported by test-runner.
[459724] WARN CoverageRunner - Test [Manual]TestMethod=spoon.test.issue3321.AnnotationPositionTest#testUsageOfTypeAnnotationOnParameterInMethod result was not reported by test-runner.
[459724] WARN CoverageRunner - Test [Manual]TestMethod=spoon.test.issue3321.AnnotationPositionTest#testSneakyAnnotationsOnParameters result was not reported by test-runner.
[530639] WARN CoverageRunner - Test [Manual]TestMethod=spoon.test.prettyprinter.LoopSniperJavaPrettyPrinterTest#whileWithBraces result was not reported by test-runner.
[575628] WARN CoverageRunner - Test [Manual]TestMethod=spoon.test.prettyprinter.DefaultPrettyPrinterTest#testCheckstyleCompliance result was not reported by test-runner.
[575628] WARN CoverageRunner - Test [Manual]TestMethod=spoon.test.module.TestModule#testModuleInfoShouldBeCorrectlyPrettyPrinted result was not reported by test-runner.
[575628] WARN CoverageRunner - Test [Manual]TestMethod=spoon.test.module.TestModule#testModuleInfoWithComments result was not reported by test-runner.
[575628] WARN CoverageRunner - Test [Manual]TestMethod=spoon.test.module.TestModule#testDirectiveOrders result was not reported by test-runner.
[575628] WARN CoverageRunner - Test [Manual]TestMethod=spoon.test.module.TestModule#testGetParentOfRootPackageOfModule result was not reported by test-runner.
[575628] WARN CoverageRunner - Test [Manual]TestMethod=spoon.test.module.TestModule#testGetModuleAfterChangingItsName result was not reported by test-runner.
[575628] WARN CoverageRunner - Test [Manual]TestMethod=spoon.test.module.TestModule#testModuleNames result was not reported by test-runner.
[575628] WARN CoverageRunner - Test [Manual]TestMethod=spoon.test.module.TestModule#testMultipleModulesAndParents result was not reported by test-runner.
[575628] WARN CoverageRunner - Test [Manual]TestMethod=spoon.test.module.TestModule#testModuleComplianceLevelException result was not reported by test-runner.
[575628] WARN CoverageRunner - Test [Manual]TestMethod=spoon.test.module.TestModule#testModuleOverlappingPackages result was not reported by test-runner.
[575628] WARN CoverageRunner - Test [Manual]TestMethod=spoon.test.module.TestModule#testCompleteModuleInfoContentNoClasspath result was not reported by test-runner.
[794702] WARN CoverageRunner - Test [Manual]TestMethod=spoon.MavenLauncherTest#testTypeResolution result was not reported by test-runner.
[805810] WARN CoverageRunner - Test [Manual]TestMethod=spoon.reflect.visitor.CtInheritanceScannerTest#testCtInheritanceScanner result was not reported by test-runner.
[949772] WARN CoverageRunner - Test [Manual]TestMethod=spoon.test.intercession.IntercessionTest#testResetCollectionInSetters result was not reported by test-runner.
[949773] WARN CoverageRunner - Test [Manual]TestMethod=spoon.test.intercession.OneCanCallSetterWithNullParameterizedTest#testContract result was not reported by test-runner.
[1009352] WARN CoverageRunner - Test [Manual]TestMethod=spoon.test.UnresolvedBugTest#checkGithubIssueAnnotations result was not reported by test-runner.
[1056738] WARN CoverageRunner - Test [Manual]TestMethod=spoon.test.spoonifier.SpoonifierTest#testOnAllTestClasses result was not reported by test-runner.
[1058133] WARN CoverageRunner - Test [Manual]TestMethod=spoon.test.spoonifier.SpoonifierTest#testSpoonifierElement result was not reported by test-runner.
[1092955] WARN CoverageRunner - Test [Manual]TestMethod=spoon.test.replace.ReplaceParametrizedTest#testContract result was not reported by test-runner.
[1176043] WARN CoverageRunner - Test [Manual]TestMethod=spoon.test.parent.SetParentTest#testContract result was not reported by test-runner.
[1179716] WARN CoverageRunner - Test [Manual]TestMethod=spoon.test.parent.ContractOnSettersParametrizedTest#testContract result was not reported by test-runner.
[1184377] WARN CoverageRunner - Test [Manual]TestMethod=spoon.test.parent.ParentTest#testParentSetInSetter result was not reported by test-runner.
[1213939] WARN CoverageRunner - Test [Manual]TestMethod=spoon.test.issue3321.AnnotationPositionTest#testUsageOfTypeAnnotationOnParameterInMethod result was not reported by test-runner.
[1213939] WARN CoverageRunner - Test [Manual]TestMethod=spoon.test.issue3321.AnnotationPositionTest#testSneakyAnnotationsOnParameters result was not reported by test-runner.
[1282228] WARN CoverageRunner - Test [Manual]TestMethod=spoon.test.prettyprinter.LoopSniperJavaPrettyPrinterTest#whileWithBraces result was not reported by test-runner.
[1325230] WARN CoverageRunner - Test [Manual]TestMethod=spoon.test.prettyprinter.DefaultPrettyPrinterTest#testCheckstyleCompliance result was not reported by test-runner.
[1325230] WARN CoverageRunner - Test [Manual]TestMethod=spoon.test.module.TestModule#testModuleInfoShouldBeCorrectlyPrettyPrinted result was not reported by test-runner.
[1325230] WARN CoverageRunner - Test [Manual]TestMethod=spoon.test.module.TestModule#testModuleInfoWithComments result was not reported by test-runner.
[1325230] WARN CoverageRunner - Test [Manual]TestMethod=spoon.test.module.TestModule#testDirectiveOrders result was not reported by test-runner.
[1325230] WARN CoverageRunner - Test [Manual]TestMethod=spoon.test.module.TestModule#testGetParentOfRootPackageOfModule result was not reported by test-runner.
[1325230] WARN CoverageRunner - Test [Manual]TestMethod=spoon.test.module.TestModule#testGetModuleAfterChangingItsName result was not reported by test-runner.
[1325230] WARN CoverageRunner - Test [Manual]TestMethod=spoon.test.module.TestModule#testModuleNames result was not reported by test-runner.
[1325230] WARN CoverageRunner - Test [Manual]TestMethod=spoon.test.module.TestModule#testMultipleModulesAndParents result was not reported by test-runner.
[1325230] WARN CoverageRunner - Test [Manual]TestMethod=spoon.test.module.TestModule#testModuleComplianceLevelException result was not reported by test-runner.
[1325230] WARN CoverageRunner - Test [Manual]TestMethod=spoon.test.module.TestModule#testModuleOverlappingPackages result was not reported by test-runner.
[1325230] WARN CoverageRunner - Test [Manual]TestMethod=spoon.test.module.TestModule#testCompleteModuleInfoContentNoClasspath result was not reported by test-runner.
[1571707] WARN CoverageRunner - Test [Manual]TestMethod=spoon.generating.CorrectIdentifierTest#keyWord result was not reported by test-runner.
[1571707] WARN CoverageRunner - Test [Manual]TestMethod=spoon.generating.CorrectIdentifierTest#keyWord2 result was not reported by test-runner.
[1571707] WARN CoverageRunner - Test [Manual]TestMethod=spoon.generating.CorrectIdentifierTest#keyWord3 result was not reported by test-runner.
[1580008] WARN CoverageRunner - Test [Manual]TestMethod=spoon.support.visitor.java.JavaReflectionTreeBuilderTest#testShadowRecords result was not reported by test-runner.
[1781756] WARN CoverageRunner - Test [Manual]TestMethod=spoon.test.comment.CommentTest#testDocumentationContract result was not reported by test-runner.
[1830151] WARN CoverageRunner - Test [Manual]TestMethod=spoon.test.prettyprinter.TestSniperPrinter#testRoundBracketPrintingInComplexArithmeticExpression result was not reported by test-runner.
[1971666] WARN CoverageRunner - Test [Manual]TestMethod=spoon.generating.CorrectIdentifierTest#keyWord result was not reported by test-runner.
[1971666] WARN CoverageRunner - Test [Manual]TestMethod=spoon.generating.CorrectIdentifierTest#keyWord2 result was not reported by test-runner.
[1971666] WARN CoverageRunner - Test [Manual]TestMethod=spoon.generating.CorrectIdentifierTest#keyWord3 result was not reported by test-runner.
[1979819] WARN CoverageRunner - Test [Manual]TestMethod=spoon.support.visitor.java.JavaReflectionTreeBuilderTest#testShadowRecords result was not reported by test-runner.
[2180379] WARN CoverageRunner - Test [Manual]TestMethod=spoon.test.comment.CommentTest#testDocumentationContract result was not reported by test-runner.
[2228637] WARN CoverageRunner - Test [Manual]TestMethod=spoon.test.prettyprinter.TestSniperPrinter#testRoundBracketPrintingInComplexArithmeticExpression result was not reported by test-runner.
[2337668] INFO CoverageRunner - Tests found: 3096
[2337668] INFO CoverageRunner - Tests executed: 3034
14:36:28.512 [main] INFO  fr.inria.jtravis.JTravis - GitHub ratelimit: Limit: 5000 Remaining: 4908 Reset hour: 00:17:39
14:36:29.705 [main] WARN  f.i.s.r.p.s.p.PushFaultLocalizationSuggestions - Flacoco has found 6739 suspicious lines, but none were matched to the diff
14:36:29.706 [main] INFO  f.i.s.r.p.s.f.FlacocoLocalization - 
14:36:30.469 [main] INFO  f.i.s.r.p.i.ProjectInspector - ----------------------------------------------------------------------
14:36:30.469 [main] INFO  f.i.s.r.p.i.ProjectInspector - PIPELINE EXECUTION SUMMARY
14:36:30.469 [main] INFO  f.i.s.r.p.i.ProjectInspector - ----------------------------------------------------------------------
14:36:30.469 [main] INFO  f.i.s.r.p.i.ProjectInspector - CloneCheckoutGitPullRequest.........................SUCCESS [   11 s ]
14:36:30.469 [main] INFO  f.i.s.r.p.i.ProjectInspector - BuildProject........................................SUCCESS [   57 s ]
14:36:30.469 [main] INFO  f.i.s.r.p.i.ProjectInspector - TestProject.........................................SUCCESS [  199 s ]
14:36:30.469 [main] INFO  f.i.s.r.p.i.ProjectInspector - ComputeClasspath....................................SUCCESS [    4 s ]
14:36:30.469 [main] INFO  f.i.s.r.p.i.ProjectInspector - ComputeSourceDir....................................SUCCESS [    0 s ]
14:36:30.470 [main] INFO  f.i.s.r.p.i.ProjectInspector - ComputeTestDir......................................SUCCESS [    0 s ]
14:36:30.470 [main] INFO  f.i.s.r.p.i.ProjectInspector - GatherTestInformation...............................SUCCESS [    0 s ]
14:36:30.470 [main] INFO  f.i.s.r.p.i.ProjectInspector - FlacocoLocalization.................................SUCCESS [ 2338 s ]
14:36:30.470 [main] INFO  f.i.s.r.p.i.ProjectInspector - PushFaultLocalizationSuggestions....................SKIPPED           
14:36:30.470 [main] INFO  f.i.s.r.p.i.ProjectInspector - ----------------------------------------------------------------------
14:36:30.470 [main] INFO  f.i.s.r.p.i.ProjectInspector - PIPELINE FINDING: TEST FAILURE
14:36:30.470 [main] INFO  f.i.s.r.p.i.ProjectInspector - ----------------------------------------------------------------------
14:36:30.470 [main] INFO  f.i.s.r.p.github.GithubMainProcess - Inspector is finished. The process will exit now.
