Execute pipeline with following supplementary args: --smtpPort 25 --listenerMode NOOP --launcherMode FAULT_LOCALIZATION  --gitrepourl https://github.com/apache/rocketmq --gitrepopullrequest 3554
java -cp /usr/local/openjdk-11/lib/tools.jar:repairnator-pipeline.jar -Dlogback.configurationFile=/root/logback.xml fr.inria.spirals.repairnator.pipeline.Launcher -d --runId null -o /var/log --ghOauth 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 --faultLocalization --flacocoThreshold 0.0 --flacocoTopK null --flacocoResultsRepository flacocobot/flacocobot-experiment-3 --ghOauth  --smtpPort 25 --listenerMode NOOP --launcherMode FAULT_LOCALIZATION  --gitrepourl https://github.com/apache/rocketmq --gitrepopullrequest 3554

01:35:05.080 [main] INFO  f.i.s.r.p.g.GithubInitSerializerEngines - Initialize file serializer engines.
01:35:05.084 [main] INFO  f.i.s.r.p.g.GithubInitSerializerEngines - MongoDB won't be used for serialization.
01:35:05.085 [main] INFO  f.i.s.r.p.github.GithubInitNotifiers - The email notifier engine won't be used.
01:35:05.223 [main] INFO  f.i.s.r.p.i.ProjectInspector - ----------------------------------------------------------------------
01:35:05.223 [main] INFO  f.i.s.r.p.i.ProjectInspector - PIPELINE STEPS
01:35:05.223 [main] INFO  f.i.s.r.p.i.ProjectInspector - ----------------------------------------------------------------------
01:35:05.223 [main] INFO  f.i.s.r.p.i.ProjectInspector - CloneCheckoutGitPullRequest
01:35:05.223 [main] INFO  f.i.s.r.p.i.ProjectInspector - BuildProject
01:35:05.224 [main] INFO  f.i.s.r.p.i.ProjectInspector - TestProject
01:35:05.224 [main] INFO  f.i.s.r.p.i.ProjectInspector - ComputeClasspath
01:35:05.224 [main] INFO  f.i.s.r.p.i.ProjectInspector - ComputeSourceDir
01:35:05.224 [main] INFO  f.i.s.r.p.i.ProjectInspector - ComputeTestDir
01:35:05.224 [main] INFO  f.i.s.r.p.i.ProjectInspector - GatherTestInformation
01:35:05.224 [main] INFO  f.i.s.r.p.i.ProjectInspector - FlacocoLocalization
01:35:05.224 [main] INFO  f.i.s.r.p.i.ProjectInspector - PushFaultLocalizationSuggestionsOnExternalRepository
01:35:05.224 [main] INFO  f.i.s.r.p.s.CloneCheckoutGitPullRequest - Cloning repository https://github.com/apache/rocketmq.git in the following directory: ./workspace/apache-rocketmq-master-3554_repo
01:38:36.255 [Thread-8] ERROR f.i.s.r.p.m.output.MavenErrorHandler - RocketMQLog:ERROR Attempted to append to closed appender named [null].
01:38:36.271 [Thread-8] ERROR f.i.s.r.p.m.output.MavenErrorHandler - RocketMQLog:ERROR Attempted to append to closed appender named [null].
01:38:36.271 [Thread-8] ERROR f.i.s.r.p.m.output.MavenErrorHandler - RocketMQLog: setFile called: /root/logs/rocketmq-test/simple.log, true
01:38:36.273 [Thread-8] ERROR f.i.s.r.p.m.output.MavenErrorHandler - RocketMQLog: setFile ended
01:38:36.273 [Thread-8] ERROR f.i.s.r.p.m.output.MavenErrorHandler - RocketMQLog: setFile called: /root/logs/rocketmq-test/rolling_file.log, true
01:38:36.273 [Thread-8] ERROR f.i.s.r.p.m.output.MavenErrorHandler - RocketMQLog: setFile ended
01:38:36.288 [Thread-8] ERROR f.i.s.r.p.m.output.MavenErrorHandler - RocketMQLog:ERROR Attempted to append to closed appender named [null].
01:38:36.290 [Thread-8] ERROR f.i.s.r.p.m.output.MavenErrorHandler - RocketMQLog:ERROR Attempted to append to closed appender named [null].
01:38:36.294 [Thread-8] ERROR f.i.s.r.p.m.output.MavenErrorHandler - RocketMQLog:ERROR Attempted to append to closed appender named [null].
01:38:36.296 [Thread-8] ERROR f.i.s.r.p.m.output.MavenErrorHandler - RocketMQLog:ERROR Attempted to append to closed appender named [null].
01:38:36.297 [Thread-8] ERROR f.i.s.r.p.m.output.MavenErrorHandler - RocketMQLog:ERROR Attempted to append to closed appender named [null].
01:38:36.297 [Thread-8] ERROR f.i.s.r.p.m.output.MavenErrorHandler - RocketMQLog:ERROR Attempted to append to closed appender named [null].
01:38:36.297 [Thread-8] ERROR f.i.s.r.p.m.output.MavenErrorHandler - RocketMQLog:ERROR Attempted to append to closed appender named [null].
01:38:36.298 [Thread-8] ERROR f.i.s.r.p.m.output.MavenErrorHandler - RocketMQLog:ERROR Attempted to append to closed appender named [null].
01:38:36.299 [Thread-8] ERROR f.i.s.r.p.m.output.MavenErrorHandler - RocketMQLog:ERROR Attempted to append to closed appender named [null].
01:38:36.300 [Thread-8] ERROR f.i.s.r.p.m.output.MavenErrorHandler - RocketMQLog:ERROR Attempted to append to closed appender named [null].
01:38:36.300 [Thread-8] ERROR f.i.s.r.p.m.output.MavenErrorHandler - RocketMQLog:ERROR Attempted to append to closed appender named [null].
01:38:36.300 [Thread-8] ERROR f.i.s.r.p.m.output.MavenErrorHandler - RocketMQLog:ERROR Attempted to append to closed appender named [null].
01:38:36.302 [Thread-8] ERROR f.i.s.r.p.m.output.MavenErrorHandler - RocketMQLog:ERROR Attempted to append to closed appender named [null].
01:38:36.307 [Thread-8] ERROR f.i.s.r.p.m.output.MavenErrorHandler - RocketMQLog:ERROR Attempted to append to closed appender named [null].
01:38:36.307 [Thread-8] ERROR f.i.s.r.p.m.output.MavenErrorHandler - RocketMQLog:ERROR Attempted to append to closed appender named [null].
01:38:40.201 [Thread-8] ERROR f.i.s.r.p.m.output.MavenErrorHandler - RocketMQLog:WARN No appenders could be found for logger (io.netty.util.internal.InternalThreadLocalMap).
01:38:40.201 [Thread-8] ERROR f.i.s.r.p.m.output.MavenErrorHandler - RocketMQLog:WARN Please initialize the logger system properly.
01:39:01.810 [Thread-8] ERROR f.i.s.r.p.m.output.MavenErrorHandler - RocketMQLog:WARN No appenders could be found for logger (RocketmqCommon).
01:39:01.812 [Thread-8] ERROR f.i.s.r.p.m.output.MavenErrorHandler - RocketMQLog:WARN Please initialize the logger system properly.
01:39:58.376 [Thread-8] ERROR f.i.s.r.p.m.output.MavenErrorHandler - Exception in thread "Thread-67" java.lang.IllegalStateException: The consumer not running, please start it first.
01:39:58.378 [Thread-8] ERROR f.i.s.r.p.m.output.MavenErrorHandler - 	at org.apache.rocketmq.client.impl.consumer.DefaultLitePullConsumerImpl.checkServiceState(DefaultLitePullConsumerImpl.java:199)
01:39:58.378 [Thread-8] ERROR f.i.s.r.p.m.output.MavenErrorHandler - 	at org.apache.rocketmq.client.impl.consumer.DefaultLitePullConsumerImpl.poll(DefaultLitePullConsumerImpl.java:537)
01:39:58.378 [Thread-8] ERROR f.i.s.r.p.m.output.MavenErrorHandler - 	at org.apache.rocketmq.client.consumer.DefaultLitePullConsumer.poll(DefaultLitePullConsumer.java:279)
01:39:58.378 [Thread-8] ERROR f.i.s.r.p.m.output.MavenErrorHandler - 	at org.apache.rocketmq.client.consumer.DefaultLitePullConsumerTest$AsyncConsumer$1.run(DefaultLitePullConsumerTest.java:544)
01:39:58.378 [Thread-8] ERROR f.i.s.r.p.m.output.MavenErrorHandler - 	at java.base/java.lang.Thread.run(Thread.java:834)
01:40:22.997 [Thread-8] ERROR f.i.s.r.p.m.output.MavenErrorHandler - org.apache.rocketmq.client.exception.MQClientException: message's topic not equal mq's topic
01:40:23.002 [Thread-8] ERROR f.i.s.r.p.m.output.MavenErrorHandler - For more information, please visit the url, http://rocketmq.apache.org/docs/faq/
01:40:23.003 [Thread-8] ERROR f.i.s.r.p.m.output.MavenErrorHandler - 	at org.apache.rocketmq.client.impl.producer.DefaultMQProducerImpl$6.run(DefaultMQProducerImpl.java:1068)
01:40:23.003 [Thread-8] ERROR f.i.s.r.p.m.output.MavenErrorHandler - 	at java.base/java.util.concurrent.Executors$RunnableAdapter.call(Executors.java:515)
01:40:23.004 [Thread-8] ERROR f.i.s.r.p.m.output.MavenErrorHandler - 	at java.base/java.util.concurrent.FutureTask.run(FutureTask.java:264)
01:40:23.004 [Thread-8] ERROR f.i.s.r.p.m.output.MavenErrorHandler - 	at java.base/java.util.concurrent.ThreadPoolExecutor.runWorker(ThreadPoolExecutor.java:1128)
01:40:23.004 [Thread-8] ERROR f.i.s.r.p.m.output.MavenErrorHandler - 	at java.base/java.util.concurrent.ThreadPoolExecutor$Worker.run(ThreadPoolExecutor.java:628)
01:40:23.004 [Thread-8] ERROR f.i.s.r.p.m.output.MavenErrorHandler - 	at java.base/java.lang.Thread.run(Thread.java:834)
01:40:35.290 [Thread-8] ERROR f.i.s.r.p.m.output.MavenErrorHandler - org.apache.rocketmq.client.exception.MQClientException: The specified topic is blank
01:40:35.299 [Thread-8] ERROR f.i.s.r.p.m.output.MavenErrorHandler - For more information, please visit the url, http://rocketmq.apache.org/docs/faq/
01:40:35.299 [Thread-8] ERROR f.i.s.r.p.m.output.MavenErrorHandler - 	at org.apache.rocketmq.client.Validators.checkTopic(Validators.java:107)
01:40:35.299 [Thread-8] ERROR f.i.s.r.p.m.output.MavenErrorHandler - 	at org.apache.rocketmq.client.Validators.checkMessage(Validators.java:87)
01:40:35.299 [Thread-8] ERROR f.i.s.r.p.m.output.MavenErrorHandler - 	at org.apache.rocketmq.client.impl.producer.DefaultMQProducerImpl.sendDefaultImpl(DefaultMQProducerImpl.java:574)
01:40:35.300 [Thread-8] ERROR f.i.s.r.p.m.output.MavenErrorHandler - 	at org.apache.rocketmq.client.impl.producer.DefaultMQProducerImpl.access$300(DefaultMQProducerImpl.java:98)
01:40:35.300 [Thread-8] ERROR f.i.s.r.p.m.output.MavenErrorHandler - 	at org.apache.rocketmq.client.impl.producer.DefaultMQProducerImpl$5.run(DefaultMQProducerImpl.java:533)
01:40:35.301 [Thread-8] ERROR f.i.s.r.p.m.output.MavenErrorHandler - 	at java.base/java.util.concurrent.Executors$RunnableAdapter.call(Executors.java:515)
01:40:35.301 [Thread-8] ERROR f.i.s.r.p.m.output.MavenErrorHandler - 	at java.base/java.util.concurrent.FutureTask.run(FutureTask.java:264)
01:40:35.302 [Thread-8] ERROR f.i.s.r.p.m.output.MavenErrorHandler - 	at java.base/java.util.concurrent.ThreadPoolExecutor.runWorker(ThreadPoolExecutor.java:1128)
01:40:35.304 [Thread-8] ERROR f.i.s.r.p.m.output.MavenErrorHandler - 	at java.base/java.util.concurrent.ThreadPoolExecutor$Worker.run(ThreadPoolExecutor.java:628)
01:40:35.310 [Thread-8] ERROR f.i.s.r.p.m.output.MavenErrorHandler - 	at java.base/java.lang.Thread.run(Thread.java:834)
01:40:35.314 [Thread-8] ERROR f.i.s.r.p.m.output.MavenErrorHandler - org.apache.rocketmq.client.exception.MQClientException: message's topic not equal mq's topic
01:40:35.319 [Thread-8] ERROR f.i.s.r.p.m.output.MavenErrorHandler - For more information, please visit the url, http://rocketmq.apache.org/docs/faq/
01:40:35.319 [Thread-8] ERROR f.i.s.r.p.m.output.MavenErrorHandler - 	at org.apache.rocketmq.client.impl.producer.DefaultMQProducerImpl$6.run(DefaultMQProducerImpl.java:1068)
01:40:35.319 [Thread-8] ERROR f.i.s.r.p.m.output.MavenErrorHandler - 	at java.base/java.util.concurrent.Executors$RunnableAdapter.call(Executors.java:515)
01:40:35.327 [Thread-8] ERROR f.i.s.r.p.m.output.MavenErrorHandler - 	at java.base/java.util.concurrent.FutureTask.run(FutureTask.java:264)
01:40:35.327 [Thread-8] ERROR f.i.s.r.p.m.output.MavenErrorHandler - 	at java.base/java.util.concurrent.ThreadPoolExecutor.runWorker(ThreadPoolExecutor.java:1128)
01:40:35.327 [Thread-8] ERROR f.i.s.r.p.m.output.MavenErrorHandler - 	at java.base/java.util.concurrent.ThreadPoolExecutor$Worker.run(ThreadPoolExecutor.java:628)
01:40:35.327 [Thread-8] ERROR f.i.s.r.p.m.output.MavenErrorHandler - 	at java.base/java.lang.Thread.run(Thread.java:834)
01:40:35.327 [Thread-8] ERROR f.i.s.r.p.m.output.MavenErrorHandler - org.apache.rocketmq.client.exception.MQClientException: The specified topic is blank
01:40:35.327 [Thread-8] ERROR f.i.s.r.p.m.output.MavenErrorHandler - For more information, please visit the url, http://rocketmq.apache.org/docs/faq/
01:40:35.328 [Thread-8] ERROR f.i.s.r.p.m.output.MavenErrorHandler - 	at org.apache.rocketmq.client.Validators.checkTopic(Validators.java:107)
01:40:35.328 [Thread-8] ERROR f.i.s.r.p.m.output.MavenErrorHandler - 	at org.apache.rocketmq.client.Validators.checkMessage(Validators.java:87)
01:40:35.328 [Thread-8] ERROR f.i.s.r.p.m.output.MavenErrorHandler - 	at org.apache.rocketmq.client.impl.producer.DefaultMQProducerImpl$6.run(DefaultMQProducerImpl.java:1065)
01:40:35.328 [Thread-8] ERROR f.i.s.r.p.m.output.MavenErrorHandler - 	at java.base/java.util.concurrent.Executors$RunnableAdapter.call(Executors.java:515)
01:40:35.328 [Thread-8] ERROR f.i.s.r.p.m.output.MavenErrorHandler - 	at java.base/java.util.concurrent.FutureTask.run(FutureTask.java:264)
01:40:35.328 [Thread-8] ERROR f.i.s.r.p.m.output.MavenErrorHandler - 	at java.base/java.util.concurrent.ThreadPoolExecutor.runWorker(ThreadPoolExecutor.java:1128)
01:40:35.328 [Thread-8] ERROR f.i.s.r.p.m.output.MavenErrorHandler - 	at java.base/java.util.concurrent.ThreadPoolExecutor$Worker.run(ThreadPoolExecutor.java:628)
01:40:35.328 [Thread-8] ERROR f.i.s.r.p.m.output.MavenErrorHandler - 	at java.base/java.lang.Thread.run(Thread.java:834)
01:40:35.370 [Thread-8] ERROR f.i.s.r.p.m.output.MavenErrorHandler - org.apache.rocketmq.client.exception.MQClientException: The specified topic is blank
01:40:35.371 [Thread-8] ERROR f.i.s.r.p.m.output.MavenErrorHandler - For more information, please visit the url, http://rocketmq.apache.org/docs/faq/
01:40:35.371 [Thread-8] ERROR f.i.s.r.p.m.output.MavenErrorHandler - 	at org.apache.rocketmq.client.Validators.checkTopic(Validators.java:107)
01:40:35.371 [Thread-8] ERROR f.i.s.r.p.m.output.MavenErrorHandler - 	at org.apache.rocketmq.client.Validators.checkMessage(Validators.java:87)
01:40:35.371 [Thread-8] ERROR f.i.s.r.p.m.output.MavenErrorHandler - 	at org.apache.rocketmq.client.impl.producer.DefaultMQProducerImpl.sendSelectImpl(DefaultMQProducerImpl.java:1131)
01:40:35.372 [Thread-8] ERROR f.i.s.r.p.m.output.MavenErrorHandler - 	at org.apache.rocketmq.client.impl.producer.DefaultMQProducerImpl.access$600(DefaultMQProducerImpl.java:98)
01:40:35.372 [Thread-8] ERROR f.i.s.r.p.m.output.MavenErrorHandler - 	at org.apache.rocketmq.client.impl.producer.DefaultMQProducerImpl$7.run(DefaultMQProducerImpl.java:1198)
01:40:35.372 [Thread-8] ERROR f.i.s.r.p.m.output.MavenErrorHandler - 	at java.base/java.util.concurrent.Executors$RunnableAdapter.call(Executors.java:515)
01:40:35.372 [Thread-8] ERROR f.i.s.r.p.m.output.MavenErrorHandler - 	at java.base/java.util.concurrent.FutureTask.run(FutureTask.java:264)
01:40:35.372 [Thread-8] ERROR f.i.s.r.p.m.output.MavenErrorHandler - 	at java.base/java.util.concurrent.ThreadPoolExecutor.runWorker(ThreadPoolExecutor.java:1128)
01:40:35.372 [Thread-8] ERROR f.i.s.r.p.m.output.MavenErrorHandler - 	at java.base/java.util.concurrent.ThreadPoolExecutor$Worker.run(ThreadPoolExecutor.java:628)
01:40:35.372 [Thread-8] ERROR f.i.s.r.p.m.output.MavenErrorHandler - 	at java.base/java.lang.Thread.run(Thread.java:834)
01:40:35.383 [Thread-8] ERROR f.i.s.r.p.m.output.MavenErrorHandler - org.apache.rocketmq.client.exception.MQClientException: select message queue return null.
01:40:35.383 [Thread-8] ERROR f.i.s.r.p.m.output.MavenErrorHandler - For more information, please visit the url, http://rocketmq.apache.org/docs/faq/
01:40:35.384 [Thread-8] ERROR f.i.s.r.p.m.output.MavenErrorHandler - 	at org.apache.rocketmq.client.impl.producer.DefaultMQProducerImpl.sendSelectImpl(DefaultMQProducerImpl.java:1155)
01:40:35.384 [Thread-8] ERROR f.i.s.r.p.m.output.MavenErrorHandler - 	at org.apache.rocketmq.client.impl.producer.DefaultMQProducerImpl.access$600(DefaultMQProducerImpl.java:98)
01:40:35.384 [Thread-8] ERROR f.i.s.r.p.m.output.MavenErrorHandler - 	at org.apache.rocketmq.client.impl.producer.DefaultMQProducerImpl$7.run(DefaultMQProducerImpl.java:1198)
01:40:35.384 [Thread-8] ERROR f.i.s.r.p.m.output.MavenErrorHandler - 	at java.base/java.util.concurrent.Executors$RunnableAdapter.call(Executors.java:515)
01:40:35.384 [Thread-8] ERROR f.i.s.r.p.m.output.MavenErrorHandler - 	at java.base/java.util.concurrent.FutureTask.run(FutureTask.java:264)
01:40:35.384 [Thread-8] ERROR f.i.s.r.p.m.output.MavenErrorHandler - 	at java.base/java.util.concurrent.ThreadPoolExecutor.runWorker(ThreadPoolExecutor.java:1128)
01:40:35.384 [Thread-8] ERROR f.i.s.r.p.m.output.MavenErrorHandler - 	at java.base/java.util.concurrent.ThreadPoolExecutor$Worker.run(ThreadPoolExecutor.java:628)
01:40:35.384 [Thread-8] ERROR f.i.s.r.p.m.output.MavenErrorHandler - 	at java.base/java.lang.Thread.run(Thread.java:834)
01:42:05.435 [Thread-7] ERROR f.i.s.r.p.m.o.MavenFilterOutputHandler - [ERROR] Failed to execute goal org.apache.maven.plugins:maven-surefire-plugin:2.19.1:test (default-test) on project rocketmq-store: There are test failures.
01:42:05.441 [Thread-7] ERROR f.i.s.r.p.m.o.MavenFilterOutputHandler - [ERROR] 
01:42:05.441 [Thread-7] ERROR f.i.s.r.p.m.o.MavenFilterOutputHandler - [ERROR] Please refer to /root/workspace/apache-rocketmq-master-3554_repo/store/target/surefire-reports for the individual test results.
01:42:05.442 [Thread-7] ERROR f.i.s.r.p.m.o.MavenFilterOutputHandler - [ERROR] -> [Help 1]
01:42:05.455 [Thread-7] ERROR f.i.s.r.p.m.o.MavenFilterOutputHandler - [ERROR] 
01:42:05.456 [Thread-7] ERROR f.i.s.r.p.m.o.MavenFilterOutputHandler - [ERROR] Re-run Maven using the -X switch to enable full debug logging.
01:42:05.456 [Thread-7] ERROR f.i.s.r.p.m.o.MavenFilterOutputHandler - [ERROR] 
01:42:05.458 [Thread-7] ERROR f.i.s.r.p.m.o.MavenFilterOutputHandler - [ERROR] For more information about the errors and possible solutions, please read the following articles:
01:42:05.459 [Thread-7] ERROR f.i.s.r.p.m.o.MavenFilterOutputHandler - [ERROR] [Help 1] http://cwiki.apache.org/confluence/display/MAVEN/MojoFailureException
01:42:05.459 [Thread-7] ERROR f.i.s.r.p.m.o.MavenFilterOutputHandler - [ERROR] 
01:42:05.460 [Thread-7] ERROR f.i.s.r.p.m.o.MavenFilterOutputHandler - [ERROR] After correcting the problems, you can resume the build with the command
01:42:05.461 [Thread-7] ERROR f.i.s.r.p.m.o.MavenFilterOutputHandler - [ERROR]   mvn <goals> -rf :rocketmq-store
01:42:19.394 [main] ERROR f.i.s.r.p.s.paths.ComputeClasspath - The file does not exist: /root/./workspace/apache-rocketmq-master-3554_repo/target/classes.
01:42:19.395 [main] ERROR f.i.s.r.p.s.paths.ComputeClasspath - The file does not exist: /root/./workspace/apache-rocketmq-master-3554_repo/target/test-classes.
01:42:19.560 [main] ERROR f.i.s.r.process.maven.MavenHelper - Error while building complete model. The raw model will be used. Error message: 1 problem was encountered while building the effective model for org.apache.rocketmq:rocketmq-all:4.9.3-SNAPSHOT
[ERROR] Failed to determine Java version for profile jdk8 @ 

01:42:19.667 [main] ERROR f.i.s.r.process.maven.MavenHelper - Error while building complete model. The raw model will be used. Error message: 1 problem was encountered while building the effective model for org.apache.rocketmq:rocketmq-distribution:4.9.3-SNAPSHOT
[ERROR] Failed to determine Java version for profile jdk8 @ org.apache.rocketmq:rocketmq-all:4.9.3-SNAPSHOT, /root/workspace/apache-rocketmq-master-3554_repo/pom.xml

01:42:19.668 [main] ERROR f.i.s.r.p.s.paths.ComputeSourceDir - The source directory is not at default location or specified in build section from pom.xml, and no parent can be found.
01:42:19.670 [main] INFO  f.i.s.r.p.s.paths.ComputeSourceDir - 15 source dirs were found:
01:42:19.670 [main] INFO  f.i.s.r.p.s.paths.ComputeSourceDir - /root/workspace/apache-rocketmq-master-3554_repo/acl/src/main/java
01:42:19.670 [main] INFO  f.i.s.r.p.s.paths.ComputeSourceDir - /root/workspace/apache-rocketmq-master-3554_repo/broker/src/main/java
01:42:19.670 [main] INFO  f.i.s.r.p.s.paths.ComputeSourceDir - /root/workspace/apache-rocketmq-master-3554_repo/client/src/main/java
01:42:19.672 [main] INFO  f.i.s.r.p.s.paths.ComputeSourceDir - /root/workspace/apache-rocketmq-master-3554_repo/common/src/main/java
01:42:19.673 [main] INFO  f.i.s.r.p.s.paths.ComputeSourceDir - /root/workspace/apache-rocketmq-master-3554_repo/example/src/main/java
01:42:19.673 [main] INFO  f.i.s.r.p.s.paths.ComputeSourceDir - /root/workspace/apache-rocketmq-master-3554_repo/filter/src/main/java
01:42:19.673 [main] INFO  f.i.s.r.p.s.paths.ComputeSourceDir - /root/workspace/apache-rocketmq-master-3554_repo/logappender/src/main/java
01:42:19.673 [main] INFO  f.i.s.r.p.s.paths.ComputeSourceDir - /root/workspace/apache-rocketmq-master-3554_repo/logging/src/main/java
01:42:19.673 [main] INFO  f.i.s.r.p.s.paths.ComputeSourceDir - /root/workspace/apache-rocketmq-master-3554_repo/namesrv/src/main/java
01:42:19.673 [main] INFO  f.i.s.r.p.s.paths.ComputeSourceDir - /root/workspace/apache-rocketmq-master-3554_repo/openmessaging/src/main/java
01:42:19.673 [main] INFO  f.i.s.r.p.s.paths.ComputeSourceDir - /root/workspace/apache-rocketmq-master-3554_repo/remoting/src/main/java
01:42:19.673 [main] INFO  f.i.s.r.p.s.paths.ComputeSourceDir - /root/workspace/apache-rocketmq-master-3554_repo/srvutil/src/main/java
01:42:19.673 [main] INFO  f.i.s.r.p.s.paths.ComputeSourceDir - /root/workspace/apache-rocketmq-master-3554_repo/store/src/main/java
01:42:19.674 [main] INFO  f.i.s.r.p.s.paths.ComputeSourceDir - /root/workspace/apache-rocketmq-master-3554_repo/test/src/main/java
01:42:19.674 [main] INFO  f.i.s.r.p.s.paths.ComputeSourceDir - /root/workspace/apache-rocketmq-master-3554_repo/tools/src/main/java
01:42:19.702 [main] ERROR f.i.s.r.process.maven.MavenHelper - Error while building complete model. The raw model will be used. Error message: 1 problem was encountered while building the effective model for org.apache.rocketmq:rocketmq-all:4.9.3-SNAPSHOT
[ERROR] Failed to determine Java version for profile jdk8 @ 

01:42:19.749 [main] ERROR f.i.s.r.process.maven.MavenHelper - Error while building complete model. The raw model will be used. Error message: 1 problem was encountered while building the effective model for org.apache.rocketmq:rocketmq-client:4.9.3-SNAPSHOT
[ERROR] Failed to determine Java version for profile jdk8 @ org.apache.rocketmq:rocketmq-all:4.9.3-SNAPSHOT, /root/workspace/apache-rocketmq-master-3554_repo/pom.xml

01:42:19.762 [main] ERROR f.i.s.r.process.maven.MavenHelper - Error while building complete model. The raw model will be used. Error message: 1 problem was encountered while building the effective model for org.apache.rocketmq:rocketmq-common:4.9.3-SNAPSHOT
[ERROR] Failed to determine Java version for profile jdk8 @ org.apache.rocketmq:rocketmq-all:4.9.3-SNAPSHOT, /root/workspace/apache-rocketmq-master-3554_repo/pom.xml

01:42:19.781 [main] ERROR f.i.s.r.process.maven.MavenHelper - Error while building complete model. The raw model will be used. Error message: 1 problem was encountered while building the effective model for org.apache.rocketmq:rocketmq-broker:4.9.3-SNAPSHOT
[ERROR] Failed to determine Java version for profile jdk8 @ org.apache.rocketmq:rocketmq-all:4.9.3-SNAPSHOT, /root/workspace/apache-rocketmq-master-3554_repo/pom.xml

01:42:19.788 [main] ERROR f.i.s.r.process.maven.MavenHelper - Error while building complete model. The raw model will be used. Error message: 1 problem was encountered while building the effective model for org.apache.rocketmq:rocketmq-tools:4.9.3-SNAPSHOT
[ERROR] Failed to determine Java version for profile jdk8 @ org.apache.rocketmq:rocketmq-all:4.9.3-SNAPSHOT, /root/workspace/apache-rocketmq-master-3554_repo/pom.xml

01:42:19.807 [main] ERROR f.i.s.r.process.maven.MavenHelper - Error while building complete model. The raw model will be used. Error message: 1 problem was encountered while building the effective model for org.apache.rocketmq:rocketmq-store:4.9.3-SNAPSHOT
[ERROR] Failed to determine Java version for profile jdk8 @ org.apache.rocketmq:rocketmq-all:4.9.3-SNAPSHOT, /root/workspace/apache-rocketmq-master-3554_repo/pom.xml

01:42:19.831 [main] ERROR f.i.s.r.process.maven.MavenHelper - Error while building complete model. The raw model will be used. Error message: 1 problem was encountered while building the effective model for org.apache.rocketmq:rocketmq-namesrv:4.9.3-SNAPSHOT
[ERROR] Failed to determine Java version for profile jdk8 @ org.apache.rocketmq:rocketmq-all:4.9.3-SNAPSHOT, /root/workspace/apache-rocketmq-master-3554_repo/pom.xml

01:42:19.847 [main] ERROR f.i.s.r.process.maven.MavenHelper - Error while building complete model. The raw model will be used. Error message: 1 problem was encountered while building the effective model for org.apache.rocketmq:rocketmq-remoting:4.9.3-SNAPSHOT
[ERROR] Failed to determine Java version for profile jdk8 @ org.apache.rocketmq:rocketmq-all:4.9.3-SNAPSHOT, /root/workspace/apache-rocketmq-master-3554_repo/pom.xml

01:42:19.885 [main] ERROR f.i.s.r.process.maven.MavenHelper - Error while building complete model. The raw model will be used. Error message: 1 problem was encountered while building the effective model for org.apache.rocketmq:rocketmq-logappender:4.9.3-SNAPSHOT
[ERROR] Failed to determine Java version for profile jdk8 @ org.apache.rocketmq:rocketmq-all:4.9.3-SNAPSHOT, /root/workspace/apache-rocketmq-master-3554_repo/pom.xml

01:42:19.890 [main] ERROR f.i.s.r.process.maven.MavenHelper - Error while building complete model. The raw model will be used. Error message: 1 problem was encountered while building the effective model for org.apache.rocketmq:rocketmq-srvutil:4.9.3-SNAPSHOT
[ERROR] Failed to determine Java version for profile jdk8 @ org.apache.rocketmq:rocketmq-all:4.9.3-SNAPSHOT, /root/workspace/apache-rocketmq-master-3554_repo/pom.xml

01:42:19.895 [main] ERROR f.i.s.r.p.step.paths.ComputeTestDir - The test directory is not at default location or specified in build section from pom.xml, and no parent can be found.
01:42:19.922 [main] ERROR f.i.s.r.process.maven.MavenHelper - Error while building complete model. The raw model will be used. Error message: 1 problem was encountered while building the effective model for org.apache.rocketmq:rocketmq-filter:4.9.3-SNAPSHOT
[ERROR] Failed to determine Java version for profile jdk8 @ org.apache.rocketmq:rocketmq-all:4.9.3-SNAPSHOT, /root/workspace/apache-rocketmq-master-3554_repo/pom.xml

01:42:19.930 [main] ERROR f.i.s.r.process.maven.MavenHelper - Error while building complete model. The raw model will be used. Error message: 1 problem was encountered while building the effective model for org.apache.rocketmq:rocketmq-test:4.9.3-SNAPSHOT
[ERROR] Failed to determine Java version for profile jdk8 @ org.apache.rocketmq:rocketmq-all:4.9.3-SNAPSHOT, /root/workspace/apache-rocketmq-master-3554_repo/pom.xml

01:42:19.937 [main] ERROR f.i.s.r.process.maven.MavenHelper - Error while building complete model. The raw model will be used. Error message: 1 problem was encountered while building the effective model for org.apache.rocketmq:rocketmq-distribution:4.9.3-SNAPSHOT
[ERROR] Failed to determine Java version for profile jdk8 @ org.apache.rocketmq:rocketmq-all:4.9.3-SNAPSHOT, /root/workspace/apache-rocketmq-master-3554_repo/pom.xml

01:42:19.944 [main] ERROR f.i.s.r.p.step.paths.ComputeTestDir - The test directory is not at default location or specified in build section from pom.xml, and no parent can be found.
01:42:19.950 [main] ERROR f.i.s.r.process.maven.MavenHelper - Error while building complete model. The raw model will be used. Error message: 1 problem was encountered while building the effective model for org.apache.rocketmq:rocketmq-openmessaging:4.9.3-SNAPSHOT
[ERROR] Failed to determine Java version for profile jdk8 @ org.apache.rocketmq:rocketmq-all:4.9.3-SNAPSHOT, /root/workspace/apache-rocketmq-master-3554_repo/pom.xml

01:42:19.957 [main] ERROR f.i.s.r.process.maven.MavenHelper - Error while building complete model. The raw model will be used. Error message: 1 problem was encountered while building the effective model for org.apache.rocketmq:rocketmq-logging:4.9.3-SNAPSHOT
[ERROR] Failed to determine Java version for profile jdk8 @ org.apache.rocketmq:rocketmq-all:4.9.3-SNAPSHOT, /root/workspace/apache-rocketmq-master-3554_repo/pom.xml

01:42:19.976 [main] ERROR f.i.s.r.process.maven.MavenHelper - Error while building complete model. The raw model will be used. Error message: 1 problem was encountered while building the effective model for org.apache.rocketmq:rocketmq-acl:4.9.3-SNAPSHOT
[ERROR] Failed to determine Java version for profile jdk8 @ org.apache.rocketmq:rocketmq-all:4.9.3-SNAPSHOT, /root/workspace/apache-rocketmq-master-3554_repo/pom.xml

01:42:19.990 [main] ERROR f.i.s.r.process.maven.MavenHelper - Error while building complete model. The raw model will be used. Error message: 1 problem was encountered while building the effective model for org.apache.rocketmq:rocketmq-example:4.9.3-SNAPSHOT
[ERROR] Failed to determine Java version for profile jdk8 @ org.apache.rocketmq:rocketmq-all:4.9.3-SNAPSHOT, /root/workspace/apache-rocketmq-master-3554_repo/pom.xml

01:42:19.992 [main] ERROR f.i.s.r.p.step.paths.ComputeTestDir - The test directory is not at default location or specified in build section from pom.xml, and no parent can be found.
01:42:19.992 [main] INFO  f.i.s.r.p.step.paths.ComputeTestDir - 13 test dirs were found:
01:42:19.992 [main] INFO  f.i.s.r.p.step.paths.ComputeTestDir - /root/workspace/apache-rocketmq-master-3554_repo/acl/src/test/java
01:42:19.993 [main] INFO  f.i.s.r.p.step.paths.ComputeTestDir - /root/workspace/apache-rocketmq-master-3554_repo/broker/src/test/java
01:42:19.997 [main] INFO  f.i.s.r.p.step.paths.ComputeTestDir - /root/workspace/apache-rocketmq-master-3554_repo/client/src/test/java
01:42:19.998 [main] INFO  f.i.s.r.p.step.paths.ComputeTestDir - /root/workspace/apache-rocketmq-master-3554_repo/common/src/test/java
01:42:19.998 [main] INFO  f.i.s.r.p.step.paths.ComputeTestDir - /root/workspace/apache-rocketmq-master-3554_repo/filter/src/test/java
01:42:19.998 [main] INFO  f.i.s.r.p.step.paths.ComputeTestDir - /root/workspace/apache-rocketmq-master-3554_repo/logappender/src/test/java
01:42:19.998 [main] INFO  f.i.s.r.p.step.paths.ComputeTestDir - /root/workspace/apache-rocketmq-master-3554_repo/logging/src/test/java
01:42:19.998 [main] INFO  f.i.s.r.p.step.paths.ComputeTestDir - /root/workspace/apache-rocketmq-master-3554_repo/namesrv/src/test/java
01:42:19.999 [main] INFO  f.i.s.r.p.step.paths.ComputeTestDir - /root/workspace/apache-rocketmq-master-3554_repo/openmessaging/src/test/java
01:42:19.999 [main] INFO  f.i.s.r.p.step.paths.ComputeTestDir - /root/workspace/apache-rocketmq-master-3554_repo/remoting/src/test/java
01:42:19.999 [main] INFO  f.i.s.r.p.step.paths.ComputeTestDir - /root/workspace/apache-rocketmq-master-3554_repo/store/src/test/java
01:42:19.999 [main] INFO  f.i.s.r.p.step.paths.ComputeTestDir - /root/workspace/apache-rocketmq-master-3554_repo/test/src/test/java
01:42:19.999 [main] INFO  f.i.s.r.p.step.paths.ComputeTestDir - /root/workspace/apache-rocketmq-master-3554_repo/tools/src/test/java
01:42:21.320 [main] INFO  f.i.s.r.p.s.g.GatherTestInformation - Get the following failing module path: /root/workspace/apache-rocketmq-master-3554_repo/store
01:42:21.397 [main] INFO  f.i.s.r.p.s.g.GatherTestInformation - ---Test results---
01:42:21.400 [main] INFO  f.i.s.r.p.s.g.GatherTestInformation -    Total tests: 349
01:42:21.400 [main] INFO  f.i.s.r.p.s.g.GatherTestInformation -    Tests run: 329
01:42:21.400 [main] INFO  f.i.s.r.p.s.g.GatherTestInformation -    Tests passing: 327
01:42:21.400 [main] INFO  f.i.s.r.p.s.g.GatherTestInformation -    Failures: 1
01:42:21.400 [main] INFO  f.i.s.r.p.s.g.GatherTestInformation -    Errors: 1
01:42:21.400 [main] INFO  f.i.s.r.p.s.g.GatherTestInformation -    Skipped: 20
[0] INFO Flacoco - Running Flacoco...
[185] WARN TestMethodFilter - NoClassDefFoundError: class org.apache.rocketmq.store.dledger.DLedgerCommitLog
[195] WARN TestMethodFilter - NoClassDefFoundError: class org.apache.rocketmq.store.CommitLog
[219] WARN TestMethodFilter - NoClassDefFoundError: class org.apache.rocketmq.store.MappedFile
[241] WARN TestMethodFilter - NoClassDefFoundError: class org.apache.rocketmq.store.stats.BrokerStatsManager
[242] WARN TestMethodFilter - NoClassDefFoundError: class org.apache.rocketmq.store.DefaultMessageStore
[312] WARN TestMethodFilter - NoClassDefFoundError: class org.apache.rocketmq.store.ConsumeQueueTest
[337] WARN TestMethodFilter - NoClassDefFoundError: class org.apache.rocketmq.store.schedule.ScheduleMessageServiceTest
[348] WARN TestMethodFilter - NoClassDefFoundError: class org.apache.rocketmq.store.dledger.DLedgerCommitLog
[349] WARN TestMethodFilter - NoClassDefFoundError: class org.apache.rocketmq.store.CommitLog
[352] WARN TestMethodFilter - NoClassDefFoundError: class org.apache.rocketmq.store.ha.HAConnection
[353] WARN TestMethodFilter - NoClassDefFoundError: class org.apache.rocketmq.store.ha.HAService
[353] WARN TestMethodFilter - NoClassDefFoundError: class org.apache.rocketmq.store.MappedFile
[357] WARN TestMethodFilter - NoClassDefFoundError: class org.apache.rocketmq.store.stats.BrokerStatsManager
[358] WARN TestMethodFilter - NoClassDefFoundError: class org.apache.rocketmq.store.DefaultMessageStore
[361] WARN TestMethodFilter - NoClassDefFoundError: class org.apache.rocketmq.store.ConsumeQueueTest
[361] WARN TestMethodFilter - NoClassDefFoundError: class org.apache.rocketmq.store.HATest
[363] WARN TestMethodFilter - NoClassDefFoundError: class org.apache.rocketmq.store.DefaultMessageStoreTest
[363] WARN TestMethodFilter - NoClassDefFoundError: class org.apache.rocketmq.store.StoreTestBase
[364] WARN TestMethodFilter - NoClassDefFoundError: class org.apache.rocketmq.store.schedule.ScheduleMessageServiceTest
[4600] WARN CoverageRunner - Test [Manual]TestMethod=org.apache.rocketmq.store.dledger.MixCommitlogTest#testFallBehindCQ result was not reported by test-runner.
[4600] WARN CoverageRunner - Test [Manual]TestMethod=org.apache.rocketmq.store.dledger.MixCommitlogTest#testPutAndGet result was not reported by test-runner.
[4601] WARN CoverageRunner - Test [Manual]TestMethod=org.apache.rocketmq.store.dledger.MixCommitlogTest#testDeleteExpiredFiles result was not reported by test-runner.
[4601] WARN CoverageRunner - Test [Manual]TestMethod=org.apache.rocketmq.store.dledger.DLedgerCommitlogTest#testRecover result was not reported by test-runner.
[4601] WARN CoverageRunner - Test [Manual]TestMethod=org.apache.rocketmq.store.dledger.DLedgerCommitlogTest#testPutAndGetMessage result was not reported by test-runner.
[4601] WARN CoverageRunner - Test [Manual]TestMethod=org.apache.rocketmq.store.dledger.DLedgerCommitlogTest#testBatchPutAndGetMessage result was not reported by test-runner.
[4601] WARN CoverageRunner - Test [Manual]TestMethod=org.apache.rocketmq.store.dledger.DLedgerCommitlogTest#testAsyncPutAndGetMessage result was not reported by test-runner.
[4601] WARN CoverageRunner - Test [Manual]TestMethod=org.apache.rocketmq.store.dledger.DLedgerCommitlogTest#testAsyncBatchPutAndGetMessage result was not reported by test-runner.
[4601] WARN CoverageRunner - Test [Manual]TestMethod=org.apache.rocketmq.store.dledger.DLedgerCommitlogTest#testCommittedPos result was not reported by test-runner.
[4601] WARN CoverageRunner - Test [Manual]TestMethod=org.apache.rocketmq.store.dledger.DLedgerCommitlogTest#testIPv6HostMsgCommittedPos result was not reported by test-runner.
[4601] WARN CoverageRunner - Test [Manual]TestMethod=org.apache.rocketmq.store.dledger.DLedgerCommitlogTest#testTruncateCQ result was not reported by test-runner.
[5372] WARN CoverageRunner - Test [Manual]TestMethod=org.apache.rocketmq.store.HATest#testHandleHA result was not reported by test-runner.
[5372] WARN CoverageRunner - Test [Manual]TestMethod=org.apache.rocketmq.store.HATest#testSemiSyncReplica result was not reported by test-runner.
[6380] WARN CoverageRunner - Test [Manual]TestMethod=org.apache.rocketmq.store.DefaultMessageStoreTest#testLookMessageByOffset_OffsetIsFirst result was not reported by test-runner.
[6380] WARN CoverageRunner - Test [Manual]TestMethod=org.apache.rocketmq.store.DefaultMessageStoreTest#testLookMessageByOffset_OffsetIsLast result was not reported by test-runner.
[6380] WARN CoverageRunner - Test [Manual]TestMethod=org.apache.rocketmq.store.DefaultMessageStoreTest#testLookMessageByOffset_OffsetIsOutOfBound result was not reported by test-runner.
[6380] WARN CoverageRunner - Test [Manual]TestMethod=org.apache.rocketmq.store.DefaultMessageStoreTest#testGetOffsetInQueueByTime result was not reported by test-runner.
[6381] WARN CoverageRunner - Test [Manual]TestMethod=org.apache.rocketmq.store.DefaultMessageStoreTest#testGetOffsetInQueueByTime_TimestampIsSkewing result was not reported by test-runner.
[6381] WARN CoverageRunner - Test [Manual]TestMethod=org.apache.rocketmq.store.DefaultMessageStoreTest#testGetOffsetInQueueByTime_TimestampSkewingIsLarge result was not reported by test-runner.
[6381] WARN CoverageRunner - Test [Manual]TestMethod=org.apache.rocketmq.store.DefaultMessageStoreTest#testGetOffsetInQueueByTime_ConsumeQueueNotFound1 result was not reported by test-runner.
[6381] WARN CoverageRunner - Test [Manual]TestMethod=org.apache.rocketmq.store.DefaultMessageStoreTest#testGetOffsetInQueueByTime_ConsumeQueueNotFound2 result was not reported by test-runner.
[6381] WARN CoverageRunner - Test [Manual]TestMethod=org.apache.rocketmq.store.DefaultMessageStoreTest#testGetOffsetInQueueByTime_ConsumeQueueOffsetNotExist result was not reported by test-runner.
[6381] WARN CoverageRunner - Test [Manual]TestMethod=org.apache.rocketmq.store.DefaultMessageStoreTest#testGetMessageStoreTimeStamp result was not reported by test-runner.
[6381] WARN CoverageRunner - Test [Manual]TestMethod=org.apache.rocketmq.store.DefaultMessageStoreTest#testGetStoreTime_ParamIsNull result was not reported by test-runner.
[6381] WARN CoverageRunner - Test [Manual]TestMethod=org.apache.rocketmq.store.DefaultMessageStoreTest#testGetStoreTime_EverythingIsOk result was not reported by test-runner.
[6381] WARN CoverageRunner - Test [Manual]TestMethod=org.apache.rocketmq.store.DefaultMessageStoreTest#testGetStoreTime_PhyOffsetIsLessThanCommitLogMinOffset result was not reported by test-runner.
[6381] WARN CoverageRunner - Test [Manual]TestMethod=org.apache.rocketmq.store.DefaultMessageStoreTest#testPullSize result was not reported by test-runner.
[6381] WARN CoverageRunner - Test [Manual]TestMethod=org.apache.rocketmq.store.DefaultMessageStoreTest#testStorePathOK result was not reported by test-runner.
[6381] WARN CoverageRunner - Test [Manual]TestMethod=org.apache.rocketmq.store.DefaultMessageStoreTest#test_repeat_restart result was not reported by test-runner.
[6381] WARN CoverageRunner - Test [Manual]TestMethod=org.apache.rocketmq.store.DefaultMessageStoreTest#testWriteAndRead result was not reported by test-runner.
[6381] WARN CoverageRunner - Test [Manual]TestMethod=org.apache.rocketmq.store.DefaultMessageStoreTest#testRecover result was not reported by test-runner.
[6926] INFO CoverageRunner - Tests found: 84
[6926] INFO CoverageRunner - Tests executed: 53
01:42:29.119 [main] INFO  fr.inria.jtravis.JTravis - GitHub ratelimit: Limit: 5000 Remaining: 4567 Reset hour: 00:14:00
01:42:30.762 [main] WARN  f.i.s.r.p.s.p.PushFaultLocalizationSuggestionsOnExternalRepository - Flacoco has found 98 suspicious lines, but none were matched to the diff
01:42:31.355 [main] INFO  f.i.s.r.p.s.f.FlacocoLocalization - 
01:42:43.796 [main] INFO  f.i.s.r.p.i.ProjectInspector - ----------------------------------------------------------------------
01:42:43.797 [main] INFO  f.i.s.r.p.i.ProjectInspector - PIPELINE EXECUTION SUMMARY
01:42:43.797 [main] INFO  f.i.s.r.p.i.ProjectInspector - ----------------------------------------------------------------------
01:42:43.798 [main] INFO  f.i.s.r.p.i.ProjectInspector - CloneCheckoutGitPullRequest..........................SUCCESS [  21 s ]
01:42:43.798 [main] INFO  f.i.s.r.p.i.ProjectInspector - BuildProject.........................................SUCCESS [ 162 s ]
01:42:43.798 [main] INFO  f.i.s.r.p.i.ProjectInspector - TestProject..........................................SUCCESS [ 237 s ]
01:42:43.798 [main] INFO  f.i.s.r.p.i.ProjectInspector - ComputeClasspath.....................................SUCCESS [  13 s ]
01:42:43.798 [main] INFO  f.i.s.r.p.i.ProjectInspector - ComputeSourceDir.....................................SUCCESS [   0 s ]
01:42:43.798 [main] INFO  f.i.s.r.p.i.ProjectInspector - ComputeTestDir.......................................SUCCESS [   0 s ]
01:42:43.798 [main] INFO  f.i.s.r.p.i.ProjectInspector - GatherTestInformation................................SUCCESS [   1 s ]
01:42:43.798 [main] INFO  f.i.s.r.p.i.ProjectInspector - FlacocoLocalization..................................SUCCESS [   7 s ]
01:42:43.799 [main] INFO  f.i.s.r.p.i.ProjectInspector - PushFaultLocalizationSuggestionsOnExternalRepository.SUCCESS          
01:42:43.800 [main] INFO  f.i.s.r.p.i.ProjectInspector - ----------------------------------------------------------------------
01:42:43.800 [main] INFO  f.i.s.r.p.i.ProjectInspector - PIPELINE FINDING: TEST FAILURE
01:42:43.800 [main] INFO  f.i.s.r.p.i.ProjectInspector - ----------------------------------------------------------------------
01:42:43.800 [main] INFO  f.i.s.r.p.github.GithubMainProcess - Inspector is finished. The process will exit now.