Execute pipeline with following supplementary args: --smtpPort 25 --listenerMode NOOP --launcherMode FAULT_LOCALIZATION  --gitrepourl https://github.com/apache/rocketmq --gitrepopullrequest 3591
java -cp /usr/local/openjdk-11/lib/tools.jar:repairnator-pipeline.jar -Dlogback.configurationFile=/root/logback.xml fr.inria.spirals.repairnator.pipeline.Launcher -d --runId null -o /var/log --ghOauth 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 --faultLocalization --flacocoThreshold 0.0 --flacocoTopK null --flacocoResultsRepository flacocobot/flacocobot-experiment-3 --ghOauth  --smtpPort 25 --listenerMode NOOP --launcherMode FAULT_LOCALIZATION  --gitrepourl https://github.com/apache/rocketmq --gitrepopullrequest 3591

01:30:51.838 [main] INFO  f.i.s.r.p.g.GithubInitSerializerEngines - Initialize file serializer engines.
01:30:51.846 [main] INFO  f.i.s.r.p.g.GithubInitSerializerEngines - MongoDB won't be used for serialization.
01:30:51.847 [main] INFO  f.i.s.r.p.github.GithubInitNotifiers - The email notifier engine won't be used.
01:30:51.944 [main] INFO  f.i.s.r.p.i.ProjectInspector - ----------------------------------------------------------------------
01:30:51.945 [main] INFO  f.i.s.r.p.i.ProjectInspector - PIPELINE STEPS
01:30:51.945 [main] INFO  f.i.s.r.p.i.ProjectInspector - ----------------------------------------------------------------------
01:30:51.945 [main] INFO  f.i.s.r.p.i.ProjectInspector - CloneCheckoutGitPullRequest
01:30:51.945 [main] INFO  f.i.s.r.p.i.ProjectInspector - BuildProject
01:30:51.945 [main] INFO  f.i.s.r.p.i.ProjectInspector - TestProject
01:30:51.945 [main] INFO  f.i.s.r.p.i.ProjectInspector - ComputeClasspath
01:30:51.945 [main] INFO  f.i.s.r.p.i.ProjectInspector - ComputeSourceDir
01:30:51.945 [main] INFO  f.i.s.r.p.i.ProjectInspector - ComputeTestDir
01:30:51.945 [main] INFO  f.i.s.r.p.i.ProjectInspector - GatherTestInformation
01:30:51.945 [main] INFO  f.i.s.r.p.i.ProjectInspector - FlacocoLocalization
01:30:51.945 [main] INFO  f.i.s.r.p.i.ProjectInspector - PushFaultLocalizationSuggestionsOnExternalRepository
01:30:51.946 [main] INFO  f.i.s.r.p.s.CloneCheckoutGitPullRequest - Cloning repository https://github.com/apache/rocketmq.git in the following directory: ./workspace/apache-rocketmq-master-3591_repo
01:36:17.410 [Thread-8] ERROR f.i.s.r.p.m.output.MavenErrorHandler - RocketMQLog:ERROR Attempted to append to closed appender named [null].
01:36:17.412 [Thread-8] ERROR f.i.s.r.p.m.output.MavenErrorHandler - RocketMQLog:ERROR Attempted to append to closed appender named [null].
01:36:17.423 [Thread-8] ERROR f.i.s.r.p.m.output.MavenErrorHandler - RocketMQLog: setFile called: /root/logs/rocketmq-test/simple.log, true
01:36:17.427 [Thread-8] ERROR f.i.s.r.p.m.output.MavenErrorHandler - RocketMQLog: setFile ended
01:36:17.437 [Thread-8] ERROR f.i.s.r.p.m.output.MavenErrorHandler - RocketMQLog: setFile called: /root/logs/rocketmq-test/rolling_file.log, true
01:36:17.439 [Thread-8] ERROR f.i.s.r.p.m.output.MavenErrorHandler - RocketMQLog: setFile ended
01:36:17.455 [Thread-8] ERROR f.i.s.r.p.m.output.MavenErrorHandler - RocketMQLog:ERROR Attempted to append to closed appender named [null].
01:36:17.461 [Thread-8] ERROR f.i.s.r.p.m.output.MavenErrorHandler - RocketMQLog:ERROR Attempted to append to closed appender named [null].
01:36:17.465 [Thread-8] ERROR f.i.s.r.p.m.output.MavenErrorHandler - RocketMQLog:ERROR Attempted to append to closed appender named [null].
01:36:17.471 [Thread-8] ERROR f.i.s.r.p.m.output.MavenErrorHandler - RocketMQLog:ERROR Attempted to append to closed appender named [null].
01:36:17.472 [Thread-8] ERROR f.i.s.r.p.m.output.MavenErrorHandler - RocketMQLog:ERROR Attempted to append to closed appender named [null].
01:36:17.473 [Thread-8] ERROR f.i.s.r.p.m.output.MavenErrorHandler - RocketMQLog:ERROR Attempted to append to closed appender named [null].
01:36:17.474 [Thread-8] ERROR f.i.s.r.p.m.output.MavenErrorHandler - RocketMQLog:ERROR Attempted to append to closed appender named [null].
01:36:17.475 [Thread-8] ERROR f.i.s.r.p.m.output.MavenErrorHandler - RocketMQLog:ERROR Attempted to append to closed appender named [null].
01:36:17.476 [Thread-8] ERROR f.i.s.r.p.m.output.MavenErrorHandler - RocketMQLog:ERROR Attempted to append to closed appender named [null].
01:36:17.477 [Thread-8] ERROR f.i.s.r.p.m.output.MavenErrorHandler - RocketMQLog:ERROR Attempted to append to closed appender named [null].
01:36:17.483 [Thread-8] ERROR f.i.s.r.p.m.output.MavenErrorHandler - RocketMQLog:ERROR Attempted to append to closed appender named [null].
01:36:17.499 [Thread-8] ERROR f.i.s.r.p.m.output.MavenErrorHandler - RocketMQLog:ERROR Attempted to append to closed appender named [null].
01:36:17.507 [Thread-8] ERROR f.i.s.r.p.m.output.MavenErrorHandler - RocketMQLog:ERROR Attempted to append to closed appender named [null].
01:36:17.508 [Thread-8] ERROR f.i.s.r.p.m.output.MavenErrorHandler - RocketMQLog:ERROR Attempted to append to closed appender named [null].
01:36:17.509 [Thread-8] ERROR f.i.s.r.p.m.output.MavenErrorHandler - RocketMQLog:ERROR Attempted to append to closed appender named [null].
01:36:23.466 [Thread-8] ERROR f.i.s.r.p.m.output.MavenErrorHandler - RocketMQLog:WARN No appenders could be found for logger (io.netty.util.internal.InternalThreadLocalMap).
01:36:23.466 [Thread-8] ERROR f.i.s.r.p.m.output.MavenErrorHandler - RocketMQLog:WARN Please initialize the logger system properly.
01:36:52.211 [Thread-7] ERROR f.i.s.r.p.m.o.MavenFilterOutputHandler - [ERROR] Failed to execute goal org.apache.maven.plugins:maven-surefire-plugin:2.19.1:test (default-test) on project rocketmq-remoting: There are test failures.
01:36:52.213 [Thread-7] ERROR f.i.s.r.p.m.o.MavenFilterOutputHandler - [ERROR] 
01:36:52.214 [Thread-7] ERROR f.i.s.r.p.m.o.MavenFilterOutputHandler - [ERROR] Please refer to /root/workspace/apache-rocketmq-master-3591_repo/remoting/target/surefire-reports for the individual test results.
01:36:52.214 [Thread-7] ERROR f.i.s.r.p.m.o.MavenFilterOutputHandler - [ERROR] -> [Help 1]
01:36:52.217 [Thread-7] ERROR f.i.s.r.p.m.o.MavenFilterOutputHandler - [ERROR] 
01:36:52.217 [Thread-7] ERROR f.i.s.r.p.m.o.MavenFilterOutputHandler - [ERROR] Re-run Maven using the -X switch to enable full debug logging.
01:36:52.217 [Thread-7] ERROR f.i.s.r.p.m.o.MavenFilterOutputHandler - [ERROR] 
01:36:52.218 [Thread-7] ERROR f.i.s.r.p.m.o.MavenFilterOutputHandler - [ERROR] For more information about the errors and possible solutions, please read the following articles:
01:36:52.218 [Thread-7] ERROR f.i.s.r.p.m.o.MavenFilterOutputHandler - [ERROR] [Help 1] http://cwiki.apache.org/confluence/display/MAVEN/MojoFailureException
01:36:52.218 [Thread-7] ERROR f.i.s.r.p.m.o.MavenFilterOutputHandler - [ERROR] 
01:36:52.218 [Thread-7] ERROR f.i.s.r.p.m.o.MavenFilterOutputHandler - [ERROR] After correcting the problems, you can resume the build with the command
01:36:52.218 [Thread-7] ERROR f.i.s.r.p.m.o.MavenFilterOutputHandler - [ERROR]   mvn <goals> -rf :rocketmq-remoting
01:37:17.572 [main] ERROR f.i.s.r.p.s.paths.ComputeClasspath - The file does not exist: /root/./workspace/apache-rocketmq-master-3591_repo/target/classes.
01:37:17.572 [main] ERROR f.i.s.r.p.s.paths.ComputeClasspath - The file does not exist: /root/./workspace/apache-rocketmq-master-3591_repo/target/test-classes.
01:37:17.805 [main] ERROR f.i.s.r.process.maven.MavenHelper - Error while building complete model. The raw model will be used. Error message: 1 problem was encountered while building the effective model for org.apache.rocketmq:rocketmq-all:4.9.3-SNAPSHOT
[ERROR] Failed to determine Java version for profile jdk8 @ 

01:37:17.906 [main] ERROR f.i.s.r.process.maven.MavenHelper - Error while building complete model. The raw model will be used. Error message: 1 problem was encountered while building the effective model for org.apache.rocketmq:rocketmq-distribution:4.9.3-SNAPSHOT
[ERROR] Failed to determine Java version for profile jdk8 @ org.apache.rocketmq:rocketmq-all:4.9.3-SNAPSHOT, /root/workspace/apache-rocketmq-master-3591_repo/pom.xml

01:37:17.916 [main] ERROR f.i.s.r.p.s.paths.ComputeSourceDir - The source directory is not at default location or specified in build section from pom.xml, and no parent can be found.
01:37:17.934 [main] INFO  f.i.s.r.p.s.paths.ComputeSourceDir - 15 source dirs were found:
01:37:17.935 [main] INFO  f.i.s.r.p.s.paths.ComputeSourceDir - /root/workspace/apache-rocketmq-master-3591_repo/acl/src/main/java
01:37:17.935 [main] INFO  f.i.s.r.p.s.paths.ComputeSourceDir - /root/workspace/apache-rocketmq-master-3591_repo/broker/src/main/java
01:37:17.935 [main] INFO  f.i.s.r.p.s.paths.ComputeSourceDir - /root/workspace/apache-rocketmq-master-3591_repo/client/src/main/java
01:37:17.935 [main] INFO  f.i.s.r.p.s.paths.ComputeSourceDir - /root/workspace/apache-rocketmq-master-3591_repo/common/src/main/java
01:37:17.935 [main] INFO  f.i.s.r.p.s.paths.ComputeSourceDir - /root/workspace/apache-rocketmq-master-3591_repo/example/src/main/java
01:37:17.935 [main] INFO  f.i.s.r.p.s.paths.ComputeSourceDir - /root/workspace/apache-rocketmq-master-3591_repo/filter/src/main/java
01:37:17.935 [main] INFO  f.i.s.r.p.s.paths.ComputeSourceDir - /root/workspace/apache-rocketmq-master-3591_repo/logappender/src/main/java
01:37:17.935 [main] INFO  f.i.s.r.p.s.paths.ComputeSourceDir - /root/workspace/apache-rocketmq-master-3591_repo/logging/src/main/java
01:37:17.936 [main] INFO  f.i.s.r.p.s.paths.ComputeSourceDir - /root/workspace/apache-rocketmq-master-3591_repo/namesrv/src/main/java
01:37:17.936 [main] INFO  f.i.s.r.p.s.paths.ComputeSourceDir - /root/workspace/apache-rocketmq-master-3591_repo/openmessaging/src/main/java
01:37:17.936 [main] INFO  f.i.s.r.p.s.paths.ComputeSourceDir - /root/workspace/apache-rocketmq-master-3591_repo/remoting/src/main/java
01:37:17.936 [main] INFO  f.i.s.r.p.s.paths.ComputeSourceDir - /root/workspace/apache-rocketmq-master-3591_repo/srvutil/src/main/java
01:37:17.936 [main] INFO  f.i.s.r.p.s.paths.ComputeSourceDir - /root/workspace/apache-rocketmq-master-3591_repo/store/src/main/java
01:37:17.936 [main] INFO  f.i.s.r.p.s.paths.ComputeSourceDir - /root/workspace/apache-rocketmq-master-3591_repo/test/src/main/java
01:37:17.936 [main] INFO  f.i.s.r.p.s.paths.ComputeSourceDir - /root/workspace/apache-rocketmq-master-3591_repo/tools/src/main/java
01:37:17.964 [main] ERROR f.i.s.r.process.maven.MavenHelper - Error while building complete model. The raw model will be used. Error message: 1 problem was encountered while building the effective model for org.apache.rocketmq:rocketmq-all:4.9.3-SNAPSHOT
[ERROR] Failed to determine Java version for profile jdk8 @ 

01:37:18.041 [main] ERROR f.i.s.r.process.maven.MavenHelper - Error while building complete model. The raw model will be used. Error message: 1 problem was encountered while building the effective model for org.apache.rocketmq:rocketmq-client:4.9.3-SNAPSHOT
[ERROR] Failed to determine Java version for profile jdk8 @ org.apache.rocketmq:rocketmq-all:4.9.3-SNAPSHOT, /root/workspace/apache-rocketmq-master-3591_repo/pom.xml

01:37:18.057 [main] ERROR f.i.s.r.process.maven.MavenHelper - Error while building complete model. The raw model will be used. Error message: 1 problem was encountered while building the effective model for org.apache.rocketmq:rocketmq-common:4.9.3-SNAPSHOT
[ERROR] Failed to determine Java version for profile jdk8 @ org.apache.rocketmq:rocketmq-all:4.9.3-SNAPSHOT, /root/workspace/apache-rocketmq-master-3591_repo/pom.xml

01:37:18.111 [main] ERROR f.i.s.r.process.maven.MavenHelper - Error while building complete model. The raw model will be used. Error message: 1 problem was encountered while building the effective model for org.apache.rocketmq:rocketmq-broker:4.9.3-SNAPSHOT
[ERROR] Failed to determine Java version for profile jdk8 @ org.apache.rocketmq:rocketmq-all:4.9.3-SNAPSHOT, /root/workspace/apache-rocketmq-master-3591_repo/pom.xml

01:37:18.128 [main] ERROR f.i.s.r.process.maven.MavenHelper - Error while building complete model. The raw model will be used. Error message: 1 problem was encountered while building the effective model for org.apache.rocketmq:rocketmq-tools:4.9.3-SNAPSHOT
[ERROR] Failed to determine Java version for profile jdk8 @ org.apache.rocketmq:rocketmq-all:4.9.3-SNAPSHOT, /root/workspace/apache-rocketmq-master-3591_repo/pom.xml

01:37:18.151 [main] ERROR f.i.s.r.process.maven.MavenHelper - Error while building complete model. The raw model will be used. Error message: 1 problem was encountered while building the effective model for org.apache.rocketmq:rocketmq-store:4.9.3-SNAPSHOT
[ERROR] Failed to determine Java version for profile jdk8 @ org.apache.rocketmq:rocketmq-all:4.9.3-SNAPSHOT, /root/workspace/apache-rocketmq-master-3591_repo/pom.xml

01:37:18.160 [main] ERROR f.i.s.r.process.maven.MavenHelper - Error while building complete model. The raw model will be used. Error message: 1 problem was encountered while building the effective model for org.apache.rocketmq:rocketmq-namesrv:4.9.3-SNAPSHOT
[ERROR] Failed to determine Java version for profile jdk8 @ org.apache.rocketmq:rocketmq-all:4.9.3-SNAPSHOT, /root/workspace/apache-rocketmq-master-3591_repo/pom.xml

01:37:18.184 [main] ERROR f.i.s.r.process.maven.MavenHelper - Error while building complete model. The raw model will be used. Error message: 1 problem was encountered while building the effective model for org.apache.rocketmq:rocketmq-remoting:4.9.3-SNAPSHOT
[ERROR] Failed to determine Java version for profile jdk8 @ org.apache.rocketmq:rocketmq-all:4.9.3-SNAPSHOT, /root/workspace/apache-rocketmq-master-3591_repo/pom.xml

01:37:18.235 [main] ERROR f.i.s.r.process.maven.MavenHelper - Error while building complete model. The raw model will be used. Error message: 1 problem was encountered while building the effective model for org.apache.rocketmq:rocketmq-logappender:4.9.3-SNAPSHOT
[ERROR] Failed to determine Java version for profile jdk8 @ org.apache.rocketmq:rocketmq-all:4.9.3-SNAPSHOT, /root/workspace/apache-rocketmq-master-3591_repo/pom.xml

01:37:18.268 [main] ERROR f.i.s.r.process.maven.MavenHelper - Error while building complete model. The raw model will be used. Error message: 1 problem was encountered while building the effective model for org.apache.rocketmq:rocketmq-srvutil:4.9.3-SNAPSHOT
[ERROR] Failed to determine Java version for profile jdk8 @ org.apache.rocketmq:rocketmq-all:4.9.3-SNAPSHOT, /root/workspace/apache-rocketmq-master-3591_repo/pom.xml

01:37:18.269 [main] ERROR f.i.s.r.p.step.paths.ComputeTestDir - The test directory is not at default location or specified in build section from pom.xml, and no parent can be found.
01:37:18.291 [main] ERROR f.i.s.r.process.maven.MavenHelper - Error while building complete model. The raw model will be used. Error message: 1 problem was encountered while building the effective model for org.apache.rocketmq:rocketmq-filter:4.9.3-SNAPSHOT
[ERROR] Failed to determine Java version for profile jdk8 @ org.apache.rocketmq:rocketmq-all:4.9.3-SNAPSHOT, /root/workspace/apache-rocketmq-master-3591_repo/pom.xml

01:37:18.319 [main] ERROR f.i.s.r.process.maven.MavenHelper - Error while building complete model. The raw model will be used. Error message: 1 problem was encountered while building the effective model for org.apache.rocketmq:rocketmq-test:4.9.3-SNAPSHOT
[ERROR] Failed to determine Java version for profile jdk8 @ org.apache.rocketmq:rocketmq-all:4.9.3-SNAPSHOT, /root/workspace/apache-rocketmq-master-3591_repo/pom.xml

01:37:18.351 [main] ERROR f.i.s.r.process.maven.MavenHelper - Error while building complete model. The raw model will be used. Error message: 1 problem was encountered while building the effective model for org.apache.rocketmq:rocketmq-distribution:4.9.3-SNAPSHOT
[ERROR] Failed to determine Java version for profile jdk8 @ org.apache.rocketmq:rocketmq-all:4.9.3-SNAPSHOT, /root/workspace/apache-rocketmq-master-3591_repo/pom.xml

01:37:18.359 [main] ERROR f.i.s.r.p.step.paths.ComputeTestDir - The test directory is not at default location or specified in build section from pom.xml, and no parent can be found.
01:37:18.406 [main] ERROR f.i.s.r.process.maven.MavenHelper - Error while building complete model. The raw model will be used. Error message: 1 problem was encountered while building the effective model for org.apache.rocketmq:rocketmq-openmessaging:4.9.3-SNAPSHOT
[ERROR] Failed to determine Java version for profile jdk8 @ org.apache.rocketmq:rocketmq-all:4.9.3-SNAPSHOT, /root/workspace/apache-rocketmq-master-3591_repo/pom.xml

01:37:18.435 [main] ERROR f.i.s.r.process.maven.MavenHelper - Error while building complete model. The raw model will be used. Error message: 1 problem was encountered while building the effective model for org.apache.rocketmq:rocketmq-logging:4.9.3-SNAPSHOT
[ERROR] Failed to determine Java version for profile jdk8 @ org.apache.rocketmq:rocketmq-all:4.9.3-SNAPSHOT, /root/workspace/apache-rocketmq-master-3591_repo/pom.xml

01:37:18.464 [main] ERROR f.i.s.r.process.maven.MavenHelper - Error while building complete model. The raw model will be used. Error message: 1 problem was encountered while building the effective model for org.apache.rocketmq:rocketmq-acl:4.9.3-SNAPSHOT
[ERROR] Failed to determine Java version for profile jdk8 @ org.apache.rocketmq:rocketmq-all:4.9.3-SNAPSHOT, /root/workspace/apache-rocketmq-master-3591_repo/pom.xml

01:37:18.509 [main] ERROR f.i.s.r.process.maven.MavenHelper - Error while building complete model. The raw model will be used. Error message: 1 problem was encountered while building the effective model for org.apache.rocketmq:rocketmq-example:4.9.3-SNAPSHOT
[ERROR] Failed to determine Java version for profile jdk8 @ org.apache.rocketmq:rocketmq-all:4.9.3-SNAPSHOT, /root/workspace/apache-rocketmq-master-3591_repo/pom.xml

01:37:18.510 [main] ERROR f.i.s.r.p.step.paths.ComputeTestDir - The test directory is not at default location or specified in build section from pom.xml, and no parent can be found.
01:37:18.510 [main] INFO  f.i.s.r.p.step.paths.ComputeTestDir - 13 test dirs were found:
01:37:18.510 [main] INFO  f.i.s.r.p.step.paths.ComputeTestDir - /root/workspace/apache-rocketmq-master-3591_repo/acl/src/test/java
01:37:18.511 [main] INFO  f.i.s.r.p.step.paths.ComputeTestDir - /root/workspace/apache-rocketmq-master-3591_repo/broker/src/test/java
01:37:18.512 [main] INFO  f.i.s.r.p.step.paths.ComputeTestDir - /root/workspace/apache-rocketmq-master-3591_repo/client/src/test/java
01:37:18.515 [main] INFO  f.i.s.r.p.step.paths.ComputeTestDir - /root/workspace/apache-rocketmq-master-3591_repo/common/src/test/java
01:37:18.516 [main] INFO  f.i.s.r.p.step.paths.ComputeTestDir - /root/workspace/apache-rocketmq-master-3591_repo/filter/src/test/java
01:37:18.517 [main] INFO  f.i.s.r.p.step.paths.ComputeTestDir - /root/workspace/apache-rocketmq-master-3591_repo/logappender/src/test/java
01:37:18.528 [main] INFO  f.i.s.r.p.step.paths.ComputeTestDir - /root/workspace/apache-rocketmq-master-3591_repo/logging/src/test/java
01:37:18.530 [main] INFO  f.i.s.r.p.step.paths.ComputeTestDir - /root/workspace/apache-rocketmq-master-3591_repo/namesrv/src/test/java
01:37:18.530 [main] INFO  f.i.s.r.p.step.paths.ComputeTestDir - /root/workspace/apache-rocketmq-master-3591_repo/openmessaging/src/test/java
01:37:18.530 [main] INFO  f.i.s.r.p.step.paths.ComputeTestDir - /root/workspace/apache-rocketmq-master-3591_repo/remoting/src/test/java
01:37:18.530 [main] INFO  f.i.s.r.p.step.paths.ComputeTestDir - /root/workspace/apache-rocketmq-master-3591_repo/store/src/test/java
01:37:18.530 [main] INFO  f.i.s.r.p.step.paths.ComputeTestDir - /root/workspace/apache-rocketmq-master-3591_repo/test/src/test/java
01:37:18.530 [main] INFO  f.i.s.r.p.step.paths.ComputeTestDir - /root/workspace/apache-rocketmq-master-3591_repo/tools/src/test/java
01:37:19.468 [main] INFO  f.i.s.r.p.s.g.GatherTestInformation - Get the following failing module path: /root/workspace/apache-rocketmq-master-3591_repo/remoting
01:37:19.642 [main] INFO  f.i.s.r.p.s.g.GatherTestInformation - ---Test results---
01:37:19.651 [main] INFO  f.i.s.r.p.s.g.GatherTestInformation -    Total tests: 38
01:37:19.651 [main] INFO  f.i.s.r.p.s.g.GatherTestInformation -    Tests run: 34
01:37:19.651 [main] INFO  f.i.s.r.p.s.g.GatherTestInformation -    Tests passing: 33
01:37:19.651 [main] INFO  f.i.s.r.p.s.g.GatherTestInformation -    Failures: 0
01:37:19.651 [main] INFO  f.i.s.r.p.s.g.GatherTestInformation -    Errors: 1
01:37:19.651 [main] INFO  f.i.s.r.p.s.g.GatherTestInformation -    Skipped: 4
[0] INFO Flacoco - Running Flacoco...
[135] WARN TestMethodFilter - NoClassDefFoundError: class org.apache.rocketmq.remoting.common.RemotingHelper
[145] WARN TestMethodFilter - NoClassDefFoundError: class org.apache.rocketmq.remoting.common.RemotingUtil
[150] WARN TestMethodFilter - NoClassDefFoundError: class org.apache.rocketmq.remoting.netty.NettyEvent
[156] WARN TestMethodFilter - NoClassDefFoundError: class org.apache.rocketmq.remoting.netty.NettyRemotingServer
[157] WARN TestMethodFilter - NoClassDefFoundError: class org.apache.rocketmq.remoting.netty.NettyRemotingClient
[172] WARN TestMethodFilter - NoClassDefFoundError: class org.apache.rocketmq.remoting.netty.TlsHelper
[174] WARN TestMethodFilter - NoClassDefFoundError: class org.apache.rocketmq.remoting.netty.NettyLogger
[175] WARN TestMethodFilter - NoClassDefFoundError: class org.apache.rocketmq.remoting.netty.ResponseFuture
[237] WARN TestMethodFilter - NoClassDefFoundError: class org.apache.rocketmq.remoting.netty.FileRegionEncoderTest
[265] WARN TestMethodFilter - NoClassDefFoundError: class org.apache.rocketmq.remoting.common.RemotingHelper
[265] WARN TestMethodFilter - NoClassDefFoundError: class org.apache.rocketmq.remoting.common.RemotingUtil
[266] WARN TestMethodFilter - NoClassDefFoundError: class org.apache.rocketmq.remoting.netty.NettyEvent
[266] WARN TestMethodFilter - NoClassDefFoundError: class org.apache.rocketmq.remoting.netty.NettyRemotingServer
[266] WARN TestMethodFilter - NoClassDefFoundError: class org.apache.rocketmq.remoting.netty.NettyRemotingClient
[267] WARN TestMethodFilter - NoClassDefFoundError: class org.apache.rocketmq.remoting.netty.TlsHelper
[267] WARN TestMethodFilter - NoClassDefFoundError: class org.apache.rocketmq.remoting.netty.NettyLogger
[267] WARN TestMethodFilter - NoClassDefFoundError: class org.apache.rocketmq.remoting.netty.ResponseFuture
[285] WARN TestMethodFilter - NoClassDefFoundError: class org.apache.rocketmq.remoting.netty.FileRegionEncoderTest
[4563] WARN CoverageRunner - Test [Manual]TestMethod=org.apache.rocketmq.remoting.RemotingServerTest#testInvokeSync result was not reported by test-runner.
[4563] WARN CoverageRunner - Test [Manual]TestMethod=org.apache.rocketmq.remoting.RemotingServerTest#testInvokeOneway result was not reported by test-runner.
[4563] WARN CoverageRunner - Test [Manual]TestMethod=org.apache.rocketmq.remoting.RemotingServerTest#testInvokeAsync result was not reported by test-runner.
[12445] INFO CoverageRunner - Tests found: 41
[12446] INFO CoverageRunner - Tests executed: 38
01:37:33.242 [main] INFO  fr.inria.jtravis.JTravis - GitHub ratelimit: Limit: 5000 Remaining: 4582 Reset hour: 00:14:00
01:37:34.878 [main] WARN  f.i.s.r.p.s.p.PushFaultLocalizationSuggestionsOnExternalRepository - Flacoco has found 41 suspicious lines, but none were matched to the diff
01:37:35.555 [main] INFO  f.i.s.r.p.s.f.FlacocoLocalization - 
01:37:36.217 [main] INFO  f.i.s.r.p.i.ProjectInspector - ----------------------------------------------------------------------
01:37:36.217 [main] INFO  f.i.s.r.p.i.ProjectInspector - PIPELINE EXECUTION SUMMARY
01:37:36.217 [main] INFO  f.i.s.r.p.i.ProjectInspector - ----------------------------------------------------------------------
01:37:36.217 [main] INFO  f.i.s.r.p.i.ProjectInspector - CloneCheckoutGitPullRequest..........................SUCCESS [  18 s ]
01:37:36.218 [main] INFO  f.i.s.r.p.i.ProjectInspector - BuildProject.........................................SUCCESS [ 266 s ]
01:37:36.218 [main] INFO  f.i.s.r.p.i.ProjectInspector - TestProject..........................................SUCCESS [  74 s ]
01:37:36.218 [main] INFO  f.i.s.r.p.i.ProjectInspector - ComputeClasspath.....................................SUCCESS [  25 s ]
01:37:36.218 [main] INFO  f.i.s.r.p.i.ProjectInspector - ComputeSourceDir.....................................SUCCESS [   0 s ]
01:37:36.218 [main] INFO  f.i.s.r.p.i.ProjectInspector - ComputeTestDir.......................................SUCCESS [   0 s ]
01:37:36.219 [main] INFO  f.i.s.r.p.i.ProjectInspector - GatherTestInformation................................SUCCESS [   1 s ]
01:37:36.219 [main] INFO  f.i.s.r.p.i.ProjectInspector - FlacocoLocalization..................................SUCCESS [  12 s ]
01:37:36.235 [main] INFO  f.i.s.r.p.i.ProjectInspector - PushFaultLocalizationSuggestionsOnExternalRepository.SUCCESS          
01:37:36.236 [main] INFO  f.i.s.r.p.i.ProjectInspector - ----------------------------------------------------------------------
01:37:36.236 [main] INFO  f.i.s.r.p.i.ProjectInspector - PIPELINE FINDING: TEST FAILURE
01:37:36.236 [main] INFO  f.i.s.r.p.i.ProjectInspector - ----------------------------------------------------------------------
01:37:36.236 [main] INFO  f.i.s.r.p.github.GithubMainProcess - Inspector is finished. The process will exit now.
 