Execute pipeline with following supplementary args: --smtpPort 25 --listenerMode NOOP --launcherMode FAULT_LOCALIZATION  --gitrepourl https://github.com/apache/rocketmq --gitrepopullrequest 3586
java -cp /usr/local/openjdk-11/lib/tools.jar:repairnator-pipeline.jar -Dlogback.configurationFile=/root/logback.xml fr.inria.spirals.repairnator.pipeline.Launcher -d --runId null -o /var/log --ghOauth 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 --faultLocalization --flacocoThreshold 0.0 --flacocoTopK null --flacocoResultsRepository flacocobot/flacocobot-experiment-3 --ghOauth  --smtpPort 25 --listenerMode NOOP --launcherMode FAULT_LOCALIZATION  --gitrepourl https://github.com/apache/rocketmq --gitrepopullrequest 3586

01:30:55.545 [main] INFO  f.i.s.r.p.g.GithubInitSerializerEngines - Initialize file serializer engines.
01:30:55.547 [main] INFO  f.i.s.r.p.g.GithubInitSerializerEngines - MongoDB won't be used for serialization.
01:30:55.548 [main] INFO  f.i.s.r.p.github.GithubInitNotifiers - The email notifier engine won't be used.
01:30:55.636 [main] INFO  f.i.s.r.p.i.ProjectInspector - ----------------------------------------------------------------------
01:30:55.637 [main] INFO  f.i.s.r.p.i.ProjectInspector - PIPELINE STEPS
01:30:55.637 [main] INFO  f.i.s.r.p.i.ProjectInspector - ----------------------------------------------------------------------
01:30:55.638 [main] INFO  f.i.s.r.p.i.ProjectInspector - CloneCheckoutGitPullRequest
01:30:55.638 [main] INFO  f.i.s.r.p.i.ProjectInspector - BuildProject
01:30:55.638 [main] INFO  f.i.s.r.p.i.ProjectInspector - TestProject
01:30:55.638 [main] INFO  f.i.s.r.p.i.ProjectInspector - ComputeClasspath
01:30:55.638 [main] INFO  f.i.s.r.p.i.ProjectInspector - ComputeSourceDir
01:30:55.638 [main] INFO  f.i.s.r.p.i.ProjectInspector - ComputeTestDir
01:30:55.638 [main] INFO  f.i.s.r.p.i.ProjectInspector - GatherTestInformation
01:30:55.638 [main] INFO  f.i.s.r.p.i.ProjectInspector - FlacocoLocalization
01:30:55.639 [main] INFO  f.i.s.r.p.i.ProjectInspector - PushFaultLocalizationSuggestionsOnExternalRepository
01:30:55.639 [main] INFO  f.i.s.r.p.s.CloneCheckoutGitPullRequest - Cloning repository https://github.com/apache/rocketmq.git in the following directory: ./workspace/apache-rocketmq-master-3586_repo
01:36:23.258 [Thread-8] ERROR f.i.s.r.p.m.output.MavenErrorHandler - RocketMQLog:ERROR Attempted to append to closed appender named [null].
01:36:23.274 [Thread-8] ERROR f.i.s.r.p.m.output.MavenErrorHandler - RocketMQLog:ERROR Attempted to append to closed appender named [null].
01:36:23.275 [Thread-8] ERROR f.i.s.r.p.m.output.MavenErrorHandler - RocketMQLog: setFile called: /root/logs/rocketmq-test/simple.log, true
01:36:23.275 [Thread-8] ERROR f.i.s.r.p.m.output.MavenErrorHandler - RocketMQLog: setFile ended
01:36:23.275 [Thread-8] ERROR f.i.s.r.p.m.output.MavenErrorHandler - RocketMQLog: setFile called: /root/logs/rocketmq-test/rolling_file.log, true
01:36:23.275 [Thread-8] ERROR f.i.s.r.p.m.output.MavenErrorHandler - RocketMQLog: setFile ended
01:36:23.275 [Thread-8] ERROR f.i.s.r.p.m.output.MavenErrorHandler - RocketMQLog:ERROR Attempted to append to closed appender named [null].
01:36:23.275 [Thread-8] ERROR f.i.s.r.p.m.output.MavenErrorHandler - RocketMQLog:ERROR Attempted to append to closed appender named [null].
01:36:23.275 [Thread-8] ERROR f.i.s.r.p.m.output.MavenErrorHandler - RocketMQLog:ERROR Attempted to append to closed appender named [null].
01:36:23.275 [Thread-8] ERROR f.i.s.r.p.m.output.MavenErrorHandler - RocketMQLog:ERROR Attempted to append to closed appender named [null].
01:36:23.275 [Thread-8] ERROR f.i.s.r.p.m.output.MavenErrorHandler - RocketMQLog:ERROR Attempted to append to closed appender named [null].
01:36:23.277 [Thread-8] ERROR f.i.s.r.p.m.output.MavenErrorHandler - RocketMQLog:ERROR Attempted to append to closed appender named [null].
01:36:23.278 [Thread-8] ERROR f.i.s.r.p.m.output.MavenErrorHandler - RocketMQLog:ERROR Attempted to append to closed appender named [null].
01:36:23.278 [Thread-8] ERROR f.i.s.r.p.m.output.MavenErrorHandler - RocketMQLog:ERROR Attempted to append to closed appender named [null].
01:36:23.278 [Thread-8] ERROR f.i.s.r.p.m.output.MavenErrorHandler - RocketMQLog:ERROR Attempted to append to closed appender named [null].
01:36:23.278 [Thread-8] ERROR f.i.s.r.p.m.output.MavenErrorHandler - RocketMQLog:ERROR Attempted to append to closed appender named [null].
01:36:23.278 [Thread-8] ERROR f.i.s.r.p.m.output.MavenErrorHandler - RocketMQLog:ERROR Attempted to append to closed appender named [null].
01:36:23.278 [Thread-8] ERROR f.i.s.r.p.m.output.MavenErrorHandler - RocketMQLog:ERROR Attempted to append to closed appender named [null].
01:36:23.278 [Thread-8] ERROR f.i.s.r.p.m.output.MavenErrorHandler - RocketMQLog:ERROR Attempted to append to closed appender named [null].
01:36:23.278 [Thread-8] ERROR f.i.s.r.p.m.output.MavenErrorHandler - RocketMQLog:ERROR Attempted to append to closed appender named [null].
01:36:23.278 [Thread-8] ERROR f.i.s.r.p.m.output.MavenErrorHandler - RocketMQLog:ERROR Attempted to append to closed appender named [null].
01:36:28.237 [Thread-8] ERROR f.i.s.r.p.m.output.MavenErrorHandler - RocketMQLog:WARN No appenders could be found for logger (io.netty.util.internal.InternalThreadLocalMap).
01:36:28.238 [Thread-8] ERROR f.i.s.r.p.m.output.MavenErrorHandler - RocketMQLog:WARN Please initialize the logger system properly.
01:36:52.092 [Thread-7] ERROR f.i.s.r.p.m.o.MavenFilterOutputHandler - [ERROR] Failed to execute goal org.apache.maven.plugins:maven-surefire-plugin:2.19.1:test (default-test) on project rocketmq-remoting: There are test failures.
01:36:52.094 [Thread-7] ERROR f.i.s.r.p.m.o.MavenFilterOutputHandler - [ERROR] 
01:36:52.094 [Thread-7] ERROR f.i.s.r.p.m.o.MavenFilterOutputHandler - [ERROR] Please refer to /root/workspace/apache-rocketmq-master-3586_repo/remoting/target/surefire-reports for the individual test results.
01:36:52.094 [Thread-7] ERROR f.i.s.r.p.m.o.MavenFilterOutputHandler - [ERROR] -> [Help 1]
01:36:52.117 [Thread-7] ERROR f.i.s.r.p.m.o.MavenFilterOutputHandler - [ERROR] 
01:36:52.118 [Thread-7] ERROR f.i.s.r.p.m.o.MavenFilterOutputHandler - [ERROR] Re-run Maven using the -X switch to enable full debug logging.
01:36:52.119 [Thread-7] ERROR f.i.s.r.p.m.o.MavenFilterOutputHandler - [ERROR] 
01:36:52.119 [Thread-7] ERROR f.i.s.r.p.m.o.MavenFilterOutputHandler - [ERROR] For more information about the errors and possible solutions, please read the following articles:
01:36:52.119 [Thread-7] ERROR f.i.s.r.p.m.o.MavenFilterOutputHandler - [ERROR] [Help 1] http://cwiki.apache.org/confluence/display/MAVEN/MojoFailureException
01:36:52.119 [Thread-7] ERROR f.i.s.r.p.m.o.MavenFilterOutputHandler - [ERROR] 
01:36:52.119 [Thread-7] ERROR f.i.s.r.p.m.o.MavenFilterOutputHandler - [ERROR] After correcting the problems, you can resume the build with the command
01:36:52.119 [Thread-7] ERROR f.i.s.r.p.m.o.MavenFilterOutputHandler - [ERROR]   mvn <goals> -rf :rocketmq-remoting
01:37:17.536 [main] ERROR f.i.s.r.p.s.paths.ComputeClasspath - The file does not exist: /root/./workspace/apache-rocketmq-master-3586_repo/target/classes.
01:37:17.537 [main] ERROR f.i.s.r.p.s.paths.ComputeClasspath - The file does not exist: /root/./workspace/apache-rocketmq-master-3586_repo/target/test-classes.
01:37:17.817 [main] ERROR f.i.s.r.process.maven.MavenHelper - Error while building complete model. The raw model will be used. Error message: 1 problem was encountered while building the effective model for org.apache.rocketmq:rocketmq-all:4.9.3-SNAPSHOT
[ERROR] Failed to determine Java version for profile jdk8 @ 

01:37:17.930 [main] ERROR f.i.s.r.process.maven.MavenHelper - Error while building complete model. The raw model will be used. Error message: 1 problem was encountered while building the effective model for org.apache.rocketmq:rocketmq-distribution:4.9.3-SNAPSHOT
[ERROR] Failed to determine Java version for profile jdk8 @ org.apache.rocketmq:rocketmq-all:4.9.3-SNAPSHOT, /root/workspace/apache-rocketmq-master-3586_repo/pom.xml

01:37:17.932 [main] ERROR f.i.s.r.p.s.paths.ComputeSourceDir - The source directory is not at default location or specified in build section from pom.xml, and no parent can be found.
01:37:17.939 [main] INFO  f.i.s.r.p.s.paths.ComputeSourceDir - 15 source dirs were found:
01:37:17.940 [main] INFO  f.i.s.r.p.s.paths.ComputeSourceDir - /root/workspace/apache-rocketmq-master-3586_repo/acl/src/main/java
01:37:17.940 [main] INFO  f.i.s.r.p.s.paths.ComputeSourceDir - /root/workspace/apache-rocketmq-master-3586_repo/broker/src/main/java
01:37:17.940 [main] INFO  f.i.s.r.p.s.paths.ComputeSourceDir - /root/workspace/apache-rocketmq-master-3586_repo/client/src/main/java
01:37:17.940 [main] INFO  f.i.s.r.p.s.paths.ComputeSourceDir - /root/workspace/apache-rocketmq-master-3586_repo/common/src/main/java
01:37:17.940 [main] INFO  f.i.s.r.p.s.paths.ComputeSourceDir - /root/workspace/apache-rocketmq-master-3586_repo/example/src/main/java
01:37:17.940 [main] INFO  f.i.s.r.p.s.paths.ComputeSourceDir - /root/workspace/apache-rocketmq-master-3586_repo/filter/src/main/java
01:37:17.940 [main] INFO  f.i.s.r.p.s.paths.ComputeSourceDir - /root/workspace/apache-rocketmq-master-3586_repo/logappender/src/main/java
01:37:17.941 [main] INFO  f.i.s.r.p.s.paths.ComputeSourceDir - /root/workspace/apache-rocketmq-master-3586_repo/logging/src/main/java
01:37:17.941 [main] INFO  f.i.s.r.p.s.paths.ComputeSourceDir - /root/workspace/apache-rocketmq-master-3586_repo/namesrv/src/main/java
01:37:17.941 [main] INFO  f.i.s.r.p.s.paths.ComputeSourceDir - /root/workspace/apache-rocketmq-master-3586_repo/openmessaging/src/main/java
01:37:17.942 [main] INFO  f.i.s.r.p.s.paths.ComputeSourceDir - /root/workspace/apache-rocketmq-master-3586_repo/remoting/src/main/java
01:37:17.942 [main] INFO  f.i.s.r.p.s.paths.ComputeSourceDir - /root/workspace/apache-rocketmq-master-3586_repo/srvutil/src/main/java
01:37:17.942 [main] INFO  f.i.s.r.p.s.paths.ComputeSourceDir - /root/workspace/apache-rocketmq-master-3586_repo/store/src/main/java
01:37:17.942 [main] INFO  f.i.s.r.p.s.paths.ComputeSourceDir - /root/workspace/apache-rocketmq-master-3586_repo/test/src/main/java
01:37:17.942 [main] INFO  f.i.s.r.p.s.paths.ComputeSourceDir - /root/workspace/apache-rocketmq-master-3586_repo/tools/src/main/java
01:37:17.995 [main] ERROR f.i.s.r.process.maven.MavenHelper - Error while building complete model. The raw model will be used. Error message: 1 problem was encountered while building the effective model for org.apache.rocketmq:rocketmq-all:4.9.3-SNAPSHOT
[ERROR] Failed to determine Java version for profile jdk8 @ 

01:37:18.066 [main] ERROR f.i.s.r.process.maven.MavenHelper - Error while building complete model. The raw model will be used. Error message: 1 problem was encountered while building the effective model for org.apache.rocketmq:rocketmq-client:4.9.3-SNAPSHOT
[ERROR] Failed to determine Java version for profile jdk8 @ org.apache.rocketmq:rocketmq-all:4.9.3-SNAPSHOT, /root/workspace/apache-rocketmq-master-3586_repo/pom.xml

01:37:18.124 [main] ERROR f.i.s.r.process.maven.MavenHelper - Error while building complete model. The raw model will be used. Error message: 1 problem was encountered while building the effective model for org.apache.rocketmq:rocketmq-common:4.9.3-SNAPSHOT
[ERROR] Failed to determine Java version for profile jdk8 @ org.apache.rocketmq:rocketmq-all:4.9.3-SNAPSHOT, /root/workspace/apache-rocketmq-master-3586_repo/pom.xml

01:37:18.175 [main] ERROR f.i.s.r.process.maven.MavenHelper - Error while building complete model. The raw model will be used. Error message: 1 problem was encountered while building the effective model for org.apache.rocketmq:rocketmq-broker:4.9.3-SNAPSHOT
[ERROR] Failed to determine Java version for profile jdk8 @ org.apache.rocketmq:rocketmq-all:4.9.3-SNAPSHOT, /root/workspace/apache-rocketmq-master-3586_repo/pom.xml

01:37:18.258 [main] ERROR f.i.s.r.process.maven.MavenHelper - Error while building complete model. The raw model will be used. Error message: 1 problem was encountered while building the effective model for org.apache.rocketmq:rocketmq-tools:4.9.3-SNAPSHOT
[ERROR] Failed to determine Java version for profile jdk8 @ org.apache.rocketmq:rocketmq-all:4.9.3-SNAPSHOT, /root/workspace/apache-rocketmq-master-3586_repo/pom.xml

01:37:18.308 [main] ERROR f.i.s.r.process.maven.MavenHelper - Error while building complete model. The raw model will be used. Error message: 1 problem was encountered while building the effective model for org.apache.rocketmq:rocketmq-store:4.9.3-SNAPSHOT
[ERROR] Failed to determine Java version for profile jdk8 @ org.apache.rocketmq:rocketmq-all:4.9.3-SNAPSHOT, /root/workspace/apache-rocketmq-master-3586_repo/pom.xml

01:37:18.352 [main] ERROR f.i.s.r.process.maven.MavenHelper - Error while building complete model. The raw model will be used. Error message: 1 problem was encountered while building the effective model for org.apache.rocketmq:rocketmq-namesrv:4.9.3-SNAPSHOT
[ERROR] Failed to determine Java version for profile jdk8 @ org.apache.rocketmq:rocketmq-all:4.9.3-SNAPSHOT, /root/workspace/apache-rocketmq-master-3586_repo/pom.xml

01:37:18.411 [main] ERROR f.i.s.r.process.maven.MavenHelper - Error while building complete model. The raw model will be used. Error message: 1 problem was encountered while building the effective model for org.apache.rocketmq:rocketmq-remoting:4.9.3-SNAPSHOT
[ERROR] Failed to determine Java version for profile jdk8 @ org.apache.rocketmq:rocketmq-all:4.9.3-SNAPSHOT, /root/workspace/apache-rocketmq-master-3586_repo/pom.xml

01:37:18.446 [main] ERROR f.i.s.r.process.maven.MavenHelper - Error while building complete model. The raw model will be used. Error message: 1 problem was encountered while building the effective model for org.apache.rocketmq:rocketmq-logappender:4.9.3-SNAPSHOT
[ERROR] Failed to determine Java version for profile jdk8 @ org.apache.rocketmq:rocketmq-all:4.9.3-SNAPSHOT, /root/workspace/apache-rocketmq-master-3586_repo/pom.xml

01:37:18.486 [main] ERROR f.i.s.r.process.maven.MavenHelper - Error while building complete model. The raw model will be used. Error message: 1 problem was encountered while building the effective model for org.apache.rocketmq:rocketmq-srvutil:4.9.3-SNAPSHOT
[ERROR] Failed to determine Java version for profile jdk8 @ org.apache.rocketmq:rocketmq-all:4.9.3-SNAPSHOT, /root/workspace/apache-rocketmq-master-3586_repo/pom.xml

01:37:18.508 [main] ERROR f.i.s.r.p.step.paths.ComputeTestDir - The test directory is not at default location or specified in build section from pom.xml, and no parent can be found.
01:37:18.532 [main] ERROR f.i.s.r.process.maven.MavenHelper - Error while building complete model. The raw model will be used. Error message: 1 problem was encountered while building the effective model for org.apache.rocketmq:rocketmq-filter:4.9.3-SNAPSHOT
[ERROR] Failed to determine Java version for profile jdk8 @ org.apache.rocketmq:rocketmq-all:4.9.3-SNAPSHOT, /root/workspace/apache-rocketmq-master-3586_repo/pom.xml

01:37:18.547 [main] ERROR f.i.s.r.process.maven.MavenHelper - Error while building complete model. The raw model will be used. Error message: 1 problem was encountered while building the effective model for org.apache.rocketmq:rocketmq-test:4.9.3-SNAPSHOT
[ERROR] Failed to determine Java version for profile jdk8 @ org.apache.rocketmq:rocketmq-all:4.9.3-SNAPSHOT, /root/workspace/apache-rocketmq-master-3586_repo/pom.xml

01:37:18.579 [main] ERROR f.i.s.r.process.maven.MavenHelper - Error while building complete model. The raw model will be used. Error message: 1 problem was encountered while building the effective model for org.apache.rocketmq:rocketmq-distribution:4.9.3-SNAPSHOT
[ERROR] Failed to determine Java version for profile jdk8 @ org.apache.rocketmq:rocketmq-all:4.9.3-SNAPSHOT, /root/workspace/apache-rocketmq-master-3586_repo/pom.xml

01:37:18.580 [main] ERROR f.i.s.r.p.step.paths.ComputeTestDir - The test directory is not at default location or specified in build section from pom.xml, and no parent can be found.
01:37:18.614 [main] ERROR f.i.s.r.process.maven.MavenHelper - Error while building complete model. The raw model will be used. Error message: 1 problem was encountered while building the effective model for org.apache.rocketmq:rocketmq-openmessaging:4.9.3-SNAPSHOT
[ERROR] Failed to determine Java version for profile jdk8 @ org.apache.rocketmq:rocketmq-all:4.9.3-SNAPSHOT, /root/workspace/apache-rocketmq-master-3586_repo/pom.xml

01:37:18.627 [main] ERROR f.i.s.r.process.maven.MavenHelper - Error while building complete model. The raw model will be used. Error message: 1 problem was encountered while building the effective model for org.apache.rocketmq:rocketmq-logging:4.9.3-SNAPSHOT
[ERROR] Failed to determine Java version for profile jdk8 @ org.apache.rocketmq:rocketmq-all:4.9.3-SNAPSHOT, /root/workspace/apache-rocketmq-master-3586_repo/pom.xml

01:37:18.654 [main] ERROR f.i.s.r.process.maven.MavenHelper - Error while building complete model. The raw model will be used. Error message: 1 problem was encountered while building the effective model for org.apache.rocketmq:rocketmq-acl:4.9.3-SNAPSHOT
[ERROR] Failed to determine Java version for profile jdk8 @ org.apache.rocketmq:rocketmq-all:4.9.3-SNAPSHOT, /root/workspace/apache-rocketmq-master-3586_repo/pom.xml

01:37:18.698 [main] ERROR f.i.s.r.process.maven.MavenHelper - Error while building complete model. The raw model will be used. Error message: 1 problem was encountered while building the effective model for org.apache.rocketmq:rocketmq-example:4.9.3-SNAPSHOT
[ERROR] Failed to determine Java version for profile jdk8 @ org.apache.rocketmq:rocketmq-all:4.9.3-SNAPSHOT, /root/workspace/apache-rocketmq-master-3586_repo/pom.xml

01:37:18.700 [main] ERROR f.i.s.r.p.step.paths.ComputeTestDir - The test directory is not at default location or specified in build section from pom.xml, and no parent can be found.
01:37:18.711 [main] INFO  f.i.s.r.p.step.paths.ComputeTestDir - 13 test dirs were found:
01:37:18.711 [main] INFO  f.i.s.r.p.step.paths.ComputeTestDir - /root/workspace/apache-rocketmq-master-3586_repo/acl/src/test/java
01:37:18.711 [main] INFO  f.i.s.r.p.step.paths.ComputeTestDir - /root/workspace/apache-rocketmq-master-3586_repo/broker/src/test/java
01:37:18.711 [main] INFO  f.i.s.r.p.step.paths.ComputeTestDir - /root/workspace/apache-rocketmq-master-3586_repo/client/src/test/java
01:37:18.711 [main] INFO  f.i.s.r.p.step.paths.ComputeTestDir - /root/workspace/apache-rocketmq-master-3586_repo/common/src/test/java
01:37:18.711 [main] INFO  f.i.s.r.p.step.paths.ComputeTestDir - /root/workspace/apache-rocketmq-master-3586_repo/filter/src/test/java
01:37:18.712 [main] INFO  f.i.s.r.p.step.paths.ComputeTestDir - /root/workspace/apache-rocketmq-master-3586_repo/logappender/src/test/java
01:37:18.712 [main] INFO  f.i.s.r.p.step.paths.ComputeTestDir - /root/workspace/apache-rocketmq-master-3586_repo/logging/src/test/java
01:37:18.712 [main] INFO  f.i.s.r.p.step.paths.ComputeTestDir - /root/workspace/apache-rocketmq-master-3586_repo/namesrv/src/test/java
01:37:18.712 [main] INFO  f.i.s.r.p.step.paths.ComputeTestDir - /root/workspace/apache-rocketmq-master-3586_repo/openmessaging/src/test/java
01:37:18.712 [main] INFO  f.i.s.r.p.step.paths.ComputeTestDir - /root/workspace/apache-rocketmq-master-3586_repo/remoting/src/test/java
01:37:18.712 [main] INFO  f.i.s.r.p.step.paths.ComputeTestDir - /root/workspace/apache-rocketmq-master-3586_repo/store/src/test/java
01:37:18.712 [main] INFO  f.i.s.r.p.step.paths.ComputeTestDir - /root/workspace/apache-rocketmq-master-3586_repo/test/src/test/java
01:37:18.712 [main] INFO  f.i.s.r.p.step.paths.ComputeTestDir - /root/workspace/apache-rocketmq-master-3586_repo/tools/src/test/java
01:37:19.764 [main] INFO  f.i.s.r.p.s.g.GatherTestInformation - Get the following failing module path: /root/workspace/apache-rocketmq-master-3586_repo/remoting
01:37:19.939 [main] INFO  f.i.s.r.p.s.g.GatherTestInformation - ---Test results---
01:37:19.940 [main] INFO  f.i.s.r.p.s.g.GatherTestInformation -    Total tests: 37
01:37:19.940 [main] INFO  f.i.s.r.p.s.g.GatherTestInformation -    Tests run: 33
01:37:19.940 [main] INFO  f.i.s.r.p.s.g.GatherTestInformation -    Tests passing: 32
01:37:19.940 [main] INFO  f.i.s.r.p.s.g.GatherTestInformation -    Failures: 0
01:37:19.940 [main] INFO  f.i.s.r.p.s.g.GatherTestInformation -    Errors: 1
01:37:19.940 [main] INFO  f.i.s.r.p.s.g.GatherTestInformation -    Skipped: 4
[1] INFO Flacoco - Running Flacoco...
[123] WARN TestMethodFilter - NoClassDefFoundError: class org.apache.rocketmq.remoting.common.RemotingHelper
[129] WARN TestMethodFilter - NoClassDefFoundError: class org.apache.rocketmq.remoting.common.RemotingUtil
[138] WARN TestMethodFilter - NoClassDefFoundError: class org.apache.rocketmq.remoting.netty.NettyEvent
[146] WARN TestMethodFilter - NoClassDefFoundError: class org.apache.rocketmq.remoting.netty.NettyRemotingServer
[147] WARN TestMethodFilter - NoClassDefFoundError: class org.apache.rocketmq.remoting.netty.NettyRemotingClient
[153] WARN TestMethodFilter - NoClassDefFoundError: class org.apache.rocketmq.remoting.netty.TlsHelper
[156] WARN TestMethodFilter - NoClassDefFoundError: class org.apache.rocketmq.remoting.netty.NettyLogger
[157] WARN TestMethodFilter - NoClassDefFoundError: class org.apache.rocketmq.remoting.netty.ResponseFuture
[189] WARN TestMethodFilter - NoClassDefFoundError: class org.apache.rocketmq.remoting.netty.FileRegionEncoderTest
[262] WARN TestMethodFilter - NoClassDefFoundError: class org.apache.rocketmq.remoting.common.RemotingHelper
[262] WARN TestMethodFilter - NoClassDefFoundError: class org.apache.rocketmq.remoting.common.RemotingUtil
[263] WARN TestMethodFilter - NoClassDefFoundError: class org.apache.rocketmq.remoting.netty.NettyEvent
[263] WARN TestMethodFilter - NoClassDefFoundError: class org.apache.rocketmq.remoting.netty.NettyRemotingServer
[264] WARN TestMethodFilter - NoClassDefFoundError: class org.apache.rocketmq.remoting.netty.NettyRemotingClient
[264] WARN TestMethodFilter - NoClassDefFoundError: class org.apache.rocketmq.remoting.netty.TlsHelper
[264] WARN TestMethodFilter - NoClassDefFoundError: class org.apache.rocketmq.remoting.netty.NettyLogger
[264] WARN TestMethodFilter - NoClassDefFoundError: class org.apache.rocketmq.remoting.netty.ResponseFuture
[266] WARN TestMethodFilter - NoClassDefFoundError: class org.apache.rocketmq.remoting.netty.FileRegionEncoderTest
[4750] WARN CoverageRunner - Test [Manual]TestMethod=org.apache.rocketmq.remoting.RemotingServerTest#testInvokeSync result was not reported by test-runner.
[4750] WARN CoverageRunner - Test [Manual]TestMethod=org.apache.rocketmq.remoting.RemotingServerTest#testInvokeOneway result was not reported by test-runner.
[4750] WARN CoverageRunner - Test [Manual]TestMethod=org.apache.rocketmq.remoting.RemotingServerTest#testInvokeAsync result was not reported by test-runner.
[13239] INFO CoverageRunner - Tests found: 41
[13239] INFO CoverageRunner - Tests executed: 38
01:37:34.095 [main] INFO  fr.inria.jtravis.JTravis - GitHub ratelimit: Limit: 5000 Remaining: 4580 Reset hour: 00:14:00
01:37:35.701 [main] WARN  f.i.s.r.p.s.p.PushFaultLocalizationSuggestionsOnExternalRepository - Flacoco has found 41 suspicious lines, but none were matched to the diff
01:37:36.638 [main] INFO  f.i.s.r.p.s.f.FlacocoLocalization - 
01:37:37.242 [main] INFO  f.i.s.r.p.i.ProjectInspector - ----------------------------------------------------------------------
01:37:37.247 [main] INFO  f.i.s.r.p.i.ProjectInspector - PIPELINE EXECUTION SUMMARY
01:37:37.248 [main] INFO  f.i.s.r.p.i.ProjectInspector - ----------------------------------------------------------------------
01:37:37.248 [main] INFO  f.i.s.r.p.i.ProjectInspector - CloneCheckoutGitPullRequest..........................SUCCESS [  19 s ]
01:37:37.248 [main] INFO  f.i.s.r.p.i.ProjectInspector - BuildProject.........................................SUCCESS [ 267 s ]
01:37:37.248 [main] INFO  f.i.s.r.p.i.ProjectInspector - TestProject..........................................SUCCESS [  69 s ]
01:37:37.248 [main] INFO  f.i.s.r.p.i.ProjectInspector - ComputeClasspath.....................................SUCCESS [  25 s ]
01:37:37.248 [main] INFO  f.i.s.r.p.i.ProjectInspector - ComputeSourceDir.....................................SUCCESS [   0 s ]
01:37:37.249 [main] INFO  f.i.s.r.p.i.ProjectInspector - ComputeTestDir.......................................SUCCESS [   0 s ]
01:37:37.252 [main] INFO  f.i.s.r.p.i.ProjectInspector - GatherTestInformation................................SUCCESS [   1 s ]
01:37:37.253 [main] INFO  f.i.s.r.p.i.ProjectInspector - FlacocoLocalization..................................SUCCESS [  13 s ]
01:37:37.263 [main] INFO  f.i.s.r.p.i.ProjectInspector - PushFaultLocalizationSuggestionsOnExternalRepository.SUCCESS          
01:37:37.265 [main] INFO  f.i.s.r.p.i.ProjectInspector - ----------------------------------------------------------------------
01:37:37.278 [main] INFO  f.i.s.r.p.i.ProjectInspector - PIPELINE FINDING: TEST FAILURE
01:37:37.281 [main] INFO  f.i.s.r.p.i.ProjectInspector - ----------------------------------------------------------------------
01:37:37.283 [main] INFO  f.i.s.r.p.github.GithubMainProcess - Inspector is finished. The process will exit now.