Execute pipeline with following supplementary args: --smtpPort 25 --listenerMode NOOP --launcherMode FAULT_LOCALIZATION  --gitrepourl https://github.com/apache/rocketmq --gitrepopullrequest 3595
java -cp /usr/local/openjdk-11/lib/tools.jar:repairnator-pipeline.jar -Dlogback.configurationFile=/root/logback.xml fr.inria.spirals.repairnator.pipeline.Launcher -d --runId null -o /var/log --ghOauth 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 --faultLocalization --flacocoThreshold 0.0 --flacocoTopK null --flacocoResultsRepository flacocobot/flacocobot-experiment-3 --ghOauth  --smtpPort 25 --listenerMode NOOP --launcherMode FAULT_LOCALIZATION  --gitrepourl https://github.com/apache/rocketmq --gitrepopullrequest 3595

07:32:21.687 [main] INFO  f.i.s.r.p.g.GithubInitSerializerEngines - Initialize file serializer engines.
07:32:21.690 [main] INFO  f.i.s.r.p.g.GithubInitSerializerEngines - MongoDB won't be used for serialization.
07:32:21.690 [main] INFO  f.i.s.r.p.github.GithubInitNotifiers - The email notifier engine won't be used.
07:32:21.713 [main] INFO  f.i.s.r.p.i.ProjectInspector - ----------------------------------------------------------------------
07:32:21.713 [main] INFO  f.i.s.r.p.i.ProjectInspector - PIPELINE STEPS
07:32:21.713 [main] INFO  f.i.s.r.p.i.ProjectInspector - ----------------------------------------------------------------------
07:32:21.713 [main] INFO  f.i.s.r.p.i.ProjectInspector - CloneCheckoutGitPullRequest
07:32:21.713 [main] INFO  f.i.s.r.p.i.ProjectInspector - BuildProject
07:32:21.713 [main] INFO  f.i.s.r.p.i.ProjectInspector - TestProject
07:32:21.713 [main] INFO  f.i.s.r.p.i.ProjectInspector - ComputeClasspath
07:32:21.714 [main] INFO  f.i.s.r.p.i.ProjectInspector - ComputeSourceDir
07:32:21.714 [main] INFO  f.i.s.r.p.i.ProjectInspector - ComputeTestDir
07:32:21.714 [main] INFO  f.i.s.r.p.i.ProjectInspector - GatherTestInformation
07:32:21.714 [main] INFO  f.i.s.r.p.i.ProjectInspector - FlacocoLocalization
07:32:21.714 [main] INFO  f.i.s.r.p.i.ProjectInspector - PushFaultLocalizationSuggestionsOnExternalRepository
07:32:21.714 [main] INFO  f.i.s.r.p.s.CloneCheckoutGitPullRequest - Cloning repository https://github.com/apache/rocketmq.git in the following directory: ./workspace/apache-rocketmq-master-3595_repo
07:33:12.528 [Thread-8] ERROR f.i.s.r.p.m.output.MavenErrorHandler - RocketMQLog:ERROR Attempted to append to closed appender named [null].
07:33:12.529 [Thread-8] ERROR f.i.s.r.p.m.output.MavenErrorHandler - RocketMQLog:ERROR Attempted to append to closed appender named [null].
07:33:12.529 [Thread-8] ERROR f.i.s.r.p.m.output.MavenErrorHandler - RocketMQLog: setFile called: /root/logs/rocketmq-test/simple.log, true
07:33:12.529 [Thread-8] ERROR f.i.s.r.p.m.output.MavenErrorHandler - RocketMQLog: setFile ended
07:33:12.529 [Thread-8] ERROR f.i.s.r.p.m.output.MavenErrorHandler - RocketMQLog: setFile called: /root/logs/rocketmq-test/rolling_file.log, true
07:33:12.529 [Thread-8] ERROR f.i.s.r.p.m.output.MavenErrorHandler - RocketMQLog: setFile ended
07:33:12.533 [Thread-8] ERROR f.i.s.r.p.m.output.MavenErrorHandler - RocketMQLog:ERROR Attempted to append to closed appender named [null].
07:33:12.534 [Thread-8] ERROR f.i.s.r.p.m.output.MavenErrorHandler - RocketMQLog:ERROR Attempted to append to closed appender named [null].
07:33:12.535 [Thread-8] ERROR f.i.s.r.p.m.output.MavenErrorHandler - RocketMQLog:ERROR Attempted to append to closed appender named [null].
07:33:12.536 [Thread-8] ERROR f.i.s.r.p.m.output.MavenErrorHandler - RocketMQLog:ERROR Attempted to append to closed appender named [null].
07:33:12.537 [Thread-8] ERROR f.i.s.r.p.m.output.MavenErrorHandler - RocketMQLog:ERROR Attempted to append to closed appender named [null].
07:33:12.538 [Thread-8] ERROR f.i.s.r.p.m.output.MavenErrorHandler - RocketMQLog:ERROR Attempted to append to closed appender named [null].
07:33:12.538 [Thread-8] ERROR f.i.s.r.p.m.output.MavenErrorHandler - RocketMQLog:ERROR Attempted to append to closed appender named [null].
07:33:12.538 [Thread-8] ERROR f.i.s.r.p.m.output.MavenErrorHandler - RocketMQLog:ERROR Attempted to append to closed appender named [null].
07:33:12.538 [Thread-8] ERROR f.i.s.r.p.m.output.MavenErrorHandler - RocketMQLog:ERROR Attempted to append to closed appender named [null].
07:33:12.538 [Thread-8] ERROR f.i.s.r.p.m.output.MavenErrorHandler - RocketMQLog:ERROR Attempted to append to closed appender named [null].
07:33:12.540 [Thread-8] ERROR f.i.s.r.p.m.output.MavenErrorHandler - RocketMQLog:ERROR Attempted to append to closed appender named [null].
07:33:12.543 [Thread-8] ERROR f.i.s.r.p.m.output.MavenErrorHandler - RocketMQLog:ERROR Attempted to append to closed appender named [null].
07:33:12.544 [Thread-8] ERROR f.i.s.r.p.m.output.MavenErrorHandler - RocketMQLog:ERROR Attempted to append to closed appender named [null].
07:33:12.551 [Thread-8] ERROR f.i.s.r.p.m.output.MavenErrorHandler - RocketMQLog:ERROR Attempted to append to closed appender named [null].
07:33:12.552 [Thread-8] ERROR f.i.s.r.p.m.output.MavenErrorHandler - RocketMQLog:ERROR Attempted to append to closed appender named [null].
07:33:14.218 [Thread-8] ERROR f.i.s.r.p.m.output.MavenErrorHandler - RocketMQLog:WARN No appenders could be found for logger (io.netty.util.internal.InternalThreadLocalMap).
07:33:14.218 [Thread-8] ERROR f.i.s.r.p.m.output.MavenErrorHandler - RocketMQLog:WARN Please initialize the logger system properly.
07:33:23.979 [Thread-8] ERROR f.i.s.r.p.m.output.MavenErrorHandler - RocketMQLog:WARN No appenders could be found for logger (RocketmqCommon).
07:33:23.981 [Thread-8] ERROR f.i.s.r.p.m.output.MavenErrorHandler - RocketMQLog:WARN Please initialize the logger system properly.
07:34:05.400 [Thread-8] ERROR f.i.s.r.p.m.output.MavenErrorHandler - Exception in thread "Thread-67" java.lang.IllegalStateException: The consumer not running, please start it first.
07:34:05.401 [Thread-8] ERROR f.i.s.r.p.m.output.MavenErrorHandler - 	at org.apache.rocketmq.client.impl.consumer.DefaultLitePullConsumerImpl.checkServiceState(DefaultLitePullConsumerImpl.java:199)
07:34:05.401 [Thread-8] ERROR f.i.s.r.p.m.output.MavenErrorHandler - 	at org.apache.rocketmq.client.impl.consumer.DefaultLitePullConsumerImpl.poll(DefaultLitePullConsumerImpl.java:537)
07:34:05.401 [Thread-8] ERROR f.i.s.r.p.m.output.MavenErrorHandler - 	at org.apache.rocketmq.client.consumer.DefaultLitePullConsumer.poll(DefaultLitePullConsumer.java:279)
07:34:05.401 [Thread-8] ERROR f.i.s.r.p.m.output.MavenErrorHandler - 	at org.apache.rocketmq.client.consumer.DefaultLitePullConsumerTest$AsyncConsumer$1.run(DefaultLitePullConsumerTest.java:544)
07:34:05.401 [Thread-8] ERROR f.i.s.r.p.m.output.MavenErrorHandler - 	at java.base/java.lang.Thread.run(Thread.java:834)
07:34:21.701 [Thread-8] ERROR f.i.s.r.p.m.output.MavenErrorHandler - org.apache.rocketmq.client.exception.MQClientException: message's topic not equal mq's topic
07:34:21.702 [Thread-8] ERROR f.i.s.r.p.m.output.MavenErrorHandler - For more information, please visit the url, http://rocketmq.apache.org/docs/faq/
07:34:21.702 [Thread-8] ERROR f.i.s.r.p.m.output.MavenErrorHandler - 	at org.apache.rocketmq.client.impl.producer.DefaultMQProducerImpl$6.run(DefaultMQProducerImpl.java:1068)
07:34:21.702 [Thread-8] ERROR f.i.s.r.p.m.output.MavenErrorHandler - 	at java.base/java.util.concurrent.Executors$RunnableAdapter.call(Executors.java:515)
07:34:21.702 [Thread-8] ERROR f.i.s.r.p.m.output.MavenErrorHandler - 	at java.base/java.util.concurrent.FutureTask.run(FutureTask.java:264)
07:34:21.702 [Thread-8] ERROR f.i.s.r.p.m.output.MavenErrorHandler - 	at java.base/java.util.concurrent.ThreadPoolExecutor.runWorker(ThreadPoolExecutor.java:1128)
07:34:21.702 [Thread-8] ERROR f.i.s.r.p.m.output.MavenErrorHandler - 	at java.base/java.util.concurrent.ThreadPoolExecutor$Worker.run(ThreadPoolExecutor.java:628)
07:34:21.702 [Thread-8] ERROR f.i.s.r.p.m.output.MavenErrorHandler - 	at java.base/java.lang.Thread.run(Thread.java:834)
07:34:33.786 [Thread-8] ERROR f.i.s.r.p.m.output.MavenErrorHandler - org.apache.rocketmq.client.exception.MQClientException: The specified topic is blank
07:34:33.787 [Thread-8] ERROR f.i.s.r.p.m.output.MavenErrorHandler - For more information, please visit the url, http://rocketmq.apache.org/docs/faq/
07:34:33.787 [Thread-8] ERROR f.i.s.r.p.m.output.MavenErrorHandler - 	at org.apache.rocketmq.client.Validators.checkTopic(Validators.java:107)
07:34:33.787 [Thread-8] ERROR f.i.s.r.p.m.output.MavenErrorHandler - 	at org.apache.rocketmq.client.Validators.checkMessage(Validators.java:87)
07:34:33.787 [Thread-8] ERROR f.i.s.r.p.m.output.MavenErrorHandler - 	at org.apache.rocketmq.client.impl.producer.DefaultMQProducerImpl.sendDefaultImpl(DefaultMQProducerImpl.java:574)
07:34:33.787 [Thread-8] ERROR f.i.s.r.p.m.output.MavenErrorHandler - 	at org.apache.rocketmq.client.impl.producer.DefaultMQProducerImpl.access$300(DefaultMQProducerImpl.java:98)
07:34:33.787 [Thread-8] ERROR f.i.s.r.p.m.output.MavenErrorHandler - 	at org.apache.rocketmq.client.impl.producer.DefaultMQProducerImpl$5.run(DefaultMQProducerImpl.java:533)
07:34:33.787 [Thread-8] ERROR f.i.s.r.p.m.output.MavenErrorHandler - 	at java.base/java.util.concurrent.Executors$RunnableAdapter.call(Executors.java:515)
07:34:33.787 [Thread-8] ERROR f.i.s.r.p.m.output.MavenErrorHandler - 	at java.base/java.util.concurrent.FutureTask.run(FutureTask.java:264)
07:34:33.787 [Thread-8] ERROR f.i.s.r.p.m.output.MavenErrorHandler - 	at java.base/java.util.concurrent.ThreadPoolExecutor.runWorker(ThreadPoolExecutor.java:1128)
07:34:33.787 [Thread-8] ERROR f.i.s.r.p.m.output.MavenErrorHandler - 	at java.base/java.util.concurrent.ThreadPoolExecutor$Worker.run(ThreadPoolExecutor.java:628)
07:34:33.787 [Thread-8] ERROR f.i.s.r.p.m.output.MavenErrorHandler - 	at java.base/java.lang.Thread.run(Thread.java:834)
07:34:33.787 [Thread-8] ERROR f.i.s.r.p.m.output.MavenErrorHandler - org.apache.rocketmq.client.exception.MQClientException: message's topic not equal mq's topic
07:34:33.787 [Thread-8] ERROR f.i.s.r.p.m.output.MavenErrorHandler - For more information, please visit the url, http://rocketmq.apache.org/docs/faq/
07:34:33.788 [Thread-8] ERROR f.i.s.r.p.m.output.MavenErrorHandler - 	at org.apache.rocketmq.client.impl.producer.DefaultMQProducerImpl$6.run(DefaultMQProducerImpl.java:1068)
07:34:33.788 [Thread-8] ERROR f.i.s.r.p.m.output.MavenErrorHandler - 	at java.base/java.util.concurrent.Executors$RunnableAdapter.call(Executors.java:515)
07:34:33.788 [Thread-8] ERROR f.i.s.r.p.m.output.MavenErrorHandler - 	at java.base/java.util.concurrent.FutureTask.run(FutureTask.java:264)
07:34:33.788 [Thread-8] ERROR f.i.s.r.p.m.output.MavenErrorHandler - 	at java.base/java.util.concurrent.ThreadPoolExecutor.runWorker(ThreadPoolExecutor.java:1128)
07:34:33.788 [Thread-8] ERROR f.i.s.r.p.m.output.MavenErrorHandler - 	at java.base/java.util.concurrent.ThreadPoolExecutor$Worker.run(ThreadPoolExecutor.java:628)
07:34:33.790 [Thread-8] ERROR f.i.s.r.p.m.output.MavenErrorHandler - 	at java.base/java.lang.Thread.run(Thread.java:834)
07:34:33.791 [Thread-8] ERROR f.i.s.r.p.m.output.MavenErrorHandler - org.apache.rocketmq.client.exception.MQClientException: The specified topic is blank
07:34:33.791 [Thread-8] ERROR f.i.s.r.p.m.output.MavenErrorHandler - For more information, please visit the url, http://rocketmq.apache.org/docs/faq/
07:34:33.791 [Thread-8] ERROR f.i.s.r.p.m.output.MavenErrorHandler - 	at org.apache.rocketmq.client.Validators.checkTopic(Validators.java:107)
07:34:33.791 [Thread-8] ERROR f.i.s.r.p.m.output.MavenErrorHandler - 	at org.apache.rocketmq.client.Validators.checkMessage(Validators.java:87)
07:34:33.791 [Thread-8] ERROR f.i.s.r.p.m.output.MavenErrorHandler - 	at org.apache.rocketmq.client.impl.producer.DefaultMQProducerImpl$6.run(DefaultMQProducerImpl.java:1065)
07:34:33.791 [Thread-8] ERROR f.i.s.r.p.m.output.MavenErrorHandler - 	at java.base/java.util.concurrent.Executors$RunnableAdapter.call(Executors.java:515)
07:34:33.791 [Thread-8] ERROR f.i.s.r.p.m.output.MavenErrorHandler - 	at java.base/java.util.concurrent.FutureTask.run(FutureTask.java:264)
07:34:33.791 [Thread-8] ERROR f.i.s.r.p.m.output.MavenErrorHandler - 	at java.base/java.util.concurrent.ThreadPoolExecutor.runWorker(ThreadPoolExecutor.java:1128)
07:34:33.791 [Thread-8] ERROR f.i.s.r.p.m.output.MavenErrorHandler - 	at java.base/java.util.concurrent.ThreadPoolExecutor$Worker.run(ThreadPoolExecutor.java:628)
07:34:33.791 [Thread-8] ERROR f.i.s.r.p.m.output.MavenErrorHandler - 	at java.base/java.lang.Thread.run(Thread.java:834)
07:34:33.791 [Thread-8] ERROR f.i.s.r.p.m.output.MavenErrorHandler - org.apache.rocketmq.client.exception.MQClientException: The specified topic is blank
07:34:33.791 [Thread-8] ERROR f.i.s.r.p.m.output.MavenErrorHandler - For more information, please visit the url, http://rocketmq.apache.org/docs/faq/
07:34:33.791 [Thread-8] ERROR f.i.s.r.p.m.output.MavenErrorHandler - 	at org.apache.rocketmq.client.Validators.checkTopic(Validators.java:107)
07:34:33.791 [Thread-8] ERROR f.i.s.r.p.m.output.MavenErrorHandler - 	at org.apache.rocketmq.client.Validators.checkMessage(Validators.java:87)
07:34:33.791 [Thread-8] ERROR f.i.s.r.p.m.output.MavenErrorHandler - 	at org.apache.rocketmq.client.impl.producer.DefaultMQProducerImpl.sendSelectImpl(DefaultMQProducerImpl.java:1131)
07:34:33.792 [Thread-8] ERROR f.i.s.r.p.m.output.MavenErrorHandler - 	at org.apache.rocketmq.client.impl.producer.DefaultMQProducerImpl.access$600(DefaultMQProducerImpl.java:98)
07:34:33.792 [Thread-8] ERROR f.i.s.r.p.m.output.MavenErrorHandler - 	at org.apache.rocketmq.client.impl.producer.DefaultMQProducerImpl$7.run(DefaultMQProducerImpl.java:1198)
07:34:33.792 [Thread-8] ERROR f.i.s.r.p.m.output.MavenErrorHandler - 	at java.base/java.util.concurrent.Executors$RunnableAdapter.call(Executors.java:515)
07:34:33.792 [Thread-8] ERROR f.i.s.r.p.m.output.MavenErrorHandler - 	at java.base/java.util.concurrent.FutureTask.run(FutureTask.java:264)
07:34:33.792 [Thread-8] ERROR f.i.s.r.p.m.output.MavenErrorHandler - 	at java.base/java.util.concurrent.ThreadPoolExecutor.runWorker(ThreadPoolExecutor.java:1128)
07:34:33.792 [Thread-8] ERROR f.i.s.r.p.m.output.MavenErrorHandler - 	at java.base/java.util.concurrent.ThreadPoolExecutor$Worker.run(ThreadPoolExecutor.java:628)
07:34:33.792 [Thread-8] ERROR f.i.s.r.p.m.output.MavenErrorHandler - 	at java.base/java.lang.Thread.run(Thread.java:834)
07:34:33.792 [Thread-8] ERROR f.i.s.r.p.m.output.MavenErrorHandler - org.apache.rocketmq.client.exception.MQClientException: select message queue return null.
07:34:33.792 [Thread-8] ERROR f.i.s.r.p.m.output.MavenErrorHandler - For more information, please visit the url, http://rocketmq.apache.org/docs/faq/
07:34:33.792 [Thread-8] ERROR f.i.s.r.p.m.output.MavenErrorHandler - 	at org.apache.rocketmq.client.impl.producer.DefaultMQProducerImpl.sendSelectImpl(DefaultMQProducerImpl.java:1155)
07:34:33.792 [Thread-8] ERROR f.i.s.r.p.m.output.MavenErrorHandler - 	at org.apache.rocketmq.client.impl.producer.DefaultMQProducerImpl.access$600(DefaultMQProducerImpl.java:98)
07:34:33.792 [Thread-8] ERROR f.i.s.r.p.m.output.MavenErrorHandler - 	at org.apache.rocketmq.client.impl.producer.DefaultMQProducerImpl$7.run(DefaultMQProducerImpl.java:1198)
07:34:33.792 [Thread-8] ERROR f.i.s.r.p.m.output.MavenErrorHandler - 	at java.base/java.util.concurrent.Executors$RunnableAdapter.call(Executors.java:515)
07:34:33.792 [Thread-8] ERROR f.i.s.r.p.m.output.MavenErrorHandler - 	at java.base/java.util.concurrent.FutureTask.run(FutureTask.java:264)
07:34:33.792 [Thread-8] ERROR f.i.s.r.p.m.output.MavenErrorHandler - 	at java.base/java.util.concurrent.ThreadPoolExecutor.runWorker(ThreadPoolExecutor.java:1128)
07:34:33.792 [Thread-8] ERROR f.i.s.r.p.m.output.MavenErrorHandler - 	at java.base/java.util.concurrent.ThreadPoolExecutor$Worker.run(ThreadPoolExecutor.java:628)
07:34:33.792 [Thread-8] ERROR f.i.s.r.p.m.output.MavenErrorHandler - 	at java.base/java.lang.Thread.run(Thread.java:834)
07:35:04.374 [Thread-7] ERROR f.i.s.r.p.m.o.MavenFilterOutputHandler - [ERROR] Failed to execute goal org.apache.maven.plugins:maven-surefire-plugin:2.19.1:test (default-test) on project rocketmq-store: There are test failures.
07:35:04.374 [Thread-7] ERROR f.i.s.r.p.m.o.MavenFilterOutputHandler - [ERROR] 
07:35:04.374 [Thread-7] ERROR f.i.s.r.p.m.o.MavenFilterOutputHandler - [ERROR] Please refer to /root/workspace/apache-rocketmq-master-3595_repo/store/target/surefire-reports for the individual test results.
07:35:04.374 [Thread-7] ERROR f.i.s.r.p.m.o.MavenFilterOutputHandler - [ERROR] -> [Help 1]
07:35:04.379 [Thread-7] ERROR f.i.s.r.p.m.o.MavenFilterOutputHandler - [ERROR] 
07:35:04.379 [Thread-7] ERROR f.i.s.r.p.m.o.MavenFilterOutputHandler - [ERROR] Re-run Maven using the -X switch to enable full debug logging.
07:35:04.379 [Thread-7] ERROR f.i.s.r.p.m.o.MavenFilterOutputHandler - [ERROR] 
07:35:04.379 [Thread-7] ERROR f.i.s.r.p.m.o.MavenFilterOutputHandler - [ERROR] For more information about the errors and possible solutions, please read the following articles:
07:35:04.379 [Thread-7] ERROR f.i.s.r.p.m.o.MavenFilterOutputHandler - [ERROR] [Help 1] http://cwiki.apache.org/confluence/display/MAVEN/MojoFailureException
07:35:04.379 [Thread-7] ERROR f.i.s.r.p.m.o.MavenFilterOutputHandler - [ERROR] 
07:35:04.379 [Thread-7] ERROR f.i.s.r.p.m.o.MavenFilterOutputHandler - [ERROR] After correcting the problems, you can resume the build with the command
07:35:04.379 [Thread-7] ERROR f.i.s.r.p.m.o.MavenFilterOutputHandler - [ERROR]   mvn <goals> -rf :rocketmq-store
07:35:09.607 [main] ERROR f.i.s.r.p.s.paths.ComputeClasspath - The file does not exist: /root/./workspace/apache-rocketmq-master-3595_repo/target/classes.
07:35:09.607 [main] ERROR f.i.s.r.p.s.paths.ComputeClasspath - The file does not exist: /root/./workspace/apache-rocketmq-master-3595_repo/target/test-classes.
07:35:09.698 [main] ERROR f.i.s.r.process.maven.MavenHelper - Error while building complete model. The raw model will be used. Error message: 1 problem was encountered while building the effective model for org.apache.rocketmq:rocketmq-all:4.9.3-SNAPSHOT
[ERROR] Failed to determine Java version for profile jdk8 @ 

07:35:09.722 [main] ERROR f.i.s.r.process.maven.MavenHelper - Error while building complete model. The raw model will be used. Error message: 1 problem was encountered while building the effective model for org.apache.rocketmq:rocketmq-distribution:4.9.3-SNAPSHOT
[ERROR] Failed to determine Java version for profile jdk8 @ org.apache.rocketmq:rocketmq-all:4.9.3-SNAPSHOT, /root/workspace/apache-rocketmq-master-3595_repo/pom.xml

07:35:09.723 [main] ERROR f.i.s.r.p.s.paths.ComputeSourceDir - The source directory is not at default location or specified in build section from pom.xml, and no parent can be found.
07:35:09.724 [main] INFO  f.i.s.r.p.s.paths.ComputeSourceDir - 15 source dirs were found:
07:35:09.724 [main] INFO  f.i.s.r.p.s.paths.ComputeSourceDir - /root/workspace/apache-rocketmq-master-3595_repo/acl/src/main/java
07:35:09.724 [main] INFO  f.i.s.r.p.s.paths.ComputeSourceDir - /root/workspace/apache-rocketmq-master-3595_repo/broker/src/main/java
07:35:09.724 [main] INFO  f.i.s.r.p.s.paths.ComputeSourceDir - /root/workspace/apache-rocketmq-master-3595_repo/client/src/main/java
07:35:09.724 [main] INFO  f.i.s.r.p.s.paths.ComputeSourceDir - /root/workspace/apache-rocketmq-master-3595_repo/common/src/main/java
07:35:09.724 [main] INFO  f.i.s.r.p.s.paths.ComputeSourceDir - /root/workspace/apache-rocketmq-master-3595_repo/example/src/main/java
07:35:09.724 [main] INFO  f.i.s.r.p.s.paths.ComputeSourceDir - /root/workspace/apache-rocketmq-master-3595_repo/filter/src/main/java
07:35:09.724 [main] INFO  f.i.s.r.p.s.paths.ComputeSourceDir - /root/workspace/apache-rocketmq-master-3595_repo/logappender/src/main/java
07:35:09.725 [main] INFO  f.i.s.r.p.s.paths.ComputeSourceDir - /root/workspace/apache-rocketmq-master-3595_repo/logging/src/main/java
07:35:09.725 [main] INFO  f.i.s.r.p.s.paths.ComputeSourceDir - /root/workspace/apache-rocketmq-master-3595_repo/namesrv/src/main/java
07:35:09.725 [main] INFO  f.i.s.r.p.s.paths.ComputeSourceDir - /root/workspace/apache-rocketmq-master-3595_repo/openmessaging/src/main/java
07:35:09.725 [main] INFO  f.i.s.r.p.s.paths.ComputeSourceDir - /root/workspace/apache-rocketmq-master-3595_repo/remoting/src/main/java
07:35:09.725 [main] INFO  f.i.s.r.p.s.paths.ComputeSourceDir - /root/workspace/apache-rocketmq-master-3595_repo/srvutil/src/main/java
07:35:09.725 [main] INFO  f.i.s.r.p.s.paths.ComputeSourceDir - /root/workspace/apache-rocketmq-master-3595_repo/store/src/main/java
07:35:09.725 [main] INFO  f.i.s.r.p.s.paths.ComputeSourceDir - /root/workspace/apache-rocketmq-master-3595_repo/test/src/main/java
07:35:09.725 [main] INFO  f.i.s.r.p.s.paths.ComputeSourceDir - /root/workspace/apache-rocketmq-master-3595_repo/tools/src/main/java
07:35:09.732 [main] ERROR f.i.s.r.process.maven.MavenHelper - Error while building complete model. The raw model will be used. Error message: 1 problem was encountered while building the effective model for org.apache.rocketmq:rocketmq-all:4.9.3-SNAPSHOT
[ERROR] Failed to determine Java version for profile jdk8 @ 

07:35:09.741 [main] ERROR f.i.s.r.process.maven.MavenHelper - Error while building complete model. The raw model will be used. Error message: 1 problem was encountered while building the effective model for org.apache.rocketmq:rocketmq-client:4.9.3-SNAPSHOT
[ERROR] Failed to determine Java version for profile jdk8 @ org.apache.rocketmq:rocketmq-all:4.9.3-SNAPSHOT, /root/workspace/apache-rocketmq-master-3595_repo/pom.xml

07:35:09.758 [main] ERROR f.i.s.r.process.maven.MavenHelper - Error while building complete model. The raw model will be used. Error message: 1 problem was encountered while building the effective model for org.apache.rocketmq:rocketmq-common:4.9.3-SNAPSHOT
[ERROR] Failed to determine Java version for profile jdk8 @ org.apache.rocketmq:rocketmq-all:4.9.3-SNAPSHOT, /root/workspace/apache-rocketmq-master-3595_repo/pom.xml

07:35:09.788 [main] ERROR f.i.s.r.process.maven.MavenHelper - Error while building complete model. The raw model will be used. Error message: 1 problem was encountered while building the effective model for org.apache.rocketmq:rocketmq-broker:4.9.3-SNAPSHOT
[ERROR] Failed to determine Java version for profile jdk8 @ org.apache.rocketmq:rocketmq-all:4.9.3-SNAPSHOT, /root/workspace/apache-rocketmq-master-3595_repo/pom.xml

07:35:09.793 [main] ERROR f.i.s.r.process.maven.MavenHelper - Error while building complete model. The raw model will be used. Error message: 1 problem was encountered while building the effective model for org.apache.rocketmq:rocketmq-tools:4.9.3-SNAPSHOT
[ERROR] Failed to determine Java version for profile jdk8 @ org.apache.rocketmq:rocketmq-all:4.9.3-SNAPSHOT, /root/workspace/apache-rocketmq-master-3595_repo/pom.xml

07:35:09.797 [main] ERROR f.i.s.r.process.maven.MavenHelper - Error while building complete model. The raw model will be used. Error message: 1 problem was encountered while building the effective model for org.apache.rocketmq:rocketmq-store:4.9.3-SNAPSHOT
[ERROR] Failed to determine Java version for profile jdk8 @ org.apache.rocketmq:rocketmq-all:4.9.3-SNAPSHOT, /root/workspace/apache-rocketmq-master-3595_repo/pom.xml

07:35:09.805 [main] ERROR f.i.s.r.process.maven.MavenHelper - Error while building complete model. The raw model will be used. Error message: 1 problem was encountered while building the effective model for org.apache.rocketmq:rocketmq-namesrv:4.9.3-SNAPSHOT
[ERROR] Failed to determine Java version for profile jdk8 @ org.apache.rocketmq:rocketmq-all:4.9.3-SNAPSHOT, /root/workspace/apache-rocketmq-master-3595_repo/pom.xml

07:35:09.812 [main] ERROR f.i.s.r.process.maven.MavenHelper - Error while building complete model. The raw model will be used. Error message: 1 problem was encountered while building the effective model for org.apache.rocketmq:rocketmq-remoting:4.9.3-SNAPSHOT
[ERROR] Failed to determine Java version for profile jdk8 @ org.apache.rocketmq:rocketmq-all:4.9.3-SNAPSHOT, /root/workspace/apache-rocketmq-master-3595_repo/pom.xml

07:35:09.817 [main] ERROR f.i.s.r.process.maven.MavenHelper - Error while building complete model. The raw model will be used. Error message: 1 problem was encountered while building the effective model for org.apache.rocketmq:rocketmq-logappender:4.9.3-SNAPSHOT
[ERROR] Failed to determine Java version for profile jdk8 @ org.apache.rocketmq:rocketmq-all:4.9.3-SNAPSHOT, /root/workspace/apache-rocketmq-master-3595_repo/pom.xml

07:35:09.822 [main] ERROR f.i.s.r.process.maven.MavenHelper - Error while building complete model. The raw model will be used. Error message: 1 problem was encountered while building the effective model for org.apache.rocketmq:rocketmq-srvutil:4.9.3-SNAPSHOT
[ERROR] Failed to determine Java version for profile jdk8 @ org.apache.rocketmq:rocketmq-all:4.9.3-SNAPSHOT, /root/workspace/apache-rocketmq-master-3595_repo/pom.xml

07:35:09.823 [main] ERROR f.i.s.r.p.step.paths.ComputeTestDir - The test directory is not at default location or specified in build section from pom.xml, and no parent can be found.
07:35:09.828 [main] ERROR f.i.s.r.process.maven.MavenHelper - Error while building complete model. The raw model will be used. Error message: 1 problem was encountered while building the effective model for org.apache.rocketmq:rocketmq-filter:4.9.3-SNAPSHOT
[ERROR] Failed to determine Java version for profile jdk8 @ org.apache.rocketmq:rocketmq-all:4.9.3-SNAPSHOT, /root/workspace/apache-rocketmq-master-3595_repo/pom.xml

07:35:09.832 [main] ERROR f.i.s.r.process.maven.MavenHelper - Error while building complete model. The raw model will be used. Error message: 1 problem was encountered while building the effective model for org.apache.rocketmq:rocketmq-test:4.9.3-SNAPSHOT
[ERROR] Failed to determine Java version for profile jdk8 @ org.apache.rocketmq:rocketmq-all:4.9.3-SNAPSHOT, /root/workspace/apache-rocketmq-master-3595_repo/pom.xml

07:35:09.837 [main] ERROR f.i.s.r.process.maven.MavenHelper - Error while building complete model. The raw model will be used. Error message: 1 problem was encountered while building the effective model for org.apache.rocketmq:rocketmq-distribution:4.9.3-SNAPSHOT
[ERROR] Failed to determine Java version for profile jdk8 @ org.apache.rocketmq:rocketmq-all:4.9.3-SNAPSHOT, /root/workspace/apache-rocketmq-master-3595_repo/pom.xml

07:35:09.837 [main] ERROR f.i.s.r.p.step.paths.ComputeTestDir - The test directory is not at default location or specified in build section from pom.xml, and no parent can be found.
07:35:09.841 [main] ERROR f.i.s.r.process.maven.MavenHelper - Error while building complete model. The raw model will be used. Error message: 1 problem was encountered while building the effective model for org.apache.rocketmq:rocketmq-openmessaging:4.9.3-SNAPSHOT
[ERROR] Failed to determine Java version for profile jdk8 @ org.apache.rocketmq:rocketmq-all:4.9.3-SNAPSHOT, /root/workspace/apache-rocketmq-master-3595_repo/pom.xml

07:35:09.844 [main] ERROR f.i.s.r.process.maven.MavenHelper - Error while building complete model. The raw model will be used. Error message: 1 problem was encountered while building the effective model for org.apache.rocketmq:rocketmq-logging:4.9.3-SNAPSHOT
[ERROR] Failed to determine Java version for profile jdk8 @ org.apache.rocketmq:rocketmq-all:4.9.3-SNAPSHOT, /root/workspace/apache-rocketmq-master-3595_repo/pom.xml

07:35:09.848 [main] ERROR f.i.s.r.process.maven.MavenHelper - Error while building complete model. The raw model will be used. Error message: 1 problem was encountered while building the effective model for org.apache.rocketmq:rocketmq-acl:4.9.3-SNAPSHOT
[ERROR] Failed to determine Java version for profile jdk8 @ org.apache.rocketmq:rocketmq-all:4.9.3-SNAPSHOT, /root/workspace/apache-rocketmq-master-3595_repo/pom.xml

07:35:09.852 [main] ERROR f.i.s.r.process.maven.MavenHelper - Error while building complete model. The raw model will be used. Error message: 1 problem was encountered while building the effective model for org.apache.rocketmq:rocketmq-example:4.9.3-SNAPSHOT
[ERROR] Failed to determine Java version for profile jdk8 @ org.apache.rocketmq:rocketmq-all:4.9.3-SNAPSHOT, /root/workspace/apache-rocketmq-master-3595_repo/pom.xml

07:35:09.852 [main] ERROR f.i.s.r.p.step.paths.ComputeTestDir - The test directory is not at default location or specified in build section from pom.xml, and no parent can be found.
07:35:09.852 [main] INFO  f.i.s.r.p.step.paths.ComputeTestDir - 13 test dirs were found:
07:35:09.852 [main] INFO  f.i.s.r.p.step.paths.ComputeTestDir - /root/workspace/apache-rocketmq-master-3595_repo/acl/src/test/java
07:35:09.852 [main] INFO  f.i.s.r.p.step.paths.ComputeTestDir - /root/workspace/apache-rocketmq-master-3595_repo/broker/src/test/java
07:35:09.852 [main] INFO  f.i.s.r.p.step.paths.ComputeTestDir - /root/workspace/apache-rocketmq-master-3595_repo/client/src/test/java
07:35:09.852 [main] INFO  f.i.s.r.p.step.paths.ComputeTestDir - /root/workspace/apache-rocketmq-master-3595_repo/common/src/test/java
07:35:09.853 [main] INFO  f.i.s.r.p.step.paths.ComputeTestDir - /root/workspace/apache-rocketmq-master-3595_repo/filter/src/test/java
07:35:09.853 [main] INFO  f.i.s.r.p.step.paths.ComputeTestDir - /root/workspace/apache-rocketmq-master-3595_repo/logappender/src/test/java
07:35:09.853 [main] INFO  f.i.s.r.p.step.paths.ComputeTestDir - /root/workspace/apache-rocketmq-master-3595_repo/logging/src/test/java
07:35:09.853 [main] INFO  f.i.s.r.p.step.paths.ComputeTestDir - /root/workspace/apache-rocketmq-master-3595_repo/namesrv/src/test/java
07:35:09.853 [main] INFO  f.i.s.r.p.step.paths.ComputeTestDir - /root/workspace/apache-rocketmq-master-3595_repo/openmessaging/src/test/java
07:35:09.853 [main] INFO  f.i.s.r.p.step.paths.ComputeTestDir - /root/workspace/apache-rocketmq-master-3595_repo/remoting/src/test/java
07:35:09.853 [main] INFO  f.i.s.r.p.step.paths.ComputeTestDir - /root/workspace/apache-rocketmq-master-3595_repo/store/src/test/java
07:35:09.853 [main] INFO  f.i.s.r.p.step.paths.ComputeTestDir - /root/workspace/apache-rocketmq-master-3595_repo/test/src/test/java
07:35:09.853 [main] INFO  f.i.s.r.p.step.paths.ComputeTestDir - /root/workspace/apache-rocketmq-master-3595_repo/tools/src/test/java
07:35:10.282 [main] INFO  f.i.s.r.p.s.g.GatherTestInformation - Get the following failing module path: /root/workspace/apache-rocketmq-master-3595_repo/store
07:35:10.302 [main] INFO  f.i.s.r.p.s.g.GatherTestInformation - ---Test results---
07:35:10.302 [main] INFO  f.i.s.r.p.s.g.GatherTestInformation -    Total tests: 349
07:35:10.302 [main] INFO  f.i.s.r.p.s.g.GatherTestInformation -    Tests run: 329
07:35:10.302 [main] INFO  f.i.s.r.p.s.g.GatherTestInformation -    Tests passing: 327
07:35:10.302 [main] INFO  f.i.s.r.p.s.g.GatherTestInformation -    Failures: 1
07:35:10.302 [main] INFO  f.i.s.r.p.s.g.GatherTestInformation -    Errors: 1
07:35:10.302 [main] INFO  f.i.s.r.p.s.g.GatherTestInformation -    Skipped: 20
[0] INFO Flacoco - Running Flacoco...
[76] WARN TestMethodFilter - NoClassDefFoundError: class org.apache.rocketmq.store.dledger.DLedgerCommitLog
[79] WARN TestMethodFilter - NoClassDefFoundError: class org.apache.rocketmq.store.CommitLog
[84] WARN TestMethodFilter - NoClassDefFoundError: class org.apache.rocketmq.store.MappedFile
[91] WARN TestMethodFilter - NoClassDefFoundError: class org.apache.rocketmq.store.stats.BrokerStatsManager
[93] WARN TestMethodFilter - NoClassDefFoundError: class org.apache.rocketmq.store.DefaultMessageStore
[103] WARN TestMethodFilter - NoClassDefFoundError: class org.apache.rocketmq.store.ConsumeQueueTest
[118] WARN TestMethodFilter - NoClassDefFoundError: class org.apache.rocketmq.store.schedule.ScheduleMessageServiceTest
[134] WARN TestMethodFilter - NoClassDefFoundError: class org.apache.rocketmq.store.dledger.DLedgerCommitLog
[146] WARN TestMethodFilter - NoClassDefFoundError: class org.apache.rocketmq.store.CommitLog
[147] WARN TestMethodFilter - NoClassDefFoundError: class org.apache.rocketmq.store.ha.HAConnection
[147] WARN TestMethodFilter - NoClassDefFoundError: class org.apache.rocketmq.store.ha.HAService
[147] WARN TestMethodFilter - NoClassDefFoundError: class org.apache.rocketmq.store.MappedFile
[149] WARN TestMethodFilter - NoClassDefFoundError: class org.apache.rocketmq.store.stats.BrokerStatsManager
[149] WARN TestMethodFilter - NoClassDefFoundError: class org.apache.rocketmq.store.DefaultMessageStore
[151] WARN TestMethodFilter - NoClassDefFoundError: class org.apache.rocketmq.store.ConsumeQueueTest
[152] WARN TestMethodFilter - NoClassDefFoundError: class org.apache.rocketmq.store.HATest
[153] WARN TestMethodFilter - NoClassDefFoundError: class org.apache.rocketmq.store.DefaultMessageStoreTest
[153] WARN TestMethodFilter - NoClassDefFoundError: class org.apache.rocketmq.store.StoreTestBase
[153] WARN TestMethodFilter - NoClassDefFoundError: class org.apache.rocketmq.store.schedule.ScheduleMessageServiceTest
[1901] WARN CoverageRunner - Test [Manual]TestMethod=org.apache.rocketmq.store.dledger.MixCommitlogTest#testPutAndGet result was not reported by test-runner.
[1901] WARN CoverageRunner - Test [Manual]TestMethod=org.apache.rocketmq.store.dledger.MixCommitlogTest#testFallBehindCQ result was not reported by test-runner.
[1901] WARN CoverageRunner - Test [Manual]TestMethod=org.apache.rocketmq.store.dledger.MixCommitlogTest#testDeleteExpiredFiles result was not reported by test-runner.
[1901] WARN CoverageRunner - Test [Manual]TestMethod=org.apache.rocketmq.store.dledger.DLedgerCommitlogTest#testTruncateCQ result was not reported by test-runner.
[1901] WARN CoverageRunner - Test [Manual]TestMethod=org.apache.rocketmq.store.dledger.DLedgerCommitlogTest#testRecover result was not reported by test-runner.
[1901] WARN CoverageRunner - Test [Manual]TestMethod=org.apache.rocketmq.store.dledger.DLedgerCommitlogTest#testPutAndGetMessage result was not reported by test-runner.
[1901] WARN CoverageRunner - Test [Manual]TestMethod=org.apache.rocketmq.store.dledger.DLedgerCommitlogTest#testBatchPutAndGetMessage result was not reported by test-runner.
[1901] WARN CoverageRunner - Test [Manual]TestMethod=org.apache.rocketmq.store.dledger.DLedgerCommitlogTest#testAsyncPutAndGetMessage result was not reported by test-runner.
[1901] WARN CoverageRunner - Test [Manual]TestMethod=org.apache.rocketmq.store.dledger.DLedgerCommitlogTest#testAsyncBatchPutAndGetMessage result was not reported by test-runner.
[1902] WARN CoverageRunner - Test [Manual]TestMethod=org.apache.rocketmq.store.dledger.DLedgerCommitlogTest#testCommittedPos result was not reported by test-runner.
[1902] WARN CoverageRunner - Test [Manual]TestMethod=org.apache.rocketmq.store.dledger.DLedgerCommitlogTest#testIPv6HostMsgCommittedPos result was not reported by test-runner.
[2468] WARN CoverageRunner - Test [Manual]TestMethod=org.apache.rocketmq.store.HATest#testHandleHA result was not reported by test-runner.
[2468] WARN CoverageRunner - Test [Manual]TestMethod=org.apache.rocketmq.store.HATest#testSemiSyncReplica result was not reported by test-runner.
[2882] WARN CoverageRunner - Test [Manual]TestMethod=org.apache.rocketmq.store.DefaultMessageStoreTest#testLookMessageByOffset_OffsetIsFirst result was not reported by test-runner.
[2882] WARN CoverageRunner - Test [Manual]TestMethod=org.apache.rocketmq.store.DefaultMessageStoreTest#testLookMessageByOffset_OffsetIsLast result was not reported by test-runner.
[2882] WARN CoverageRunner - Test [Manual]TestMethod=org.apache.rocketmq.store.DefaultMessageStoreTest#testLookMessageByOffset_OffsetIsOutOfBound result was not reported by test-runner.
[2882] WARN CoverageRunner - Test [Manual]TestMethod=org.apache.rocketmq.store.DefaultMessageStoreTest#testGetOffsetInQueueByTime result was not reported by test-runner.
[2882] WARN CoverageRunner - Test [Manual]TestMethod=org.apache.rocketmq.store.DefaultMessageStoreTest#testGetOffsetInQueueByTime_TimestampIsSkewing result was not reported by test-runner.
[2882] WARN CoverageRunner - Test [Manual]TestMethod=org.apache.rocketmq.store.DefaultMessageStoreTest#testGetOffsetInQueueByTime_TimestampSkewingIsLarge result was not reported by test-runner.
[2882] WARN CoverageRunner - Test [Manual]TestMethod=org.apache.rocketmq.store.DefaultMessageStoreTest#testGetOffsetInQueueByTime_ConsumeQueueNotFound1 result was not reported by test-runner.
[2882] WARN CoverageRunner - Test [Manual]TestMethod=org.apache.rocketmq.store.DefaultMessageStoreTest#testGetOffsetInQueueByTime_ConsumeQueueNotFound2 result was not reported by test-runner.
[2882] WARN CoverageRunner - Test [Manual]TestMethod=org.apache.rocketmq.store.DefaultMessageStoreTest#testGetOffsetInQueueByTime_ConsumeQueueOffsetNotExist result was not reported by test-runner.
[2882] WARN CoverageRunner - Test [Manual]TestMethod=org.apache.rocketmq.store.DefaultMessageStoreTest#testGetMessageStoreTimeStamp result was not reported by test-runner.
[2882] WARN CoverageRunner - Test [Manual]TestMethod=org.apache.rocketmq.store.DefaultMessageStoreTest#testGetStoreTime_ParamIsNull result was not reported by test-runner.
[2882] WARN CoverageRunner - Test [Manual]TestMethod=org.apache.rocketmq.store.DefaultMessageStoreTest#testGetStoreTime_EverythingIsOk result was not reported by test-runner.
[2882] WARN CoverageRunner - Test [Manual]TestMethod=org.apache.rocketmq.store.DefaultMessageStoreTest#testGetStoreTime_PhyOffsetIsLessThanCommitLogMinOffset result was not reported by test-runner.
[2882] WARN CoverageRunner - Test [Manual]TestMethod=org.apache.rocketmq.store.DefaultMessageStoreTest#testPullSize result was not reported by test-runner.
[2882] WARN CoverageRunner - Test [Manual]TestMethod=org.apache.rocketmq.store.DefaultMessageStoreTest#testStorePathOK result was not reported by test-runner.
[2882] WARN CoverageRunner - Test [Manual]TestMethod=org.apache.rocketmq.store.DefaultMessageStoreTest#test_repeat_restart result was not reported by test-runner.
[2882] WARN CoverageRunner - Test [Manual]TestMethod=org.apache.rocketmq.store.DefaultMessageStoreTest#testWriteAndRead result was not reported by test-runner.
[2882] WARN CoverageRunner - Test [Manual]TestMethod=org.apache.rocketmq.store.DefaultMessageStoreTest#testRecover result was not reported by test-runner.
[3222] INFO CoverageRunner - Tests found: 84
[3222] INFO CoverageRunner - Tests executed: 53
07:35:14.067 [main] INFO  fr.inria.jtravis.JTravis - GitHub ratelimit: Limit: 5000 Remaining: 3729 Reset hour: 00:14:22
07:35:15.165 [main] WARN  f.i.s.r.p.s.p.PushFaultLocalizationSuggestionsOnExternalRepository - Flacoco has found 98 suspicious lines, but none were matched to the diff
07:35:15.756 [main] INFO  f.i.s.r.p.s.f.FlacocoLocalization - 
07:35:16.074 [main] INFO  f.i.s.r.p.i.ProjectInspector - ----------------------------------------------------------------------
07:35:16.074 [main] INFO  f.i.s.r.p.i.ProjectInspector - PIPELINE EXECUTION SUMMARY
07:35:16.074 [main] INFO  f.i.s.r.p.i.ProjectInspector - ----------------------------------------------------------------------
07:35:16.074 [main] INFO  f.i.s.r.p.i.ProjectInspector - CloneCheckoutGitPullRequest..........................SUCCESS [   8 s ]
07:35:16.074 [main] INFO  f.i.s.r.p.i.ProjectInspector - BuildProject.........................................SUCCESS [  33 s ]
07:35:16.074 [main] INFO  f.i.s.r.p.i.ProjectInspector - TestProject..........................................SUCCESS [ 121 s ]
07:35:16.075 [main] INFO  f.i.s.r.p.i.ProjectInspector - ComputeClasspath.....................................SUCCESS [   5 s ]
07:35:16.075 [main] INFO  f.i.s.r.p.i.ProjectInspector - ComputeSourceDir.....................................SUCCESS [   0 s ]
07:35:16.075 [main] INFO  f.i.s.r.p.i.ProjectInspector - ComputeTestDir.......................................SUCCESS [   0 s ]
07:35:16.075 [main] INFO  f.i.s.r.p.i.ProjectInspector - GatherTestInformation................................SUCCESS [   0 s ]
07:35:16.075 [main] INFO  f.i.s.r.p.i.ProjectInspector - FlacocoLocalization..................................SUCCESS [   3 s ]
07:35:16.075 [main] INFO  f.i.s.r.p.i.ProjectInspector - PushFaultLocalizationSuggestionsOnExternalRepository.SUCCESS          
07:35:16.076 [main] INFO  f.i.s.r.p.i.ProjectInspector - ----------------------------------------------------------------------
07:35:16.076 [main] INFO  f.i.s.r.p.i.ProjectInspector - PIPELINE FINDING: TEST FAILURE
07:35:16.076 [main] INFO  f.i.s.r.p.i.ProjectInspector - ----------------------------------------------------------------------
07:35:16.076 [main] INFO  f.i.s.r.p.github.GithubMainProcess - Inspector is finished. The process will exit now.