Execute pipeline with following supplementary args: --smtpPort 25 --listenerMode NOOP --launcherMode FAULT_LOCALIZATION  --gitrepourl https://github.com/apache/rocketmq --gitrepopullrequest 3570
java -cp /usr/local/openjdk-11/lib/tools.jar:repairnator-pipeline.jar -Dlogback.configurationFile=/root/logback.xml fr.inria.spirals.repairnator.pipeline.Launcher -d --runId null -o /var/log --ghOauth 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 --faultLocalization --flacocoThreshold 0.0 --flacocoTopK null --flacocoResultsRepository flacocobot/flacocobot-experiment-3 --ghOauth  --smtpPort 25 --listenerMode NOOP --launcherMode FAULT_LOCALIZATION  --gitrepourl https://github.com/apache/rocketmq --gitrepopullrequest 3570

02:12:14.878 [main] INFO  f.i.s.r.p.g.GithubInitSerializerEngines - Initialize file serializer engines.
02:12:14.884 [main] INFO  f.i.s.r.p.g.GithubInitSerializerEngines - MongoDB won't be used for serialization.
02:12:14.887 [main] INFO  f.i.s.r.p.github.GithubInitNotifiers - The email notifier engine won't be used.
02:12:14.929 [main] INFO  f.i.s.r.p.i.ProjectInspector - ----------------------------------------------------------------------
02:12:14.930 [main] INFO  f.i.s.r.p.i.ProjectInspector - PIPELINE STEPS
02:12:14.930 [main] INFO  f.i.s.r.p.i.ProjectInspector - ----------------------------------------------------------------------
02:12:14.930 [main] INFO  f.i.s.r.p.i.ProjectInspector - CloneCheckoutGitPullRequest
02:12:14.930 [main] INFO  f.i.s.r.p.i.ProjectInspector - BuildProject
02:12:14.930 [main] INFO  f.i.s.r.p.i.ProjectInspector - TestProject
02:12:14.930 [main] INFO  f.i.s.r.p.i.ProjectInspector - ComputeClasspath
02:12:14.930 [main] INFO  f.i.s.r.p.i.ProjectInspector - ComputeSourceDir
02:12:14.930 [main] INFO  f.i.s.r.p.i.ProjectInspector - ComputeTestDir
02:12:14.930 [main] INFO  f.i.s.r.p.i.ProjectInspector - GatherTestInformation
02:12:14.939 [main] INFO  f.i.s.r.p.i.ProjectInspector - FlacocoLocalization
02:12:14.939 [main] INFO  f.i.s.r.p.i.ProjectInspector - PushFaultLocalizationSuggestionsOnExternalRepository
02:12:14.939 [main] INFO  f.i.s.r.p.s.CloneCheckoutGitPullRequest - Cloning repository https://github.com/apache/rocketmq.git in the following directory: ./workspace/apache-rocketmq-master-3570_repo
02:15:01.657 [Thread-8] ERROR f.i.s.r.p.m.output.MavenErrorHandler - RocketMQLog: setFile called: /root/logs/rocketmq-test/simple.log, true
02:15:01.661 [Thread-8] ERROR f.i.s.r.p.m.output.MavenErrorHandler - RocketMQLog: setFile ended
02:15:01.661 [Thread-8] ERROR f.i.s.r.p.m.output.MavenErrorHandler - RocketMQLog: setFile called: /root/logs/rocketmq-test/rolling_file.log, true
02:15:01.663 [Thread-8] ERROR f.i.s.r.p.m.output.MavenErrorHandler - RocketMQLog: setFile ended
02:15:05.578 [Thread-8] ERROR f.i.s.r.p.m.output.MavenErrorHandler - RocketMQLog:WARN No appenders could be found for logger (org.apache.rocketmq.logging.InnerLoggerFactoryTest).
02:15:05.579 [Thread-8] ERROR f.i.s.r.p.m.output.MavenErrorHandler - RocketMQLog:WARN Please initialize the logger system properly.
02:15:13.572 [Thread-8] ERROR f.i.s.r.p.m.output.MavenErrorHandler - RocketMQLog:WARN No appenders could be found for logger (io.netty.util.internal.InternalThreadLocalMap).
02:15:13.573 [Thread-8] ERROR f.i.s.r.p.m.output.MavenErrorHandler - RocketMQLog:WARN Please initialize the logger system properly.
02:15:24.438 [Thread-8] ERROR f.i.s.r.p.m.output.MavenErrorHandler - RocketMQLog:WARN No appenders could be found for logger (io.netty.util.internal.InternalThreadLocalMap).
02:15:24.438 [Thread-8] ERROR f.i.s.r.p.m.output.MavenErrorHandler - RocketMQLog:WARN Please initialize the logger system properly.
02:15:36.443 [Thread-8] ERROR f.i.s.r.p.m.output.MavenErrorHandler - RocketMQLog:WARN No appenders could be found for logger (io.netty.util.internal.InternalThreadLocalMap).
02:15:36.446 [Thread-8] ERROR f.i.s.r.p.m.output.MavenErrorHandler - RocketMQLog:WARN Please initialize the logger system properly.
02:15:50.150 [Thread-8] ERROR f.i.s.r.p.m.output.MavenErrorHandler - RocketMQLog:WARN No appenders could be found for logger (io.netty.util.internal.InternalThreadLocalMap).
02:15:50.151 [Thread-8] ERROR f.i.s.r.p.m.output.MavenErrorHandler - RocketMQLog:WARN Please initialize the logger system properly.
02:16:30.342 [Thread-8] ERROR f.i.s.r.p.m.output.MavenErrorHandler - RocketMQLog:WARN No appenders could be found for logger (RocketmqCommon).
02:16:30.344 [Thread-8] ERROR f.i.s.r.p.m.output.MavenErrorHandler - RocketMQLog:WARN Please initialize the logger system properly.
02:16:35.522 [Thread-8] ERROR f.i.s.r.p.m.output.MavenErrorHandler - RocketMQLog:WARN No appenders could be found for logger (RocketmqCommon).
02:16:35.523 [Thread-8] ERROR f.i.s.r.p.m.output.MavenErrorHandler - RocketMQLog:WARN Please initialize the logger system properly.
02:16:42.676 [Thread-8] ERROR f.i.s.r.p.m.output.MavenErrorHandler - RocketMQLog:WARN No appenders could be found for logger (RocketmqCommon).
02:16:42.677 [Thread-8] ERROR f.i.s.r.p.m.output.MavenErrorHandler - RocketMQLog:WARN Please initialize the logger system properly.
02:16:46.898 [Thread-8] ERROR f.i.s.r.p.m.output.MavenErrorHandler - RocketMQLog:WARN No appenders could be found for logger (RocketmqCommon).
02:16:46.900 [Thread-8] ERROR f.i.s.r.p.m.output.MavenErrorHandler - RocketMQLog:WARN Please initialize the logger system properly.
02:18:51.657 [Thread-8] ERROR f.i.s.r.p.m.output.MavenErrorHandler - RocketMQLog:WARN No appenders could be found for logger (io.netty.util.internal.InternalThreadLocalMap).
02:18:51.659 [Thread-8] ERROR f.i.s.r.p.m.output.MavenErrorHandler - RocketMQLog:WARN Please initialize the logger system properly.
02:19:02.739 [Thread-8] ERROR f.i.s.r.p.m.output.MavenErrorHandler - RocketMQLog:WARN No appenders could be found for logger (io.netty.util.internal.InternalThreadLocalMap).
02:19:02.739 [Thread-8] ERROR f.i.s.r.p.m.output.MavenErrorHandler - RocketMQLog:WARN Please initialize the logger system properly.
02:19:15.547 [Thread-8] ERROR f.i.s.r.p.m.output.MavenErrorHandler - RocketMQLog:WARN No appenders could be found for logger (io.netty.util.internal.InternalThreadLocalMap).
02:19:15.548 [Thread-8] ERROR f.i.s.r.p.m.output.MavenErrorHandler - RocketMQLog:WARN Please initialize the logger system properly.
02:19:30.820 [Thread-8] ERROR f.i.s.r.p.m.output.MavenErrorHandler - RocketMQLog:WARN No appenders could be found for logger (io.netty.util.internal.InternalThreadLocalMap).
02:19:30.827 [Thread-8] ERROR f.i.s.r.p.m.output.MavenErrorHandler - RocketMQLog:WARN Please initialize the logger system properly.
02:19:42.604 [Thread-8] ERROR f.i.s.r.p.m.output.MavenErrorHandler - RocketMQLog:WARN No appenders could be found for logger (io.netty.util.internal.InternalThreadLocalMap).
02:19:42.607 [Thread-8] ERROR f.i.s.r.p.m.output.MavenErrorHandler - RocketMQLog:WARN Please initialize the logger system properly.
02:21:56.740 [Thread-8] ERROR f.i.s.r.p.m.output.MavenErrorHandler - RocketMQLog:WARN No appenders could be found for logger (io.netty.util.internal.InternalThreadLocalMap).
02:21:56.742 [Thread-8] ERROR f.i.s.r.p.m.output.MavenErrorHandler - RocketMQLog:WARN Please initialize the logger system properly.
02:22:04.358 [Thread-8] ERROR f.i.s.r.p.m.output.MavenErrorHandler - org.apache.rocketmq.client.exception.MQClientException: message's topic not equal mq's topic
02:22:04.359 [Thread-8] ERROR f.i.s.r.p.m.output.MavenErrorHandler - For more information, please visit the url, http://rocketmq.apache.org/docs/faq/
02:22:04.360 [Thread-8] ERROR f.i.s.r.p.m.output.MavenErrorHandler - 	at org.apache.rocketmq.client.impl.producer.DefaultMQProducerImpl$6.run(DefaultMQProducerImpl.java:1072)
02:22:04.360 [Thread-8] ERROR f.i.s.r.p.m.output.MavenErrorHandler - 	at java.base/java.util.concurrent.Executors$RunnableAdapter.call(Executors.java:515)
02:22:04.360 [Thread-8] ERROR f.i.s.r.p.m.output.MavenErrorHandler - 	at java.base/java.util.concurrent.FutureTask.run(FutureTask.java:264)
02:22:04.360 [Thread-8] ERROR f.i.s.r.p.m.output.MavenErrorHandler - 	at java.base/java.util.concurrent.ThreadPoolExecutor.runWorker(ThreadPoolExecutor.java:1128)
02:22:04.360 [Thread-8] ERROR f.i.s.r.p.m.output.MavenErrorHandler - 	at java.base/java.util.concurrent.ThreadPoolExecutor$Worker.run(ThreadPoolExecutor.java:628)
02:22:04.367 [Thread-8] ERROR f.i.s.r.p.m.output.MavenErrorHandler - 	at java.base/java.lang.Thread.run(Thread.java:834)
02:22:16.952 [Thread-8] ERROR f.i.s.r.p.m.output.MavenErrorHandler - org.apache.rocketmq.client.exception.MQClientException: The specified topic is blank
02:22:16.952 [Thread-8] ERROR f.i.s.r.p.m.output.MavenErrorHandler - For more information, please visit the url, http://rocketmq.apache.org/docs/faq/
02:22:16.953 [Thread-8] ERROR f.i.s.r.p.m.output.MavenErrorHandler - 	at org.apache.rocketmq.client.Validators.checkTopic(Validators.java:107)
02:22:16.953 [Thread-8] ERROR f.i.s.r.p.m.output.MavenErrorHandler - 	at org.apache.rocketmq.client.Validators.checkMessage(Validators.java:87)
02:22:16.953 [Thread-8] ERROR f.i.s.r.p.m.output.MavenErrorHandler - 	at org.apache.rocketmq.client.impl.producer.DefaultMQProducerImpl.sendDefaultImpl(DefaultMQProducerImpl.java:576)
02:22:16.953 [Thread-8] ERROR f.i.s.r.p.m.output.MavenErrorHandler - 	at org.apache.rocketmq.client.impl.producer.DefaultMQProducerImpl.access$300(DefaultMQProducerImpl.java:100)
02:22:16.954 [Thread-8] ERROR f.i.s.r.p.m.output.MavenErrorHandler - 	at org.apache.rocketmq.client.impl.producer.DefaultMQProducerImpl$5.run(DefaultMQProducerImpl.java:535)
02:22:16.955 [Thread-8] ERROR f.i.s.r.p.m.output.MavenErrorHandler - 	at java.base/java.util.concurrent.Executors$RunnableAdapter.call(Executors.java:515)
02:22:16.955 [Thread-8] ERROR f.i.s.r.p.m.output.MavenErrorHandler - 	at java.base/java.util.concurrent.FutureTask.run(FutureTask.java:264)
02:22:16.962 [Thread-8] ERROR f.i.s.r.p.m.output.MavenErrorHandler - 	at java.base/java.util.concurrent.ThreadPoolExecutor.runWorker(ThreadPoolExecutor.java:1128)
02:22:16.969 [Thread-8] ERROR f.i.s.r.p.m.output.MavenErrorHandler - 	at java.base/java.util.concurrent.ThreadPoolExecutor$Worker.run(ThreadPoolExecutor.java:628)
02:22:16.975 [Thread-8] ERROR f.i.s.r.p.m.output.MavenErrorHandler - 	at java.base/java.lang.Thread.run(Thread.java:834)
02:22:16.975 [Thread-8] ERROR f.i.s.r.p.m.output.MavenErrorHandler - org.apache.rocketmq.client.exception.MQClientException: The specified topic is blank
02:22:16.975 [Thread-8] ERROR f.i.s.r.p.m.output.MavenErrorHandler - For more information, please visit the url, http://rocketmq.apache.org/docs/faq/
02:22:16.976 [Thread-8] ERROR f.i.s.r.p.m.output.MavenErrorHandler - 	at org.apache.rocketmq.client.Validators.checkTopic(Validators.java:107)
02:22:16.976 [Thread-8] ERROR f.i.s.r.p.m.output.MavenErrorHandler - 	at org.apache.rocketmq.client.Validators.checkMessage(Validators.java:87)
02:22:16.978 [Thread-8] ERROR f.i.s.r.p.m.output.MavenErrorHandler - 	at org.apache.rocketmq.client.impl.producer.DefaultMQProducerImpl.sendSelectImpl(DefaultMQProducerImpl.java:1135)
02:22:16.980 [Thread-8] ERROR f.i.s.r.p.m.output.MavenErrorHandler - 	at org.apache.rocketmq.client.impl.producer.DefaultMQProducerImpl.access$600(DefaultMQProducerImpl.java:100)
02:22:16.983 [Thread-8] ERROR f.i.s.r.p.m.output.MavenErrorHandler - 	at org.apache.rocketmq.client.impl.producer.DefaultMQProducerImpl$7.run(DefaultMQProducerImpl.java:1202)
02:22:16.986 [Thread-8] ERROR f.i.s.r.p.m.output.MavenErrorHandler - 	at java.base/java.util.concurrent.Executors$RunnableAdapter.call(Executors.java:515)
02:22:16.992 [Thread-8] ERROR f.i.s.r.p.m.output.MavenErrorHandler - 	at java.base/java.util.concurrent.FutureTask.run(FutureTask.java:264)
02:22:16.995 [Thread-8] ERROR f.i.s.r.p.m.output.MavenErrorHandler - 	at java.base/java.util.concurrent.ThreadPoolExecutor.runWorker(ThreadPoolExecutor.java:1128)
02:22:16.996 [Thread-8] ERROR f.i.s.r.p.m.output.MavenErrorHandler - 	at java.base/java.util.concurrent.ThreadPoolExecutor$Worker.run(ThreadPoolExecutor.java:628)
02:22:17.000 [Thread-8] ERROR f.i.s.r.p.m.output.MavenErrorHandler - 	at java.base/java.lang.Thread.run(Thread.java:834)
02:22:17.002 [Thread-8] ERROR f.i.s.r.p.m.output.MavenErrorHandler - org.apache.rocketmq.client.exception.MQClientException: The specified topic is blank
02:22:17.004 [Thread-8] ERROR f.i.s.r.p.m.output.MavenErrorHandler - For more information, please visit the url, http://rocketmq.apache.org/docs/faq/
02:22:17.006 [Thread-8] ERROR f.i.s.r.p.m.output.MavenErrorHandler - 	at org.apache.rocketmq.client.Validators.checkTopic(Validators.java:107)
02:22:17.010 [Thread-8] ERROR f.i.s.r.p.m.output.MavenErrorHandler - 	at org.apache.rocketmq.client.Validators.checkMessage(Validators.java:87)
02:22:17.010 [Thread-8] ERROR f.i.s.r.p.m.output.MavenErrorHandler - 	at org.apache.rocketmq.client.impl.producer.DefaultMQProducerImpl$6.run(DefaultMQProducerImpl.java:1069)
02:22:17.010 [Thread-8] ERROR f.i.s.r.p.m.output.MavenErrorHandler - 	at java.base/java.util.concurrent.Executors$RunnableAdapter.call(Executors.java:515)
02:22:17.010 [Thread-8] ERROR f.i.s.r.p.m.output.MavenErrorHandler - 	at java.base/java.util.concurrent.FutureTask.run(FutureTask.java:264)
02:22:17.011 [Thread-8] ERROR f.i.s.r.p.m.output.MavenErrorHandler - 	at java.base/java.util.concurrent.ThreadPoolExecutor.runWorker(ThreadPoolExecutor.java:1128)
02:22:17.011 [Thread-8] ERROR f.i.s.r.p.m.output.MavenErrorHandler - 	at java.base/java.util.concurrent.ThreadPoolExecutor$Worker.run(ThreadPoolExecutor.java:628)
02:22:17.011 [Thread-8] ERROR f.i.s.r.p.m.output.MavenErrorHandler - 	at java.base/java.lang.Thread.run(Thread.java:834)
02:22:17.011 [Thread-8] ERROR f.i.s.r.p.m.output.MavenErrorHandler - org.apache.rocketmq.client.exception.MQClientException: message's topic not equal mq's topic
02:22:17.011 [Thread-8] ERROR f.i.s.r.p.m.output.MavenErrorHandler - For more information, please visit the url, http://rocketmq.apache.org/docs/faq/
02:22:17.011 [Thread-8] ERROR f.i.s.r.p.m.output.MavenErrorHandler - 	at org.apache.rocketmq.client.impl.producer.DefaultMQProducerImpl$6.run(DefaultMQProducerImpl.java:1072)
02:22:17.011 [Thread-8] ERROR f.i.s.r.p.m.output.MavenErrorHandler - 	at java.base/java.util.concurrent.Executors$RunnableAdapter.call(Executors.java:515)
02:22:17.011 [Thread-8] ERROR f.i.s.r.p.m.output.MavenErrorHandler - 	at java.base/java.util.concurrent.FutureTask.run(FutureTask.java:264)
02:22:17.011 [Thread-8] ERROR f.i.s.r.p.m.output.MavenErrorHandler - 	at java.base/java.util.concurrent.ThreadPoolExecutor.runWorker(ThreadPoolExecutor.java:1128)
02:22:17.011 [Thread-8] ERROR f.i.s.r.p.m.output.MavenErrorHandler - 	at java.base/java.util.concurrent.ThreadPoolExecutor$Worker.run(ThreadPoolExecutor.java:628)
02:22:17.011 [Thread-8] ERROR f.i.s.r.p.m.output.MavenErrorHandler - 	at java.base/java.lang.Thread.run(Thread.java:834)
02:22:17.011 [Thread-8] ERROR f.i.s.r.p.m.output.MavenErrorHandler - org.apache.rocketmq.client.exception.MQClientException: select message queue return null.
02:22:17.011 [Thread-8] ERROR f.i.s.r.p.m.output.MavenErrorHandler - For more information, please visit the url, http://rocketmq.apache.org/docs/faq/
02:22:17.011 [Thread-8] ERROR f.i.s.r.p.m.output.MavenErrorHandler - 	at org.apache.rocketmq.client.impl.producer.DefaultMQProducerImpl.sendSelectImpl(DefaultMQProducerImpl.java:1159)
02:22:17.011 [Thread-8] ERROR f.i.s.r.p.m.output.MavenErrorHandler - 	at org.apache.rocketmq.client.impl.producer.DefaultMQProducerImpl.access$600(DefaultMQProducerImpl.java:100)
02:22:17.012 [Thread-8] ERROR f.i.s.r.p.m.output.MavenErrorHandler - 	at org.apache.rocketmq.client.impl.producer.DefaultMQProducerImpl$7.run(DefaultMQProducerImpl.java:1202)
02:22:17.012 [Thread-8] ERROR f.i.s.r.p.m.output.MavenErrorHandler - 	at java.base/java.util.concurrent.Executors$RunnableAdapter.call(Executors.java:515)
02:22:17.012 [Thread-8] ERROR f.i.s.r.p.m.output.MavenErrorHandler - 	at java.base/java.util.concurrent.FutureTask.run(FutureTask.java:264)
02:22:17.012 [Thread-8] ERROR f.i.s.r.p.m.output.MavenErrorHandler - 	at java.base/java.util.concurrent.ThreadPoolExecutor.runWorker(ThreadPoolExecutor.java:1128)
02:22:17.012 [Thread-8] ERROR f.i.s.r.p.m.output.MavenErrorHandler - 	at java.base/java.util.concurrent.ThreadPoolExecutor$Worker.run(ThreadPoolExecutor.java:628)
02:22:17.012 [Thread-8] ERROR f.i.s.r.p.m.output.MavenErrorHandler - 	at java.base/java.lang.Thread.run(Thread.java:834)
02:22:23.982 [Thread-8] ERROR f.i.s.r.p.m.output.MavenErrorHandler - RocketMQLog:WARN No appenders could be found for logger (io.netty.util.internal.InternalThreadLocalMap).
02:22:23.983 [Thread-8] ERROR f.i.s.r.p.m.output.MavenErrorHandler - RocketMQLog:WARN Please initialize the logger system properly.
02:23:01.541 [Thread-8] ERROR f.i.s.r.p.m.output.MavenErrorHandler - RocketMQLog:WARN No appenders could be found for logger (io.netty.util.internal.InternalThreadLocalMap).
02:23:01.542 [Thread-8] ERROR f.i.s.r.p.m.output.MavenErrorHandler - RocketMQLog:WARN Please initialize the logger system properly.
02:23:27.762 [Thread-8] ERROR f.i.s.r.p.m.output.MavenErrorHandler - RocketMQLog:WARN No appenders could be found for logger (io.netty.util.internal.InternalThreadLocalMap).
02:23:27.764 [Thread-8] ERROR f.i.s.r.p.m.output.MavenErrorHandler - RocketMQLog:WARN Please initialize the logger system properly.
02:23:35.046 [Thread-8] ERROR f.i.s.r.p.m.output.MavenErrorHandler - RocketMQLog:WARN No appenders could be found for logger (io.netty.util.internal.InternalThreadLocalMap).
02:23:35.047 [Thread-8] ERROR f.i.s.r.p.m.output.MavenErrorHandler - RocketMQLog:WARN Please initialize the logger system properly.
02:23:43.204 [Thread-8] ERROR f.i.s.r.p.m.output.MavenErrorHandler - RocketMQLog:WARN No appenders could be found for logger (io.netty.util.internal.InternalThreadLocalMap).
02:23:43.205 [Thread-8] ERROR f.i.s.r.p.m.output.MavenErrorHandler - RocketMQLog:WARN Please initialize the logger system properly.
02:24:09.018 [Thread-7] ERROR f.i.s.r.p.m.o.MavenFilterOutputHandler - [ERROR] Failed to execute goal org.apache.maven.plugins:maven-surefire-plugin:2.19.1:test (default-test) on project rocketmq-client: There are test failures.
02:24:09.019 [Thread-7] ERROR f.i.s.r.p.m.o.MavenFilterOutputHandler - [ERROR] 
02:24:09.019 [Thread-7] ERROR f.i.s.r.p.m.o.MavenFilterOutputHandler - [ERROR] Please refer to /root/workspace/apache-rocketmq-master-3570_repo/client/target/surefire-reports for the individual test results.
02:24:09.019 [Thread-7] ERROR f.i.s.r.p.m.o.MavenFilterOutputHandler - [ERROR] -> [Help 1]
02:24:09.019 [Thread-7] ERROR f.i.s.r.p.m.o.MavenFilterOutputHandler - [ERROR] 
02:24:09.019 [Thread-7] ERROR f.i.s.r.p.m.o.MavenFilterOutputHandler - [ERROR] Re-run Maven using the -X switch to enable full debug logging.
02:24:09.019 [Thread-7] ERROR f.i.s.r.p.m.o.MavenFilterOutputHandler - [ERROR] 
02:24:09.019 [Thread-7] ERROR f.i.s.r.p.m.o.MavenFilterOutputHandler - [ERROR] For more information about the errors and possible solutions, please read the following articles:
02:24:09.019 [Thread-7] ERROR f.i.s.r.p.m.o.MavenFilterOutputHandler - [ERROR] [Help 1] http://cwiki.apache.org/confluence/display/MAVEN/MojoFailureException
02:24:09.020 [Thread-7] ERROR f.i.s.r.p.m.o.MavenFilterOutputHandler - [ERROR] 
02:24:09.020 [Thread-7] ERROR f.i.s.r.p.m.o.MavenFilterOutputHandler - [ERROR] After correcting the problems, you can resume the build with the command
02:24:09.020 [Thread-7] ERROR f.i.s.r.p.m.o.MavenFilterOutputHandler - [ERROR]   mvn <goals> -rf :rocketmq-client
02:24:24.148 [main] ERROR f.i.s.r.p.s.paths.ComputeClasspath - The file does not exist: /root/./workspace/apache-rocketmq-master-3570_repo/target/classes.
02:24:24.151 [main] ERROR f.i.s.r.p.s.paths.ComputeClasspath - The file does not exist: /root/./workspace/apache-rocketmq-master-3570_repo/target/test-classes.
02:24:24.278 [main] ERROR f.i.s.r.process.maven.MavenHelper - Error while building complete model. The raw model will be used. Error message: 1 problem was encountered while building the effective model for org.apache.rocketmq:rocketmq-all:5.0.1-PREVIEW-SNAPSHOT
[ERROR] Failed to determine Java version for profile jdk8 @ 

02:24:24.362 [main] ERROR f.i.s.r.process.maven.MavenHelper - Error while building complete model. The raw model will be used. Error message: 1 problem was encountered while building the effective model for org.apache.rocketmq:rocketmq-distribution:5.0.1-PREVIEW-SNAPSHOT
[ERROR] Failed to determine Java version for profile jdk8 @ org.apache.rocketmq:rocketmq-all:5.0.1-PREVIEW-SNAPSHOT, /root/workspace/apache-rocketmq-master-3570_repo/pom.xml

02:24:24.363 [main] ERROR f.i.s.r.p.s.paths.ComputeSourceDir - The source directory is not at default location or specified in build section from pom.xml, and no parent can be found.
02:24:24.391 [main] INFO  f.i.s.r.p.s.paths.ComputeSourceDir - 15 source dirs were found:
02:24:24.392 [main] INFO  f.i.s.r.p.s.paths.ComputeSourceDir - /root/workspace/apache-rocketmq-master-3570_repo/acl/src/main/java
02:24:24.392 [main] INFO  f.i.s.r.p.s.paths.ComputeSourceDir - /root/workspace/apache-rocketmq-master-3570_repo/broker/src/main/java
02:24:24.392 [main] INFO  f.i.s.r.p.s.paths.ComputeSourceDir - /root/workspace/apache-rocketmq-master-3570_repo/client/src/main/java
02:24:24.392 [main] INFO  f.i.s.r.p.s.paths.ComputeSourceDir - /root/workspace/apache-rocketmq-master-3570_repo/common/src/main/java
02:24:24.392 [main] INFO  f.i.s.r.p.s.paths.ComputeSourceDir - /root/workspace/apache-rocketmq-master-3570_repo/example/src/main/java
02:24:24.392 [main] INFO  f.i.s.r.p.s.paths.ComputeSourceDir - /root/workspace/apache-rocketmq-master-3570_repo/filter/src/main/java
02:24:24.392 [main] INFO  f.i.s.r.p.s.paths.ComputeSourceDir - /root/workspace/apache-rocketmq-master-3570_repo/logappender/src/main/java
02:24:24.392 [main] INFO  f.i.s.r.p.s.paths.ComputeSourceDir - /root/workspace/apache-rocketmq-master-3570_repo/logging/src/main/java
02:24:24.392 [main] INFO  f.i.s.r.p.s.paths.ComputeSourceDir - /root/workspace/apache-rocketmq-master-3570_repo/namesrv/src/main/java
02:24:24.392 [main] INFO  f.i.s.r.p.s.paths.ComputeSourceDir - /root/workspace/apache-rocketmq-master-3570_repo/openmessaging/src/main/java
02:24:24.392 [main] INFO  f.i.s.r.p.s.paths.ComputeSourceDir - /root/workspace/apache-rocketmq-master-3570_repo/remoting/src/main/java
02:24:24.392 [main] INFO  f.i.s.r.p.s.paths.ComputeSourceDir - /root/workspace/apache-rocketmq-master-3570_repo/srvutil/src/main/java
02:24:24.392 [main] INFO  f.i.s.r.p.s.paths.ComputeSourceDir - /root/workspace/apache-rocketmq-master-3570_repo/store/src/main/java
02:24:24.392 [main] INFO  f.i.s.r.p.s.paths.ComputeSourceDir - /root/workspace/apache-rocketmq-master-3570_repo/test/src/main/java
02:24:24.392 [main] INFO  f.i.s.r.p.s.paths.ComputeSourceDir - /root/workspace/apache-rocketmq-master-3570_repo/tools/src/main/java
02:24:24.406 [main] ERROR f.i.s.r.process.maven.MavenHelper - Error while building complete model. The raw model will be used. Error message: 1 problem was encountered while building the effective model for org.apache.rocketmq:rocketmq-all:5.0.1-PREVIEW-SNAPSHOT
[ERROR] Failed to determine Java version for profile jdk8 @ 

02:24:24.420 [main] ERROR f.i.s.r.process.maven.MavenHelper - Error while building complete model. The raw model will be used. Error message: 1 problem was encountered while building the effective model for org.apache.rocketmq:rocketmq-client:5.0.1-PREVIEW-SNAPSHOT
[ERROR] Failed to determine Java version for profile jdk8 @ org.apache.rocketmq:rocketmq-all:5.0.1-PREVIEW-SNAPSHOT, /root/workspace/apache-rocketmq-master-3570_repo/pom.xml

02:24:24.437 [main] ERROR f.i.s.r.process.maven.MavenHelper - Error while building complete model. The raw model will be used. Error message: 1 problem was encountered while building the effective model for org.apache.rocketmq:rocketmq-common:5.0.1-PREVIEW-SNAPSHOT
[ERROR] Failed to determine Java version for profile jdk8 @ org.apache.rocketmq:rocketmq-all:5.0.1-PREVIEW-SNAPSHOT, /root/workspace/apache-rocketmq-master-3570_repo/pom.xml

02:24:24.467 [main] ERROR f.i.s.r.process.maven.MavenHelper - Error while building complete model. The raw model will be used. Error message: 1 problem was encountered while building the effective model for org.apache.rocketmq:rocketmq-broker:5.0.1-PREVIEW-SNAPSHOT
[ERROR] Failed to determine Java version for profile jdk8 @ org.apache.rocketmq:rocketmq-all:5.0.1-PREVIEW-SNAPSHOT, /root/workspace/apache-rocketmq-master-3570_repo/pom.xml

02:24:24.481 [main] ERROR f.i.s.r.process.maven.MavenHelper - Error while building complete model. The raw model will be used. Error message: 1 problem was encountered while building the effective model for org.apache.rocketmq:rocketmq-tools:5.0.1-PREVIEW-SNAPSHOT
[ERROR] Failed to determine Java version for profile jdk8 @ org.apache.rocketmq:rocketmq-all:5.0.1-PREVIEW-SNAPSHOT, /root/workspace/apache-rocketmq-master-3570_repo/pom.xml

02:24:24.489 [main] ERROR f.i.s.r.process.maven.MavenHelper - Error while building complete model. The raw model will be used. Error message: 1 problem was encountered while building the effective model for org.apache.rocketmq:rocketmq-store:5.0.1-PREVIEW-SNAPSHOT
[ERROR] Failed to determine Java version for profile jdk8 @ org.apache.rocketmq:rocketmq-all:5.0.1-PREVIEW-SNAPSHOT, /root/workspace/apache-rocketmq-master-3570_repo/pom.xml

02:24:24.498 [main] ERROR f.i.s.r.process.maven.MavenHelper - Error while building complete model. The raw model will be used. Error message: 1 problem was encountered while building the effective model for org.apache.rocketmq:rocketmq-namesrv:5.0.1-PREVIEW-SNAPSHOT
[ERROR] Failed to determine Java version for profile jdk8 @ org.apache.rocketmq:rocketmq-all:5.0.1-PREVIEW-SNAPSHOT, /root/workspace/apache-rocketmq-master-3570_repo/pom.xml

02:24:24.547 [main] ERROR f.i.s.r.process.maven.MavenHelper - Error while building complete model. The raw model will be used. Error message: 1 problem was encountered while building the effective model for org.apache.rocketmq:rocketmq-remoting:5.0.1-PREVIEW-SNAPSHOT
[ERROR] Failed to determine Java version for profile jdk8 @ org.apache.rocketmq:rocketmq-all:5.0.1-PREVIEW-SNAPSHOT, /root/workspace/apache-rocketmq-master-3570_repo/pom.xml

02:24:24.567 [main] ERROR f.i.s.r.process.maven.MavenHelper - Error while building complete model. The raw model will be used. Error message: 1 problem was encountered while building the effective model for org.apache.rocketmq:rocketmq-logappender:5.0.1-PREVIEW-SNAPSHOT
[ERROR] Failed to determine Java version for profile jdk8 @ org.apache.rocketmq:rocketmq-all:5.0.1-PREVIEW-SNAPSHOT, /root/workspace/apache-rocketmq-master-3570_repo/pom.xml

02:24:24.604 [main] ERROR f.i.s.r.process.maven.MavenHelper - Error while building complete model. The raw model will be used. Error message: 1 problem was encountered while building the effective model for org.apache.rocketmq:rocketmq-srvutil:5.0.1-PREVIEW-SNAPSHOT
[ERROR] Failed to determine Java version for profile jdk8 @ org.apache.rocketmq:rocketmq-all:5.0.1-PREVIEW-SNAPSHOT, /root/workspace/apache-rocketmq-master-3570_repo/pom.xml

02:24:24.611 [main] ERROR f.i.s.r.p.step.paths.ComputeTestDir - The test directory is not at default location or specified in build section from pom.xml, and no parent can be found.
02:24:24.642 [main] ERROR f.i.s.r.process.maven.MavenHelper - Error while building complete model. The raw model will be used. Error message: 1 problem was encountered while building the effective model for org.apache.rocketmq:rocketmq-filter:5.0.1-PREVIEW-SNAPSHOT
[ERROR] Failed to determine Java version for profile jdk8 @ org.apache.rocketmq:rocketmq-all:5.0.1-PREVIEW-SNAPSHOT, /root/workspace/apache-rocketmq-master-3570_repo/pom.xml

02:24:24.653 [main] ERROR f.i.s.r.process.maven.MavenHelper - Error while building complete model. The raw model will be used. Error message: 1 problem was encountered while building the effective model for org.apache.rocketmq:rocketmq-test:5.0.1-PREVIEW-SNAPSHOT
[ERROR] Failed to determine Java version for profile jdk8 @ org.apache.rocketmq:rocketmq-all:5.0.1-PREVIEW-SNAPSHOT, /root/workspace/apache-rocketmq-master-3570_repo/pom.xml

02:24:24.668 [main] ERROR f.i.s.r.process.maven.MavenHelper - Error while building complete model. The raw model will be used. Error message: 1 problem was encountered while building the effective model for org.apache.rocketmq:rocketmq-distribution:5.0.1-PREVIEW-SNAPSHOT
[ERROR] Failed to determine Java version for profile jdk8 @ org.apache.rocketmq:rocketmq-all:5.0.1-PREVIEW-SNAPSHOT, /root/workspace/apache-rocketmq-master-3570_repo/pom.xml

02:24:24.669 [main] ERROR f.i.s.r.p.step.paths.ComputeTestDir - The test directory is not at default location or specified in build section from pom.xml, and no parent can be found.
02:24:24.695 [main] ERROR f.i.s.r.process.maven.MavenHelper - Error while building complete model. The raw model will be used. Error message: 1 problem was encountered while building the effective model for org.apache.rocketmq:rocketmq-openmessaging:5.0.1-PREVIEW-SNAPSHOT
[ERROR] Failed to determine Java version for profile jdk8 @ org.apache.rocketmq:rocketmq-all:5.0.1-PREVIEW-SNAPSHOT, /root/workspace/apache-rocketmq-master-3570_repo/pom.xml

02:24:24.700 [main] ERROR f.i.s.r.process.maven.MavenHelper - Error while building complete model. The raw model will be used. Error message: 1 problem was encountered while building the effective model for org.apache.rocketmq:rocketmq-logging:5.0.1-PREVIEW-SNAPSHOT
[ERROR] Failed to determine Java version for profile jdk8 @ org.apache.rocketmq:rocketmq-all:5.0.1-PREVIEW-SNAPSHOT, /root/workspace/apache-rocketmq-master-3570_repo/pom.xml

02:24:24.706 [main] ERROR f.i.s.r.process.maven.MavenHelper - Error while building complete model. The raw model will be used. Error message: 1 problem was encountered while building the effective model for org.apache.rocketmq:rocketmq-acl:5.0.1-PREVIEW-SNAPSHOT
[ERROR] Failed to determine Java version for profile jdk8 @ org.apache.rocketmq:rocketmq-all:5.0.1-PREVIEW-SNAPSHOT, /root/workspace/apache-rocketmq-master-3570_repo/pom.xml

02:24:24.726 [main] ERROR f.i.s.r.process.maven.MavenHelper - Error while building complete model. The raw model will be used. Error message: 1 problem was encountered while building the effective model for org.apache.rocketmq:rocketmq-example:5.0.1-PREVIEW-SNAPSHOT
[ERROR] Failed to determine Java version for profile jdk8 @ org.apache.rocketmq:rocketmq-all:5.0.1-PREVIEW-SNAPSHOT, /root/workspace/apache-rocketmq-master-3570_repo/pom.xml

02:24:24.731 [main] ERROR f.i.s.r.p.step.paths.ComputeTestDir - The test directory is not at default location or specified in build section from pom.xml, and no parent can be found.
02:24:24.741 [main] INFO  f.i.s.r.p.step.paths.ComputeTestDir - 13 test dirs were found:
02:24:24.741 [main] INFO  f.i.s.r.p.step.paths.ComputeTestDir - /root/workspace/apache-rocketmq-master-3570_repo/acl/src/test/java
02:24:24.741 [main] INFO  f.i.s.r.p.step.paths.ComputeTestDir - /root/workspace/apache-rocketmq-master-3570_repo/broker/src/test/java
02:24:24.741 [main] INFO  f.i.s.r.p.step.paths.ComputeTestDir - /root/workspace/apache-rocketmq-master-3570_repo/client/src/test/java
02:24:24.741 [main] INFO  f.i.s.r.p.step.paths.ComputeTestDir - /root/workspace/apache-rocketmq-master-3570_repo/common/src/test/java
02:24:24.741 [main] INFO  f.i.s.r.p.step.paths.ComputeTestDir - /root/workspace/apache-rocketmq-master-3570_repo/filter/src/test/java
02:24:24.741 [main] INFO  f.i.s.r.p.step.paths.ComputeTestDir - /root/workspace/apache-rocketmq-master-3570_repo/logappender/src/test/java
02:24:24.742 [main] INFO  f.i.s.r.p.step.paths.ComputeTestDir - /root/workspace/apache-rocketmq-master-3570_repo/logging/src/test/java
02:24:24.742 [main] INFO  f.i.s.r.p.step.paths.ComputeTestDir - /root/workspace/apache-rocketmq-master-3570_repo/namesrv/src/test/java
02:24:24.742 [main] INFO  f.i.s.r.p.step.paths.ComputeTestDir - /root/workspace/apache-rocketmq-master-3570_repo/openmessaging/src/test/java
02:24:24.742 [main] INFO  f.i.s.r.p.step.paths.ComputeTestDir - /root/workspace/apache-rocketmq-master-3570_repo/remoting/src/test/java
02:24:24.742 [main] INFO  f.i.s.r.p.step.paths.ComputeTestDir - /root/workspace/apache-rocketmq-master-3570_repo/store/src/test/java
02:24:24.743 [main] INFO  f.i.s.r.p.step.paths.ComputeTestDir - /root/workspace/apache-rocketmq-master-3570_repo/test/src/test/java
02:24:24.743 [main] INFO  f.i.s.r.p.step.paths.ComputeTestDir - /root/workspace/apache-rocketmq-master-3570_repo/tools/src/test/java
02:24:26.067 [main] INFO  f.i.s.r.p.s.g.GatherTestInformation - Get the following failing module path: /root/workspace/apache-rocketmq-master-3570_repo/client
02:24:26.097 [main] INFO  f.i.s.r.p.s.g.GatherTestInformation - ---Test results---
02:24:26.097 [main] INFO  f.i.s.r.p.s.g.GatherTestInformation -    Total tests: 351
02:24:26.097 [main] INFO  f.i.s.r.p.s.g.GatherTestInformation -    Tests run: 348
02:24:26.097 [main] INFO  f.i.s.r.p.s.g.GatherTestInformation -    Tests passing: 347
02:24:26.097 [main] INFO  f.i.s.r.p.s.g.GatherTestInformation -    Failures: 1
02:24:26.097 [main] INFO  f.i.s.r.p.s.g.GatherTestInformation -    Errors: 0
02:24:26.097 [main] INFO  f.i.s.r.p.s.g.GatherTestInformation -    Skipped: 3
[0] INFO Flacoco - Running Flacoco...
[88] WARN TestMethodFilter - NoClassDefFoundError: class org.apache.rocketmq.client.impl.MQAdminImpl
[95] WARN TestMethodFilter - NoClassDefFoundError: class org.apache.rocketmq.client.impl.consumer.RebalancePushImpl
[97] WARN TestMethodFilter - NoClassDefFoundError: class org.apache.rocketmq.client.impl.consumer.PopRequest
[100] WARN TestMethodFilter - NoClassDefFoundError: class org.apache.rocketmq.client.impl.consumer.DefaultMQPullConsumerImpl
[102] WARN TestMethodFilter - NoClassDefFoundError: class org.apache.rocketmq.client.impl.consumer.ConsumeMessageOrderlyService
[103] WARN TestMethodFilter - NoClassDefFoundError: class org.apache.rocketmq.client.impl.consumer.ConsumeMessageConcurrentlyService
[104] WARN TestMethodFilter - NoClassDefFoundError: class org.apache.rocketmq.client.impl.consumer.ConsumeMessagePopConcurrentlyService
[105] WARN TestMethodFilter - NoClassDefFoundError: class org.apache.rocketmq.client.impl.consumer.RebalanceLitePullImpl
[112] WARN TestMethodFilter - NoClassDefFoundError: class org.apache.rocketmq.client.impl.consumer.DefaultLitePullConsumerImpl
[115] WARN TestMethodFilter - NoClassDefFoundError: class org.apache.rocketmq.client.impl.consumer.RebalancePullImpl
[120] WARN TestMethodFilter - NoClassDefFoundError: class org.apache.rocketmq.client.impl.consumer.ConsumeMessagePopOrderlyService
[121] WARN TestMethodFilter - NoClassDefFoundError: class org.apache.rocketmq.client.impl.consumer.PullAPIWrapper
[123] WARN TestMethodFilter - NoClassDefFoundError: class org.apache.rocketmq.client.impl.consumer.ProcessQueue
[126] WARN TestMethodFilter - NoClassDefFoundError: class org.apache.rocketmq.client.impl.consumer.PullRequest
[127] WARN TestMethodFilter - NoClassDefFoundError: class org.apache.rocketmq.client.impl.consumer.AssignedMessageQueue
[129] WARN TestMethodFilter - NoClassDefFoundError: class org.apache.rocketmq.client.impl.consumer.MessageQueueLock
[129] WARN TestMethodFilter - NoClassDefFoundError: class org.apache.rocketmq.client.impl.consumer.PopProcessQueue
[132] WARN TestMethodFilter - NoClassDefFoundError: class org.apache.rocketmq.client.impl.consumer.DefaultMQPushConsumerImpl
[135] WARN TestMethodFilter - NoClassDefFoundError: class org.apache.rocketmq.client.impl.MQClientManager
[136] WARN TestMethodFilter - NoClassDefFoundError: class org.apache.rocketmq.client.impl.producer.TopicPublishInfo
[139] WARN TestMethodFilter - NoClassDefFoundError: class org.apache.rocketmq.client.impl.producer.DefaultMQProducerImpl
[141] WARN TestMethodFilter - NoClassDefFoundError: class org.apache.rocketmq.client.impl.MQClientAPIImpl
[143] WARN TestMethodFilter - NoClassDefFoundError: class org.apache.rocketmq.client.impl.factory.MQClientInstance
[145] WARN TestMethodFilter - NoClassDefFoundError: class org.apache.rocketmq.client.hook.ConsumeMessageContext
[146] WARN TestMethodFilter - NoClassDefFoundError: class org.apache.rocketmq.client.hook.EndTransactionContext
[147] WARN TestMethodFilter - NoClassDefFoundError: class org.apache.rocketmq.client.hook.CheckForbiddenContext
[147] WARN TestMethodFilter - NoClassDefFoundError: class org.apache.rocketmq.client.hook.SendMessageContext
[149] WARN TestMethodFilter - NoClassDefFoundError: class org.apache.rocketmq.client.hook.FilterMessageContext
[150] WARN TestMethodFilter - NoClassDefFoundError: class org.apache.rocketmq.client.Validators
[156] WARN TestMethodFilter - NoClassDefFoundError: class org.apache.rocketmq.client.consumer.DefaultLitePullConsumer
[165] WARN TestMethodFilter - NoClassDefFoundError: class org.apache.rocketmq.client.consumer.MQPullConsumerScheduleService
[168] WARN TestMethodFilter - NoClassDefFoundError: class org.apache.rocketmq.client.consumer.listener.ConsumeOrderlyContext
[168] WARN TestMethodFilter - NoClassDefFoundError: class org.apache.rocketmq.client.consumer.listener.ConsumeConcurrentlyContext
[176] WARN TestMethodFilter - NoClassDefFoundError: class org.apache.rocketmq.client.consumer.DefaultMQPullConsumer
[190] WARN TestMethodFilter - NoClassDefFoundError: class org.apache.rocketmq.client.consumer.store.LocalFileOffsetStore
[191] WARN TestMethodFilter - NoClassDefFoundError: class org.apache.rocketmq.client.consumer.store.RemoteBrokerOffsetStore
[197] WARN TestMethodFilter - NoClassDefFoundError: class org.apache.rocketmq.client.consumer.DefaultMQPushConsumer
[197] WARN TestMethodFilter - NoClassDefFoundError: class org.apache.rocketmq.client.utils.MessageUtil
[203] WARN TestMethodFilter - NoClassDefFoundError: class org.apache.rocketmq.client.producer.TransactionMQProducer
[204] WARN TestMethodFilter - NoClassDefFoundError: class org.apache.rocketmq.client.producer.TransactionSendResult
[204] WARN TestMethodFilter - NoClassDefFoundError: class org.apache.rocketmq.client.producer.DefaultMQProducer
[205] WARN TestMethodFilter - NoClassDefFoundError: class org.apache.rocketmq.client.producer.RequestResponseFuture
[206] WARN TestMethodFilter - NoClassDefFoundError: class org.apache.rocketmq.client.producer.SendResult
[208] WARN TestMethodFilter - NoClassDefFoundError: class org.apache.rocketmq.client.producer.selector.SelectMessageQueueByMachineRoom
[209] WARN TestMethodFilter - NoClassDefFoundError: class org.apache.rocketmq.client.producer.selector.SelectMessageQueueByRandom
[209] WARN TestMethodFilter - NoClassDefFoundError: class org.apache.rocketmq.client.producer.selector.SelectMessageQueueByHash
[211] WARN TestMethodFilter - NoClassDefFoundError: class org.apache.rocketmq.client.log.ClientLogger
[211] WARN TestMethodFilter - NoClassDefFoundError: class org.apache.rocketmq.client.MQHelper
[215] WARN TestMethodFilter - NoClassDefFoundError: class org.apache.rocketmq.client.trace.hook.SendMessageOpenTracingHookImpl
[222] WARN TestMethodFilter - NoClassDefFoundError: class org.apache.rocketmq.client.trace.hook.ConsumeMessageOpenTracingHookImpl
[224] WARN TestMethodFilter - NoClassDefFoundError: class org.apache.rocketmq.client.trace.hook.EndTransactionOpenTracingHookImpl
[225] WARN TestMethodFilter - NoClassDefFoundError: class org.apache.rocketmq.client.trace.TraceView
[227] WARN TestMethodFilter - NoClassDefFoundError: class org.apache.rocketmq.client.trace.TraceBean
[231] WARN TestMethodFilter - NoClassDefFoundError: class org.apache.rocketmq.client.ClientConfig
[234] WARN TestMethodFilter - NoClassDefFoundError: class org.apache.rocketmq.client.stat.ConsumerStatsManager
[236] WARN TestMethodFilter - NoClassDefFoundError: class org.apache.rocketmq.client.latency.MQFaultStrategy
[250] WARN TestMethodFilter - NoClassDefFoundError: class org.apache.rocketmq.client.impl.consumer.ConsumeMessageConcurrentlyServiceTest
[251] WARN TestMethodFilter - NoClassDefFoundError: class org.apache.rocketmq.client.impl.consumer.RebalancePushImplTest
[253] WARN TestMethodFilter - NoClassDefFoundError: class org.apache.rocketmq.client.impl.MQClientAPIImplTest
[254] WARN TestMethodFilter - NoClassDefFoundError: class org.apache.rocketmq.client.impl.factory.MQClientInstanceTest
[264] WARN TestMethodFilter - NoClassDefFoundError: class org.apache.rocketmq.client.consumer.DefaultMQPushConsumerTest
[331] WARN TestMethodFilter - NoClassDefFoundError: class org.apache.rocketmq.client.producer.DefaultMQProducerTest
[338] WARN TestMethodFilter - NoClassDefFoundError: class org.apache.rocketmq.client.trace.TransactionMQProducerWithTraceTest
[339] WARN TestMethodFilter - NoClassDefFoundError: class org.apache.rocketmq.client.trace.DefaultMQConsumerWithOpenTracingTest
[343] WARN TestMethodFilter - NoClassDefFoundError: class org.apache.rocketmq.client.trace.DefaultMQConsumerWithTraceTest
[345] WARN TestMethodFilter - NoClassDefFoundError: class org.apache.rocketmq.client.trace.DefaultMQProducerWithOpenTracingTest
[347] WARN TestMethodFilter - NoClassDefFoundError: class org.apache.rocketmq.client.trace.TransactionMQProducerWithOpenTracingTest
[348] WARN TestMethodFilter - NoClassDefFoundError: class org.apache.rocketmq.client.trace.DefaultMQProducerWithTraceTest
[370] WARN TestMethodFilter - NoClassDefFoundError: class org.apache.rocketmq.client.impl.MQAdminImpl
[370] WARN TestMethodFilter - NoClassDefFoundError: class org.apache.rocketmq.client.impl.consumer.RebalancePushImpl
[370] WARN TestMethodFilter - NoClassDefFoundError: class org.apache.rocketmq.client.impl.consumer.PopRequest
[371] WARN TestMethodFilter - NoClassDefFoundError: class org.apache.rocketmq.client.impl.consumer.DefaultMQPullConsumerImpl
[371] WARN TestMethodFilter - NoClassDefFoundError: class org.apache.rocketmq.client.impl.consumer.ConsumeMessageOrderlyService
[375] WARN TestMethodFilter - NoClassDefFoundError: class org.apache.rocketmq.client.impl.consumer.ConsumeMessageConcurrentlyService
[376] WARN TestMethodFilter - NoClassDefFoundError: class org.apache.rocketmq.client.impl.consumer.ConsumeMessagePopConcurrentlyService
[377] WARN TestMethodFilter - NoClassDefFoundError: class org.apache.rocketmq.client.impl.consumer.RebalanceLitePullImpl
[377] WARN TestMethodFilter - NoClassDefFoundError: class org.apache.rocketmq.client.impl.consumer.DefaultLitePullConsumerImpl
[378] WARN TestMethodFilter - NoClassDefFoundError: class org.apache.rocketmq.client.impl.consumer.RebalancePullImpl
[379] WARN TestMethodFilter - NoClassDefFoundError: class org.apache.rocketmq.client.impl.consumer.ConsumeMessagePopOrderlyService
[379] WARN TestMethodFilter - NoClassDefFoundError: class org.apache.rocketmq.client.impl.consumer.PullAPIWrapper
[379] WARN TestMethodFilter - NoClassDefFoundError: class org.apache.rocketmq.client.impl.consumer.ProcessQueue
[380] WARN TestMethodFilter - NoClassDefFoundError: class org.apache.rocketmq.client.impl.consumer.PullRequest
[380] WARN TestMethodFilter - NoClassDefFoundError: class org.apache.rocketmq.client.impl.consumer.AssignedMessageQueue
[381] WARN TestMethodFilter - NoClassDefFoundError: class org.apache.rocketmq.client.impl.consumer.MessageQueueLock
[381] WARN TestMethodFilter - NoClassDefFoundError: class org.apache.rocketmq.client.impl.consumer.PopProcessQueue
[388] WARN TestMethodFilter - NoClassDefFoundError: class org.apache.rocketmq.client.impl.consumer.DefaultMQPushConsumerImpl
[390] WARN TestMethodFilter - NoClassDefFoundError: class org.apache.rocketmq.client.impl.MQClientManager
[390] WARN TestMethodFilter - NoClassDefFoundError: class org.apache.rocketmq.client.impl.producer.TopicPublishInfo
[391] WARN TestMethodFilter - NoClassDefFoundError: class org.apache.rocketmq.client.impl.producer.DefaultMQProducerImpl
[391] WARN TestMethodFilter - NoClassDefFoundError: class org.apache.rocketmq.client.impl.MQClientAPIImpl
[392] WARN TestMethodFilter - NoClassDefFoundError: class org.apache.rocketmq.client.impl.factory.MQClientInstance
[392] WARN TestMethodFilter - NoClassDefFoundError: class org.apache.rocketmq.client.hook.ConsumeMessageContext
[392] WARN TestMethodFilter - NoClassDefFoundError: class org.apache.rocketmq.client.hook.EndTransactionContext
[392] WARN TestMethodFilter - NoClassDefFoundError: class org.apache.rocketmq.client.hook.CheckForbiddenContext
[394] WARN TestMethodFilter - NoClassDefFoundError: class org.apache.rocketmq.client.hook.SendMessageContext
[394] WARN TestMethodFilter - NoClassDefFoundError: class org.apache.rocketmq.client.hook.FilterMessageContext
[394] WARN TestMethodFilter - NoClassDefFoundError: class org.apache.rocketmq.client.Validators
[395] WARN TestMethodFilter - NoClassDefFoundError: class org.apache.rocketmq.client.consumer.DefaultLitePullConsumer
[395] WARN TestMethodFilter - NoClassDefFoundError: class org.apache.rocketmq.client.consumer.MQPullConsumerScheduleService
[395] WARN TestMethodFilter - NoClassDefFoundError: class org.apache.rocketmq.client.consumer.listener.ConsumeOrderlyContext
[395] WARN TestMethodFilter - NoClassDefFoundError: class org.apache.rocketmq.client.consumer.listener.ConsumeConcurrentlyContext
[396] WARN TestMethodFilter - NoClassDefFoundError: class org.apache.rocketmq.client.consumer.DefaultMQPullConsumer
[396] WARN TestMethodFilter - NoClassDefFoundError: class org.apache.rocketmq.client.consumer.store.LocalFileOffsetStore
[396] WARN TestMethodFilter - NoClassDefFoundError: class org.apache.rocketmq.client.consumer.store.RemoteBrokerOffsetStore
[397] WARN TestMethodFilter - NoClassDefFoundError: class org.apache.rocketmq.client.consumer.DefaultMQPushConsumer
[397] WARN TestMethodFilter - NoClassDefFoundError: class org.apache.rocketmq.client.utils.MessageUtil
[398] WARN TestMethodFilter - NoClassDefFoundError: class org.apache.rocketmq.client.producer.TransactionMQProducer
[398] WARN TestMethodFilter - NoClassDefFoundError: class org.apache.rocketmq.client.producer.DefaultMQProducer
[398] WARN TestMethodFilter - NoClassDefFoundError: class org.apache.rocketmq.client.producer.RequestResponseFuture
[399] WARN TestMethodFilter - NoClassDefFoundError: class org.apache.rocketmq.client.producer.SendResult
[399] WARN TestMethodFilter - NoClassDefFoundError: class org.apache.rocketmq.client.producer.selector.SelectMessageQueueByMachineRoom
[399] WARN TestMethodFilter - NoClassDefFoundError: class org.apache.rocketmq.client.producer.selector.SelectMessageQueueByRandom
[399] WARN TestMethodFilter - NoClassDefFoundError: class org.apache.rocketmq.client.producer.selector.SelectMessageQueueByHash
[399] WARN TestMethodFilter - NoClassDefFoundError: class org.apache.rocketmq.client.log.ClientLogger
[400] WARN TestMethodFilter - NoClassDefFoundError: class org.apache.rocketmq.client.MQHelper
[400] WARN TestMethodFilter - NoClassDefFoundError: class org.apache.rocketmq.client.trace.hook.SendMessageOpenTracingHookImpl
[401] WARN TestMethodFilter - NoClassDefFoundError: class org.apache.rocketmq.client.trace.hook.ConsumeMessageOpenTracingHookImpl
[402] WARN TestMethodFilter - NoClassDefFoundError: class org.apache.rocketmq.client.trace.hook.EndTransactionOpenTracingHookImpl
[402] WARN TestMethodFilter - NoClassDefFoundError: class org.apache.rocketmq.client.trace.TraceView
[402] WARN TestMethodFilter - NoClassDefFoundError: class org.apache.rocketmq.client.trace.AsyncTraceDispatcher
[402] WARN TestMethodFilter - NoClassDefFoundError: class org.apache.rocketmq.client.trace.TraceBean
[403] WARN TestMethodFilter - NoClassDefFoundError: class org.apache.rocketmq.client.ClientConfig
[403] WARN TestMethodFilter - NoClassDefFoundError: class org.apache.rocketmq.client.stat.ConsumerStatsManager
[403] WARN TestMethodFilter - NoClassDefFoundError: class org.apache.rocketmq.client.latency.MQFaultStrategy
[409] WARN TestMethodFilter - NoClassDefFoundError: class org.apache.rocketmq.client.impl.consumer.ConsumeMessageConcurrentlyServiceTest
[409] WARN TestMethodFilter - NoClassDefFoundError: class org.apache.rocketmq.client.impl.consumer.RebalancePushImplTest
[409] WARN TestMethodFilter - NoClassDefFoundError: class org.apache.rocketmq.client.impl.MQClientAPIImplTest
[409] WARN TestMethodFilter - NoClassDefFoundError: class org.apache.rocketmq.client.impl.factory.MQClientInstanceTest
[410] WARN TestMethodFilter - NoClassDefFoundError: class org.apache.rocketmq.client.consumer.DefaultMQPullConsumerTest
[410] WARN TestMethodFilter - NoClassDefFoundError: class org.apache.rocketmq.client.consumer.DefaultMQPushConsumerTest
[410] WARN TestMethodFilter - NoClassDefFoundError: class org.apache.rocketmq.client.consumer.DefaultLitePullConsumerTest
[411] WARN TestMethodFilter - NoClassDefFoundError: class org.apache.rocketmq.client.utils.MessageUtilsTest
[411] WARN TestMethodFilter - NoClassDefFoundError: class org.apache.rocketmq.client.producer.DefaultMQProducerTest
[411] WARN TestMethodFilter - NoClassDefFoundError: class org.apache.rocketmq.client.trace.TransactionMQProducerWithTraceTest
[411] WARN TestMethodFilter - NoClassDefFoundError: class org.apache.rocketmq.client.trace.DefaultMQConsumerWithOpenTracingTest
[413] WARN TestMethodFilter - NoClassDefFoundError: class org.apache.rocketmq.client.trace.DefaultMQConsumerWithTraceTest
[413] WARN TestMethodFilter - NoClassDefFoundError: class org.apache.rocketmq.client.trace.DefaultMQLitePullConsumerWithTraceTest
[413] WARN TestMethodFilter - NoClassDefFoundError: class org.apache.rocketmq.client.trace.DefaultMQProducerWithOpenTracingTest
[413] WARN TestMethodFilter - NoClassDefFoundError: class org.apache.rocketmq.client.trace.TransactionMQProducerWithOpenTracingTest
[414] WARN TestMethodFilter - NoClassDefFoundError: class org.apache.rocketmq.client.trace.DefaultMQProducerWithTraceTest
[4664] WARN CoverageRunner - Test [Manual]TestMethod=org.apache.rocketmq.client.impl.consumer.DefaultMQPushConsumerImplTest#testPush result was not reported by test-runner.
[4665] WARN CoverageRunner - Test [Manual]TestMethod=org.apache.rocketmq.client.consumer.DefaultMQPullConsumerTest#testStart_OffsetShouldNotNUllAfterStart result was not reported by test-runner.
[4665] WARN CoverageRunner - Test [Manual]TestMethod=org.apache.rocketmq.client.consumer.DefaultMQPullConsumerTest#testPullMessage_Success result was not reported by test-runner.
[4665] WARN CoverageRunner - Test [Manual]TestMethod=org.apache.rocketmq.client.consumer.DefaultMQPullConsumerTest#testPullMessage_NotFound result was not reported by test-runner.
[4665] WARN CoverageRunner - Test [Manual]TestMethod=org.apache.rocketmq.client.consumer.DefaultMQPullConsumerTest#testPullMessageAsync_Success result was not reported by test-runner.
[4665] WARN CoverageRunner - Test [Manual]TestMethod=org.apache.rocketmq.client.consumer.DefaultLitePullConsumerTest#testAssign_PollMessageSuccess result was not reported by test-runner.
[4665] WARN CoverageRunner - Test [Manual]TestMethod=org.apache.rocketmq.client.consumer.DefaultLitePullConsumerTest#testSubscribe_PollMessageSuccess result was not reported by test-runner.
[4665] WARN CoverageRunner - Test [Manual]TestMethod=org.apache.rocketmq.client.consumer.DefaultLitePullConsumerTest#testSubscribe_BroadcastPollMessageSuccess result was not reported by test-runner.
[4665] WARN CoverageRunner - Test [Manual]TestMethod=org.apache.rocketmq.client.consumer.DefaultLitePullConsumerTest#testSubscriptionType_AssignAndSubscribeExclusive result was not reported by test-runner.
[4665] WARN CoverageRunner - Test [Manual]TestMethod=org.apache.rocketmq.client.consumer.DefaultLitePullConsumerTest#testFetchMessageQueues_FetchMessageQueuesBeforeStart result was not reported by test-runner.
[4665] WARN CoverageRunner - Test [Manual]TestMethod=org.apache.rocketmq.client.consumer.DefaultLitePullConsumerTest#testSeek_SeekOffsetSuccess result was not reported by test-runner.
[4665] WARN CoverageRunner - Test [Manual]TestMethod=org.apache.rocketmq.client.consumer.DefaultLitePullConsumerTest#testSeek_SeekToBegin result was not reported by test-runner.
[4665] WARN CoverageRunner - Test [Manual]TestMethod=org.apache.rocketmq.client.consumer.DefaultLitePullConsumerTest#testSeek_SeekToEnd result was not reported by test-runner.
[4665] WARN CoverageRunner - Test [Manual]TestMethod=org.apache.rocketmq.client.consumer.DefaultLitePullConsumerTest#testSeek_SeekOffsetIllegal result was not reported by test-runner.
[4665] WARN CoverageRunner - Test [Manual]TestMethod=org.apache.rocketmq.client.consumer.DefaultLitePullConsumerTest#testSeek_MessageQueueNotInAssignList result was not reported by test-runner.
[4665] WARN CoverageRunner - Test [Manual]TestMethod=org.apache.rocketmq.client.consumer.DefaultLitePullConsumerTest#testOffsetForTimestamp_FailedAndSuccess result was not reported by test-runner.
[4665] WARN CoverageRunner - Test [Manual]TestMethod=org.apache.rocketmq.client.consumer.DefaultLitePullConsumerTest#testPauseAndResume_Success result was not reported by test-runner.
[4665] WARN CoverageRunner - Test [Manual]TestMethod=org.apache.rocketmq.client.consumer.DefaultLitePullConsumerTest#testPullTaskImpl_ProcessQueueNull result was not reported by test-runner.
[4665] WARN CoverageRunner - Test [Manual]TestMethod=org.apache.rocketmq.client.consumer.DefaultLitePullConsumerTest#testPullTaskImpl_ProcessQueueDropped result was not reported by test-runner.
[4665] WARN CoverageRunner - Test [Manual]TestMethod=org.apache.rocketmq.client.consumer.DefaultLitePullConsumerTest#testRegisterTopicMessageQueueChangeListener_Success result was not reported by test-runner.
[4665] WARN CoverageRunner - Test [Manual]TestMethod=org.apache.rocketmq.client.consumer.DefaultLitePullConsumerTest#testFlowControl_Success result was not reported by test-runner.
[4665] WARN CoverageRunner - Test [Manual]TestMethod=org.apache.rocketmq.client.consumer.DefaultLitePullConsumerTest#testCheckConfig_Exception result was not reported by test-runner.
[4665] WARN CoverageRunner - Test [Manual]TestMethod=org.apache.rocketmq.client.consumer.DefaultLitePullConsumerTest#testComputePullFromWhereReturnedNotFound result was not reported by test-runner.
[4665] WARN CoverageRunner - Test [Manual]TestMethod=org.apache.rocketmq.client.consumer.DefaultLitePullConsumerTest#testComputePullFromWhereReturned result was not reported by test-runner.
[4665] WARN CoverageRunner - Test [Manual]TestMethod=org.apache.rocketmq.client.consumer.DefaultLitePullConsumerTest#testComputePullFromLast result was not reported by test-runner.
[4665] WARN CoverageRunner - Test [Manual]TestMethod=org.apache.rocketmq.client.consumer.DefaultLitePullConsumerTest#testComputePullByTimeStamp result was not reported by test-runner.
[4665] WARN CoverageRunner - Test [Manual]TestMethod=org.apache.rocketmq.client.consumer.DefaultLitePullConsumerTest#testConsumerAfterShutdown result was not reported by test-runner.
[7217] WARN CoverageRunner - Test [Manual]TestMethod=org.apache.rocketmq.client.utils.MessageUtilsTest#testCreateReplyMessage result was not reported by test-runner.
[7217] WARN CoverageRunner - Test [Manual]TestMethod=org.apache.rocketmq.client.utils.MessageUtilsTest#testCreateReplyMessage_Exception result was not reported by test-runner.
[7217] WARN CoverageRunner - Test [Manual]TestMethod=org.apache.rocketmq.client.utils.MessageUtilsTest#testCreateReplyMessage_reqMsgIsNull result was not reported by test-runner.
[7217] WARN CoverageRunner - Test [Manual]TestMethod=org.apache.rocketmq.client.utils.MessageUtilsTest#testGetReplyToClient result was not reported by test-runner.
[8255] WARN CoverageRunner - Test [Manual]TestMethod=org.apache.rocketmq.client.trace.DefaultMQLitePullConsumerWithTraceTest#testSubscribe_PollMessageSuccess_WithDefaultTraceTopic result was not reported by test-runner.
[8255] WARN CoverageRunner - Test [Manual]TestMethod=org.apache.rocketmq.client.trace.DefaultMQLitePullConsumerWithTraceTest#testSubscribe_PollMessageSuccess_WithCustomizedTraceTopic result was not reported by test-runner.
[8255] WARN CoverageRunner - Test [Manual]TestMethod=org.apache.rocketmq.client.trace.DefaultMQLitePullConsumerWithTraceTest#testLitePullConsumerWithTraceTLS result was not reported by test-runner.
[11138] INFO CoverageRunner - Tests found: 82
[11138] INFO CoverageRunner - Tests executed: 48
02:24:37.914 [main] INFO  fr.inria.jtravis.JTravis - GitHub ratelimit: Limit: 5000 Remaining: 3990 Reset hour: 00:12:34
02:24:39.294 [main] WARN  f.i.s.r.p.s.p.PushFaultLocalizationSuggestionsOnExternalRepository - Flacoco has found 13 suspicious lines, but none were matched to the diff
02:24:40.067 [main] INFO  f.i.s.r.p.s.f.FlacocoLocalization - 
02:24:40.546 [main] INFO  f.i.s.r.p.i.ProjectInspector - ----------------------------------------------------------------------
02:24:40.546 [main] INFO  f.i.s.r.p.i.ProjectInspector - PIPELINE EXECUTION SUMMARY
02:24:40.546 [main] INFO  f.i.s.r.p.i.ProjectInspector - ----------------------------------------------------------------------
02:24:40.546 [main] INFO  f.i.s.r.p.i.ProjectInspector - CloneCheckoutGitPullRequest..........................SUCCESS [  12 s ]
02:24:40.546 [main] INFO  f.i.s.r.p.i.ProjectInspector - BuildProject.........................................SUCCESS [ 109 s ]
02:24:40.546 [main] INFO  f.i.s.r.p.i.ProjectInspector - TestProject..........................................SUCCESS [ 593 s ]
02:24:40.546 [main] INFO  f.i.s.r.p.i.ProjectInspector - ComputeClasspath.....................................SUCCESS [  14 s ]
02:24:40.546 [main] INFO  f.i.s.r.p.i.ProjectInspector - ComputeSourceDir.....................................SUCCESS [   0 s ]
02:24:40.546 [main] INFO  f.i.s.r.p.i.ProjectInspector - ComputeTestDir.......................................SUCCESS [   0 s ]
02:24:40.546 [main] INFO  f.i.s.r.p.i.ProjectInspector - GatherTestInformation................................SUCCESS [   1 s ]
02:24:40.547 [main] INFO  f.i.s.r.p.i.ProjectInspector - FlacocoLocalization..................................SUCCESS [  11 s ]
02:24:40.548 [main] INFO  f.i.s.r.p.i.ProjectInspector - PushFaultLocalizationSuggestionsOnExternalRepository.SUCCESS          
02:24:40.550 [main] INFO  f.i.s.r.p.i.ProjectInspector - ----------------------------------------------------------------------
02:24:40.551 [main] INFO  f.i.s.r.p.i.ProjectInspector - PIPELINE FINDING: TEST FAILURE
02:24:40.551 [main] INFO  f.i.s.r.p.i.ProjectInspector - ----------------------------------------------------------------------
02:24:40.551 [main] INFO  f.i.s.r.p.github.GithubMainProcess - Inspector is finished. The process will exit now.