Execute pipeline with following supplementary args: --smtpPort 25 --listenerMode NOOP --launcherMode FAULT_LOCALIZATION  --gitrepourl https://github.com/jenkinsci/kubernetes-plugin --gitrepopullrequest 1079
java -cp /usr/local/openjdk-11/lib/tools.jar:repairnator-pipeline.jar -Dlogback.configurationFile=/root/logback.xml fr.inria.spirals.repairnator.pipeline.Launcher -d --runId null -o /var/log --ghOauth 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 --faultLocalization --flacocoThreshold 0.0 --flacocoTopK null --flacocoResultsRepository flacocobot/flacocobot-experiment-3 --ghOauth  --smtpPort 25 --listenerMode NOOP --launcherMode FAULT_LOCALIZATION  --gitrepourl https://github.com/jenkinsci/kubernetes-plugin --gitrepopullrequest 1079

02:21:58.066 [main] INFO  f.i.s.r.p.g.GithubInitSerializerEngines - Initialize file serializer engines.
02:21:58.069 [main] INFO  f.i.s.r.p.g.GithubInitSerializerEngines - MongoDB won't be used for serialization.
02:21:58.070 [main] INFO  f.i.s.r.p.github.GithubInitNotifiers - The email notifier engine won't be used.
02:21:58.138 [main] INFO  f.i.s.r.p.i.ProjectInspector - ----------------------------------------------------------------------
02:21:58.140 [main] INFO  f.i.s.r.p.i.ProjectInspector - PIPELINE STEPS
02:21:58.141 [main] INFO  f.i.s.r.p.i.ProjectInspector - ----------------------------------------------------------------------
02:21:58.141 [main] INFO  f.i.s.r.p.i.ProjectInspector - CloneCheckoutGitPullRequest
02:21:58.142 [main] INFO  f.i.s.r.p.i.ProjectInspector - BuildProject
02:21:58.142 [main] INFO  f.i.s.r.p.i.ProjectInspector - TestProject
02:21:58.142 [main] INFO  f.i.s.r.p.i.ProjectInspector - ComputeClasspath
02:21:58.142 [main] INFO  f.i.s.r.p.i.ProjectInspector - ComputeSourceDir
02:21:58.143 [main] INFO  f.i.s.r.p.i.ProjectInspector - ComputeTestDir
02:21:58.144 [main] INFO  f.i.s.r.p.i.ProjectInspector - GatherTestInformation
02:21:58.144 [main] INFO  f.i.s.r.p.i.ProjectInspector - FlacocoLocalization
02:21:58.144 [main] INFO  f.i.s.r.p.i.ProjectInspector - PushFaultLocalizationSuggestionsOnExternalRepository
02:21:58.144 [main] INFO  f.i.s.r.p.s.CloneCheckoutGitPullRequest - Cloning repository https://github.com/jenkinsci/kubernetes-plugin.git in the following directory: ./workspace/jenkinsci-kubernetes-plugin-master-1079_repo
02:40:44.134 [main] INFO  f.i.s.r.p.s.paths.ComputeSourceDir - 1 source dir was found:
02:40:44.135 [main] INFO  f.i.s.r.p.s.paths.ComputeSourceDir - /root/workspace/jenkinsci-kubernetes-plugin-master-1079_repo/src/main/java
02:40:44.205 [main] ERROR f.i.s.r.process.maven.MavenHelper - Error while building complete model. The raw model will be used. Error message: 1 problem was encountered while building the effective model for org.csanchez.jenkins.plugins:kubernetes:1.30.12-SNAPSHOT
[ERROR] Failed to determine Java version for profile jdk-above-9 @ org.jenkins-ci.plugins:plugin:4.31

02:40:44.221 [main] ERROR f.i.s.r.process.maven.MavenHelper - Error while building complete model. The raw model will be used. Error message: 1 problem was encountered while building the effective model for org.csanchez.jenkins.plugins:kubernetes:1.30.12-SNAPSHOT
[ERROR] Failed to determine Java version for profile jdk-above-9 @ org.jenkins-ci.plugins:plugin:4.31

02:40:44.222 [main] ERROR f.i.s.r.p.step.paths.ComputeTestDir - The test directory is not at default location or specified in build section from pom.xml, and no parent can be found.
02:40:44.222 [main] INFO  f.i.s.r.p.step.paths.ComputeTestDir - 1 test dir was found:
02:40:44.222 [main] INFO  f.i.s.r.p.step.paths.ComputeTestDir - /root/workspace/jenkinsci-kubernetes-plugin-master-1079_repo/src/test/java
02:40:44.379 [main] INFO  f.i.s.r.p.s.g.GatherTestInformation - ---Test results---
02:40:44.379 [main] INFO  f.i.s.r.p.s.g.GatherTestInformation -    Total tests: 235
02:40:44.379 [main] INFO  f.i.s.r.p.s.g.GatherTestInformation -    Tests run: 223
02:40:44.379 [main] INFO  f.i.s.r.p.s.g.GatherTestInformation -    Tests passing: 223
02:40:44.379 [main] INFO  f.i.s.r.p.s.g.GatherTestInformation -    Failures: 0
02:40:44.379 [main] INFO  f.i.s.r.p.s.g.GatherTestInformation -    Errors: 0
02:40:44.379 [main] INFO  f.i.s.r.p.s.g.GatherTestInformation -    Skipped: 12
02:40:44.380 [main] INFO  f.i.s.r.p.s.g.GatherTestInformation - 
02:40:44.739 [main] INFO  f.i.s.r.p.i.ProjectInspector - ----------------------------------------------------------------------
02:40:44.739 [main] INFO  f.i.s.r.p.i.ProjectInspector - PIPELINE EXECUTION SUMMARY
02:40:44.739 [main] INFO  f.i.s.r.p.i.ProjectInspector - ----------------------------------------------------------------------
02:40:44.739 [main] INFO  f.i.s.r.p.i.ProjectInspector - CloneCheckoutGitPullRequest..........................SUCCESS [  10 s ]
02:40:44.739 [main] INFO  f.i.s.r.p.i.ProjectInspector - BuildProject.........................................SUCCESS [ 562 s ]
02:40:44.739 [main] INFO  f.i.s.r.p.i.ProjectInspector - TestProject..........................................SUCCESS [ 534 s ]
02:40:44.739 [main] INFO  f.i.s.r.p.i.ProjectInspector - ComputeClasspath.....................................SUCCESS [  19 s ]
02:40:44.739 [main] INFO  f.i.s.r.p.i.ProjectInspector - ComputeSourceDir.....................................SUCCESS [   0 s ]
02:40:44.739 [main] INFO  f.i.s.r.p.i.ProjectInspector - ComputeTestDir.......................................SUCCESS [   0 s ]
02:40:44.739 [main] INFO  f.i.s.r.p.i.ProjectInspector - GatherTestInformation................................FAILURE [   0 s ]
02:40:44.739 [main] INFO  f.i.s.r.p.i.ProjectInspector - FlacocoLocalization..................................NOT RUN          
02:40:44.739 [main] INFO  f.i.s.r.p.i.ProjectInspector - PushFaultLocalizationSuggestionsOnExternalRepository.NOT RUN          
02:40:44.740 [main] INFO  f.i.s.r.p.i.ProjectInspector - ----------------------------------------------------------------------
02:40:44.740 [main] INFO  f.i.s.r.p.i.ProjectInspector - PIPELINE FINDING: NOTFAILING
02:40:44.740 [main] INFO  f.i.s.r.p.i.ProjectInspector - ----------------------------------------------------------------------
02:40:44.740 [main] INFO  f.i.s.r.p.github.GithubMainProcess - Inspector is finished. The process will exit now.